--------------- Build Started: 01/01/2017 13:33:02 Project: DualStepperController-PSoC4200-GearBest, Configuration: ARM GCC 4.9-2015-q1-update Release ---------------
cydsfit.exe -.appdatapath "C:\Users\Tech Consulting\AppData\Local\Cypress Semiconductor\PSoC Creator\4.0" -.fdsnotice -.fdswarpdepfile=warp_dependencies.txt -.fdselabdepfile=elab_dependencies.txt -.fdsbldfile=generated_files.txt -.fdsreffile=referenced_files.txt -p "C:\Users\Tech Consulting\Desktop\PSOC4 projects\Stepper Projects GearBest\DualStepperController-PSoC4200-GearBest.cydsn\DualStepperController-PSoC4200-GearBest.cyprj" -d CY8C4245AXI-483 -s "C:\Users\Tech Consulting\Desktop\PSOC4 projects\Stepper Projects GearBest\DualStepperController-PSoC4200-GearBest.cydsn\Generated_Source\PSoC4" -- -yv2 -q10 -ygs -o2 -v3 -.fftcfgtype=LE
Elaborating Design...
ADD: fit.M0015: information: One or more rows of flash have been configured to be protected; however, debugging has been enabled in the System DWR Editor. This means that while write restrictions are honored flash rows can still be read via SWD or JTAG. To prevent any ability to read the flash rows, disable debugging in the System DWR Editor.
 * C:\Users\Tech Consulting\Desktop\PSOC4 projects\Stepper Projects GearBest\DualStepperController-PSoC4200-GearBest.cydsn\DualStepperController-PSoC4200-GearBest.cydwr (Chip Protection)
HDL Generation...
Synthesis...
Tech Mapping...
ADD: pft.M0040: information: The following 6 pin(s) will be assigned a location by the fitter: I2C_Addr(0), I2C_Addr(1), I2C_Addr(2), I2C_Addr(3), I2C_Addr(4), I2C_Addr(5)
Analog Placement...
Analog Routing...
Analog Code Generation...
Digital Placement...
Digital Routing...
Bitstream Generation...
Bitstream Verification...
Static timing analysis...
API Generation...
Dependency Generation...
Cleanup...
arm-none-eabi-gcc.exe -mcpu=cortex-m0 -mthumb -I. -IGenerated_Source\PSoC4 -Wa,-alh=.\CortexM0\ARM_GCC_493\Release/main.lst -g -D NDEBUG -Wall -ffunction-sections -Os -ffat-lto-objects -c main.c -o .\CortexM0\ARM_GCC_493\Release\main.o
arm-none-eabi-gcc.exe -mcpu=cortex-m0 -mthumb -I. -IGenerated_Source\PSoC4 -Wa,-alh=.\CortexM0\ARM_GCC_493\Release/genSine.lst -g -D NDEBUG -Wall -ffunction-sections -Os -ffat-lto-objects -c genSine.c -o .\CortexM0\ARM_GCC_493\Release\genSine.o
arm-none-eabi-gcc.exe -mcpu=cortex-m0 -mthumb -I. -IGenerated_Source\PSoC4 -Wa,-alh=.\CortexM0\ARM_GCC_493\Release/inputScan.lst -g -D NDEBUG -Wall -ffunction-sections -Os -ffat-lto-objects -c inputScan.c -o .\CortexM0\ARM_GCC_493\Release\inputScan.o
arm-none-eabi-gcc.exe -mcpu=cortex-m0 -mthumb -I. -IGenerated_Source\PSoC4 -Wa,-alh=.\CortexM0\ARM_GCC_493\Release/Move.lst -g -D NDEBUG -Wall -ffunction-sections -Os -ffat-lto-objects -c Move.c -o .\CortexM0\ARM_GCC_493\Release\Move.o
arm-none-eabi-gcc.exe -mcpu=cortex-m0 -mthumb -I. -IGenerated_Source\PSoC4 -Wa,-alh=.\CortexM0\ARM_GCC_493\Release/PhaseControl.lst -g -D NDEBUG -Wall -ffunction-sections -Os -ffat-lto-objects -c PhaseControl.c -o .\CortexM0\ARM_GCC_493\Release\PhaseControl.o
arm-none-eabi-gcc.exe -mcpu=cortex-m0 -mthumb -I. -IGenerated_Source\PSoC4 -Wa,-alh=.\CortexM0\ARM_GCC_493\Release/systemInit.lst -g -D NDEBUG -Wall -ffunction-sections -Os -ffat-lto-objects -c systemInit.c -o .\CortexM0\ARM_GCC_493\Release\systemInit.o
arm-none-eabi-gcc.exe -mcpu=cortex-m0 -mthumb -I. -IGenerated_Source\PSoC4 -Wa,-alh=.\CortexM0\ARM_GCC_493\Release/cyfitter_cfg.lst -g -D NDEBUG -Wall -ffunction-sections -Os -ffat-lto-objects -c Generated_Source\PSoC4\cyfitter_cfg.c -o .\CortexM0\ARM_GCC_493\Release\cyfitter_cfg.o
arm-none-eabi-gcc.exe -mcpu=cortex-m0 -mthumb -I. -IGenerated_Source\PSoC4 -Wa,-alh=.\CortexM0\ARM_GCC_493\Release/Cm0Start.lst -g -D NDEBUG -Wall -ffunction-sections -Os -ffat-lto-objects -c Generated_Source\PSoC4\Cm0Start.c -o .\CortexM0\ARM_GCC_493\Release\Cm0Start.o
arm-none-eabi-gcc.exe -mcpu=cortex-m0 -mthumb -I. -IGenerated_Source\PSoC4 -Wa,-alh=.\CortexM0\ARM_GCC_493\Release/CyFlash.lst -g -D NDEBUG -Wall -ffunction-sections -Os -ffat-lto-objects -c Generated_Source\PSoC4\CyFlash.c -o .\CortexM0\ARM_GCC_493\Release\CyFlash.o
arm-none-eabi-gcc.exe -mcpu=cortex-m0 -mthumb -I. -IGenerated_Source\PSoC4 -Wa,-alh=.\CortexM0\ARM_GCC_493\Release/CyLib.lst -g -D NDEBUG -Wall -ffunction-sections -Os -ffat-lto-objects -c Generated_Source\PSoC4\CyLib.c -o .\CortexM0\ARM_GCC_493\Release\CyLib.o
arm-none-eabi-gcc.exe -mcpu=cortex-m0 -mthumb -I. -IGenerated_Source\PSoC4 -Wa,-alh=.\CortexM0\ARM_GCC_493\Release/cyPm.lst -g -D NDEBUG -Wall -ffunction-sections -Os -ffat-lto-objects -c Generated_Source\PSoC4\cyPm.c -o .\CortexM0\ARM_GCC_493\Release\cyPm.o
arm-none-eabi-gcc.exe -mcpu=cortex-m0 -mthumb -I. -IGenerated_Source\PSoC4 -Wa,-alh=.\CortexM0\ARM_GCC_493\Release/cyutils.lst -g -D NDEBUG -Wall -ffunction-sections -Os -ffat-lto-objects -c Generated_Source\PSoC4\cyutils.c -o .\CortexM0\ARM_GCC_493\Release\cyutils.o
arm-none-eabi-gcc.exe -mcpu=cortex-m0 -mthumb -I. -IGenerated_Source\PSoC4 -Wa,-alh=.\CortexM0\ARM_GCC_493\Release/TCPWM_2.lst -g -D NDEBUG -Wall -ffunction-sections -Os -ffat-lto-objects -c Generated_Source\PSoC4\TCPWM_2.c -o .\CortexM0\ARM_GCC_493\Release\TCPWM_2.o
arm-none-eabi-gcc.exe -mcpu=cortex-m0 -mthumb -I. -IGenerated_Source\PSoC4 -Wa,-alh=.\CortexM0\ARM_GCC_493\Release/TCPWM_2_PM.lst -g -D NDEBUG -Wall -ffunction-sections -Os -ffat-lto-objects -c Generated_Source\PSoC4\TCPWM_2_PM.c -o .\CortexM0\ARM_GCC_493\Release\TCPWM_2_PM.o
arm-none-eabi-gcc.exe -mcpu=cortex-m0 -mthumb -I. -IGenerated_Source\PSoC4 -Wa,-alh=.\CortexM0\ARM_GCC_493\Release/TCPWM_1.lst -g -D NDEBUG -Wall -ffunction-sections -Os -ffat-lto-objects -c Generated_Source\PSoC4\TCPWM_1.c -o .\CortexM0\ARM_GCC_493\Release\TCPWM_1.o
arm-none-eabi-gcc.exe -mcpu=cortex-m0 -mthumb -I. -IGenerated_Source\PSoC4 -Wa,-alh=.\CortexM0\ARM_GCC_493\Release/TCPWM_1_PM.lst -g -D NDEBUG -Wall -ffunction-sections -Os -ffat-lto-objects -c Generated_Source\PSoC4\TCPWM_1_PM.c -o .\CortexM0\ARM_GCC_493\Release\TCPWM_1_PM.o
arm-none-eabi-gcc.exe -mcpu=cortex-m0 -mthumb -I. -IGenerated_Source\PSoC4 -Wa,-alh=.\CortexM0\ARM_GCC_493\Release/cybootloader.lst -g -D NDEBUG -Wall -ffunction-sections -Os -ffat-lto-objects -c Generated_Source\PSoC4\cybootloader.c -o .\CortexM0\ARM_GCC_493\Release\cybootloader.o
arm-none-eabi-gcc.exe -mcpu=cortex-m0 -mthumb -I. -IGenerated_Source\PSoC4 -Wa,-alh=.\CortexM0\ARM_GCC_493\Release/cymetadata.lst -g -D NDEBUG -Wall -ffunction-sections -Os -ffat-lto-objects -c Generated_Source\PSoC4\cymetadata.c -o .\CortexM0\ARM_GCC_493\Release\cymetadata.o
arm-none-eabi-gcc.exe -mcpu=cortex-m0 -mthumb -I. -IGenerated_Source\PSoC4 -Wa,-alh=.\CortexM0\ARM_GCC_493\Release/Bootloadable_1.lst -g -D NDEBUG -Wall -ffunction-sections -Os -ffat-lto-objects -c Generated_Source\PSoC4\Bootloadable_1.c -o .\CortexM0\ARM_GCC_493\Release\Bootloadable_1.o
arm-none-eabi-gcc.exe -mcpu=cortex-m0 -mthumb -I. -IGenerated_Source\PSoC4 -Wa,-alh=.\CortexM0\ARM_GCC_493\Release/CyLFClk.lst -g -D NDEBUG -Wall -ffunction-sections -Os -ffat-lto-objects -c Generated_Source\PSoC4\CyLFClk.c -o .\CortexM0\ARM_GCC_493\Release\CyLFClk.o
arm-none-eabi-gcc.exe -mcpu=cortex-m0 -mthumb -I. -IGenerated_Source\PSoC4 -Wa,-alh=.\CortexM0\ARM_GCC_493\Release/TCPWM_4.lst -g -D NDEBUG -Wall -ffunction-sections -Os -ffat-lto-objects -c Generated_Source\PSoC4\TCPWM_4.c -o .\CortexM0\ARM_GCC_493\Release\TCPWM_4.o
arm-none-eabi-gcc.exe -mcpu=cortex-m0 -mthumb -I. -IGenerated_Source\PSoC4 -Wa,-alh=.\CortexM0\ARM_GCC_493\Release/TCPWM_4_PM.lst -g -D NDEBUG -Wall -ffunction-sections -Os -ffat-lto-objects -c Generated_Source\PSoC4\TCPWM_4_PM.c -o .\CortexM0\ARM_GCC_493\Release\TCPWM_4_PM.o
arm-none-eabi-gcc.exe -mcpu=cortex-m0 -mthumb -I. -IGenerated_Source\PSoC4 -Wa,-alh=.\CortexM0\ARM_GCC_493\Release/TCPWM_3.lst -g -D NDEBUG -Wall -ffunction-sections -Os -ffat-lto-objects -c Generated_Source\PSoC4\TCPWM_3.c -o .\CortexM0\ARM_GCC_493\Release\TCPWM_3.o
arm-none-eabi-gcc.exe -mcpu=cortex-m0 -mthumb -I. -IGenerated_Source\PSoC4 -Wa,-alh=.\CortexM0\ARM_GCC_493\Release/TCPWM_3_PM.lst -g -D NDEBUG -Wall -ffunction-sections -Os -ffat-lto-objects -c Generated_Source\PSoC4\TCPWM_3_PM.c -o .\CortexM0\ARM_GCC_493\Release\TCPWM_3_PM.o
arm-none-eabi-gcc.exe -mcpu=cortex-m0 -mthumb -I. -IGenerated_Source\PSoC4 -Wa,-alh=.\CortexM0\ARM_GCC_493\Release/PWM_OUT_B_1.lst -g -D NDEBUG -Wall -ffunction-sections -Os -ffat-lto-objects -c Generated_Source\PSoC4\PWM_OUT_B_1.c -o .\CortexM0\ARM_GCC_493\Release\PWM_OUT_B_1.o
arm-none-eabi-gcc.exe -mcpu=cortex-m0 -mthumb -I. -IGenerated_Source\PSoC4 -Wa,-alh=.\CortexM0\ARM_GCC_493\Release/PWM_OUT_B_1_PM.lst -g -D NDEBUG -Wall -ffunction-sections -Os -ffat-lto-objects -c Generated_Source\PSoC4\PWM_OUT_B_1_PM.c -o .\CortexM0\ARM_GCC_493\Release\PWM_OUT_B_1_PM.o
arm-none-eabi-gcc.exe -mcpu=cortex-m0 -mthumb -I. -IGenerated_Source\PSoC4 -Wa,-alh=.\CortexM0\ARM_GCC_493\Release/PWM_OUT_A_1.lst -g -D NDEBUG -Wall -ffunction-sections -Os -ffat-lto-objects -c Generated_Source\PSoC4\PWM_OUT_A_1.c -o .\CortexM0\ARM_GCC_493\Release\PWM_OUT_A_1.o
arm-none-eabi-gcc.exe -mcpu=cortex-m0 -mthumb -I. -IGenerated_Source\PSoC4 -Wa,-alh=.\CortexM0\ARM_GCC_493\Release/PWM_OUT_A_1_PM.lst -g -D NDEBUG -Wall -ffunction-sections -Os -ffat-lto-objects -c Generated_Source\PSoC4\PWM_OUT_A_1_PM.c -o .\CortexM0\ARM_GCC_493\Release\PWM_OUT_A_1_PM.o
arm-none-eabi-gcc.exe -mcpu=cortex-m0 -mthumb -I. -IGenerated_Source\PSoC4 -Wa,-alh=.\CortexM0\ARM_GCC_493\Release/INTERNAL_STEP_OUT_1.lst -g -D NDEBUG -Wall -ffunction-sections -Os -ffat-lto-objects -c Generated_Source\PSoC4\INTERNAL_STEP_OUT_1.c -o .\CortexM0\ARM_GCC_493\Release\INTERNAL_STEP_OUT_1.o
arm-none-eabi-gcc.exe -mcpu=cortex-m0 -mthumb -I. -IGenerated_Source\PSoC4 -Wa,-alh=.\CortexM0\ARM_GCC_493\Release/INTERNAL_STEP_OUT_1_PM.lst -g -D NDEBUG -Wall -ffunction-sections -Os -ffat-lto-objects -c Generated_Source\PSoC4\INTERNAL_STEP_OUT_1_PM.c -o .\CortexM0\ARM_GCC_493\Release\INTERNAL_STEP_OUT_1_PM.o
arm-none-eabi-gcc.exe -mcpu=cortex-m0 -mthumb -I. -IGenerated_Source\PSoC4 -Wa,-alh=.\CortexM0\ARM_GCC_493\Release/INTERNAL_STEP_1.lst -g -D NDEBUG -Wall -ffunction-sections -Os -ffat-lto-objects -c Generated_Source\PSoC4\INTERNAL_STEP_1.c -o .\CortexM0\ARM_GCC_493\Release\INTERNAL_STEP_1.o
arm-none-eabi-gcc.exe -mcpu=cortex-m0 -mthumb -I. -IGenerated_Source\PSoC4 -Wa,-alh=.\CortexM0\ARM_GCC_493\Release/INTERNAL_STEP_1_PM.lst -g -D NDEBUG -Wall -ffunction-sections -Os -ffat-lto-objects -c Generated_Source\PSoC4\INTERNAL_STEP_1_PM.c -o .\CortexM0\ARM_GCC_493\Release\INTERNAL_STEP_1_PM.o
arm-none-eabi-gcc.exe -mcpu=cortex-m0 -mthumb -I. -IGenerated_Source\PSoC4 -Wa,-alh=.\CortexM0\ARM_GCC_493\Release/Clock_PWM_MAIN_1.lst -g -D NDEBUG -Wall -ffunction-sections -Os -ffat-lto-objects -c Generated_Source\PSoC4\Clock_PWM_MAIN_1.c -o .\CortexM0\ARM_GCC_493\Release\Clock_PWM_MAIN_1.o
arm-none-eabi-gcc.exe -mcpu=cortex-m0 -mthumb -I. -IGenerated_Source\PSoC4 -Wa,-alh=.\CortexM0\ARM_GCC_493\Release/DIR_REG_1.lst -g -D NDEBUG -Wall -ffunction-sections -Os -ffat-lto-objects -c Generated_Source\PSoC4\DIR_REG_1.c -o .\CortexM0\ARM_GCC_493\Release\DIR_REG_1.o
arm-none-eabi-gcc.exe -mcpu=cortex-m0 -mthumb -I. -IGenerated_Source\PSoC4 -Wa,-alh=.\CortexM0\ARM_GCC_493\Release/DIR_REG_1_PM.lst -g -D NDEBUG -Wall -ffunction-sections -Os -ffat-lto-objects -c Generated_Source\PSoC4\DIR_REG_1_PM.c -o .\CortexM0\ARM_GCC_493\Release\DIR_REG_1_PM.o
arm-none-eabi-gcc.exe -mcpu=cortex-m0 -mthumb -I. -IGenerated_Source\PSoC4 -Wa,-alh=.\CortexM0\ARM_GCC_493\Release/DIR_OUT_B_1.lst -g -D NDEBUG -Wall -ffunction-sections -Os -ffat-lto-objects -c Generated_Source\PSoC4\DIR_OUT_B_1.c -o .\CortexM0\ARM_GCC_493\Release\DIR_OUT_B_1.o
arm-none-eabi-gcc.exe -mcpu=cortex-m0 -mthumb -I. -IGenerated_Source\PSoC4 -Wa,-alh=.\CortexM0\ARM_GCC_493\Release/DIR_OUT_B_1_PM.lst -g -D NDEBUG -Wall -ffunction-sections -Os -ffat-lto-objects -c Generated_Source\PSoC4\DIR_OUT_B_1_PM.c -o .\CortexM0\ARM_GCC_493\Release\DIR_OUT_B_1_PM.o
arm-none-eabi-gcc.exe -mcpu=cortex-m0 -mthumb -I. -IGenerated_Source\PSoC4 -Wa,-alh=.\CortexM0\ARM_GCC_493\Release/DIR_OUT_A_1.lst -g -D NDEBUG -Wall -ffunction-sections -Os -ffat-lto-objects -c Generated_Source\PSoC4\DIR_OUT_A_1.c -o .\CortexM0\ARM_GCC_493\Release\DIR_OUT_A_1.o
arm-none-eabi-gcc.exe -mcpu=cortex-m0 -mthumb -I. -IGenerated_Source\PSoC4 -Wa,-alh=.\CortexM0\ARM_GCC_493\Release/DIR_OUT_A_1_PM.lst -g -D NDEBUG -Wall -ffunction-sections -Os -ffat-lto-objects -c Generated_Source\PSoC4\DIR_OUT_A_1_PM.c -o .\CortexM0\ARM_GCC_493\Release\DIR_OUT_A_1_PM.o
arm-none-eabi-gcc.exe -mcpu=cortex-m0 -mthumb -I. -IGenerated_Source\PSoC4 -Wa,-alh=.\CortexM0\ARM_GCC_493\Release/STEP_INPUT_1.lst -g -D NDEBUG -Wall -ffunction-sections -Os -ffat-lto-objects -c Generated_Source\PSoC4\STEP_INPUT_1.c -o .\CortexM0\ARM_GCC_493\Release\STEP_INPUT_1.o
arm-none-eabi-gcc.exe -mcpu=cortex-m0 -mthumb -I. -IGenerated_Source\PSoC4 -Wa,-alh=.\CortexM0\ARM_GCC_493\Release/STEP_INPUT_1_PM.lst -g -D NDEBUG -Wall -ffunction-sections -Os -ffat-lto-objects -c Generated_Source\PSoC4\STEP_INPUT_1_PM.c -o .\CortexM0\ARM_GCC_493\Release\STEP_INPUT_1_PM.o
arm-none-eabi-gcc.exe -mcpu=cortex-m0 -mthumb -I. -IGenerated_Source\PSoC4 -Wa,-alh=.\CortexM0\ARM_GCC_493\Release/DIR_INPUT_1.lst -g -D NDEBUG -Wall -ffunction-sections -Os -ffat-lto-objects -c Generated_Source\PSoC4\DIR_INPUT_1.c -o .\CortexM0\ARM_GCC_493\Release\DIR_INPUT_1.o
arm-none-eabi-gcc.exe -mcpu=cortex-m0 -mthumb -I. -IGenerated_Source\PSoC4 -Wa,-alh=.\CortexM0\ARM_GCC_493\Release/DIR_INPUT_1_PM.lst -g -D NDEBUG -Wall -ffunction-sections -Os -ffat-lto-objects -c Generated_Source\PSoC4\DIR_INPUT_1_PM.c -o .\CortexM0\ARM_GCC_493\Release\DIR_INPUT_1_PM.o
arm-none-eabi-gcc.exe -mcpu=cortex-m0 -mthumb -I. -IGenerated_Source\PSoC4 -Wa,-alh=.\CortexM0\ARM_GCC_493\Release/STEP_INPUT_SOURCE_1.lst -g -D NDEBUG -Wall -ffunction-sections -Os -ffat-lto-objects -c Generated_Source\PSoC4\STEP_INPUT_SOURCE_1.c -o .\CortexM0\ARM_GCC_493\Release\STEP_INPUT_SOURCE_1.o
arm-none-eabi-gcc.exe -mcpu=cortex-m0 -mthumb -I. -IGenerated_Source\PSoC4 -Wa,-alh=.\CortexM0\ARM_GCC_493\Release/STEP_INPUT_SOURCE_1_PM.lst -g -D NDEBUG -Wall -ffunction-sections -Os -ffat-lto-objects -c Generated_Source\PSoC4\STEP_INPUT_SOURCE_1_PM.c -o .\CortexM0\ARM_GCC_493\Release\STEP_INPUT_SOURCE_1_PM.o
arm-none-eabi-gcc.exe -mcpu=cortex-m0 -mthumb -I. -IGenerated_Source\PSoC4 -Wa,-alh=.\CortexM0\ARM_GCC_493\Release/DIR_INPUT_SOURCE_1.lst -g -D NDEBUG -Wall -ffunction-sections -Os -ffat-lto-objects -c Generated_Source\PSoC4\DIR_INPUT_SOURCE_1.c -o .\CortexM0\ARM_GCC_493\Release\DIR_INPUT_SOURCE_1.o
arm-none-eabi-gcc.exe -mcpu=cortex-m0 -mthumb -I. -IGenerated_Source\PSoC4 -Wa,-alh=.\CortexM0\ARM_GCC_493\Release/DIR_INPUT_SOURCE_1_PM.lst -g -D NDEBUG -Wall -ffunction-sections -Os -ffat-lto-objects -c Generated_Source\PSoC4\DIR_INPUT_SOURCE_1_PM.c -o .\CortexM0\ARM_GCC_493\Release\DIR_INPUT_SOURCE_1_PM.o
arm-none-eabi-gcc.exe -mcpu=cortex-m0 -mthumb -I. -IGenerated_Source\PSoC4 -Wa,-alh=.\CortexM0\ARM_GCC_493\Release/STATUS_LED_2.lst -g -D NDEBUG -Wall -ffunction-sections -Os -ffat-lto-objects -c Generated_Source\PSoC4\STATUS_LED_2.c -o .\CortexM0\ARM_GCC_493\Release\STATUS_LED_2.o
arm-none-eabi-gcc.exe -mcpu=cortex-m0 -mthumb -I. -IGenerated_Source\PSoC4 -Wa,-alh=.\CortexM0\ARM_GCC_493\Release/STATUS_LED_2_PM.lst -g -D NDEBUG -Wall -ffunction-sections -Os -ffat-lto-objects -c Generated_Source\PSoC4\STATUS_LED_2_PM.c -o .\CortexM0\ARM_GCC_493\Release\STATUS_LED_2_PM.o
arm-none-eabi-gcc.exe -mcpu=cortex-m0 -mthumb -I. -IGenerated_Source\PSoC4 -Wa,-alh=.\CortexM0\ARM_GCC_493\Release/STATUS_LED_1.lst -g -D NDEBUG -Wall -ffunction-sections -Os -ffat-lto-objects -c Generated_Source\PSoC4\STATUS_LED_1.c -o .\CortexM0\ARM_GCC_493\Release\STATUS_LED_1.o
arm-none-eabi-gcc.exe -mcpu=cortex-m0 -mthumb -I. -IGenerated_Source\PSoC4 -Wa,-alh=.\CortexM0\ARM_GCC_493\Release/STATUS_LED_1_PM.lst -g -D NDEBUG -Wall -ffunction-sections -Os -ffat-lto-objects -c Generated_Source\PSoC4\STATUS_LED_1_PM.c -o .\CortexM0\ARM_GCC_493\Release\STATUS_LED_1_PM.o
arm-none-eabi-gcc.exe -mcpu=cortex-m0 -mthumb -I. -IGenerated_Source\PSoC4 -Wa,-alh=.\CortexM0\ARM_GCC_493\Release/Pin_Sw.lst -g -D NDEBUG -Wall -ffunction-sections -Os -ffat-lto-objects -c Generated_Source\PSoC4\Pin_Sw.c -o .\CortexM0\ARM_GCC_493\Release\Pin_Sw.o
arm-none-eabi-gcc.exe -mcpu=cortex-m0 -mthumb -I. -IGenerated_Source\PSoC4 -Wa,-alh=.\CortexM0\ARM_GCC_493\Release/Pin_Sw_PM.lst -g -D NDEBUG -Wall -ffunction-sections -Os -ffat-lto-objects -c Generated_Source\PSoC4\Pin_Sw_PM.c -o .\CortexM0\ARM_GCC_493\Release\Pin_Sw_PM.o
arm-none-eabi-gcc.exe -mcpu=cortex-m0 -mthumb -I. -IGenerated_Source\PSoC4 -Wa,-alh=.\CortexM0\ARM_GCC_493\Release/isr_GPIO.lst -g -D NDEBUG -Wall -ffunction-sections -Os -ffat-lto-objects -c Generated_Source\PSoC4\isr_GPIO.c -o .\CortexM0\ARM_GCC_493\Release\isr_GPIO.o
arm-none-eabi-gcc.exe -mcpu=cortex-m0 -mthumb -I. -IGenerated_Source\PSoC4 -Wa,-alh=.\CortexM0\ARM_GCC_493\Release/PWM_OUT_B_2.lst -g -D NDEBUG -Wall -ffunction-sections -Os -ffat-lto-objects -c Generated_Source\PSoC4\PWM_OUT_B_2.c -o .\CortexM0\ARM_GCC_493\Release\PWM_OUT_B_2.o
arm-none-eabi-gcc.exe -mcpu=cortex-m0 -mthumb -I. -IGenerated_Source\PSoC4 -Wa,-alh=.\CortexM0\ARM_GCC_493\Release/PWM_OUT_B_2_PM.lst -g -D NDEBUG -Wall -ffunction-sections -Os -ffat-lto-objects -c Generated_Source\PSoC4\PWM_OUT_B_2_PM.c -o .\CortexM0\ARM_GCC_493\Release\PWM_OUT_B_2_PM.o
arm-none-eabi-gcc.exe -mcpu=cortex-m0 -mthumb -I. -IGenerated_Source\PSoC4 -Wa,-alh=.\CortexM0\ARM_GCC_493\Release/PWM_OUT_A_2.lst -g -D NDEBUG -Wall -ffunction-sections -Os -ffat-lto-objects -c Generated_Source\PSoC4\PWM_OUT_A_2.c -o .\CortexM0\ARM_GCC_493\Release\PWM_OUT_A_2.o
arm-none-eabi-gcc.exe -mcpu=cortex-m0 -mthumb -I. -IGenerated_Source\PSoC4 -Wa,-alh=.\CortexM0\ARM_GCC_493\Release/PWM_OUT_A_2_PM.lst -g -D NDEBUG -Wall -ffunction-sections -Os -ffat-lto-objects -c Generated_Source\PSoC4\PWM_OUT_A_2_PM.c -o .\CortexM0\ARM_GCC_493\Release\PWM_OUT_A_2_PM.o
arm-none-eabi-gcc.exe -mcpu=cortex-m0 -mthumb -I. -IGenerated_Source\PSoC4 -Wa,-alh=.\CortexM0\ARM_GCC_493\Release/INTERNAL_STEP_OUT_2.lst -g -D NDEBUG -Wall -ffunction-sections -Os -ffat-lto-objects -c Generated_Source\PSoC4\INTERNAL_STEP_OUT_2.c -o .\CortexM0\ARM_GCC_493\Release\INTERNAL_STEP_OUT_2.o
arm-none-eabi-gcc.exe -mcpu=cortex-m0 -mthumb -I. -IGenerated_Source\PSoC4 -Wa,-alh=.\CortexM0\ARM_GCC_493\Release/INTERNAL_STEP_OUT_2_PM.lst -g -D NDEBUG -Wall -ffunction-sections -Os -ffat-lto-objects -c Generated_Source\PSoC4\INTERNAL_STEP_OUT_2_PM.c -o .\CortexM0\ARM_GCC_493\Release\INTERNAL_STEP_OUT_2_PM.o
arm-none-eabi-gcc.exe -mcpu=cortex-m0 -mthumb -I. -IGenerated_Source\PSoC4 -Wa,-alh=.\CortexM0\ARM_GCC_493\Release/INTERNAL_STEP_2.lst -g -D NDEBUG -Wall -ffunction-sections -Os -ffat-lto-objects -c Generated_Source\PSoC4\INTERNAL_STEP_2.c -o .\CortexM0\ARM_GCC_493\Release\INTERNAL_STEP_2.o
arm-none-eabi-gcc.exe -mcpu=cortex-m0 -mthumb -I. -IGenerated_Source\PSoC4 -Wa,-alh=.\CortexM0\ARM_GCC_493\Release/INTERNAL_STEP_2_PM.lst -g -D NDEBUG -Wall -ffunction-sections -Os -ffat-lto-objects -c Generated_Source\PSoC4\INTERNAL_STEP_2_PM.c -o .\CortexM0\ARM_GCC_493\Release\INTERNAL_STEP_2_PM.o
arm-none-eabi-gcc.exe -mcpu=cortex-m0 -mthumb -I. -IGenerated_Source\PSoC4 -Wa,-alh=.\CortexM0\ARM_GCC_493\Release/Clock_PWM_MAIN_2.lst -g -D NDEBUG -Wall -ffunction-sections -Os -ffat-lto-objects -c Generated_Source\PSoC4\Clock_PWM_MAIN_2.c -o .\CortexM0\ARM_GCC_493\Release\Clock_PWM_MAIN_2.o
arm-none-eabi-gcc.exe -mcpu=cortex-m0 -mthumb -I. -IGenerated_Source\PSoC4 -Wa,-alh=.\CortexM0\ARM_GCC_493\Release/DIR_OUT_B_2.lst -g -D NDEBUG -Wall -ffunction-sections -Os -ffat-lto-objects -c Generated_Source\PSoC4\DIR_OUT_B_2.c -o .\CortexM0\ARM_GCC_493\Release\DIR_OUT_B_2.o
arm-none-eabi-gcc.exe -mcpu=cortex-m0 -mthumb -I. -IGenerated_Source\PSoC4 -Wa,-alh=.\CortexM0\ARM_GCC_493\Release/DIR_OUT_B_2_PM.lst -g -D NDEBUG -Wall -ffunction-sections -Os -ffat-lto-objects -c Generated_Source\PSoC4\DIR_OUT_B_2_PM.c -o .\CortexM0\ARM_GCC_493\Release\DIR_OUT_B_2_PM.o
arm-none-eabi-gcc.exe -mcpu=cortex-m0 -mthumb -I. -IGenerated_Source\PSoC4 -Wa,-alh=.\CortexM0\ARM_GCC_493\Release/DIR_OUT_A_2.lst -g -D NDEBUG -Wall -ffunction-sections -Os -ffat-lto-objects -c Generated_Source\PSoC4\DIR_OUT_A_2.c -o .\CortexM0\ARM_GCC_493\Release\DIR_OUT_A_2.o
arm-none-eabi-gcc.exe -mcpu=cortex-m0 -mthumb -I. -IGenerated_Source\PSoC4 -Wa,-alh=.\CortexM0\ARM_GCC_493\Release/DIR_OUT_A_2_PM.lst -g -D NDEBUG -Wall -ffunction-sections -Os -ffat-lto-objects -c Generated_Source\PSoC4\DIR_OUT_A_2_PM.c -o .\CortexM0\ARM_GCC_493\Release\DIR_OUT_A_2_PM.o
arm-none-eabi-gcc.exe -mcpu=cortex-m0 -mthumb -I. -IGenerated_Source\PSoC4 -Wa,-alh=.\CortexM0\ARM_GCC_493\Release/STEP_INPUT_2.lst -g -D NDEBUG -Wall -ffunction-sections -Os -ffat-lto-objects -c Generated_Source\PSoC4\STEP_INPUT_2.c -o .\CortexM0\ARM_GCC_493\Release\STEP_INPUT_2.o
arm-none-eabi-gcc.exe -mcpu=cortex-m0 -mthumb -I. -IGenerated_Source\PSoC4 -Wa,-alh=.\CortexM0\ARM_GCC_493\Release/STEP_INPUT_2_PM.lst -g -D NDEBUG -Wall -ffunction-sections -Os -ffat-lto-objects -c Generated_Source\PSoC4\STEP_INPUT_2_PM.c -o .\CortexM0\ARM_GCC_493\Release\STEP_INPUT_2_PM.o
arm-none-eabi-gcc.exe -mcpu=cortex-m0 -mthumb -I. -IGenerated_Source\PSoC4 -Wa,-alh=.\CortexM0\ARM_GCC_493\Release/DIR_INPUT_2.lst -g -D NDEBUG -Wall -ffunction-sections -Os -ffat-lto-objects -c Generated_Source\PSoC4\DIR_INPUT_2.c -o .\CortexM0\ARM_GCC_493\Release\DIR_INPUT_2.o
arm-none-eabi-gcc.exe -mcpu=cortex-m0 -mthumb -I. -IGenerated_Source\PSoC4 -Wa,-alh=.\CortexM0\ARM_GCC_493\Release/DIR_INPUT_2_PM.lst -g -D NDEBUG -Wall -ffunction-sections -Os -ffat-lto-objects -c Generated_Source\PSoC4\DIR_INPUT_2_PM.c -o .\CortexM0\ARM_GCC_493\Release\DIR_INPUT_2_PM.o
arm-none-eabi-gcc.exe -mcpu=cortex-m0 -mthumb -I. -IGenerated_Source\PSoC4 -Wa,-alh=.\CortexM0\ARM_GCC_493\Release/STEP_INPUT_SOURCE_2.lst -g -D NDEBUG -Wall -ffunction-sections -Os -ffat-lto-objects -c Generated_Source\PSoC4\STEP_INPUT_SOURCE_2.c -o .\CortexM0\ARM_GCC_493\Release\STEP_INPUT_SOURCE_2.o
arm-none-eabi-gcc.exe -mcpu=cortex-m0 -mthumb -I. -IGenerated_Source\PSoC4 -Wa,-alh=.\CortexM0\ARM_GCC_493\Release/STEP_INPUT_SOURCE_2_PM.lst -g -D NDEBUG -Wall -ffunction-sections -Os -ffat-lto-objects -c Generated_Source\PSoC4\STEP_INPUT_SOURCE_2_PM.c -o .\CortexM0\ARM_GCC_493\Release\STEP_INPUT_SOURCE_2_PM.o
arm-none-eabi-gcc.exe -mcpu=cortex-m0 -mthumb -I. -IGenerated_Source\PSoC4 -Wa,-alh=.\CortexM0\ARM_GCC_493\Release/DIR_INPUT_SOURCE_2.lst -g -D NDEBUG -Wall -ffunction-sections -Os -ffat-lto-objects -c Generated_Source\PSoC4\DIR_INPUT_SOURCE_2.c -o .\CortexM0\ARM_GCC_493\Release\DIR_INPUT_SOURCE_2.o
arm-none-eabi-gcc.exe -mcpu=cortex-m0 -mthumb -I. -IGenerated_Source\PSoC4 -Wa,-alh=.\CortexM0\ARM_GCC_493\Release/DIR_INPUT_SOURCE_2_PM.lst -g -D NDEBUG -Wall -ffunction-sections -Os -ffat-lto-objects -c Generated_Source\PSoC4\DIR_INPUT_SOURCE_2_PM.c -o .\CortexM0\ARM_GCC_493\Release\DIR_INPUT_SOURCE_2_PM.o
arm-none-eabi-gcc.exe -mcpu=cortex-m0 -mthumb -I. -IGenerated_Source\PSoC4 -Wa,-alh=.\CortexM0\ARM_GCC_493\Release/DIR_REG_2.lst -g -D NDEBUG -Wall -ffunction-sections -Os -ffat-lto-objects -c Generated_Source\PSoC4\DIR_REG_2.c -o .\CortexM0\ARM_GCC_493\Release\DIR_REG_2.o
arm-none-eabi-gcc.exe -mcpu=cortex-m0 -mthumb -I. -IGenerated_Source\PSoC4 -Wa,-alh=.\CortexM0\ARM_GCC_493\Release/DIR_REG_2_PM.lst -g -D NDEBUG -Wall -ffunction-sections -Os -ffat-lto-objects -c Generated_Source\PSoC4\DIR_REG_2_PM.c -o .\CortexM0\ARM_GCC_493\Release\DIR_REG_2_PM.o
arm-none-eabi-gcc.exe -mcpu=cortex-m0 -mthumb -I. -IGenerated_Source\PSoC4 -Wa,-alh=.\CortexM0\ARM_GCC_493\Release/I2C.lst -g -D NDEBUG -Wall -ffunction-sections -Os -ffat-lto-objects -c Generated_Source\PSoC4\I2C.c -o .\CortexM0\ARM_GCC_493\Release\I2C.o
arm-none-eabi-gcc.exe -mcpu=cortex-m0 -mthumb -I. -IGenerated_Source\PSoC4 -Wa,-alh=.\CortexM0\ARM_GCC_493\Release/I2C_I2C_INT.lst -g -D NDEBUG -Wall -ffunction-sections -Os -ffat-lto-objects -c Generated_Source\PSoC4\I2C_I2C_INT.c -o .\CortexM0\ARM_GCC_493\Release\I2C_I2C_INT.o
arm-none-eabi-gcc.exe -mcpu=cortex-m0 -mthumb -I. -IGenerated_Source\PSoC4 -Wa,-alh=.\CortexM0\ARM_GCC_493\Release/I2C_I2C.lst -g -D NDEBUG -Wall -ffunction-sections -Os -ffat-lto-objects -c Generated_Source\PSoC4\I2C_I2C.c -o .\CortexM0\ARM_GCC_493\Release\I2C_I2C.o
arm-none-eabi-gcc.exe -mcpu=cortex-m0 -mthumb -I. -IGenerated_Source\PSoC4 -Wa,-alh=.\CortexM0\ARM_GCC_493\Release/I2C_I2C_BOOT.lst -g -D NDEBUG -Wall -ffunction-sections -Os -ffat-lto-objects -c Generated_Source\PSoC4\I2C_I2C_BOOT.c -o .\CortexM0\ARM_GCC_493\Release\I2C_I2C_BOOT.o
arm-none-eabi-gcc.exe -mcpu=cortex-m0 -mthumb -I. -IGenerated_Source\PSoC4 -Wa,-alh=.\CortexM0\ARM_GCC_493\Release/I2C_I2C_SLAVE.lst -g -D NDEBUG -Wall -ffunction-sections -Os -ffat-lto-objects -c Generated_Source\PSoC4\I2C_I2C_SLAVE.c -o .\CortexM0\ARM_GCC_493\Release\I2C_I2C_SLAVE.o
arm-none-eabi-gcc.exe -mcpu=cortex-m0 -mthumb -I. -IGenerated_Source\PSoC4 -Wa,-alh=.\CortexM0\ARM_GCC_493\Release/I2C_PM.lst -g -D NDEBUG -Wall -ffunction-sections -Os -ffat-lto-objects -c Generated_Source\PSoC4\I2C_PM.c -o .\CortexM0\ARM_GCC_493\Release\I2C_PM.o
arm-none-eabi-gcc.exe -mcpu=cortex-m0 -mthumb -I. -IGenerated_Source\PSoC4 -Wa,-alh=.\CortexM0\ARM_GCC_493\Release/I2C_BOOT.lst -g -D NDEBUG -Wall -ffunction-sections -Os -ffat-lto-objects -c Generated_Source\PSoC4\I2C_BOOT.c -o .\CortexM0\ARM_GCC_493\Release\I2C_BOOT.o
arm-none-eabi-gcc.exe -mcpu=cortex-m0 -mthumb -I. -IGenerated_Source\PSoC4 -Wa,-alh=.\CortexM0\ARM_GCC_493\Release/I2C_SCBCLK.lst -g -D NDEBUG -Wall -ffunction-sections -Os -ffat-lto-objects -c Generated_Source\PSoC4\I2C_SCBCLK.c -o .\CortexM0\ARM_GCC_493\Release\I2C_SCBCLK.o
arm-none-eabi-gcc.exe -mcpu=cortex-m0 -mthumb -I. -IGenerated_Source\PSoC4 -Wa,-alh=.\CortexM0\ARM_GCC_493\Release/I2C_sda.lst -g -D NDEBUG -Wall -ffunction-sections -Os -ffat-lto-objects -c Generated_Source\PSoC4\I2C_sda.c -o .\CortexM0\ARM_GCC_493\Release\I2C_sda.o
arm-none-eabi-gcc.exe -mcpu=cortex-m0 -mthumb -I. -IGenerated_Source\PSoC4 -Wa,-alh=.\CortexM0\ARM_GCC_493\Release/I2C_sda_PM.lst -g -D NDEBUG -Wall -ffunction-sections -Os -ffat-lto-objects -c Generated_Source\PSoC4\I2C_sda_PM.c -o .\CortexM0\ARM_GCC_493\Release\I2C_sda_PM.o
arm-none-eabi-gcc.exe -mcpu=cortex-m0 -mthumb -I. -IGenerated_Source\PSoC4 -Wa,-alh=.\CortexM0\ARM_GCC_493\Release/I2C_scl.lst -g -D NDEBUG -Wall -ffunction-sections -Os -ffat-lto-objects -c Generated_Source\PSoC4\I2C_scl.c -o .\CortexM0\ARM_GCC_493\Release\I2C_scl.o
arm-none-eabi-gcc.exe -mcpu=cortex-m0 -mthumb -I. -IGenerated_Source\PSoC4 -Wa,-alh=.\CortexM0\ARM_GCC_493\Release/I2C_scl_PM.lst -g -D NDEBUG -Wall -ffunction-sections -Os -ffat-lto-objects -c Generated_Source\PSoC4\I2C_scl_PM.c -o .\CortexM0\ARM_GCC_493\Release\I2C_scl_PM.o
arm-none-eabi-gcc.exe -mcpu=cortex-m0 -mthumb -I. -IGenerated_Source\PSoC4 -Wa,-alh=.\CortexM0\ARM_GCC_493\Release/I2C_SCB_IRQ.lst -g -D NDEBUG -Wall -ffunction-sections -Os -ffat-lto-objects -c Generated_Source\PSoC4\I2C_SCB_IRQ.c -o .\CortexM0\ARM_GCC_493\Release\I2C_SCB_IRQ.o
arm-none-eabi-gcc.exe -mcpu=cortex-m0 -mthumb -I. -IGenerated_Source\PSoC4 -Wa,-alh=.\CortexM0\ARM_GCC_493\Release/I2C_Addr.lst -g -D NDEBUG -Wall -ffunction-sections -Os -ffat-lto-objects -c Generated_Source\PSoC4\I2C_Addr.c -o .\CortexM0\ARM_GCC_493\Release\I2C_Addr.o
arm-none-eabi-gcc.exe -mcpu=cortex-m0 -mthumb -I. -IGenerated_Source\PSoC4 -Wa,-alh=.\CortexM0\ARM_GCC_493\Release/I2C_Addr_PM.lst -g -D NDEBUG -Wall -ffunction-sections -Os -ffat-lto-objects -c Generated_Source\PSoC4\I2C_Addr_PM.c -o .\CortexM0\ARM_GCC_493\Release\I2C_Addr_PM.o
arm-none-eabi-as.exe -mcpu=cortex-m0 -mthumb -I. -IGenerated_Source\PSoC4 -alh=.\CortexM0\ARM_GCC_493\Release/CyBootAsmGnu.lst -g -o .\CortexM0\ARM_GCC_493\Release\CyBootAsmGnu.o Generated_Source\PSoC4\CyBootAsmGnu.s
arm-none-eabi-ar.exe -rs .\CortexM0\ARM_GCC_493\Release\DualStepperController-PSoC4200-GearBest.a .\CortexM0\ARM_GCC_493\Release\cyfitter_cfg.o .\CortexM0\ARM_GCC_493\Release\CyFlash.o .\CortexM0\ARM_GCC_493\Release\CyLib.o .\CortexM0\ARM_GCC_493\Release\cyPm.o .\CortexM0\ARM_GCC_493\Release\cyutils.o .\CortexM0\ARM_GCC_493\Release\TCPWM_2.o .\CortexM0\ARM_GCC_493\Release\TCPWM_2_PM.o .\CortexM0\ARM_GCC_493\Release\TCPWM_1.o .\CortexM0\ARM_GCC_493\Release\TCPWM_1_PM.o .\CortexM0\ARM_GCC_493\Release\Bootloadable_1.o .\CortexM0\ARM_GCC_493\Release\CyLFClk.o .\CortexM0\ARM_GCC_493\Release\TCPWM_4.o .\CortexM0\ARM_GCC_493\Release\TCPWM_4_PM.o .\CortexM0\ARM_GCC_493\Release\TCPWM_3.o .\CortexM0\ARM_GCC_493\Release\TCPWM_3_PM.o .\CortexM0\ARM_GCC_493\Release\PWM_OUT_B_1.o .\CortexM0\ARM_GCC_493\Release\PWM_OUT_B_1_PM.o .\CortexM0\ARM_GCC_493\Release\PWM_OUT_A_1.o .\CortexM0\ARM_GCC_493\Release\PWM_OUT_A_1_PM.o .\CortexM0\ARM_GCC_493\Release\INTERNAL_STEP_OUT_1.o .\CortexM0\ARM_GCC_493\Release\INTERNAL_STEP_OUT_1_PM.o .\CortexM0\ARM_GCC_493\Release\INTERNAL_STEP_1.o .\CortexM0\ARM_GCC_493\Release\INTERNAL_STEP_1_PM.o .\CortexM0\ARM_GCC_493\Release\Clock_PWM_MAIN_1.o .\CortexM0\ARM_GCC_493\Release\DIR_REG_1.o .\CortexM0\ARM_GCC_493\Release\DIR_REG_1_PM.o .\CortexM0\ARM_GCC_493\Release\DIR_OUT_B_1.o .\CortexM0\ARM_GCC_493\Release\DIR_OUT_B_1_PM.o .\CortexM0\ARM_GCC_493\Release\DIR_OUT_A_1.o .\CortexM0\ARM_GCC_493\Release\DIR_OUT_A_1_PM.o .\CortexM0\ARM_GCC_493\Release\STEP_INPUT_1.o .\CortexM0\ARM_GCC_493\Release\STEP_INPUT_1_PM.o .\CortexM0\ARM_GCC_493\Release\DIR_INPUT_1.o .\CortexM0\ARM_GCC_493\Release\DIR_INPUT_1_PM.o .\CortexM0\ARM_GCC_493\Release\STEP_INPUT_SOURCE_1.o .\CortexM0\ARM_GCC_493\Release\STEP_INPUT_SOURCE_1_PM.o .\CortexM0\ARM_GCC_493\Release\DIR_INPUT_SOURCE_1.o .\CortexM0\ARM_GCC_493\Release\DIR_INPUT_SOURCE_1_PM.o .\CortexM0\ARM_GCC_493\Release\STATUS_LED_2.o .\CortexM0\ARM_GCC_493\Release\STATUS_LED_2_PM.o .\CortexM0\ARM_GCC_493\Release\STATUS_LED_1.o .\CortexM0\ARM_GCC_493\Release\STATUS_LED_1_PM.o .\CortexM0\ARM_GCC_493\Release\Pin_Sw.o .\CortexM0\ARM_GCC_493\Release\Pin_Sw_PM.o .\CortexM0\ARM_GCC_493\Release\isr_GPIO.o .\CortexM0\ARM_GCC_493\Release\PWM_OUT_B_2.o .\CortexM0\ARM_GCC_493\Release\PWM_OUT_B_2_PM.o .\CortexM0\ARM_GCC_493\Release\PWM_OUT_A_2.o .\CortexM0\ARM_GCC_493\Release\PWM_OUT_A_2_PM.o .\CortexM0\ARM_GCC_493\Release\INTERNAL_STEP_OUT_2.o .\CortexM0\ARM_GCC_493\Release\INTERNAL_STEP_OUT_2_PM.o .\CortexM0\ARM_GCC_493\Release\INTERNAL_STEP_2.o .\CortexM0\ARM_GCC_493\Release\INTERNAL_STEP_2_PM.o .\CortexM0\ARM_GCC_493\Release\Clock_PWM_MAIN_2.o .\CortexM0\ARM_GCC_493\Release\DIR_OUT_B_2.o .\CortexM0\ARM_GCC_493\Release\DIR_OUT_B_2_PM.o .\CortexM0\ARM_GCC_493\Release\DIR_OUT_A_2.o .\CortexM0\ARM_GCC_493\Release\DIR_OUT_A_2_PM.o .\CortexM0\ARM_GCC_493\Release\STEP_INPUT_2.o .\CortexM0\ARM_GCC_493\Release\STEP_INPUT_2_PM.o .\CortexM0\ARM_GCC_493\Release\DIR_INPUT_2.o .\CortexM0\ARM_GCC_493\Release\DIR_INPUT_2_PM.o .\CortexM0\ARM_GCC_493\Release\STEP_INPUT_SOURCE_2.o .\CortexM0\ARM_GCC_493\Release\STEP_INPUT_SOURCE_2_PM.o .\CortexM0\ARM_GCC_493\Release\DIR_INPUT_SOURCE_2.o .\CortexM0\ARM_GCC_493\Release\DIR_INPUT_SOURCE_2_PM.o .\CortexM0\ARM_GCC_493\Release\DIR_REG_2.o .\CortexM0\ARM_GCC_493\Release\DIR_REG_2_PM.o .\CortexM0\ARM_GCC_493\Release\I2C.o .\CortexM0\ARM_GCC_493\Release\I2C_I2C_INT.o .\CortexM0\ARM_GCC_493\Release\I2C_I2C.o .\CortexM0\ARM_GCC_493\Release\I2C_I2C_BOOT.o .\CortexM0\ARM_GCC_493\Release\I2C_I2C_SLAVE.o .\CortexM0\ARM_GCC_493\Release\I2C_PM.o .\CortexM0\ARM_GCC_493\Release\I2C_BOOT.o .\CortexM0\ARM_GCC_493\Release\I2C_SCBCLK.o .\CortexM0\ARM_GCC_493\Release\I2C_sda.o .\CortexM0\ARM_GCC_493\Release\I2C_sda_PM.o .\CortexM0\ARM_GCC_493\Release\I2C_scl.o .\CortexM0\ARM_GCC_493\Release\I2C_scl_PM.o .\CortexM0\ARM_GCC_493\Release\I2C_SCB_IRQ.o .\CortexM0\ARM_GCC_493\Release\I2C_Addr.o .\CortexM0\ARM_GCC_493\Release\I2C_Addr_PM.o .\CortexM0\ARM_GCC_493\Release\CyBootAsmGnu.o
arm-none-eabi-ar.exe: creating .\CortexM0\ARM_GCC_493\Release\DualStepperController-PSoC4200-GearBest.a
arm-none-eabi-gcc.exe -Wl,--start-group -o .\CortexM0\ARM_GCC_493\Release\DualStepperController-PSoC4200-GearBest.elf .\CortexM0\ARM_GCC_493\Release\main.o .\CortexM0\ARM_GCC_493\Release\genSine.o .\CortexM0\ARM_GCC_493\Release\inputScan.o .\CortexM0\ARM_GCC_493\Release\Move.o .\CortexM0\ARM_GCC_493\Release\PhaseControl.o .\CortexM0\ARM_GCC_493\Release\systemInit.o .\CortexM0\ARM_GCC_493\Release\Cm0Start.o .\CortexM0\ARM_GCC_493\Release\cybootloader.o .\CortexM0\ARM_GCC_493\Release\cymetadata.o .\CortexM0\ARM_GCC_493\Release\DualStepperController-PSoC4200-GearBest.a "C:\Program Files\Cypress\PSoC Creator\4.0\PSoC Creator\psoc\content\cycomponentlibrary\CyComponentLibrary.cylib\CortexM0\ARM_GCC_493\Release\CyComponentLibrary.a" -mcpu=cortex-m0 -mthumb -g -ffunction-sections -Os -ffat-lto-objects -L Generated_Source\PSoC4 -Wl,-Map,.\CortexM0\ARM_GCC_493\Release/DualStepperController-PSoC4200-GearBest.map -T "C:\Users\Tech Consulting\Desktop\PSOC4 projects\Stepper Projects GearBest\DualStepperController-PSoC4200-GearBest.cydsn\Generated_Source\PSoC4\cm0gcc.ld" -specs=nano.specs -Wl,--gc-sections -Wl,--end-group
cyelftool.exe -B "C:\Users\Tech Consulting\Desktop\PSOC4 projects\Stepper Projects GearBest\DualStepperController-PSoC4200-GearBest.cydsn\CortexM0\ARM_GCC_493\Release\DualStepperController-PSoC4200-GearBest.elf" --flash_row_size 128 --flash_size 32768 --flash_array_size 32768
cyelftool.exe -S "C:\Users\Tech Consulting\Desktop\PSOC4 projects\Stepper Projects GearBest\DualStepperController-PSoC4200-GearBest.cydsn\CortexM0\ARM_GCC_493\Release\DualStepperController-PSoC4200-GearBest.elf"
Flash used: 9672 of 32768 bytes (29,5 %). Bootloader: 4352 bytes. Application: 5192 bytes. Metadata: 128 bytes.
SRAM used: 1672 of 4096 bytes (40,8 %). Stack: 1024 bytes. Heap: 256 bytes.
--------------- Build Succeeded: 01/01/2017 13:34:12 ---------------
