--------------- Clean Started: 05/18/2016 09:55:32 Project: StepMotor_PSoC4200_Dual, Configuration: ARM GCC 4.9-2015-q1-update Release ---------------
Deleting file ".\CortexM0\ARM_GCC_493\Release\main.o"
Deleting file ".\CortexM0\ARM_GCC_493\Release\genSine.o"
Deleting file ".\CortexM0\ARM_GCC_493\Release\inputScan.o"
Deleting file ".\CortexM0\ARM_GCC_493\Release\Move.o"
Deleting file ".\CortexM0\ARM_GCC_493\Release\PhaseControl.o"
Deleting file ".\CortexM0\ARM_GCC_493\Release\systemInit.o"
Deleting file ".\CortexM0\ARM_GCC_493\Release\cyfitter_cfg.o"
Deleting file ".\CortexM0\ARM_GCC_493\Release\PWM_OUT_A.o"
Deleting file ".\CortexM0\ARM_GCC_493\Release\PWM_OUT_A_PM.o"
Deleting file ".\CortexM0\ARM_GCC_493\Release\PWM_OUT_B.o"
Deleting file ".\CortexM0\ARM_GCC_493\Release\PWM_OUT_B_PM.o"
Deleting file ".\CortexM0\ARM_GCC_493\Release\INTERNAL_STEP_OUT.o"
Deleting file ".\CortexM0\ARM_GCC_493\Release\INTERNAL_STEP_OUT_PM.o"
Deleting file ".\CortexM0\ARM_GCC_493\Release\STEP_INPUT.o"
Deleting file ".\CortexM0\ARM_GCC_493\Release\STEP_INPUT_PM.o"
Deleting file ".\CortexM0\ARM_GCC_493\Release\DIR_INPUT.o"
Deleting file ".\CortexM0\ARM_GCC_493\Release\DIR_INPUT_PM.o"
Deleting file ".\CortexM0\ARM_GCC_493\Release\STEP_INPUT_SOURCE.o"
Deleting file ".\CortexM0\ARM_GCC_493\Release\STEP_INPUT_SOURCE_PM.o"
Deleting file ".\CortexM0\ARM_GCC_493\Release\DIR_INPUT_SOURCE.o"
Deleting file ".\CortexM0\ARM_GCC_493\Release\DIR_INPUT_SOURCE_PM.o"
Deleting file ".\CortexM0\ARM_GCC_493\Release\DIR_OUT_A.o"
Deleting file ".\CortexM0\ARM_GCC_493\Release\DIR_OUT_A_PM.o"
Deleting file ".\CortexM0\ARM_GCC_493\Release\DIR_OUT_B.o"
Deleting file ".\CortexM0\ARM_GCC_493\Release\DIR_OUT_B_PM.o"
Deleting file ".\CortexM0\ARM_GCC_493\Release\DIR_REG.o"
Deleting file ".\CortexM0\ARM_GCC_493\Release\DIR_REG_PM.o"
Deleting file ".\CortexM0\ARM_GCC_493\Release\Cm0Start.o"
Deleting file ".\CortexM0\ARM_GCC_493\Release\CyBootAsmGnu.o"
Deleting file ".\CortexM0\ARM_GCC_493\Release\CyFlash.o"
Deleting file ".\CortexM0\ARM_GCC_493\Release\CyLib.o"
Deleting file ".\CortexM0\ARM_GCC_493\Release\cyPm.o"
Deleting file ".\CortexM0\ARM_GCC_493\Release\cyutils.o"
Deleting file ".\CortexM0\ARM_GCC_493\Release\Clock_PWM_MAIN.o"
Deleting file ".\CortexM0\ARM_GCC_493\Release\INTERNAL_STEP.o"
Deleting file ".\CortexM0\ARM_GCC_493\Release\INTERNAL_STEP_PM.o"
Deleting file ".\CortexM0\ARM_GCC_493\Release\TCPWM_2.o"
Deleting file ".\CortexM0\ARM_GCC_493\Release\TCPWM_2_PM.o"
Deleting file ".\CortexM0\ARM_GCC_493\Release\TCPWM_1.o"
Deleting file ".\CortexM0\ARM_GCC_493\Release\TCPWM_1_PM.o"
Deleting file ".\CortexM0\ARM_GCC_493\Release\cybootloader.o"
Deleting file ".\CortexM0\ARM_GCC_493\Release\cymetadata.o"
Deleting file ".\CortexM0\ARM_GCC_493\Release\Bootloadable_1.o"
Deleting file ".\CortexM0\ARM_GCC_493\Release\CyLFClk.o"
Deleting file ".\CortexM0\ARM_GCC_493\Release\TCPWM_4.o"
Deleting file ".\CortexM0\ARM_GCC_493\Release\TCPWM_4_PM.o"
Deleting file ".\CortexM0\ARM_GCC_493\Release\TCPWM_3.o"
Deleting file ".\CortexM0\ARM_GCC_493\Release\TCPWM_3_PM.o"
Deleting file ".\CortexM0\ARM_GCC_493\Release\PWM_OUT_B_1.o"
Deleting file ".\CortexM0\ARM_GCC_493\Release\PWM_OUT_B_1_PM.o"
Deleting file ".\CortexM0\ARM_GCC_493\Release\PWM_OUT_A_1.o"
Deleting file ".\CortexM0\ARM_GCC_493\Release\PWM_OUT_A_1_PM.o"
Deleting file ".\CortexM0\ARM_GCC_493\Release\INTERNAL_STEP_OUT_1.o"
Deleting file ".\CortexM0\ARM_GCC_493\Release\INTERNAL_STEP_OUT_1_PM.o"
Deleting file ".\CortexM0\ARM_GCC_493\Release\INTERNAL_STEP_1.o"
Deleting file ".\CortexM0\ARM_GCC_493\Release\INTERNAL_STEP_1_PM.o"
Deleting file ".\CortexM0\ARM_GCC_493\Release\Clock_PWM_MAIN_1.o"
Deleting file ".\CortexM0\ARM_GCC_493\Release\DIR_REG_1.o"
Deleting file ".\CortexM0\ARM_GCC_493\Release\DIR_REG_1_PM.o"
Deleting file ".\CortexM0\ARM_GCC_493\Release\DIR_OUT_B_1.o"
Deleting file ".\CortexM0\ARM_GCC_493\Release\DIR_OUT_B_1_PM.o"
Deleting file ".\CortexM0\ARM_GCC_493\Release\DIR_OUT_A_1.o"
Deleting file ".\CortexM0\ARM_GCC_493\Release\DIR_OUT_A_1_PM.o"
Deleting file ".\CortexM0\ARM_GCC_493\Release\STEP_INPUT_1.o"
Deleting file ".\CortexM0\ARM_GCC_493\Release\STEP_INPUT_1_PM.o"
Deleting file ".\CortexM0\ARM_GCC_493\Release\DIR_INPUT_1.o"
Deleting file ".\CortexM0\ARM_GCC_493\Release\DIR_INPUT_1_PM.o"
Deleting file ".\CortexM0\ARM_GCC_493\Release\STEP_INPUT_SOURCE_1.o"
Deleting file ".\CortexM0\ARM_GCC_493\Release\STEP_INPUT_SOURCE_1_PM.o"
Deleting file ".\CortexM0\ARM_GCC_493\Release\DIR_INPUT_SOURCE_1.o"
Deleting file ".\CortexM0\ARM_GCC_493\Release\DIR_INPUT_SOURCE_1_PM.o"
Deleting file ".\CortexM0\ARM_GCC_493\Release\Comm.o"
Deleting file ".\CortexM0\ARM_GCC_493\Release\Comm_I2C_INT.o"
Deleting file ".\CortexM0\ARM_GCC_493\Release\Comm_I2C.o"
Deleting file ".\CortexM0\ARM_GCC_493\Release\Comm_I2C_BOOT.o"
Deleting file ".\CortexM0\ARM_GCC_493\Release\Comm_SPI_UART.o"
Deleting file ".\CortexM0\ARM_GCC_493\Release\Comm_SPI_UART_INT.o"
Deleting file ".\CortexM0\ARM_GCC_493\Release\Comm_I2C_MASTER.o"
Deleting file ".\CortexM0\ARM_GCC_493\Release\Comm_I2C_SLAVE.o"
Deleting file ".\CortexM0\ARM_GCC_493\Release\Comm_PM.o"
Deleting file ".\CortexM0\ARM_GCC_493\Release\Comm_SPI.o"
Deleting file ".\CortexM0\ARM_GCC_493\Release\Comm_UART.o"
Deleting file ".\CortexM0\ARM_GCC_493\Release\Comm_BOOT.o"
Deleting file ".\CortexM0\ARM_GCC_493\Release\Comm_SPI_BOOT.o"
Deleting file ".\CortexM0\ARM_GCC_493\Release\Comm_UART_BOOT.o"
Deleting file ".\CortexM0\ARM_GCC_493\Release\Comm_EZI2C.o"
Deleting file ".\CortexM0\ARM_GCC_493\Release\Comm_EZI2C_INT.o"
Deleting file ".\CortexM0\ARM_GCC_493\Release\Comm_EZI2C_BOOT.o"
Deleting file ".\CortexM0\ARM_GCC_493\Release\CommCLK.o"
Deleting file ".\CortexM0\ARM_GCC_493\Release\Comm_uart_rx_i2c_scl_spi_mosi.o"
Deleting file ".\CortexM0\ARM_GCC_493\Release\Comm_uart_rx_i2c_scl_spi_mosi_PM.o"
Deleting file ".\CortexM0\ARM_GCC_493\Release\Comm_uart_tx_i2c_sda_spi_miso.o"
Deleting file ".\CortexM0\ARM_GCC_493\Release\Comm_uart_tx_i2c_sda_spi_miso_PM.o"
Deleting file ".\CortexM0\ARM_GCC_493\Release\Comm_SCB_IRQ.o"
Deleting file ".\CortexM0\ARM_GCC_493\Release\SW3.o"
Deleting file ".\CortexM0\ARM_GCC_493\Release\SW3_PM.o"
Deleting file ".\CortexM0\ARM_GCC_493\Release\LED_I2C.o"
Deleting file ".\CortexM0\ARM_GCC_493\Release\LED_I2C_PM.o"
Deleting file ".\CortexM0\ARM_GCC_493\Release\LED_SERIAL.o"
Deleting file ".\CortexM0\ARM_GCC_493\Release\LED_SERIAL_PM.o"
Deleting file ".\CortexM0\ARM_GCC_493\Release\MODE_SWITCH.o"
Deleting file ".\CortexM0\ARM_GCC_493\Release\MODE_SWITCH_PM.o"
Deleting file ".\CortexM0\ARM_GCC_493\Release\StepMotor_PSoC4200_Dual.hex"
Deleting file ".\CortexM0\ARM_GCC_493\Release\StepMotor_PSoC4200_Dual.elf"
Deleting file ".\CortexM0\ARM_GCC_493\Release\StepMotor_PSoC4200_Dual.map"
Deleting file ".\CortexM0\ARM_GCC_493\Release\StepMotor_PSoC4200_Dual.cyacd"
Deleting file ".\StepMotor_PSoC4200_Dual.cycdx"
Deleting file ".\StepMotor_PSoC4200_Dual.svd"
Deleting file ".\StepMotor_PSoC4200_Dual.rpt"
Deleting file ".\StepMotor_PSoC4200_Dual_timing.html"
Deleting file ".\CortexM0\ARM_GCC_493\Release\.deps\C_FILE.P"
Deleting file ".\CortexM0\ARM_GCC_493\Release\.deps\ARM_C_FILE.P"
Deleting file ".\CortexM0\ARM_GCC_493\Release\.deps\GNU_ARM_ASM_FILE.P"
--------------- Clean Succeeded: 05/18/2016 09:55:33 ---------------
