ARM GAS  C:\Users\TECHCO~1\AppData\Local\Temp\ccdnfauj.s 			page 1


   1              		.cpu cortex-m0
   2              		.fpu softvfp
   3              		.eabi_attribute 20, 1
   4              		.eabi_attribute 21, 1
   5              		.eabi_attribute 23, 3
   6              		.eabi_attribute 24, 1
   7              		.eabi_attribute 25, 1
   8              		.eabi_attribute 26, 1
   9              		.eabi_attribute 30, 4
  10              		.eabi_attribute 34, 0
  11              		.eabi_attribute 18, 4
  12              		.code	16
  13              		.file	"Comm_SPI_UART_INT.c"
  14              		.text
  15              	.Ltext0:
  16              		.cfi_sections	.debug_frame
  17              		.section	.text.Comm_SPI_UART_ISR,"ax",%progbits
  18              		.align	1
  19              		.global	Comm_SPI_UART_ISR
  20              		.code	16
  21              		.thumb_func
  22              		.type	Comm_SPI_UART_ISR, %function
  23              	Comm_SPI_UART_ISR:
  24              	.LFB0:
  25              		.file 1 "Generated_Source\\PSoC4\\Comm_SPI_UART_INT.c"
   1:Generated_Source\PSoC4/Comm_SPI_UART_INT.c **** /***************************************************************************//**
   2:Generated_Source\PSoC4/Comm_SPI_UART_INT.c **** * \file Comm_SPI_UART_INT.c
   3:Generated_Source\PSoC4/Comm_SPI_UART_INT.c **** * \version 3.20
   4:Generated_Source\PSoC4/Comm_SPI_UART_INT.c **** *
   5:Generated_Source\PSoC4/Comm_SPI_UART_INT.c **** * \brief
   6:Generated_Source\PSoC4/Comm_SPI_UART_INT.c **** *  This file provides the source code to the Interrupt Service Routine for
   7:Generated_Source\PSoC4/Comm_SPI_UART_INT.c **** *  the SCB Component in SPI and UART modes.
   8:Generated_Source\PSoC4/Comm_SPI_UART_INT.c **** *
   9:Generated_Source\PSoC4/Comm_SPI_UART_INT.c **** * Note:
  10:Generated_Source\PSoC4/Comm_SPI_UART_INT.c **** *
  11:Generated_Source\PSoC4/Comm_SPI_UART_INT.c **** ********************************************************************************
  12:Generated_Source\PSoC4/Comm_SPI_UART_INT.c **** * \copyright
  13:Generated_Source\PSoC4/Comm_SPI_UART_INT.c **** * Copyright 2013-2016, Cypress Semiconductor Corporation.  All rights reserved.
  14:Generated_Source\PSoC4/Comm_SPI_UART_INT.c **** * You may use this file only in accordance with the license, terms, conditions,
  15:Generated_Source\PSoC4/Comm_SPI_UART_INT.c **** * disclaimers, and limitations in the end user license agreement accompanying
  16:Generated_Source\PSoC4/Comm_SPI_UART_INT.c **** * the software package with which this file was provided.
  17:Generated_Source\PSoC4/Comm_SPI_UART_INT.c **** *******************************************************************************/
  18:Generated_Source\PSoC4/Comm_SPI_UART_INT.c **** 
  19:Generated_Source\PSoC4/Comm_SPI_UART_INT.c **** #include "Comm_PVT.h"
  20:Generated_Source\PSoC4/Comm_SPI_UART_INT.c **** #include "Comm_SPI_UART_PVT.h"
  21:Generated_Source\PSoC4/Comm_SPI_UART_INT.c **** 
  22:Generated_Source\PSoC4/Comm_SPI_UART_INT.c **** 
  23:Generated_Source\PSoC4/Comm_SPI_UART_INT.c **** #if (Comm_SCB_IRQ_INTERNAL)
  24:Generated_Source\PSoC4/Comm_SPI_UART_INT.c **** /*******************************************************************************
  25:Generated_Source\PSoC4/Comm_SPI_UART_INT.c **** * Function Name: Comm_SPI_UART_ISR
  26:Generated_Source\PSoC4/Comm_SPI_UART_INT.c **** ****************************************************************************//**
  27:Generated_Source\PSoC4/Comm_SPI_UART_INT.c **** *
  28:Generated_Source\PSoC4/Comm_SPI_UART_INT.c **** *  Handles the Interrupt Service Routine for the SCB SPI or UART modes.
  29:Generated_Source\PSoC4/Comm_SPI_UART_INT.c **** *
  30:Generated_Source\PSoC4/Comm_SPI_UART_INT.c **** *******************************************************************************/
  31:Generated_Source\PSoC4/Comm_SPI_UART_INT.c **** CY_ISR(Comm_SPI_UART_ISR)
  32:Generated_Source\PSoC4/Comm_SPI_UART_INT.c **** {
ARM GAS  C:\Users\TECHCO~1\AppData\Local\Temp\ccdnfauj.s 			page 2


  26              		.loc 1 32 0
  27              		.cfi_startproc
  28 0000 38B5     		push	{r3, r4, r5, lr}
  29              		.cfi_def_cfa_offset 16
  30              		.cfi_offset 3, -16
  31              		.cfi_offset 4, -12
  32              		.cfi_offset 5, -8
  33              		.cfi_offset 14, -4
  33:Generated_Source\PSoC4/Comm_SPI_UART_INT.c **** #if (Comm_INTERNAL_RX_SW_BUFFER_CONST)
  34:Generated_Source\PSoC4/Comm_SPI_UART_INT.c ****     uint32 locHead;
  35:Generated_Source\PSoC4/Comm_SPI_UART_INT.c **** #endif /* (Comm_INTERNAL_RX_SW_BUFFER_CONST) */
  36:Generated_Source\PSoC4/Comm_SPI_UART_INT.c **** 
  37:Generated_Source\PSoC4/Comm_SPI_UART_INT.c **** #if (Comm_INTERNAL_TX_SW_BUFFER_CONST)
  38:Generated_Source\PSoC4/Comm_SPI_UART_INT.c ****     uint32 locTail;
  39:Generated_Source\PSoC4/Comm_SPI_UART_INT.c **** #endif /* (Comm_INTERNAL_TX_SW_BUFFER_CONST) */
  40:Generated_Source\PSoC4/Comm_SPI_UART_INT.c **** 
  41:Generated_Source\PSoC4/Comm_SPI_UART_INT.c **** #ifdef Comm_SPI_UART_ISR_ENTRY_CALLBACK
  42:Generated_Source\PSoC4/Comm_SPI_UART_INT.c ****     Comm_SPI_UART_ISR_EntryCallback();
  43:Generated_Source\PSoC4/Comm_SPI_UART_INT.c **** #endif /* Comm_SPI_UART_ISR_ENTRY_CALLBACK */
  44:Generated_Source\PSoC4/Comm_SPI_UART_INT.c **** 
  45:Generated_Source\PSoC4/Comm_SPI_UART_INT.c ****     if (NULL != Comm_customIntrHandler)
  34              		.loc 1 45 0
  35 0002 324B     		ldr	r3, .L33
  36 0004 1B68     		ldr	r3, [r3]
  37 0006 002B     		cmp	r3, #0
  38 0008 00D0     		beq	.L2
  46:Generated_Source\PSoC4/Comm_SPI_UART_INT.c ****     {
  47:Generated_Source\PSoC4/Comm_SPI_UART_INT.c ****         Comm_customIntrHandler();
  39              		.loc 1 47 0
  40 000a 9847     		blx	r3
  41              	.LVL0:
  42              	.L2:
  48:Generated_Source\PSoC4/Comm_SPI_UART_INT.c ****     }
  49:Generated_Source\PSoC4/Comm_SPI_UART_INT.c **** 
  50:Generated_Source\PSoC4/Comm_SPI_UART_INT.c ****     if(Comm_CHECK_SPI_WAKE_ENABLE)
  43              		.loc 1 50 0
  44 000c 304B     		ldr	r3, .L33+4
  45 000e 1B78     		ldrb	r3, [r3]
  46 0010 002B     		cmp	r3, #0
  47 0012 06D0     		beq	.L3
  48              		.loc 1 50 0 is_stmt 0 discriminator 1
  49 0014 2F4B     		ldr	r3, .L33+8
  50 0016 1B78     		ldrb	r3, [r3]
  51 0018 022B     		cmp	r3, #2
  52 001a 02D1     		bne	.L3
  51:Generated_Source\PSoC4/Comm_SPI_UART_INT.c ****     {
  52:Generated_Source\PSoC4/Comm_SPI_UART_INT.c ****         /* Clear SPI wakeup source */
  53:Generated_Source\PSoC4/Comm_SPI_UART_INT.c ****         Comm_ClearSpiExtClkInterruptSource(Comm_INTR_SPI_EC_WAKE_UP);
  53              		.loc 1 53 0 is_stmt 1
  54 001c 0122     		mov	r2, #1
  55 001e 2E4B     		ldr	r3, .L33+12
  56 0020 1A60     		str	r2, [r3]
  57              	.L3:
  54:Generated_Source\PSoC4/Comm_SPI_UART_INT.c ****     }
  55:Generated_Source\PSoC4/Comm_SPI_UART_INT.c ****     
  56:Generated_Source\PSoC4/Comm_SPI_UART_INT.c **** 
  57:Generated_Source\PSoC4/Comm_SPI_UART_INT.c ****     if (Comm_CHECK_RX_SW_BUFFER)
ARM GAS  C:\Users\TECHCO~1\AppData\Local\Temp\ccdnfauj.s 			page 3


  58              		.loc 1 57 0
  59 0022 2E4B     		ldr	r3, .L33+16
  60 0024 1B68     		ldr	r3, [r3]
  61 0026 002B     		cmp	r3, #0
  62 0028 23D0     		beq	.L4
  58:Generated_Source\PSoC4/Comm_SPI_UART_INT.c ****     {
  59:Generated_Source\PSoC4/Comm_SPI_UART_INT.c ****         if (Comm_CHECK_INTR_RX_MASKED(Comm_INTR_RX_NOT_EMPTY))
  63              		.loc 1 59 0
  64 002a 2D4B     		ldr	r3, .L33+20
  65 002c 1B68     		ldr	r3, [r3]
  66 002e 5B07     		lsl	r3, r3, #29
  67 0030 1FD5     		bpl	.L4
  68              	.L8:
  60:Generated_Source\PSoC4/Comm_SPI_UART_INT.c ****         {
  61:Generated_Source\PSoC4/Comm_SPI_UART_INT.c ****             do
  62:Generated_Source\PSoC4/Comm_SPI_UART_INT.c ****             {
  63:Generated_Source\PSoC4/Comm_SPI_UART_INT.c ****                 /* Move local head index */
  64:Generated_Source\PSoC4/Comm_SPI_UART_INT.c ****                 locHead = (Comm_rxBufferHead + 1u);
  69              		.loc 1 64 0
  70 0032 2C4D     		ldr	r5, .L33+24
  65:Generated_Source\PSoC4/Comm_SPI_UART_INT.c **** 
  66:Generated_Source\PSoC4/Comm_SPI_UART_INT.c ****                 /* Adjust local head index */
  67:Generated_Source\PSoC4/Comm_SPI_UART_INT.c ****                 if (Comm_INTERNAL_RX_BUFFER_SIZE == locHead)
  71              		.loc 1 67 0
  72 0034 2C4B     		ldr	r3, .L33+28
  64:Generated_Source\PSoC4/Comm_SPI_UART_INT.c **** 
  73              		.loc 1 64 0
  74 0036 2A68     		ldr	r2, [r5]
  75              	.LVL1:
  76              		.loc 1 67 0
  77 0038 1B68     		ldr	r3, [r3]
  78 003a 541C     		add	r4, r2, #1
  79              	.LVL2:
  68:Generated_Source\PSoC4/Comm_SPI_UART_INT.c ****                 {
  69:Generated_Source\PSoC4/Comm_SPI_UART_INT.c ****                     locHead = 0u;
  80              		.loc 1 69 0
  81 003c 9B1A     		sub	r3, r3, r2
  82 003e 5A1E     		sub	r2, r3, #1
  83 0040 9341     		sbc	r3, r3, r2
  84 0042 5B42     		neg	r3, r3
  85 0044 1C40     		and	r4, r3
  86              	.LVL3:
  70:Generated_Source\PSoC4/Comm_SPI_UART_INT.c ****                 }
  71:Generated_Source\PSoC4/Comm_SPI_UART_INT.c **** 
  72:Generated_Source\PSoC4/Comm_SPI_UART_INT.c ****                 if (locHead == Comm_rxBufferTail)
  87              		.loc 1 72 0
  88 0046 294B     		ldr	r3, .L33+32
  89 0048 1A68     		ldr	r2, [r3]
  90 004a 294B     		ldr	r3, .L33+36
  91 004c 9442     		cmp	r4, r2
  92 004e 04D1     		bne	.L6
  73:Generated_Source\PSoC4/Comm_SPI_UART_INT.c ****                 {
  74:Generated_Source\PSoC4/Comm_SPI_UART_INT.c ****                     if (Comm_CHECK_UART_RTS_CONTROL_FLOW)
  75:Generated_Source\PSoC4/Comm_SPI_UART_INT.c ****                     {
  76:Generated_Source\PSoC4/Comm_SPI_UART_INT.c ****                         /* There is no space in the software buffer - disable the
  77:Generated_Source\PSoC4/Comm_SPI_UART_INT.c ****                         * RX Not Empty interrupt source. The data elements are
  78:Generated_Source\PSoC4/Comm_SPI_UART_INT.c ****                         * still being received into the RX FIFO until the RTS signal
ARM GAS  C:\Users\TECHCO~1\AppData\Local\Temp\ccdnfauj.s 			page 4


  79:Generated_Source\PSoC4/Comm_SPI_UART_INT.c ****                         * stops the transmitter. After the data element is read from the
  80:Generated_Source\PSoC4/Comm_SPI_UART_INT.c ****                         * buffer, the RX Not Empty interrupt source is enabled to
  81:Generated_Source\PSoC4/Comm_SPI_UART_INT.c ****                         * move the next data element in the software buffer.
  82:Generated_Source\PSoC4/Comm_SPI_UART_INT.c ****                         */
  83:Generated_Source\PSoC4/Comm_SPI_UART_INT.c ****                         Comm_INTR_RX_MASK_REG &= ~Comm_INTR_RX_NOT_EMPTY;
  84:Generated_Source\PSoC4/Comm_SPI_UART_INT.c ****                         break;
  85:Generated_Source\PSoC4/Comm_SPI_UART_INT.c ****                     }
  86:Generated_Source\PSoC4/Comm_SPI_UART_INT.c ****                     else
  87:Generated_Source\PSoC4/Comm_SPI_UART_INT.c ****                     {
  88:Generated_Source\PSoC4/Comm_SPI_UART_INT.c ****                         /* Overflow: through away received data element */
  89:Generated_Source\PSoC4/Comm_SPI_UART_INT.c ****                         (void) Comm_RX_FIFO_RD_REG;
  90:Generated_Source\PSoC4/Comm_SPI_UART_INT.c ****                         Comm_rxBufferOverflow = (uint8) Comm_INTR_RX_OVERFLOW;
  93              		.loc 1 90 0
  94 0050 2022     		mov	r2, #32
  89:Generated_Source\PSoC4/Comm_SPI_UART_INT.c ****                         Comm_rxBufferOverflow = (uint8) Comm_INTR_RX_OVERFLOW;
  95              		.loc 1 89 0
  96 0052 1B68     		ldr	r3, [r3]
  97              		.loc 1 90 0
  98 0054 274B     		ldr	r3, .L33+40
  99 0056 1A70     		strb	r2, [r3]
 100 0058 04E0     		b	.L7
 101              	.L6:
  91:Generated_Source\PSoC4/Comm_SPI_UART_INT.c ****                     }
  92:Generated_Source\PSoC4/Comm_SPI_UART_INT.c ****                     
  93:Generated_Source\PSoC4/Comm_SPI_UART_INT.c ****                 }
  94:Generated_Source\PSoC4/Comm_SPI_UART_INT.c ****                 else
  95:Generated_Source\PSoC4/Comm_SPI_UART_INT.c ****                 {
  96:Generated_Source\PSoC4/Comm_SPI_UART_INT.c ****                     /* Store received data */
  97:Generated_Source\PSoC4/Comm_SPI_UART_INT.c ****                     Comm_PutWordInRxBuffer(locHead, Comm_RX_FIFO_RD_REG);
 102              		.loc 1 97 0
 103 005a 1968     		ldr	r1, [r3]
 104 005c 201C     		mov	r0, r4
 105 005e FFF7FEFF 		bl	Comm_PutWordInRxBuffer
 106              	.LVL4:
  98:Generated_Source\PSoC4/Comm_SPI_UART_INT.c **** 
  99:Generated_Source\PSoC4/Comm_SPI_UART_INT.c ****                     /* Move head index */
 100:Generated_Source\PSoC4/Comm_SPI_UART_INT.c ****                     Comm_rxBufferHead = locHead;
 107              		.loc 1 100 0
 108 0062 2C60     		str	r4, [r5]
 109              	.L7:
 101:Generated_Source\PSoC4/Comm_SPI_UART_INT.c ****                 }
 102:Generated_Source\PSoC4/Comm_SPI_UART_INT.c ****             }
 103:Generated_Source\PSoC4/Comm_SPI_UART_INT.c ****             while(0u != Comm_GET_RX_FIFO_ENTRIES);
 110              		.loc 1 103 0
 111 0064 244B     		ldr	r3, .L33+44
 112 0066 1B68     		ldr	r3, [r3]
 113 0068 1B07     		lsl	r3, r3, #28
 114 006a E2D1     		bne	.L8
 104:Generated_Source\PSoC4/Comm_SPI_UART_INT.c **** 
 105:Generated_Source\PSoC4/Comm_SPI_UART_INT.c ****             Comm_ClearRxInterruptSource(Comm_INTR_RX_NOT_EMPTY);
 115              		.loc 1 105 0
 116 006c 0422     		mov	r2, #4
 117 006e 234B     		ldr	r3, .L33+48
 118 0070 1A60     		str	r2, [r3]
 119              	.LVL5:
 120              	.L4:
 106:Generated_Source\PSoC4/Comm_SPI_UART_INT.c ****         }
ARM GAS  C:\Users\TECHCO~1\AppData\Local\Temp\ccdnfauj.s 			page 5


 107:Generated_Source\PSoC4/Comm_SPI_UART_INT.c ****     }
 108:Generated_Source\PSoC4/Comm_SPI_UART_INT.c ****     
 109:Generated_Source\PSoC4/Comm_SPI_UART_INT.c **** 
 110:Generated_Source\PSoC4/Comm_SPI_UART_INT.c **** 
 111:Generated_Source\PSoC4/Comm_SPI_UART_INT.c ****     if (Comm_CHECK_TX_SW_BUFFER)
 121              		.loc 1 111 0
 122 0072 234B     		ldr	r3, .L33+52
 123 0074 1B68     		ldr	r3, [r3]
 124 0076 002B     		cmp	r3, #0
 125 0078 27D0     		beq	.L1
 112:Generated_Source\PSoC4/Comm_SPI_UART_INT.c ****     {
 113:Generated_Source\PSoC4/Comm_SPI_UART_INT.c ****         if (Comm_CHECK_INTR_TX_MASKED(Comm_INTR_TX_NOT_FULL))
 126              		.loc 1 113 0
 127 007a 224B     		ldr	r3, .L33+56
 128 007c 1B68     		ldr	r3, [r3]
 129 007e 9B07     		lsl	r3, r3, #30
 130 0080 23D5     		bpl	.L1
 131              	.L12:
 114:Generated_Source\PSoC4/Comm_SPI_UART_INT.c ****         {
 115:Generated_Source\PSoC4/Comm_SPI_UART_INT.c ****             do
 116:Generated_Source\PSoC4/Comm_SPI_UART_INT.c ****             {
 117:Generated_Source\PSoC4/Comm_SPI_UART_INT.c ****                 /* Check for room in TX software buffer */
 118:Generated_Source\PSoC4/Comm_SPI_UART_INT.c ****                 if (Comm_txBufferHead != Comm_txBufferTail)
 132              		.loc 1 118 0
 133 0082 214B     		ldr	r3, .L33+60
 134 0084 214D     		ldr	r5, .L33+64
 135 0086 1A68     		ldr	r2, [r3]
 136 0088 2B68     		ldr	r3, [r5]
 137 008a 9A42     		cmp	r2, r3
 138 008c 15D0     		beq	.L10
 119:Generated_Source\PSoC4/Comm_SPI_UART_INT.c ****                 {
 120:Generated_Source\PSoC4/Comm_SPI_UART_INT.c ****                     /* Move local tail index */
 121:Generated_Source\PSoC4/Comm_SPI_UART_INT.c ****                     locTail = (Comm_txBufferTail + 1u);
 122:Generated_Source\PSoC4/Comm_SPI_UART_INT.c **** 
 123:Generated_Source\PSoC4/Comm_SPI_UART_INT.c ****                     /* Adjust local tail index */
 124:Generated_Source\PSoC4/Comm_SPI_UART_INT.c ****                     if (Comm_TX_BUFFER_SIZE == locTail)
 139              		.loc 1 124 0
 140 008e 204B     		ldr	r3, .L33+68
 121:Generated_Source\PSoC4/Comm_SPI_UART_INT.c **** 
 141              		.loc 1 121 0
 142 0090 2C68     		ldr	r4, [r5]
 143              		.loc 1 124 0
 144 0092 1B68     		ldr	r3, [r3]
 121:Generated_Source\PSoC4/Comm_SPI_UART_INT.c **** 
 145              		.loc 1 121 0
 146 0094 0134     		add	r4, r4, #1
 147              	.LVL6:
 125:Generated_Source\PSoC4/Comm_SPI_UART_INT.c ****                     {
 126:Generated_Source\PSoC4/Comm_SPI_UART_INT.c ****                         locTail = 0u;
 148              		.loc 1 126 0
 149 0096 1B1B     		sub	r3, r3, r4
 150 0098 5A1E     		sub	r2, r3, #1
 151 009a 9341     		sbc	r3, r3, r2
 152 009c 5B42     		neg	r3, r3
 153 009e 1C40     		and	r4, r3
 154              	.LVL7:
 127:Generated_Source\PSoC4/Comm_SPI_UART_INT.c ****                     }
ARM GAS  C:\Users\TECHCO~1\AppData\Local\Temp\ccdnfauj.s 			page 6


 128:Generated_Source\PSoC4/Comm_SPI_UART_INT.c **** 
 129:Generated_Source\PSoC4/Comm_SPI_UART_INT.c ****                     /* Put data into TX FIFO */
 130:Generated_Source\PSoC4/Comm_SPI_UART_INT.c ****                     Comm_TX_FIFO_WR_REG = Comm_GetWordFromTxBuffer(locTail);
 155              		.loc 1 130 0
 156 00a0 201C     		mov	r0, r4
 157 00a2 FFF7FEFF 		bl	Comm_GetWordFromTxBuffer
 158              	.LVL8:
 159 00a6 1B4B     		ldr	r3, .L33+72
 160 00a8 1860     		str	r0, [r3]
 131:Generated_Source\PSoC4/Comm_SPI_UART_INT.c **** 
 132:Generated_Source\PSoC4/Comm_SPI_UART_INT.c ****                     /* Move tail index */
 133:Generated_Source\PSoC4/Comm_SPI_UART_INT.c ****                     Comm_txBufferTail = locTail;
 134:Generated_Source\PSoC4/Comm_SPI_UART_INT.c ****                 }
 135:Generated_Source\PSoC4/Comm_SPI_UART_INT.c ****                 else
 136:Generated_Source\PSoC4/Comm_SPI_UART_INT.c ****                 {
 137:Generated_Source\PSoC4/Comm_SPI_UART_INT.c ****                     /* TX software buffer is empty: complete transfer */
 138:Generated_Source\PSoC4/Comm_SPI_UART_INT.c ****                     Comm_DISABLE_INTR_TX(Comm_INTR_TX_NOT_FULL);
 139:Generated_Source\PSoC4/Comm_SPI_UART_INT.c ****                     break;
 140:Generated_Source\PSoC4/Comm_SPI_UART_INT.c ****                 }
 141:Generated_Source\PSoC4/Comm_SPI_UART_INT.c ****             }
 142:Generated_Source\PSoC4/Comm_SPI_UART_INT.c ****             while (Comm_SPI_UART_FIFO_SIZE != Comm_GET_TX_FIFO_ENTRIES);
 161              		.loc 1 142 0
 162 00aa 1B4B     		ldr	r3, .L33+76
 133:Generated_Source\PSoC4/Comm_SPI_UART_INT.c ****                 }
 163              		.loc 1 133 0
 164 00ac 2C60     		str	r4, [r5]
 165              		.loc 1 142 0
 166 00ae 1A68     		ldr	r2, [r3]
 167 00b0 0F23     		mov	r3, #15
 168 00b2 1340     		and	r3, r2
 169 00b4 082B     		cmp	r3, #8
 170 00b6 E4D1     		bne	.L12
 171 00b8 04E0     		b	.L13
 172              	.LVL9:
 173              	.L10:
 138:Generated_Source\PSoC4/Comm_SPI_UART_INT.c ****                     break;
 174              		.loc 1 138 0
 175 00ba 0221     		mov	r1, #2
 176 00bc 174A     		ldr	r2, .L33+80
 177 00be 1368     		ldr	r3, [r2]
 178 00c0 8B43     		bic	r3, r1
 179 00c2 1360     		str	r3, [r2]
 180              	.L13:
 143:Generated_Source\PSoC4/Comm_SPI_UART_INT.c **** 
 144:Generated_Source\PSoC4/Comm_SPI_UART_INT.c ****             Comm_ClearTxInterruptSource(Comm_INTR_TX_NOT_FULL);
 181              		.loc 1 144 0
 182 00c4 0222     		mov	r2, #2
 183 00c6 164B     		ldr	r3, .L33+84
 184 00c8 1A60     		str	r2, [r3]
 185              	.L1:
 145:Generated_Source\PSoC4/Comm_SPI_UART_INT.c ****         }
 146:Generated_Source\PSoC4/Comm_SPI_UART_INT.c ****     }
 147:Generated_Source\PSoC4/Comm_SPI_UART_INT.c ****     
 148:Generated_Source\PSoC4/Comm_SPI_UART_INT.c **** 
 149:Generated_Source\PSoC4/Comm_SPI_UART_INT.c **** #ifdef Comm_SPI_UART_ISR_EXIT_CALLBACK
 150:Generated_Source\PSoC4/Comm_SPI_UART_INT.c ****     Comm_SPI_UART_ISR_ExitCallback();
 151:Generated_Source\PSoC4/Comm_SPI_UART_INT.c **** #endif /* Comm_SPI_UART_ISR_EXIT_CALLBACK */
ARM GAS  C:\Users\TECHCO~1\AppData\Local\Temp\ccdnfauj.s 			page 7


 152:Generated_Source\PSoC4/Comm_SPI_UART_INT.c **** 
 153:Generated_Source\PSoC4/Comm_SPI_UART_INT.c **** }
 186              		.loc 1 153 0
 187              		@ sp needed
 188 00ca 38BD     		pop	{r3, r4, r5, pc}
 189              	.L34:
 190              		.align	2
 191              	.L33:
 192 00cc 00000000 		.word	Comm_customIntrHandler
 193 00d0 00000000 		.word	Comm_scbEnableWake
 194 00d4 00000000 		.word	Comm_scbMode
 195 00d8 C00E0640 		.word	1074138816
 196 00dc 00000000 		.word	Comm_rxBuffer
 197 00e0 CC0F0640 		.word	1074139084
 198 00e4 00000000 		.word	Comm_rxBufferHead
 199 00e8 00000000 		.word	Comm_rxBufferSize
 200 00ec 00000000 		.word	Comm_rxBufferTail
 201 00f0 40030640 		.word	1074135872
 202 00f4 00000000 		.word	Comm_rxBufferOverflow
 203 00f8 08030640 		.word	1074135816
 204 00fc C00F0640 		.word	1074139072
 205 0100 00000000 		.word	Comm_txBuffer
 206 0104 8C0F0640 		.word	1074139020
 207 0108 00000000 		.word	Comm_txBufferHead
 208 010c 00000000 		.word	Comm_txBufferTail
 209 0110 00000000 		.word	Comm_txBufferSize
 210 0114 40020640 		.word	1074135616
 211 0118 08020640 		.word	1074135560
 212 011c 880F0640 		.word	1074139016
 213 0120 800F0640 		.word	1074139008
 214              		.cfi_endproc
 215              	.LFE0:
 216              		.size	Comm_SPI_UART_ISR, .-Comm_SPI_UART_ISR
 217              		.text
 218              	.Letext0:
 219              		.file 2 "Generated_Source\\PSoC4/cytypes.h"
 220              		.file 3 "Generated_Source\\PSoC4\\Comm_PVT.h"
 221              		.file 4 "Generated_Source\\PSoC4\\Comm_SPI_UART_PVT.h"
 222              		.file 5 "Generated_Source\\PSoC4\\Comm_SPI_UART.h"
 223              		.section	.debug_info,"",%progbits
 224              	.Ldebug_info0:
 225 0000 D0010000 		.4byte	0x1d0
 226 0004 0400     		.2byte	0x4
 227 0006 00000000 		.4byte	.Ldebug_abbrev0
 228 000a 04       		.byte	0x4
 229 000b 01       		.uleb128 0x1
 230 000c 18000000 		.4byte	.LASF33
 231 0010 01       		.byte	0x1
 232 0011 DE000000 		.4byte	.LASF34
 233 0015 66020000 		.4byte	.LASF35
 234 0019 00000000 		.4byte	.Ldebug_ranges0+0
 235 001d 00000000 		.4byte	0
 236 0021 00000000 		.4byte	.Ldebug_line0
 237 0025 02       		.uleb128 0x2
 238 0026 01       		.byte	0x1
 239 0027 06       		.byte	0x6
 240 0028 FD020000 		.4byte	.LASF0
ARM GAS  C:\Users\TECHCO~1\AppData\Local\Temp\ccdnfauj.s 			page 8


 241 002c 02       		.uleb128 0x2
 242 002d 01       		.byte	0x1
 243 002e 08       		.byte	0x8
 244 002f 7D010000 		.4byte	.LASF1
 245 0033 02       		.uleb128 0x2
 246 0034 02       		.byte	0x2
 247 0035 05       		.byte	0x5
 248 0036 CA010000 		.4byte	.LASF2
 249 003a 02       		.uleb128 0x2
 250 003b 02       		.byte	0x2
 251 003c 07       		.byte	0x7
 252 003d CB000000 		.4byte	.LASF3
 253 0041 02       		.uleb128 0x2
 254 0042 04       		.byte	0x4
 255 0043 05       		.byte	0x5
 256 0044 DE020000 		.4byte	.LASF4
 257 0048 02       		.uleb128 0x2
 258 0049 04       		.byte	0x4
 259 004a 07       		.byte	0x7
 260 004b 8B010000 		.4byte	.LASF5
 261 004f 02       		.uleb128 0x2
 262 0050 08       		.byte	0x8
 263 0051 05       		.byte	0x5
 264 0052 2A020000 		.4byte	.LASF6
 265 0056 02       		.uleb128 0x2
 266 0057 08       		.byte	0x8
 267 0058 07       		.byte	0x7
 268 0059 F5010000 		.4byte	.LASF7
 269 005d 03       		.uleb128 0x3
 270 005e 04       		.byte	0x4
 271 005f 05       		.byte	0x5
 272 0060 696E7400 		.ascii	"int\000"
 273 0064 02       		.uleb128 0x2
 274 0065 04       		.byte	0x4
 275 0066 07       		.byte	0x7
 276 0067 E8010000 		.4byte	.LASF8
 277 006b 04       		.uleb128 0x4
 278 006c 9D010000 		.4byte	.LASF9
 279 0070 02       		.byte	0x2
 280 0071 B901     		.2byte	0x1b9
 281 0073 2C000000 		.4byte	0x2c
 282 0077 04       		.uleb128 0x4
 283 0078 E1010000 		.4byte	.LASF10
 284 007c 02       		.byte	0x2
 285 007d BB01     		.2byte	0x1bb
 286 007f 48000000 		.4byte	0x48
 287 0083 02       		.uleb128 0x2
 288 0084 04       		.byte	0x4
 289 0085 04       		.byte	0x4
 290 0086 4E010000 		.4byte	.LASF11
 291 008a 02       		.uleb128 0x2
 292 008b 08       		.byte	0x8
 293 008c 04       		.byte	0x4
 294 008d B5010000 		.4byte	.LASF12
 295 0091 02       		.uleb128 0x2
 296 0092 01       		.byte	0x1
 297 0093 08       		.byte	0x8
ARM GAS  C:\Users\TECHCO~1\AppData\Local\Temp\ccdnfauj.s 			page 9


 298 0094 4A020000 		.4byte	.LASF13
 299 0098 05       		.uleb128 0x5
 300 0099 6B000000 		.4byte	0x6b
 301 009d 04       		.uleb128 0x4
 302 009e 00000000 		.4byte	.LASF14
 303 00a2 02       		.byte	0x2
 304 00a3 6502     		.2byte	0x265
 305 00a5 A9000000 		.4byte	0xa9
 306 00a9 05       		.uleb128 0x5
 307 00aa 77000000 		.4byte	0x77
 308 00ae 04       		.uleb128 0x4
 309 00af 0C020000 		.4byte	.LASF15
 310 00b3 02       		.byte	0x2
 311 00b4 7502     		.2byte	0x275
 312 00b6 BA000000 		.4byte	0xba
 313 00ba 06       		.uleb128 0x6
 314 00bb 04       		.byte	0x4
 315 00bc C0000000 		.4byte	0xc0
 316 00c0 07       		.uleb128 0x7
 317 00c1 02       		.uleb128 0x2
 318 00c2 04       		.byte	0x4
 319 00c3 07       		.byte	0x7
 320 00c4 21020000 		.4byte	.LASF16
 321 00c8 08       		.uleb128 0x8
 322 00c9 A3010000 		.4byte	.LASF36
 323 00cd 01       		.byte	0x1
 324 00ce 1F       		.byte	0x1f
 325 00cf 00000000 		.4byte	.LFB0
 326 00d3 24010000 		.4byte	.LFE0-.LFB0
 327 00d7 01       		.uleb128 0x1
 328 00d8 9C       		.byte	0x9c
 329 00d9 20010000 		.4byte	0x120
 330 00dd 09       		.uleb128 0x9
 331 00de 34010000 		.4byte	.LASF17
 332 00e2 01       		.byte	0x1
 333 00e3 22       		.byte	0x22
 334 00e4 77000000 		.4byte	0x77
 335 00e8 00000000 		.4byte	.LLST0
 336 00ec 09       		.uleb128 0x9
 337 00ed 19020000 		.4byte	.LASF18
 338 00f1 01       		.byte	0x1
 339 00f2 26       		.byte	0x26
 340 00f3 77000000 		.4byte	0x77
 341 00f7 20000000 		.4byte	.LLST1
 342 00fb 0A       		.uleb128 0xa
 343 00fc 62000000 		.4byte	.LVL4
 344 0100 AA010000 		.4byte	0x1aa
 345 0104 0F010000 		.4byte	0x10f
 346 0108 0B       		.uleb128 0xb
 347 0109 01       		.uleb128 0x1
 348 010a 50       		.byte	0x50
 349 010b 02       		.uleb128 0x2
 350 010c 74       		.byte	0x74
 351 010d 00       		.sleb128 0
 352 010e 00       		.byte	0
 353 010f 0C       		.uleb128 0xc
 354 0110 A6000000 		.4byte	.LVL8
ARM GAS  C:\Users\TECHCO~1\AppData\Local\Temp\ccdnfauj.s 			page 10


 355 0114 C1010000 		.4byte	0x1c1
 356 0118 0B       		.uleb128 0xb
 357 0119 01       		.uleb128 0x1
 358 011a 50       		.byte	0x50
 359 011b 02       		.uleb128 0x2
 360 011c 74       		.byte	0x74
 361 011d 00       		.sleb128 0
 362 011e 00       		.byte	0
 363 011f 00       		.byte	0
 364 0120 0D       		.uleb128 0xd
 365 0121 54010000 		.4byte	.LASF19
 366 0125 03       		.byte	0x3
 367 0126 3B       		.byte	0x3b
 368 0127 AE000000 		.4byte	0xae
 369 012b 0D       		.uleb128 0xd
 370 012c D4010000 		.4byte	.LASF20
 371 0130 03       		.byte	0x3
 372 0131 43       		.byte	0x43
 373 0132 6B000000 		.4byte	0x6b
 374 0136 0D       		.uleb128 0xd
 375 0137 B8000000 		.4byte	.LASF21
 376 013b 03       		.byte	0x3
 377 013c 44       		.byte	0x44
 378 013d 6B000000 		.4byte	0x6b
 379 0141 0D       		.uleb128 0xd
 380 0142 09030000 		.4byte	.LASF22
 381 0146 03       		.byte	0x3
 382 0147 4C       		.byte	0x4c
 383 0148 4C010000 		.4byte	0x14c
 384 014c 06       		.uleb128 0x6
 385 014d 04       		.byte	0x4
 386 014e 98000000 		.4byte	0x98
 387 0152 0D       		.uleb128 0xd
 388 0153 09010000 		.4byte	.LASF23
 389 0157 03       		.byte	0x3
 390 0158 4E       		.byte	0x4e
 391 0159 77000000 		.4byte	0x77
 392 015d 0D       		.uleb128 0xd
 393 015e BC010000 		.4byte	.LASF24
 394 0162 03       		.byte	0x3
 395 0163 50       		.byte	0x50
 396 0164 4C010000 		.4byte	0x14c
 397 0168 0D       		.uleb128 0xd
 398 0169 06000000 		.4byte	.LASF25
 399 016d 03       		.byte	0x3
 400 016e 52       		.byte	0x52
 401 016f 77000000 		.4byte	0x77
 402 0173 0D       		.uleb128 0xd
 403 0174 6B010000 		.4byte	.LASF26
 404 0178 04       		.byte	0x4
 405 0179 1F       		.byte	0x1f
 406 017a A9000000 		.4byte	0xa9
 407 017e 0D       		.uleb128 0xd
 408 017f 38020000 		.4byte	.LASF27
 409 0183 04       		.byte	0x4
 410 0184 20       		.byte	0x20
 411 0185 A9000000 		.4byte	0xa9
ARM GAS  C:\Users\TECHCO~1\AppData\Local\Temp\ccdnfauj.s 			page 11


 412 0189 0D       		.uleb128 0xd
 413 018a E7020000 		.4byte	.LASF28
 414 018e 04       		.byte	0x4
 415 018f 2A       		.byte	0x2a
 416 0190 98000000 		.4byte	0x98
 417 0194 0D       		.uleb128 0xd
 418 0195 A6000000 		.4byte	.LASF29
 419 0199 04       		.byte	0x4
 420 019a 2F       		.byte	0x2f
 421 019b A9000000 		.4byte	0xa9
 422 019f 0D       		.uleb128 0xd
 423 01a0 3C010000 		.4byte	.LASF30
 424 01a4 04       		.byte	0x4
 425 01a5 30       		.byte	0x30
 426 01a6 A9000000 		.4byte	0xa9
 427 01aa 0E       		.uleb128 0xe
 428 01ab 4F020000 		.4byte	.LASF31
 429 01af 05       		.byte	0x5
 430 01b0 4E03     		.2byte	0x34e
 431 01b2 C1010000 		.4byte	0x1c1
 432 01b6 0F       		.uleb128 0xf
 433 01b7 77000000 		.4byte	0x77
 434 01bb 0F       		.uleb128 0xf
 435 01bc 77000000 		.4byte	0x77
 436 01c0 00       		.byte	0
 437 01c1 10       		.uleb128 0x10
 438 01c2 1B010000 		.4byte	.LASF32
 439 01c6 05       		.byte	0x5
 440 01c7 5303     		.2byte	0x353
 441 01c9 77000000 		.4byte	0x77
 442 01cd 0F       		.uleb128 0xf
 443 01ce 77000000 		.4byte	0x77
 444 01d2 00       		.byte	0
 445 01d3 00       		.byte	0
 446              		.section	.debug_abbrev,"",%progbits
 447              	.Ldebug_abbrev0:
 448 0000 01       		.uleb128 0x1
 449 0001 11       		.uleb128 0x11
 450 0002 01       		.byte	0x1
 451 0003 25       		.uleb128 0x25
 452 0004 0E       		.uleb128 0xe
 453 0005 13       		.uleb128 0x13
 454 0006 0B       		.uleb128 0xb
 455 0007 03       		.uleb128 0x3
 456 0008 0E       		.uleb128 0xe
 457 0009 1B       		.uleb128 0x1b
 458 000a 0E       		.uleb128 0xe
 459 000b 55       		.uleb128 0x55
 460 000c 17       		.uleb128 0x17
 461 000d 11       		.uleb128 0x11
 462 000e 01       		.uleb128 0x1
 463 000f 10       		.uleb128 0x10
 464 0010 17       		.uleb128 0x17
 465 0011 00       		.byte	0
 466 0012 00       		.byte	0
 467 0013 02       		.uleb128 0x2
 468 0014 24       		.uleb128 0x24
ARM GAS  C:\Users\TECHCO~1\AppData\Local\Temp\ccdnfauj.s 			page 12


 469 0015 00       		.byte	0
 470 0016 0B       		.uleb128 0xb
 471 0017 0B       		.uleb128 0xb
 472 0018 3E       		.uleb128 0x3e
 473 0019 0B       		.uleb128 0xb
 474 001a 03       		.uleb128 0x3
 475 001b 0E       		.uleb128 0xe
 476 001c 00       		.byte	0
 477 001d 00       		.byte	0
 478 001e 03       		.uleb128 0x3
 479 001f 24       		.uleb128 0x24
 480 0020 00       		.byte	0
 481 0021 0B       		.uleb128 0xb
 482 0022 0B       		.uleb128 0xb
 483 0023 3E       		.uleb128 0x3e
 484 0024 0B       		.uleb128 0xb
 485 0025 03       		.uleb128 0x3
 486 0026 08       		.uleb128 0x8
 487 0027 00       		.byte	0
 488 0028 00       		.byte	0
 489 0029 04       		.uleb128 0x4
 490 002a 16       		.uleb128 0x16
 491 002b 00       		.byte	0
 492 002c 03       		.uleb128 0x3
 493 002d 0E       		.uleb128 0xe
 494 002e 3A       		.uleb128 0x3a
 495 002f 0B       		.uleb128 0xb
 496 0030 3B       		.uleb128 0x3b
 497 0031 05       		.uleb128 0x5
 498 0032 49       		.uleb128 0x49
 499 0033 13       		.uleb128 0x13
 500 0034 00       		.byte	0
 501 0035 00       		.byte	0
 502 0036 05       		.uleb128 0x5
 503 0037 35       		.uleb128 0x35
 504 0038 00       		.byte	0
 505 0039 49       		.uleb128 0x49
 506 003a 13       		.uleb128 0x13
 507 003b 00       		.byte	0
 508 003c 00       		.byte	0
 509 003d 06       		.uleb128 0x6
 510 003e 0F       		.uleb128 0xf
 511 003f 00       		.byte	0
 512 0040 0B       		.uleb128 0xb
 513 0041 0B       		.uleb128 0xb
 514 0042 49       		.uleb128 0x49
 515 0043 13       		.uleb128 0x13
 516 0044 00       		.byte	0
 517 0045 00       		.byte	0
 518 0046 07       		.uleb128 0x7
 519 0047 15       		.uleb128 0x15
 520 0048 00       		.byte	0
 521 0049 27       		.uleb128 0x27
 522 004a 19       		.uleb128 0x19
 523 004b 00       		.byte	0
 524 004c 00       		.byte	0
 525 004d 08       		.uleb128 0x8
ARM GAS  C:\Users\TECHCO~1\AppData\Local\Temp\ccdnfauj.s 			page 13


 526 004e 2E       		.uleb128 0x2e
 527 004f 01       		.byte	0x1
 528 0050 3F       		.uleb128 0x3f
 529 0051 19       		.uleb128 0x19
 530 0052 03       		.uleb128 0x3
 531 0053 0E       		.uleb128 0xe
 532 0054 3A       		.uleb128 0x3a
 533 0055 0B       		.uleb128 0xb
 534 0056 3B       		.uleb128 0x3b
 535 0057 0B       		.uleb128 0xb
 536 0058 27       		.uleb128 0x27
 537 0059 19       		.uleb128 0x19
 538 005a 11       		.uleb128 0x11
 539 005b 01       		.uleb128 0x1
 540 005c 12       		.uleb128 0x12
 541 005d 06       		.uleb128 0x6
 542 005e 40       		.uleb128 0x40
 543 005f 18       		.uleb128 0x18
 544 0060 9642     		.uleb128 0x2116
 545 0062 19       		.uleb128 0x19
 546 0063 01       		.uleb128 0x1
 547 0064 13       		.uleb128 0x13
 548 0065 00       		.byte	0
 549 0066 00       		.byte	0
 550 0067 09       		.uleb128 0x9
 551 0068 34       		.uleb128 0x34
 552 0069 00       		.byte	0
 553 006a 03       		.uleb128 0x3
 554 006b 0E       		.uleb128 0xe
 555 006c 3A       		.uleb128 0x3a
 556 006d 0B       		.uleb128 0xb
 557 006e 3B       		.uleb128 0x3b
 558 006f 0B       		.uleb128 0xb
 559 0070 49       		.uleb128 0x49
 560 0071 13       		.uleb128 0x13
 561 0072 02       		.uleb128 0x2
 562 0073 17       		.uleb128 0x17
 563 0074 00       		.byte	0
 564 0075 00       		.byte	0
 565 0076 0A       		.uleb128 0xa
 566 0077 898201   		.uleb128 0x4109
 567 007a 01       		.byte	0x1
 568 007b 11       		.uleb128 0x11
 569 007c 01       		.uleb128 0x1
 570 007d 31       		.uleb128 0x31
 571 007e 13       		.uleb128 0x13
 572 007f 01       		.uleb128 0x1
 573 0080 13       		.uleb128 0x13
 574 0081 00       		.byte	0
 575 0082 00       		.byte	0
 576 0083 0B       		.uleb128 0xb
 577 0084 8A8201   		.uleb128 0x410a
 578 0087 00       		.byte	0
 579 0088 02       		.uleb128 0x2
 580 0089 18       		.uleb128 0x18
 581 008a 9142     		.uleb128 0x2111
 582 008c 18       		.uleb128 0x18
ARM GAS  C:\Users\TECHCO~1\AppData\Local\Temp\ccdnfauj.s 			page 14


 583 008d 00       		.byte	0
 584 008e 00       		.byte	0
 585 008f 0C       		.uleb128 0xc
 586 0090 898201   		.uleb128 0x4109
 587 0093 01       		.byte	0x1
 588 0094 11       		.uleb128 0x11
 589 0095 01       		.uleb128 0x1
 590 0096 31       		.uleb128 0x31
 591 0097 13       		.uleb128 0x13
 592 0098 00       		.byte	0
 593 0099 00       		.byte	0
 594 009a 0D       		.uleb128 0xd
 595 009b 34       		.uleb128 0x34
 596 009c 00       		.byte	0
 597 009d 03       		.uleb128 0x3
 598 009e 0E       		.uleb128 0xe
 599 009f 3A       		.uleb128 0x3a
 600 00a0 0B       		.uleb128 0xb
 601 00a1 3B       		.uleb128 0x3b
 602 00a2 0B       		.uleb128 0xb
 603 00a3 49       		.uleb128 0x49
 604 00a4 13       		.uleb128 0x13
 605 00a5 3F       		.uleb128 0x3f
 606 00a6 19       		.uleb128 0x19
 607 00a7 3C       		.uleb128 0x3c
 608 00a8 19       		.uleb128 0x19
 609 00a9 00       		.byte	0
 610 00aa 00       		.byte	0
 611 00ab 0E       		.uleb128 0xe
 612 00ac 2E       		.uleb128 0x2e
 613 00ad 01       		.byte	0x1
 614 00ae 3F       		.uleb128 0x3f
 615 00af 19       		.uleb128 0x19
 616 00b0 03       		.uleb128 0x3
 617 00b1 0E       		.uleb128 0xe
 618 00b2 3A       		.uleb128 0x3a
 619 00b3 0B       		.uleb128 0xb
 620 00b4 3B       		.uleb128 0x3b
 621 00b5 05       		.uleb128 0x5
 622 00b6 27       		.uleb128 0x27
 623 00b7 19       		.uleb128 0x19
 624 00b8 3C       		.uleb128 0x3c
 625 00b9 19       		.uleb128 0x19
 626 00ba 01       		.uleb128 0x1
 627 00bb 13       		.uleb128 0x13
 628 00bc 00       		.byte	0
 629 00bd 00       		.byte	0
 630 00be 0F       		.uleb128 0xf
 631 00bf 05       		.uleb128 0x5
 632 00c0 00       		.byte	0
 633 00c1 49       		.uleb128 0x49
 634 00c2 13       		.uleb128 0x13
 635 00c3 00       		.byte	0
 636 00c4 00       		.byte	0
 637 00c5 10       		.uleb128 0x10
 638 00c6 2E       		.uleb128 0x2e
 639 00c7 01       		.byte	0x1
ARM GAS  C:\Users\TECHCO~1\AppData\Local\Temp\ccdnfauj.s 			page 15


 640 00c8 3F       		.uleb128 0x3f
 641 00c9 19       		.uleb128 0x19
 642 00ca 03       		.uleb128 0x3
 643 00cb 0E       		.uleb128 0xe
 644 00cc 3A       		.uleb128 0x3a
 645 00cd 0B       		.uleb128 0xb
 646 00ce 3B       		.uleb128 0x3b
 647 00cf 05       		.uleb128 0x5
 648 00d0 27       		.uleb128 0x27
 649 00d1 19       		.uleb128 0x19
 650 00d2 49       		.uleb128 0x49
 651 00d3 13       		.uleb128 0x13
 652 00d4 3C       		.uleb128 0x3c
 653 00d5 19       		.uleb128 0x19
 654 00d6 00       		.byte	0
 655 00d7 00       		.byte	0
 656 00d8 00       		.byte	0
 657              		.section	.debug_loc,"",%progbits
 658              	.Ldebug_loc0:
 659              	.LLST0:
 660 0000 38000000 		.4byte	.LVL1
 661 0004 3C000000 		.4byte	.LVL2
 662 0008 0300     		.2byte	0x3
 663 000a 72       		.byte	0x72
 664 000b 01       		.sleb128 1
 665 000c 9F       		.byte	0x9f
 666 000d 3C000000 		.4byte	.LVL2
 667 0011 72000000 		.4byte	.LVL5
 668 0015 0100     		.2byte	0x1
 669 0017 54       		.byte	0x54
 670 0018 00000000 		.4byte	0
 671 001c 00000000 		.4byte	0
 672              	.LLST1:
 673 0020 96000000 		.4byte	.LVL6
 674 0024 BA000000 		.4byte	.LVL9
 675 0028 0100     		.2byte	0x1
 676 002a 54       		.byte	0x54
 677 002b 00000000 		.4byte	0
 678 002f 00000000 		.4byte	0
 679              		.section	.debug_aranges,"",%progbits
 680 0000 1C000000 		.4byte	0x1c
 681 0004 0200     		.2byte	0x2
 682 0006 00000000 		.4byte	.Ldebug_info0
 683 000a 04       		.byte	0x4
 684 000b 00       		.byte	0
 685 000c 0000     		.2byte	0
 686 000e 0000     		.2byte	0
 687 0010 00000000 		.4byte	.LFB0
 688 0014 24010000 		.4byte	.LFE0-.LFB0
 689 0018 00000000 		.4byte	0
 690 001c 00000000 		.4byte	0
 691              		.section	.debug_ranges,"",%progbits
 692              	.Ldebug_ranges0:
 693 0000 00000000 		.4byte	.LFB0
 694 0004 24010000 		.4byte	.LFE0
 695 0008 00000000 		.4byte	0
 696 000c 00000000 		.4byte	0
ARM GAS  C:\Users\TECHCO~1\AppData\Local\Temp\ccdnfauj.s 			page 16


 697              		.section	.debug_line,"",%progbits
 698              	.Ldebug_line0:
 699 0000 D0000000 		.section	.debug_str,"MS",%progbits,1
 699      02008600 
 699      00000201 
 699      FB0E0D00 
 699      01010101 
 700              	.LASF14:
 701 0000 72656733 		.ascii	"reg32\000"
 701      3200
 702              	.LASF25:
 703 0006 436F6D6D 		.ascii	"Comm_txBufferSize\000"
 703      5F747842 
 703      75666665 
 703      7253697A 
 703      6500
 704              	.LASF33:
 705 0018 474E5520 		.ascii	"GNU C 4.9.3 20150303 (release) [ARM/embedded-4_9-br"
 705      4320342E 
 705      392E3320 
 705      32303135 
 705      30333033 
 706 004b 616E6368 		.ascii	"anch revision 221220] -mcpu=cortex-m0 -mthumb -g -O"
 706      20726576 
 706      6973696F 
 706      6E203232 
 706      31323230 
 707 007e 73202D66 		.ascii	"s -ffunction-sections -ffat-lto-objects\000"
 707      66756E63 
 707      74696F6E 
 707      2D736563 
 707      74696F6E 
 708              	.LASF29:
 709 00a6 436F6D6D 		.ascii	"Comm_txBufferHead\000"
 709      5F747842 
 709      75666665 
 709      72486561 
 709      6400
 710              	.LASF21:
 711 00b8 436F6D6D 		.ascii	"Comm_scbEnableWake\000"
 711      5F736362 
 711      456E6162 
 711      6C655761 
 711      6B6500
 712              	.LASF3:
 713 00cb 73686F72 		.ascii	"short unsigned int\000"
 713      7420756E 
 713      7369676E 
 713      65642069 
 713      6E7400
 714              	.LASF34:
 715 00de 47656E65 		.ascii	"Generated_Source\\PSoC4\\Comm_SPI_UART_INT.c\000"
 715      72617465 
 715      645F536F 
 715      75726365 
 715      5C50536F 
 716              	.LASF23:
ARM GAS  C:\Users\TECHCO~1\AppData\Local\Temp\ccdnfauj.s 			page 17


 717 0109 436F6D6D 		.ascii	"Comm_rxBufferSize\000"
 717      5F727842 
 717      75666665 
 717      7253697A 
 717      6500
 718              	.LASF32:
 719 011b 436F6D6D 		.ascii	"Comm_GetWordFromTxBuffer\000"
 719      5F476574 
 719      576F7264 
 719      46726F6D 
 719      54784275 
 720              	.LASF17:
 721 0134 6C6F6348 		.ascii	"locHead\000"
 721      65616400 
 722              	.LASF30:
 723 013c 436F6D6D 		.ascii	"Comm_txBufferTail\000"
 723      5F747842 
 723      75666665 
 723      72546169 
 723      6C00
 724              	.LASF11:
 725 014e 666C6F61 		.ascii	"float\000"
 725      7400
 726              	.LASF19:
 727 0154 436F6D6D 		.ascii	"Comm_customIntrHandler\000"
 727      5F637573 
 727      746F6D49 
 727      6E747248 
 727      616E646C 
 728              	.LASF26:
 729 016b 436F6D6D 		.ascii	"Comm_rxBufferHead\000"
 729      5F727842 
 729      75666665 
 729      72486561 
 729      6400
 730              	.LASF1:
 731 017d 756E7369 		.ascii	"unsigned char\000"
 731      676E6564 
 731      20636861 
 731      7200
 732              	.LASF5:
 733 018b 6C6F6E67 		.ascii	"long unsigned int\000"
 733      20756E73 
 733      69676E65 
 733      6420696E 
 733      7400
 734              	.LASF9:
 735 019d 75696E74 		.ascii	"uint8\000"
 735      3800
 736              	.LASF36:
 737 01a3 436F6D6D 		.ascii	"Comm_SPI_UART_ISR\000"
 737      5F535049 
 737      5F554152 
 737      545F4953 
 737      5200
 738              	.LASF12:
 739 01b5 646F7562 		.ascii	"double\000"
ARM GAS  C:\Users\TECHCO~1\AppData\Local\Temp\ccdnfauj.s 			page 18


 739      6C6500
 740              	.LASF24:
 741 01bc 436F6D6D 		.ascii	"Comm_txBuffer\000"
 741      5F747842 
 741      75666665 
 741      7200
 742              	.LASF2:
 743 01ca 73686F72 		.ascii	"short int\000"
 743      7420696E 
 743      7400
 744              	.LASF20:
 745 01d4 436F6D6D 		.ascii	"Comm_scbMode\000"
 745      5F736362 
 745      4D6F6465 
 745      00
 746              	.LASF10:
 747 01e1 75696E74 		.ascii	"uint32\000"
 747      333200
 748              	.LASF8:
 749 01e8 756E7369 		.ascii	"unsigned int\000"
 749      676E6564 
 749      20696E74 
 749      00
 750              	.LASF7:
 751 01f5 6C6F6E67 		.ascii	"long long unsigned int\000"
 751      206C6F6E 
 751      6720756E 
 751      7369676E 
 751      65642069 
 752              	.LASF15:
 753 020c 63796973 		.ascii	"cyisraddress\000"
 753      72616464 
 753      72657373 
 753      00
 754              	.LASF18:
 755 0219 6C6F6354 		.ascii	"locTail\000"
 755      61696C00 
 756              	.LASF16:
 757 0221 73697A65 		.ascii	"sizetype\000"
 757      74797065 
 757      00
 758              	.LASF6:
 759 022a 6C6F6E67 		.ascii	"long long int\000"
 759      206C6F6E 
 759      6720696E 
 759      7400
 760              	.LASF27:
 761 0238 436F6D6D 		.ascii	"Comm_rxBufferTail\000"
 761      5F727842 
 761      75666665 
 761      72546169 
 761      6C00
 762              	.LASF13:
 763 024a 63686172 		.ascii	"char\000"
 763      00
 764              	.LASF31:
 765 024f 436F6D6D 		.ascii	"Comm_PutWordInRxBuffer\000"
ARM GAS  C:\Users\TECHCO~1\AppData\Local\Temp\ccdnfauj.s 			page 19


 765      5F507574 
 765      576F7264 
 765      496E5278 
 765      42756666 
 766              	.LASF35:
 767 0266 433A5C55 		.ascii	"C:\\Users\\Tech Consulting\\Desktop\\PSOC4 projects"
 767      73657273 
 767      5C546563 
 767      6820436F 
 767      6E73756C 
 768 0295 5C537465 		.ascii	"\\Stepper Projects GearBest\\DualStepperController-"
 768      70706572 
 768      2050726F 
 768      6A656374 
 768      73204765 
 769 02c6 50536F43 		.ascii	"PSoC4200-GearBest.cydsn\000"
 769      34323030 
 769      2D476561 
 769      72426573 
 769      742E6379 
 770              	.LASF4:
 771 02de 6C6F6E67 		.ascii	"long int\000"
 771      20696E74 
 771      00
 772              	.LASF28:
 773 02e7 436F6D6D 		.ascii	"Comm_rxBufferOverflow\000"
 773      5F727842 
 773      75666665 
 773      724F7665 
 773      72666C6F 
 774              	.LASF0:
 775 02fd 7369676E 		.ascii	"signed char\000"
 775      65642063 
 775      68617200 
 776              	.LASF22:
 777 0309 436F6D6D 		.ascii	"Comm_rxBuffer\000"
 777      5F727842 
 777      75666665 
 777      7200
 778              		.ident	"GCC: (GNU Tools for ARM Embedded Processors) 4.9.3 20150303 (release) [ARM/embedded-4_9-br
