ARM GAS  C:\Users\TECHCO~1\AppData\Local\Temp\ccWqw32b.s 			page 1


   1              		.cpu cortex-m0
   2              		.fpu softvfp
   3              		.eabi_attribute 20, 1
   4              		.eabi_attribute 21, 1
   5              		.eabi_attribute 23, 3
   6              		.eabi_attribute 24, 1
   7              		.eabi_attribute 25, 1
   8              		.eabi_attribute 26, 1
   9              		.eabi_attribute 30, 4
  10              		.eabi_attribute 34, 0
  11              		.eabi_attribute 18, 4
  12              		.code	16
  13              		.file	"genSine.c"
  14              		.text
  15              	.Ltext0:
  16              		.cfi_sections	.debug_frame
  17              		.section	.text.genSine,"ax",%progbits
  18              		.align	1
  19              		.global	genSine
  20              		.code	16
  21              		.thumb_func
  22              		.type	genSine, %function
  23              	genSine:
  24              	.LFB0:
  25              		.file 1 "genSine.c"
   1:genSine.c     **** /* ========================================
   2:genSine.c     ****  *
   3:genSine.c     ****  * Copyright YOUR COMPANY, THE YEAR
   4:genSine.c     ****  * All Rights Reserved
   5:genSine.c     ****  * UNPUBLISHED, LICENSED SOFTWARE.
   6:genSine.c     ****  *
   7:genSine.c     ****  * CONFIDENTIAL AND PROPRIETARY INFORMATION
   8:genSine.c     ****  * WHICH IS THE PROPERTY OF your company.
   9:genSine.c     ****  *
  10:genSine.c     ****  * ========================================
  11:genSine.c     **** */
  12:genSine.c     **** 
  13:genSine.c     **** #include <genSine.h>
  14:genSine.c     **** uint8 genSine(uint8 position, uint8 motor) {
  26              		.loc 1 14 0
  27              		.cfi_startproc
  28              	.LVL0:
  29 0000 064A     		ldr	r2, .L10
  15:genSine.c     **** 	uint8 index;
  16:genSine.c     ****     
  17:genSine.c     ****     if(motor == 1) {
  18:genSine.c     ****     	if(position > FullScale) {
  30              		.loc 1 18 0
  31 0002 074B     		ldr	r3, .L10+4
  17:genSine.c     ****     	if(position > FullScale) {
  32              		.loc 1 17 0
  33 0004 0129     		cmp	r1, #1
  34 0006 00D0     		beq	.L8
  19:genSine.c     ****     		index = (FullScale - position + FullScale);			
  20:genSine.c     ****     	}
  21:genSine.c     ****     	else {	
  22:genSine.c     ****     			index = position;
ARM GAS  C:\Users\TECHCO~1\AppData\Local\Temp\ccWqw32b.s 			page 2


  23:genSine.c     ****     	}
  24:genSine.c     ****         return sineTable[index];
  25:genSine.c     ****     } // Motor 1
  26:genSine.c     ****     else {
  27:genSine.c     ****         // Motor 2
  28:genSine.c     ****     	if(position > FullScale1) {
  35              		.loc 1 28 0
  36 0008 064B     		ldr	r3, .L10+8
  37              	.L8:
  38 000a 1B78     		ldrb	r3, [r3]
  39 000c 9842     		cmp	r0, r3
  40 000e 02D9     		bls	.L5
  41 0010 5B00     		lsl	r3, r3, #1
  29:genSine.c     ****     		index = (FullScale1 - position + FullScale1);			
  42              		.loc 1 29 0
  43 0012 181A     		sub	r0, r3, r0
  44              	.LVL1:
  45 0014 C0B2     		uxtb	r0, r0
  46              	.LVL2:
  47              	.L5:
  30:genSine.c     ****     	}
  31:genSine.c     ****     	else {	
  32:genSine.c     ****     			index = position;
  33:genSine.c     ****     	}
  34:genSine.c     ****         return sineTable[index];
  48              		.loc 1 34 0
  49 0016 105C     		ldrb	r0, [r2, r0]
  50              	.LVL3:
  35:genSine.c     ****     } // Motor 2
  36:genSine.c     **** }...
  51              		.loc 1 36 0
  52              		@ sp needed
  53 0018 7047     		bx	lr
  54              	.L11:
  55 001a C046     		.align	2
  56              	.L10:
  57 001c 00000000 		.word	sineTable
  58 0020 00000000 		.word	FullScale
  59 0024 00000000 		.word	FullScale1
  60              		.cfi_endproc
  61              	.LFE0:
  62              		.size	genSine, .-genSine
  63              		.text
  64              	.Letext0:
  65              		.file 2 "./genSine.h"
  66              		.file 3 "Generated_Source\\PSoC4/cytypes.h"
  67              		.section	.debug_info,"",%progbits
  68              	.Ldebug_info0:
  69 0000 06010000 		.4byte	0x106
  70 0004 0400     		.2byte	0x4
  71 0006 00000000 		.4byte	.Ldebug_abbrev0
  72 000a 04       		.byte	0x4
  73 000b 01       		.uleb128 0x1
  74 000c 50000000 		.4byte	.LASF18
  75 0010 01       		.byte	0x1
  76 0011 46000000 		.4byte	.LASF19
  77 0015 4C010000 		.4byte	.LASF20
ARM GAS  C:\Users\TECHCO~1\AppData\Local\Temp\ccWqw32b.s 			page 3


  78 0019 00000000 		.4byte	.Ldebug_ranges0+0
  79 001d 00000000 		.4byte	0
  80 0021 00000000 		.4byte	.Ldebug_line0
  81 0025 02       		.uleb128 0x2
  82 0026 01       		.byte	0x1
  83 0027 06       		.byte	0x6
  84 0028 40010000 		.4byte	.LASF0
  85 002c 02       		.uleb128 0x2
  86 002d 01       		.byte	0x1
  87 002e 08       		.byte	0x8
  88 002f 2E000000 		.4byte	.LASF1
  89 0033 02       		.uleb128 0x2
  90 0034 02       		.byte	0x2
  91 0035 05       		.byte	0x5
  92 0036 DE010000 		.4byte	.LASF2
  93 003a 02       		.uleb128 0x2
  94 003b 02       		.byte	0x2
  95 003c 07       		.byte	0x7
  96 003d 0E000000 		.4byte	.LASF3
  97 0041 02       		.uleb128 0x2
  98 0042 04       		.byte	0x4
  99 0043 05       		.byte	0x5
 100 0044 24010000 		.4byte	.LASF4
 101 0048 02       		.uleb128 0x2
 102 0049 04       		.byte	0x4
 103 004a 07       		.byte	0x7
 104 004b DE000000 		.4byte	.LASF5
 105 004f 02       		.uleb128 0x2
 106 0050 08       		.byte	0x8
 107 0051 05       		.byte	0x5
 108 0052 00000000 		.4byte	.LASF6
 109 0056 02       		.uleb128 0x2
 110 0057 08       		.byte	0x8
 111 0058 07       		.byte	0x7
 112 0059 F0000000 		.4byte	.LASF7
 113 005d 03       		.uleb128 0x3
 114 005e 04       		.byte	0x4
 115 005f 05       		.byte	0x5
 116 0060 696E7400 		.ascii	"int\000"
 117 0064 02       		.uleb128 0x2
 118 0065 04       		.byte	0x4
 119 0066 07       		.byte	0x7
 120 0067 21000000 		.4byte	.LASF8
 121 006b 04       		.uleb128 0x4
 122 006c 3A010000 		.4byte	.LASF21
 123 0070 03       		.byte	0x3
 124 0071 B901     		.2byte	0x1b9
 125 0073 2C000000 		.4byte	0x2c
 126 0077 02       		.uleb128 0x2
 127 0078 04       		.byte	0x4
 128 0079 04       		.byte	0x4
 129 007a CD010000 		.4byte	.LASF9
 130 007e 02       		.uleb128 0x2
 131 007f 08       		.byte	0x8
 132 0080 04       		.byte	0x4
 133 0081 33010000 		.4byte	.LASF10
 134 0085 02       		.uleb128 0x2
ARM GAS  C:\Users\TECHCO~1\AppData\Local\Temp\ccWqw32b.s 			page 4


 135 0086 01       		.byte	0x1
 136 0087 08       		.byte	0x8
 137 0088 11010000 		.4byte	.LASF11
 138 008c 02       		.uleb128 0x2
 139 008d 04       		.byte	0x4
 140 008e 07       		.byte	0x7
 141 008f E8010000 		.4byte	.LASF12
 142 0093 05       		.uleb128 0x5
 143 0094 1C010000 		.4byte	.LASF22
 144 0098 01       		.byte	0x1
 145 0099 0E       		.byte	0xe
 146 009a 6B000000 		.4byte	0x6b
 147 009e 00000000 		.4byte	.LFB0
 148 00a2 28000000 		.4byte	.LFE0-.LFB0
 149 00a6 01       		.uleb128 0x1
 150 00a7 9C       		.byte	0x9c
 151 00a8 D8000000 		.4byte	0xd8
 152 00ac 06       		.uleb128 0x6
 153 00ad C4010000 		.4byte	.LASF13
 154 00b1 01       		.byte	0x1
 155 00b2 0E       		.byte	0xe
 156 00b3 6B000000 		.4byte	0x6b
 157 00b7 00000000 		.4byte	.LLST0
 158 00bb 07       		.uleb128 0x7
 159 00bc 16010000 		.4byte	.LASF14
 160 00c0 01       		.byte	0x1
 161 00c1 0E       		.byte	0xe
 162 00c2 6B000000 		.4byte	0x6b
 163 00c6 01       		.uleb128 0x1
 164 00c7 51       		.byte	0x51
 165 00c8 08       		.uleb128 0x8
 166 00c9 2D010000 		.4byte	.LASF23
 167 00cd 01       		.byte	0x1
 168 00ce 0F       		.byte	0xf
 169 00cf 6B000000 		.4byte	0x6b
 170 00d3 21000000 		.4byte	.LLST1
 171 00d7 00       		.byte	0
 172 00d8 09       		.uleb128 0x9
 173 00d9 6B000000 		.4byte	0x6b
 174 00dd E3000000 		.4byte	0xe3
 175 00e1 0A       		.uleb128 0xa
 176 00e2 00       		.byte	0
 177 00e3 0B       		.uleb128 0xb
 178 00e4 3C000000 		.4byte	.LASF15
 179 00e8 02       		.byte	0x2
 180 00e9 0F       		.byte	0xf
 181 00ea EE000000 		.4byte	0xee
 182 00ee 0C       		.uleb128 0xc
 183 00ef D8000000 		.4byte	0xd8
 184 00f3 0B       		.uleb128 0xb
 185 00f4 07010000 		.4byte	.LASF16
 186 00f8 02       		.byte	0x2
 187 00f9 10       		.byte	0x10
 188 00fa 6B000000 		.4byte	0x6b
 189 00fe 0B       		.uleb128 0xb
 190 00ff D3010000 		.4byte	.LASF17
 191 0103 02       		.byte	0x2
ARM GAS  C:\Users\TECHCO~1\AppData\Local\Temp\ccWqw32b.s 			page 5


 192 0104 11       		.byte	0x11
 193 0105 6B000000 		.4byte	0x6b
 194 0109 00       		.byte	0
 195              		.section	.debug_abbrev,"",%progbits
 196              	.Ldebug_abbrev0:
 197 0000 01       		.uleb128 0x1
 198 0001 11       		.uleb128 0x11
 199 0002 01       		.byte	0x1
 200 0003 25       		.uleb128 0x25
 201 0004 0E       		.uleb128 0xe
 202 0005 13       		.uleb128 0x13
 203 0006 0B       		.uleb128 0xb
 204 0007 03       		.uleb128 0x3
 205 0008 0E       		.uleb128 0xe
 206 0009 1B       		.uleb128 0x1b
 207 000a 0E       		.uleb128 0xe
 208 000b 55       		.uleb128 0x55
 209 000c 17       		.uleb128 0x17
 210 000d 11       		.uleb128 0x11
 211 000e 01       		.uleb128 0x1
 212 000f 10       		.uleb128 0x10
 213 0010 17       		.uleb128 0x17
 214 0011 00       		.byte	0
 215 0012 00       		.byte	0
 216 0013 02       		.uleb128 0x2
 217 0014 24       		.uleb128 0x24
 218 0015 00       		.byte	0
 219 0016 0B       		.uleb128 0xb
 220 0017 0B       		.uleb128 0xb
 221 0018 3E       		.uleb128 0x3e
 222 0019 0B       		.uleb128 0xb
 223 001a 03       		.uleb128 0x3
 224 001b 0E       		.uleb128 0xe
 225 001c 00       		.byte	0
 226 001d 00       		.byte	0
 227 001e 03       		.uleb128 0x3
 228 001f 24       		.uleb128 0x24
 229 0020 00       		.byte	0
 230 0021 0B       		.uleb128 0xb
 231 0022 0B       		.uleb128 0xb
 232 0023 3E       		.uleb128 0x3e
 233 0024 0B       		.uleb128 0xb
 234 0025 03       		.uleb128 0x3
 235 0026 08       		.uleb128 0x8
 236 0027 00       		.byte	0
 237 0028 00       		.byte	0
 238 0029 04       		.uleb128 0x4
 239 002a 16       		.uleb128 0x16
 240 002b 00       		.byte	0
 241 002c 03       		.uleb128 0x3
 242 002d 0E       		.uleb128 0xe
 243 002e 3A       		.uleb128 0x3a
 244 002f 0B       		.uleb128 0xb
 245 0030 3B       		.uleb128 0x3b
 246 0031 05       		.uleb128 0x5
 247 0032 49       		.uleb128 0x49
 248 0033 13       		.uleb128 0x13
ARM GAS  C:\Users\TECHCO~1\AppData\Local\Temp\ccWqw32b.s 			page 6


 249 0034 00       		.byte	0
 250 0035 00       		.byte	0
 251 0036 05       		.uleb128 0x5
 252 0037 2E       		.uleb128 0x2e
 253 0038 01       		.byte	0x1
 254 0039 3F       		.uleb128 0x3f
 255 003a 19       		.uleb128 0x19
 256 003b 03       		.uleb128 0x3
 257 003c 0E       		.uleb128 0xe
 258 003d 3A       		.uleb128 0x3a
 259 003e 0B       		.uleb128 0xb
 260 003f 3B       		.uleb128 0x3b
 261 0040 0B       		.uleb128 0xb
 262 0041 27       		.uleb128 0x27
 263 0042 19       		.uleb128 0x19
 264 0043 49       		.uleb128 0x49
 265 0044 13       		.uleb128 0x13
 266 0045 11       		.uleb128 0x11
 267 0046 01       		.uleb128 0x1
 268 0047 12       		.uleb128 0x12
 269 0048 06       		.uleb128 0x6
 270 0049 40       		.uleb128 0x40
 271 004a 18       		.uleb128 0x18
 272 004b 9742     		.uleb128 0x2117
 273 004d 19       		.uleb128 0x19
 274 004e 01       		.uleb128 0x1
 275 004f 13       		.uleb128 0x13
 276 0050 00       		.byte	0
 277 0051 00       		.byte	0
 278 0052 06       		.uleb128 0x6
 279 0053 05       		.uleb128 0x5
 280 0054 00       		.byte	0
 281 0055 03       		.uleb128 0x3
 282 0056 0E       		.uleb128 0xe
 283 0057 3A       		.uleb128 0x3a
 284 0058 0B       		.uleb128 0xb
 285 0059 3B       		.uleb128 0x3b
 286 005a 0B       		.uleb128 0xb
 287 005b 49       		.uleb128 0x49
 288 005c 13       		.uleb128 0x13
 289 005d 02       		.uleb128 0x2
 290 005e 17       		.uleb128 0x17
 291 005f 00       		.byte	0
 292 0060 00       		.byte	0
 293 0061 07       		.uleb128 0x7
 294 0062 05       		.uleb128 0x5
 295 0063 00       		.byte	0
 296 0064 03       		.uleb128 0x3
 297 0065 0E       		.uleb128 0xe
 298 0066 3A       		.uleb128 0x3a
 299 0067 0B       		.uleb128 0xb
 300 0068 3B       		.uleb128 0x3b
 301 0069 0B       		.uleb128 0xb
 302 006a 49       		.uleb128 0x49
 303 006b 13       		.uleb128 0x13
 304 006c 02       		.uleb128 0x2
 305 006d 18       		.uleb128 0x18
ARM GAS  C:\Users\TECHCO~1\AppData\Local\Temp\ccWqw32b.s 			page 7


 306 006e 00       		.byte	0
 307 006f 00       		.byte	0
 308 0070 08       		.uleb128 0x8
 309 0071 34       		.uleb128 0x34
 310 0072 00       		.byte	0
 311 0073 03       		.uleb128 0x3
 312 0074 0E       		.uleb128 0xe
 313 0075 3A       		.uleb128 0x3a
 314 0076 0B       		.uleb128 0xb
 315 0077 3B       		.uleb128 0x3b
 316 0078 0B       		.uleb128 0xb
 317 0079 49       		.uleb128 0x49
 318 007a 13       		.uleb128 0x13
 319 007b 02       		.uleb128 0x2
 320 007c 17       		.uleb128 0x17
 321 007d 00       		.byte	0
 322 007e 00       		.byte	0
 323 007f 09       		.uleb128 0x9
 324 0080 01       		.uleb128 0x1
 325 0081 01       		.byte	0x1
 326 0082 49       		.uleb128 0x49
 327 0083 13       		.uleb128 0x13
 328 0084 01       		.uleb128 0x1
 329 0085 13       		.uleb128 0x13
 330 0086 00       		.byte	0
 331 0087 00       		.byte	0
 332 0088 0A       		.uleb128 0xa
 333 0089 21       		.uleb128 0x21
 334 008a 00       		.byte	0
 335 008b 00       		.byte	0
 336 008c 00       		.byte	0
 337 008d 0B       		.uleb128 0xb
 338 008e 34       		.uleb128 0x34
 339 008f 00       		.byte	0
 340 0090 03       		.uleb128 0x3
 341 0091 0E       		.uleb128 0xe
 342 0092 3A       		.uleb128 0x3a
 343 0093 0B       		.uleb128 0xb
 344 0094 3B       		.uleb128 0x3b
 345 0095 0B       		.uleb128 0xb
 346 0096 49       		.uleb128 0x49
 347 0097 13       		.uleb128 0x13
 348 0098 3F       		.uleb128 0x3f
 349 0099 19       		.uleb128 0x19
 350 009a 3C       		.uleb128 0x3c
 351 009b 19       		.uleb128 0x19
 352 009c 00       		.byte	0
 353 009d 00       		.byte	0
 354 009e 0C       		.uleb128 0xc
 355 009f 26       		.uleb128 0x26
 356 00a0 00       		.byte	0
 357 00a1 49       		.uleb128 0x49
 358 00a2 13       		.uleb128 0x13
 359 00a3 00       		.byte	0
 360 00a4 00       		.byte	0
 361 00a5 00       		.byte	0
 362              		.section	.debug_loc,"",%progbits
ARM GAS  C:\Users\TECHCO~1\AppData\Local\Temp\ccWqw32b.s 			page 8


 363              	.Ldebug_loc0:
 364              	.LLST0:
 365 0000 00000000 		.4byte	.LVL0
 366 0004 14000000 		.4byte	.LVL1
 367 0008 0100     		.2byte	0x1
 368 000a 50       		.byte	0x50
 369 000b 14000000 		.4byte	.LVL1
 370 000f 28000000 		.4byte	.LFE0
 371 0013 0400     		.2byte	0x4
 372 0015 F3       		.byte	0xf3
 373 0016 01       		.uleb128 0x1
 374 0017 50       		.byte	0x50
 375 0018 9F       		.byte	0x9f
 376 0019 00000000 		.4byte	0
 377 001d 00000000 		.4byte	0
 378              	.LLST1:
 379 0021 16000000 		.4byte	.LVL2
 380 0025 18000000 		.4byte	.LVL3
 381 0029 0100     		.2byte	0x1
 382 002b 50       		.byte	0x50
 383 002c 00000000 		.4byte	0
 384 0030 00000000 		.4byte	0
 385              		.section	.debug_aranges,"",%progbits
 386 0000 1C000000 		.4byte	0x1c
 387 0004 0200     		.2byte	0x2
 388 0006 00000000 		.4byte	.Ldebug_info0
 389 000a 04       		.byte	0x4
 390 000b 00       		.byte	0
 391 000c 0000     		.2byte	0
 392 000e 0000     		.2byte	0
 393 0010 00000000 		.4byte	.LFB0
 394 0014 28000000 		.4byte	.LFE0-.LFB0
 395 0018 00000000 		.4byte	0
 396 001c 00000000 		.4byte	0
 397              		.section	.debug_ranges,"",%progbits
 398              	.Ldebug_ranges0:
 399 0000 00000000 		.4byte	.LFB0
 400 0004 28000000 		.4byte	.LFE0
 401 0008 00000000 		.4byte	0
 402 000c 00000000 		.4byte	0
 403              		.section	.debug_line,"",%progbits
 404              	.Ldebug_line0:
 405 0000 70000000 		.section	.debug_str,"MS",%progbits,1
 405      02005300 
 405      00000201 
 405      FB0E0D00 
 405      01010101 
 406              	.LASF6:
 407 0000 6C6F6E67 		.ascii	"long long int\000"
 407      206C6F6E 
 407      6720696E 
 407      7400
 408              	.LASF3:
 409 000e 73686F72 		.ascii	"short unsigned int\000"
 409      7420756E 
 409      7369676E 
 409      65642069 
ARM GAS  C:\Users\TECHCO~1\AppData\Local\Temp\ccWqw32b.s 			page 9


 409      6E7400
 410              	.LASF8:
 411 0021 756E7369 		.ascii	"unsigned int\000"
 411      676E6564 
 411      20696E74 
 411      00
 412              	.LASF1:
 413 002e 756E7369 		.ascii	"unsigned char\000"
 413      676E6564 
 413      20636861 
 413      7200
 414              	.LASF15:
 415 003c 73696E65 		.ascii	"sineTable\000"
 415      5461626C 
 415      6500
 416              	.LASF19:
 417 0046 67656E53 		.ascii	"genSine.c\000"
 417      696E652E 
 417      6300
 418              	.LASF18:
 419 0050 474E5520 		.ascii	"GNU C 4.9.3 20150303 (release) [ARM/embedded-4_9-br"
 419      4320342E 
 419      392E3320 
 419      32303135 
 419      30333033 
 420 0083 616E6368 		.ascii	"anch revision 221220] -mcpu=cortex-m0 -mthumb -g -O"
 420      20726576 
 420      6973696F 
 420      6E203232 
 420      31323230 
 421 00b6 73202D66 		.ascii	"s -ffunction-sections -ffat-lto-objects\000"
 421      66756E63 
 421      74696F6E 
 421      2D736563 
 421      74696F6E 
 422              	.LASF5:
 423 00de 6C6F6E67 		.ascii	"long unsigned int\000"
 423      20756E73 
 423      69676E65 
 423      6420696E 
 423      7400
 424              	.LASF7:
 425 00f0 6C6F6E67 		.ascii	"long long unsigned int\000"
 425      206C6F6E 
 425      6720756E 
 425      7369676E 
 425      65642069 
 426              	.LASF16:
 427 0107 46756C6C 		.ascii	"FullScale\000"
 427      5363616C 
 427      6500
 428              	.LASF11:
 429 0111 63686172 		.ascii	"char\000"
 429      00
 430              	.LASF14:
 431 0116 6D6F746F 		.ascii	"motor\000"
 431      7200
ARM GAS  C:\Users\TECHCO~1\AppData\Local\Temp\ccWqw32b.s 			page 10


 432              	.LASF22:
 433 011c 67656E53 		.ascii	"genSine\000"
 433      696E6500 
 434              	.LASF4:
 435 0124 6C6F6E67 		.ascii	"long int\000"
 435      20696E74 
 435      00
 436              	.LASF23:
 437 012d 696E6465 		.ascii	"index\000"
 437      7800
 438              	.LASF10:
 439 0133 646F7562 		.ascii	"double\000"
 439      6C6500
 440              	.LASF21:
 441 013a 75696E74 		.ascii	"uint8\000"
 441      3800
 442              	.LASF0:
 443 0140 7369676E 		.ascii	"signed char\000"
 443      65642063 
 443      68617200 
 444              	.LASF20:
 445 014c 433A5C55 		.ascii	"C:\\Users\\Tech Consulting\\Desktop\\PSOC4 projects"
 445      73657273 
 445      5C546563 
 445      6820436F 
 445      6E73756C 
 446 017b 5C537465 		.ascii	"\\Stepper Projects GearBest\\DualStepperController-"
 446      70706572 
 446      2050726F 
 446      6A656374 
 446      73204765 
 447 01ac 50536F43 		.ascii	"PSoC4200-GearBest.cydsn\000"
 447      34323030 
 447      2D476561 
 447      72426573 
 447      742E6379 
 448              	.LASF13:
 449 01c4 706F7369 		.ascii	"position\000"
 449      74696F6E 
 449      00
 450              	.LASF9:
 451 01cd 666C6F61 		.ascii	"float\000"
 451      7400
 452              	.LASF17:
 453 01d3 46756C6C 		.ascii	"FullScale1\000"
 453      5363616C 
 453      653100
 454              	.LASF2:
 455 01de 73686F72 		.ascii	"short int\000"
 455      7420696E 
 455      7400
 456              	.LASF12:
 457 01e8 73697A65 		.ascii	"sizetype\000"
 457      74797065 
 457      00
 458              		.ident	"GCC: (GNU Tools for ARM Embedded Processors) 4.9.3 20150303 (release) [ARM/embedded-4_9-br
