ARM GAS  C:\Users\TECHCO~1\AppData\Local\Temp\ccVFBG8L.s 			page 1


   1              		.cpu cortex-m0
   2              		.fpu softvfp
   3              		.eabi_attribute 20, 1
   4              		.eabi_attribute 21, 1
   5              		.eabi_attribute 23, 3
   6              		.eabi_attribute 24, 1
   7              		.eabi_attribute 25, 1
   8              		.eabi_attribute 26, 1
   9              		.eabi_attribute 30, 4
  10              		.eabi_attribute 34, 0
  11              		.eabi_attribute 18, 4
  12              		.code	16
  13              		.file	"I2C_Addr.c"
  14              		.text
  15              	.Ltext0:
  16              		.cfi_sections	.debug_frame
  17              		.section	.text.I2C_Addr_SetDriveMode,"ax",%progbits
  18              		.align	1
  19              		.global	I2C_Addr_SetDriveMode
  20              		.code	16
  21              		.thumb_func
  22              		.type	I2C_Addr_SetDriveMode, %function
  23              	I2C_Addr_SetDriveMode:
  24              	.LFB0:
  25              		.file 1 "Generated_Source\\PSoC4\\I2C_Addr.c"
   1:Generated_Source\PSoC4/I2C_Addr.c **** /*******************************************************************************
   2:Generated_Source\PSoC4/I2C_Addr.c **** * File Name: I2C_Addr.c  
   3:Generated_Source\PSoC4/I2C_Addr.c **** * Version 2.20
   4:Generated_Source\PSoC4/I2C_Addr.c **** *
   5:Generated_Source\PSoC4/I2C_Addr.c **** * Description:
   6:Generated_Source\PSoC4/I2C_Addr.c **** *  This file contains API to enable firmware control of a Pins component.
   7:Generated_Source\PSoC4/I2C_Addr.c **** *
   8:Generated_Source\PSoC4/I2C_Addr.c **** ********************************************************************************
   9:Generated_Source\PSoC4/I2C_Addr.c **** * Copyright 2008-2015, Cypress Semiconductor Corporation.  All rights reserved.
  10:Generated_Source\PSoC4/I2C_Addr.c **** * You may use this file only in accordance with the license, terms, conditions, 
  11:Generated_Source\PSoC4/I2C_Addr.c **** * disclaimers, and limitations in the end user license agreement accompanying 
  12:Generated_Source\PSoC4/I2C_Addr.c **** * the software package with which this file was provided.
  13:Generated_Source\PSoC4/I2C_Addr.c **** *******************************************************************************/
  14:Generated_Source\PSoC4/I2C_Addr.c **** 
  15:Generated_Source\PSoC4/I2C_Addr.c **** #include "cytypes.h"
  16:Generated_Source\PSoC4/I2C_Addr.c **** #include "I2C_Addr.h"
  17:Generated_Source\PSoC4/I2C_Addr.c **** 
  18:Generated_Source\PSoC4/I2C_Addr.c **** 
  19:Generated_Source\PSoC4/I2C_Addr.c **** #if defined(I2C_Addr__PC)
  20:Generated_Source\PSoC4/I2C_Addr.c ****     #define I2C_Addr_SetP4PinDriveMode(shift, mode)  \
  21:Generated_Source\PSoC4/I2C_Addr.c ****     do { \
  22:Generated_Source\PSoC4/I2C_Addr.c ****         I2C_Addr_PC =   (I2C_Addr_PC & \
  23:Generated_Source\PSoC4/I2C_Addr.c ****                                 (uint32)(~(uint32)(I2C_Addr_DRIVE_MODE_IND_MASK << \
  24:Generated_Source\PSoC4/I2C_Addr.c ****                                 (I2C_Addr_DRIVE_MODE_BITS * (shift))))) | \
  25:Generated_Source\PSoC4/I2C_Addr.c ****                                 (uint32)((uint32)(mode) << \
  26:Generated_Source\PSoC4/I2C_Addr.c ****                                 (I2C_Addr_DRIVE_MODE_BITS * (shift))); \
  27:Generated_Source\PSoC4/I2C_Addr.c ****     } while (0)
  28:Generated_Source\PSoC4/I2C_Addr.c **** #else
  29:Generated_Source\PSoC4/I2C_Addr.c ****     #if (CY_PSOC4_4200L)
  30:Generated_Source\PSoC4/I2C_Addr.c ****         #define I2C_Addr_SetP4PinDriveMode(shift, mode)  \
  31:Generated_Source\PSoC4/I2C_Addr.c ****         do { \
  32:Generated_Source\PSoC4/I2C_Addr.c ****             I2C_Addr_USBIO_CTRL_REG = (I2C_Addr_USBIO_CTRL_REG & \
ARM GAS  C:\Users\TECHCO~1\AppData\Local\Temp\ccVFBG8L.s 			page 2


  33:Generated_Source\PSoC4/I2C_Addr.c ****                                     (uint32)(~(uint32)(I2C_Addr_DRIVE_MODE_IND_MASK << \
  34:Generated_Source\PSoC4/I2C_Addr.c ****                                     (I2C_Addr_DRIVE_MODE_BITS * (shift))))) | \
  35:Generated_Source\PSoC4/I2C_Addr.c ****                                     (uint32)((uint32)(mode) << \
  36:Generated_Source\PSoC4/I2C_Addr.c ****                                     (I2C_Addr_DRIVE_MODE_BITS * (shift))); \
  37:Generated_Source\PSoC4/I2C_Addr.c ****         } while (0)
  38:Generated_Source\PSoC4/I2C_Addr.c ****     #endif
  39:Generated_Source\PSoC4/I2C_Addr.c **** #endif
  40:Generated_Source\PSoC4/I2C_Addr.c ****   
  41:Generated_Source\PSoC4/I2C_Addr.c **** 
  42:Generated_Source\PSoC4/I2C_Addr.c **** #if defined(I2C_Addr__PC) || (CY_PSOC4_4200L) 
  43:Generated_Source\PSoC4/I2C_Addr.c ****     /*******************************************************************************
  44:Generated_Source\PSoC4/I2C_Addr.c ****     * Function Name: I2C_Addr_SetDriveMode
  45:Generated_Source\PSoC4/I2C_Addr.c ****     ****************************************************************************//**
  46:Generated_Source\PSoC4/I2C_Addr.c ****     *
  47:Generated_Source\PSoC4/I2C_Addr.c ****     * \brief Sets the drive mode for each of the Pins component's pins.
  48:Generated_Source\PSoC4/I2C_Addr.c ****     * 
  49:Generated_Source\PSoC4/I2C_Addr.c ****     * <b>Note</b> This affects all pins in the Pins component instance. Use the
  50:Generated_Source\PSoC4/I2C_Addr.c ****     * Per-Pin APIs if you wish to control individual pin's drive modes.
  51:Generated_Source\PSoC4/I2C_Addr.c ****     *
  52:Generated_Source\PSoC4/I2C_Addr.c ****     * <b>Note</b> USBIOs have limited drive functionality. Refer to the Drive Mode
  53:Generated_Source\PSoC4/I2C_Addr.c ****     * parameter for more information.
  54:Generated_Source\PSoC4/I2C_Addr.c ****     *
  55:Generated_Source\PSoC4/I2C_Addr.c ****     * \param mode
  56:Generated_Source\PSoC4/I2C_Addr.c ****     *  Mode for the selected signals. Valid options are documented in 
  57:Generated_Source\PSoC4/I2C_Addr.c ****     *  \ref driveMode.
  58:Generated_Source\PSoC4/I2C_Addr.c ****     *
  59:Generated_Source\PSoC4/I2C_Addr.c ****     * \return
  60:Generated_Source\PSoC4/I2C_Addr.c ****     *  None
  61:Generated_Source\PSoC4/I2C_Addr.c ****     *
  62:Generated_Source\PSoC4/I2C_Addr.c ****     * \sideeffect
  63:Generated_Source\PSoC4/I2C_Addr.c ****     *  If you use read-modify-write operations that are not atomic, the ISR can
  64:Generated_Source\PSoC4/I2C_Addr.c ****     *  cause corruption of this function. An ISR that interrupts this function 
  65:Generated_Source\PSoC4/I2C_Addr.c ****     *  and performs writes to the Pins component Drive Mode registers can cause 
  66:Generated_Source\PSoC4/I2C_Addr.c ****     *  corrupted port data. To avoid this issue, you should either use the Per-Pin
  67:Generated_Source\PSoC4/I2C_Addr.c ****     *  APIs (primary method) or disable interrupts around this function.
  68:Generated_Source\PSoC4/I2C_Addr.c ****     *
  69:Generated_Source\PSoC4/I2C_Addr.c ****     * \funcusage
  70:Generated_Source\PSoC4/I2C_Addr.c ****     *  \snippet I2C_Addr_SUT.c usage_I2C_Addr_SetDriveMode
  71:Generated_Source\PSoC4/I2C_Addr.c ****     *******************************************************************************/
  72:Generated_Source\PSoC4/I2C_Addr.c ****     void I2C_Addr_SetDriveMode(uint8 mode)
  73:Generated_Source\PSoC4/I2C_Addr.c ****     {
  26              		.loc 1 73 0
  27              		.cfi_startproc
  28              	.LVL0:
  74:Generated_Source\PSoC4/I2C_Addr.c **** 		I2C_Addr_SetP4PinDriveMode(I2C_Addr__0__SHIFT, mode);
  29              		.loc 1 74 0
  30 0000 0721     		mov	r1, #7
  73:Generated_Source\PSoC4/I2C_Addr.c **** 		I2C_Addr_SetP4PinDriveMode(I2C_Addr__0__SHIFT, mode);
  31              		.loc 1 73 0
  32 0002 10B5     		push	{r4, lr}
  33              		.cfi_def_cfa_offset 8
  34              		.cfi_offset 4, -8
  35              		.cfi_offset 14, -4
  75:Generated_Source\PSoC4/I2C_Addr.c **** 		I2C_Addr_SetP4PinDriveMode(I2C_Addr__1__SHIFT, mode);
  36              		.loc 1 75 0
  37 0004 3824     		mov	r4, #56
  74:Generated_Source\PSoC4/I2C_Addr.c **** 		I2C_Addr_SetP4PinDriveMode(I2C_Addr__0__SHIFT, mode);
ARM GAS  C:\Users\TECHCO~1\AppData\Local\Temp\ccVFBG8L.s 			page 3


  38              		.loc 1 74 0
  39 0006 114B     		ldr	r3, .L2
  76:Generated_Source\PSoC4/I2C_Addr.c **** 		I2C_Addr_SetP4PinDriveMode(I2C_Addr__2__SHIFT, mode);
  77:Generated_Source\PSoC4/I2C_Addr.c **** 		I2C_Addr_SetP4PinDriveMode(I2C_Addr__3__SHIFT, mode);
  78:Generated_Source\PSoC4/I2C_Addr.c **** 		I2C_Addr_SetP4PinDriveMode(I2C_Addr__4__SHIFT, mode);
  79:Generated_Source\PSoC4/I2C_Addr.c **** 		I2C_Addr_SetP4PinDriveMode(I2C_Addr__5__SHIFT, mode);
  80:Generated_Source\PSoC4/I2C_Addr.c ****     }
  40              		.loc 1 80 0
  41              		@ sp needed
  74:Generated_Source\PSoC4/I2C_Addr.c **** 		I2C_Addr_SetP4PinDriveMode(I2C_Addr__1__SHIFT, mode);
  42              		.loc 1 74 0
  43 0008 1A68     		ldr	r2, [r3]
  44 000a 8A43     		bic	r2, r1
  45 000c 0243     		orr	r2, r0
  46 000e 1A60     		str	r2, [r3]
  75:Generated_Source\PSoC4/I2C_Addr.c **** 		I2C_Addr_SetP4PinDriveMode(I2C_Addr__1__SHIFT, mode);
  47              		.loc 1 75 0
  48 0010 1A68     		ldr	r2, [r3]
  49 0012 C100     		lsl	r1, r0, #3
  50 0014 A243     		bic	r2, r4
  51 0016 0A43     		orr	r2, r1
  52 0018 1A60     		str	r2, [r3]
  76:Generated_Source\PSoC4/I2C_Addr.c **** 		I2C_Addr_SetP4PinDriveMode(I2C_Addr__2__SHIFT, mode);
  53              		.loc 1 76 0
  54 001a 1A68     		ldr	r2, [r3]
  55 001c 0C49     		ldr	r1, .L2+4
  56 001e 8401     		lsl	r4, r0, #6
  57 0020 0A40     		and	r2, r1
  58 0022 2243     		orr	r2, r4
  59 0024 1A60     		str	r2, [r3]
  77:Generated_Source\PSoC4/I2C_Addr.c **** 		I2C_Addr_SetP4PinDriveMode(I2C_Addr__4__SHIFT, mode);
  60              		.loc 1 77 0
  61 0026 1A68     		ldr	r2, [r3]
  62 0028 0A49     		ldr	r1, .L2+8
  63 002a 4402     		lsl	r4, r0, #9
  64 002c 0A40     		and	r2, r1
  65 002e 2243     		orr	r2, r4
  66 0030 1A60     		str	r2, [r3]
  78:Generated_Source\PSoC4/I2C_Addr.c **** 		I2C_Addr_SetP4PinDriveMode(I2C_Addr__5__SHIFT, mode);
  67              		.loc 1 78 0
  68 0032 1A68     		ldr	r2, [r3]
  69 0034 0849     		ldr	r1, .L2+12
  70 0036 0403     		lsl	r4, r0, #12
  71 0038 0A40     		and	r2, r1
  72 003a 2243     		orr	r2, r4
  73 003c 1A60     		str	r2, [r3]
  79:Generated_Source\PSoC4/I2C_Addr.c ****     }
  74              		.loc 1 79 0
  75 003e 1968     		ldr	r1, [r3]
  76 0040 064A     		ldr	r2, .L2+16
  77 0042 C003     		lsl	r0, r0, #15
  78              	.LVL1:
  79 0044 0A40     		and	r2, r1
  80 0046 1043     		orr	r0, r2
  81 0048 1860     		str	r0, [r3]
  82              		.loc 1 80 0
  83 004a 10BD     		pop	{r4, pc}
ARM GAS  C:\Users\TECHCO~1\AppData\Local\Temp\ccVFBG8L.s 			page 4


  84              	.L3:
  85              		.align	2
  86              	.L2:
  87 004c 08020440 		.word	1074004488
  88 0050 3FFEFFFF 		.word	-449
  89 0054 FFF1FFFF 		.word	-3585
  90 0058 FF8FFFFF 		.word	-28673
  91 005c FF7FFCFF 		.word	-229377
  92              		.cfi_endproc
  93              	.LFE0:
  94              		.size	I2C_Addr_SetDriveMode, .-I2C_Addr_SetDriveMode
  95              		.section	.text.I2C_Addr_Write,"ax",%progbits
  96              		.align	1
  97              		.global	I2C_Addr_Write
  98              		.code	16
  99              		.thumb_func
 100              		.type	I2C_Addr_Write, %function
 101              	I2C_Addr_Write:
 102              	.LFB1:
  81:Generated_Source\PSoC4/I2C_Addr.c **** #endif
  82:Generated_Source\PSoC4/I2C_Addr.c **** 
  83:Generated_Source\PSoC4/I2C_Addr.c **** 
  84:Generated_Source\PSoC4/I2C_Addr.c **** /*******************************************************************************
  85:Generated_Source\PSoC4/I2C_Addr.c **** * Function Name: I2C_Addr_Write
  86:Generated_Source\PSoC4/I2C_Addr.c **** ****************************************************************************//**
  87:Generated_Source\PSoC4/I2C_Addr.c **** *
  88:Generated_Source\PSoC4/I2C_Addr.c **** * \brief Writes the value to the physical port (data output register), masking
  89:Generated_Source\PSoC4/I2C_Addr.c **** *  and shifting the bits appropriately. 
  90:Generated_Source\PSoC4/I2C_Addr.c **** *
  91:Generated_Source\PSoC4/I2C_Addr.c **** * The data output register controls the signal applied to the physical pin in 
  92:Generated_Source\PSoC4/I2C_Addr.c **** * conjunction with the drive mode parameter. This function avoids changing 
  93:Generated_Source\PSoC4/I2C_Addr.c **** * other bits in the port by using the appropriate method (read-modify-write or
  94:Generated_Source\PSoC4/I2C_Addr.c **** * bit banding).
  95:Generated_Source\PSoC4/I2C_Addr.c **** *
  96:Generated_Source\PSoC4/I2C_Addr.c **** * <b>Note</b> This function should not be used on a hardware digital output pin 
  97:Generated_Source\PSoC4/I2C_Addr.c **** * as it is driven by the hardware signal attached to it.
  98:Generated_Source\PSoC4/I2C_Addr.c **** *
  99:Generated_Source\PSoC4/I2C_Addr.c **** * \param value
 100:Generated_Source\PSoC4/I2C_Addr.c **** *  Value to write to the component instance.
 101:Generated_Source\PSoC4/I2C_Addr.c **** *
 102:Generated_Source\PSoC4/I2C_Addr.c **** * \return 
 103:Generated_Source\PSoC4/I2C_Addr.c **** *  None 
 104:Generated_Source\PSoC4/I2C_Addr.c **** *
 105:Generated_Source\PSoC4/I2C_Addr.c **** * \sideeffect
 106:Generated_Source\PSoC4/I2C_Addr.c **** *  If you use read-modify-write operations that are not atomic; the Interrupt 
 107:Generated_Source\PSoC4/I2C_Addr.c **** *  Service Routines (ISR) can cause corruption of this function. An ISR that 
 108:Generated_Source\PSoC4/I2C_Addr.c **** *  interrupts this function and performs writes to the Pins component data 
 109:Generated_Source\PSoC4/I2C_Addr.c **** *  register can cause corrupted port data. To avoid this issue, you should 
 110:Generated_Source\PSoC4/I2C_Addr.c **** *  either use the Per-Pin APIs (primary method) or disable interrupts around 
 111:Generated_Source\PSoC4/I2C_Addr.c **** *  this function.
 112:Generated_Source\PSoC4/I2C_Addr.c **** *
 113:Generated_Source\PSoC4/I2C_Addr.c **** * \funcusage
 114:Generated_Source\PSoC4/I2C_Addr.c **** *  \snippet I2C_Addr_SUT.c usage_I2C_Addr_Write
 115:Generated_Source\PSoC4/I2C_Addr.c **** *******************************************************************************/
 116:Generated_Source\PSoC4/I2C_Addr.c **** void I2C_Addr_Write(uint8 value)
 117:Generated_Source\PSoC4/I2C_Addr.c **** {
 103              		.loc 1 117 0
ARM GAS  C:\Users\TECHCO~1\AppData\Local\Temp\ccVFBG8L.s 			page 5


 104              		.cfi_startproc
 105              	.LVL2:
 118:Generated_Source\PSoC4/I2C_Addr.c ****     uint8 drVal = (uint8)(I2C_Addr_DR & (uint8)(~I2C_Addr_MASK));
 106              		.loc 1 118 0
 107 0000 3F23     		mov	r3, #63
 108 0002 0449     		ldr	r1, .L5
 119:Generated_Source\PSoC4/I2C_Addr.c ****     drVal = (drVal | ((uint8)(value << I2C_Addr_SHIFT) & I2C_Addr_MASK));
 120:Generated_Source\PSoC4/I2C_Addr.c ****     I2C_Addr_DR = (uint32)drVal;
 121:Generated_Source\PSoC4/I2C_Addr.c **** }
 109              		.loc 1 121 0
 110              		@ sp needed
 118:Generated_Source\PSoC4/I2C_Addr.c ****     uint8 drVal = (uint8)(I2C_Addr_DR & (uint8)(~I2C_Addr_MASK));
 111              		.loc 1 118 0
 112 0004 0A68     		ldr	r2, [r1]
 113 0006 9A43     		bic	r2, r3
 114 0008 D2B2     		uxtb	r2, r2
 115              	.LVL3:
 119:Generated_Source\PSoC4/I2C_Addr.c ****     drVal = (drVal | ((uint8)(value << I2C_Addr_SHIFT) & I2C_Addr_MASK));
 116              		.loc 1 119 0
 117 000a 0340     		and	r3, r0
 120:Generated_Source\PSoC4/I2C_Addr.c **** }
 118              		.loc 1 120 0
 119 000c 1343     		orr	r3, r2
 120 000e 0B60     		str	r3, [r1]
 121              		.loc 1 121 0
 122 0010 7047     		bx	lr
 123              	.L6:
 124 0012 C046     		.align	2
 125              	.L5:
 126 0014 00020440 		.word	1074004480
 127              		.cfi_endproc
 128              	.LFE1:
 129              		.size	I2C_Addr_Write, .-I2C_Addr_Write
 130              		.section	.text.I2C_Addr_Read,"ax",%progbits
 131              		.align	1
 132              		.global	I2C_Addr_Read
 133              		.code	16
 134              		.thumb_func
 135              		.type	I2C_Addr_Read, %function
 136              	I2C_Addr_Read:
 137              	.LFB2:
 122:Generated_Source\PSoC4/I2C_Addr.c **** 
 123:Generated_Source\PSoC4/I2C_Addr.c **** 
 124:Generated_Source\PSoC4/I2C_Addr.c **** /*******************************************************************************
 125:Generated_Source\PSoC4/I2C_Addr.c **** * Function Name: I2C_Addr_Read
 126:Generated_Source\PSoC4/I2C_Addr.c **** ****************************************************************************//**
 127:Generated_Source\PSoC4/I2C_Addr.c **** *
 128:Generated_Source\PSoC4/I2C_Addr.c **** * \brief Reads the associated physical port (pin status register) and masks 
 129:Generated_Source\PSoC4/I2C_Addr.c **** *  the required bits according to the width and bit position of the component
 130:Generated_Source\PSoC4/I2C_Addr.c **** *  instance. 
 131:Generated_Source\PSoC4/I2C_Addr.c **** *
 132:Generated_Source\PSoC4/I2C_Addr.c **** * The pin's status register returns the current logic level present on the 
 133:Generated_Source\PSoC4/I2C_Addr.c **** * physical pin.
 134:Generated_Source\PSoC4/I2C_Addr.c **** *
 135:Generated_Source\PSoC4/I2C_Addr.c **** * \return 
 136:Generated_Source\PSoC4/I2C_Addr.c **** *  The current value for the pins in the component as a right justified number.
 137:Generated_Source\PSoC4/I2C_Addr.c **** *
ARM GAS  C:\Users\TECHCO~1\AppData\Local\Temp\ccVFBG8L.s 			page 6


 138:Generated_Source\PSoC4/I2C_Addr.c **** * \funcusage
 139:Generated_Source\PSoC4/I2C_Addr.c **** *  \snippet I2C_Addr_SUT.c usage_I2C_Addr_Read  
 140:Generated_Source\PSoC4/I2C_Addr.c **** *******************************************************************************/
 141:Generated_Source\PSoC4/I2C_Addr.c **** uint8 I2C_Addr_Read(void)
 142:Generated_Source\PSoC4/I2C_Addr.c **** {
 138              		.loc 1 142 0
 139              		.cfi_startproc
 143:Generated_Source\PSoC4/I2C_Addr.c ****     return (uint8)((I2C_Addr_PS & I2C_Addr_MASK) >> I2C_Addr_SHIFT);
 140              		.loc 1 143 0
 141 0000 024B     		ldr	r3, .L8
 144:Generated_Source\PSoC4/I2C_Addr.c **** }
 142              		.loc 1 144 0
 143              		@ sp needed
 143:Generated_Source\PSoC4/I2C_Addr.c ****     return (uint8)((I2C_Addr_PS & I2C_Addr_MASK) >> I2C_Addr_SHIFT);
 144              		.loc 1 143 0
 145 0002 1868     		ldr	r0, [r3]
 146 0004 3F23     		mov	r3, #63
 147 0006 1840     		and	r0, r3
 148              		.loc 1 144 0
 149 0008 7047     		bx	lr
 150              	.L9:
 151 000a C046     		.align	2
 152              	.L8:
 153 000c 04020440 		.word	1074004484
 154              		.cfi_endproc
 155              	.LFE2:
 156              		.size	I2C_Addr_Read, .-I2C_Addr_Read
 157              		.section	.text.I2C_Addr_ReadDataReg,"ax",%progbits
 158              		.align	1
 159              		.global	I2C_Addr_ReadDataReg
 160              		.code	16
 161              		.thumb_func
 162              		.type	I2C_Addr_ReadDataReg, %function
 163              	I2C_Addr_ReadDataReg:
 164              	.LFB3:
 145:Generated_Source\PSoC4/I2C_Addr.c **** 
 146:Generated_Source\PSoC4/I2C_Addr.c **** 
 147:Generated_Source\PSoC4/I2C_Addr.c **** /*******************************************************************************
 148:Generated_Source\PSoC4/I2C_Addr.c **** * Function Name: I2C_Addr_ReadDataReg
 149:Generated_Source\PSoC4/I2C_Addr.c **** ****************************************************************************//**
 150:Generated_Source\PSoC4/I2C_Addr.c **** *
 151:Generated_Source\PSoC4/I2C_Addr.c **** * \brief Reads the associated physical port's data output register and masks 
 152:Generated_Source\PSoC4/I2C_Addr.c **** *  the correct bits according to the width and bit position of the component 
 153:Generated_Source\PSoC4/I2C_Addr.c **** *  instance. 
 154:Generated_Source\PSoC4/I2C_Addr.c **** *
 155:Generated_Source\PSoC4/I2C_Addr.c **** * The data output register controls the signal applied to the physical pin in 
 156:Generated_Source\PSoC4/I2C_Addr.c **** * conjunction with the drive mode parameter. This is not the same as the 
 157:Generated_Source\PSoC4/I2C_Addr.c **** * preferred I2C_Addr_Read() API because the 
 158:Generated_Source\PSoC4/I2C_Addr.c **** * I2C_Addr_ReadDataReg() reads the data register instead of the status 
 159:Generated_Source\PSoC4/I2C_Addr.c **** * register. For output pins this is a useful function to determine the value 
 160:Generated_Source\PSoC4/I2C_Addr.c **** * just written to the pin.
 161:Generated_Source\PSoC4/I2C_Addr.c **** *
 162:Generated_Source\PSoC4/I2C_Addr.c **** * \return 
 163:Generated_Source\PSoC4/I2C_Addr.c **** *  The current value of the data register masked and shifted into a right 
 164:Generated_Source\PSoC4/I2C_Addr.c **** *  justified number for the component instance.
 165:Generated_Source\PSoC4/I2C_Addr.c **** *
 166:Generated_Source\PSoC4/I2C_Addr.c **** * \funcusage
ARM GAS  C:\Users\TECHCO~1\AppData\Local\Temp\ccVFBG8L.s 			page 7


 167:Generated_Source\PSoC4/I2C_Addr.c **** *  \snippet I2C_Addr_SUT.c usage_I2C_Addr_ReadDataReg 
 168:Generated_Source\PSoC4/I2C_Addr.c **** *******************************************************************************/
 169:Generated_Source\PSoC4/I2C_Addr.c **** uint8 I2C_Addr_ReadDataReg(void)
 170:Generated_Source\PSoC4/I2C_Addr.c **** {
 165              		.loc 1 170 0
 166              		.cfi_startproc
 171:Generated_Source\PSoC4/I2C_Addr.c ****     return (uint8)((I2C_Addr_DR & I2C_Addr_MASK) >> I2C_Addr_SHIFT);
 167              		.loc 1 171 0
 168 0000 024B     		ldr	r3, .L11
 172:Generated_Source\PSoC4/I2C_Addr.c **** }
 169              		.loc 1 172 0
 170              		@ sp needed
 171:Generated_Source\PSoC4/I2C_Addr.c ****     return (uint8)((I2C_Addr_DR & I2C_Addr_MASK) >> I2C_Addr_SHIFT);
 171              		.loc 1 171 0
 172 0002 1868     		ldr	r0, [r3]
 173 0004 3F23     		mov	r3, #63
 174 0006 1840     		and	r0, r3
 175              		.loc 1 172 0
 176 0008 7047     		bx	lr
 177              	.L12:
 178 000a C046     		.align	2
 179              	.L11:
 180 000c 00020440 		.word	1074004480
 181              		.cfi_endproc
 182              	.LFE3:
 183              		.size	I2C_Addr_ReadDataReg, .-I2C_Addr_ReadDataReg
 184              		.section	.text.I2C_Addr_SetInterruptMode,"ax",%progbits
 185              		.align	1
 186              		.global	I2C_Addr_SetInterruptMode
 187              		.code	16
 188              		.thumb_func
 189              		.type	I2C_Addr_SetInterruptMode, %function
 190              	I2C_Addr_SetInterruptMode:
 191              	.LFB4:
 173:Generated_Source\PSoC4/I2C_Addr.c **** 
 174:Generated_Source\PSoC4/I2C_Addr.c **** 
 175:Generated_Source\PSoC4/I2C_Addr.c **** /*******************************************************************************
 176:Generated_Source\PSoC4/I2C_Addr.c **** * Function Name: I2C_Addr_SetInterruptMode
 177:Generated_Source\PSoC4/I2C_Addr.c **** ****************************************************************************//**
 178:Generated_Source\PSoC4/I2C_Addr.c **** *
 179:Generated_Source\PSoC4/I2C_Addr.c **** * \brief Configures the interrupt mode for each of the Pins component's
 180:Generated_Source\PSoC4/I2C_Addr.c **** *  pins. Alternatively you may set the interrupt mode for all the pins
 181:Generated_Source\PSoC4/I2C_Addr.c **** *  specified in the Pins component.
 182:Generated_Source\PSoC4/I2C_Addr.c **** *
 183:Generated_Source\PSoC4/I2C_Addr.c **** *  <b>Note</b> The interrupt is port-wide and therefore any enabled pin
 184:Generated_Source\PSoC4/I2C_Addr.c **** *  interrupt may trigger it.
 185:Generated_Source\PSoC4/I2C_Addr.c **** *
 186:Generated_Source\PSoC4/I2C_Addr.c **** * \param position
 187:Generated_Source\PSoC4/I2C_Addr.c **** *  The pin position as listed in the Pins component. You may OR these to be 
 188:Generated_Source\PSoC4/I2C_Addr.c **** *  able to configure the interrupt mode of multiple pins within a Pins 
 189:Generated_Source\PSoC4/I2C_Addr.c **** *  component. Or you may use I2C_Addr_INTR_ALL to configure the
 190:Generated_Source\PSoC4/I2C_Addr.c **** *  interrupt mode of all the pins in the Pins component.       
 191:Generated_Source\PSoC4/I2C_Addr.c **** *  - I2C_Addr_0_INTR       (First pin in the list)
 192:Generated_Source\PSoC4/I2C_Addr.c **** *  - I2C_Addr_1_INTR       (Second pin in the list)
 193:Generated_Source\PSoC4/I2C_Addr.c **** *  - ...
 194:Generated_Source\PSoC4/I2C_Addr.c **** *  - I2C_Addr_INTR_ALL     (All pins in Pins component)
 195:Generated_Source\PSoC4/I2C_Addr.c **** *
ARM GAS  C:\Users\TECHCO~1\AppData\Local\Temp\ccVFBG8L.s 			page 8


 196:Generated_Source\PSoC4/I2C_Addr.c **** * \param mode
 197:Generated_Source\PSoC4/I2C_Addr.c **** *  Interrupt mode for the selected pins. Valid options are documented in
 198:Generated_Source\PSoC4/I2C_Addr.c **** *  \ref intrMode.
 199:Generated_Source\PSoC4/I2C_Addr.c **** *
 200:Generated_Source\PSoC4/I2C_Addr.c **** * \return 
 201:Generated_Source\PSoC4/I2C_Addr.c **** *  None
 202:Generated_Source\PSoC4/I2C_Addr.c **** *  
 203:Generated_Source\PSoC4/I2C_Addr.c **** * \sideeffect
 204:Generated_Source\PSoC4/I2C_Addr.c **** *  It is recommended that the interrupt be disabled before calling this 
 205:Generated_Source\PSoC4/I2C_Addr.c **** *  function to avoid unintended interrupt requests. Note that the interrupt
 206:Generated_Source\PSoC4/I2C_Addr.c **** *  type is port wide, and therefore will trigger for any enabled pin on the 
 207:Generated_Source\PSoC4/I2C_Addr.c **** *  port.
 208:Generated_Source\PSoC4/I2C_Addr.c **** *
 209:Generated_Source\PSoC4/I2C_Addr.c **** * \funcusage
 210:Generated_Source\PSoC4/I2C_Addr.c **** *  \snippet I2C_Addr_SUT.c usage_I2C_Addr_SetInterruptMode
 211:Generated_Source\PSoC4/I2C_Addr.c **** *******************************************************************************/
 212:Generated_Source\PSoC4/I2C_Addr.c **** void I2C_Addr_SetInterruptMode(uint16 position, uint16 mode)
 213:Generated_Source\PSoC4/I2C_Addr.c **** {
 192              		.loc 1 213 0
 193              		.cfi_startproc
 194              	.LVL4:
 214:Generated_Source\PSoC4/I2C_Addr.c ****     uint32 intrCfg;
 215:Generated_Source\PSoC4/I2C_Addr.c ****     
 216:Generated_Source\PSoC4/I2C_Addr.c ****     intrCfg =  I2C_Addr_INTCFG & (uint32)(~(uint32)position);
 195              		.loc 1 216 0
 196 0000 034A     		ldr	r2, .L14
 217:Generated_Source\PSoC4/I2C_Addr.c ****     I2C_Addr_INTCFG = intrCfg | ((uint32)position & (uint32)mode);
 218:Generated_Source\PSoC4/I2C_Addr.c **** }
 197              		.loc 1 218 0
 198              		@ sp needed
 216:Generated_Source\PSoC4/I2C_Addr.c ****     I2C_Addr_INTCFG = intrCfg | ((uint32)position & (uint32)mode);
 199              		.loc 1 216 0
 200 0002 1368     		ldr	r3, [r2]
 201              	.LVL5:
 202 0004 8343     		bic	r3, r0
 203              	.LVL6:
 217:Generated_Source\PSoC4/I2C_Addr.c ****     I2C_Addr_INTCFG = intrCfg | ((uint32)position & (uint32)mode);
 204              		.loc 1 217 0
 205 0006 0840     		and	r0, r1
 206              	.LVL7:
 207 0008 1843     		orr	r0, r3
 208 000a 1060     		str	r0, [r2]
 209              		.loc 1 218 0
 210 000c 7047     		bx	lr
 211              	.L15:
 212 000e C046     		.align	2
 213              	.L14:
 214 0010 0C020440 		.word	1074004492
 215              		.cfi_endproc
 216              	.LFE4:
 217              		.size	I2C_Addr_SetInterruptMode, .-I2C_Addr_SetInterruptMode
 218              		.section	.text.I2C_Addr_ClearInterrupt,"ax",%progbits
 219              		.align	1
 220              		.global	I2C_Addr_ClearInterrupt
 221              		.code	16
 222              		.thumb_func
 223              		.type	I2C_Addr_ClearInterrupt, %function
ARM GAS  C:\Users\TECHCO~1\AppData\Local\Temp\ccVFBG8L.s 			page 9


 224              	I2C_Addr_ClearInterrupt:
 225              	.LFB5:
 219:Generated_Source\PSoC4/I2C_Addr.c **** 
 220:Generated_Source\PSoC4/I2C_Addr.c **** 
 221:Generated_Source\PSoC4/I2C_Addr.c **** /*******************************************************************************
 222:Generated_Source\PSoC4/I2C_Addr.c **** * Function Name: I2C_Addr_ClearInterrupt
 223:Generated_Source\PSoC4/I2C_Addr.c **** ****************************************************************************//**
 224:Generated_Source\PSoC4/I2C_Addr.c **** *
 225:Generated_Source\PSoC4/I2C_Addr.c **** * \brief Clears any active interrupts attached with the component and returns 
 226:Generated_Source\PSoC4/I2C_Addr.c **** *  the value of the interrupt status register allowing determination of which
 227:Generated_Source\PSoC4/I2C_Addr.c **** *  pins generated an interrupt event.
 228:Generated_Source\PSoC4/I2C_Addr.c **** *
 229:Generated_Source\PSoC4/I2C_Addr.c **** * \return 
 230:Generated_Source\PSoC4/I2C_Addr.c **** *  The right-shifted current value of the interrupt status register. Each pin 
 231:Generated_Source\PSoC4/I2C_Addr.c **** *  has one bit set if it generated an interrupt event. For example, bit 0 is 
 232:Generated_Source\PSoC4/I2C_Addr.c **** *  for pin 0 and bit 1 is for pin 1 of the Pins component.
 233:Generated_Source\PSoC4/I2C_Addr.c **** *  
 234:Generated_Source\PSoC4/I2C_Addr.c **** * \sideeffect
 235:Generated_Source\PSoC4/I2C_Addr.c **** *  Clears all bits of the physical port's interrupt status register, not just
 236:Generated_Source\PSoC4/I2C_Addr.c **** *  those associated with the Pins component.
 237:Generated_Source\PSoC4/I2C_Addr.c **** *
 238:Generated_Source\PSoC4/I2C_Addr.c **** * \funcusage
 239:Generated_Source\PSoC4/I2C_Addr.c **** *  \snippet I2C_Addr_SUT.c usage_I2C_Addr_ClearInterrupt
 240:Generated_Source\PSoC4/I2C_Addr.c **** *******************************************************************************/
 241:Generated_Source\PSoC4/I2C_Addr.c **** uint8 I2C_Addr_ClearInterrupt(void)
 242:Generated_Source\PSoC4/I2C_Addr.c **** {
 226              		.loc 1 242 0
 227              		.cfi_startproc
 243:Generated_Source\PSoC4/I2C_Addr.c **** 	uint8 maskedStatus = (uint8)(I2C_Addr_INTSTAT & I2C_Addr_MASK);
 228              		.loc 1 243 0
 229 0000 3F23     		mov	r3, #63
 230 0002 024A     		ldr	r2, .L17
 244:Generated_Source\PSoC4/I2C_Addr.c **** 	I2C_Addr_INTSTAT = maskedStatus;
 245:Generated_Source\PSoC4/I2C_Addr.c ****     return maskedStatus >> I2C_Addr_SHIFT;
 246:Generated_Source\PSoC4/I2C_Addr.c **** }
 231              		.loc 1 246 0
 232              		@ sp needed
 243:Generated_Source\PSoC4/I2C_Addr.c **** 	uint8 maskedStatus = (uint8)(I2C_Addr_INTSTAT & I2C_Addr_MASK);
 233              		.loc 1 243 0
 234 0004 1068     		ldr	r0, [r2]
 235 0006 1840     		and	r0, r3
 236              	.LVL8:
 244:Generated_Source\PSoC4/I2C_Addr.c **** 	I2C_Addr_INTSTAT = maskedStatus;
 237              		.loc 1 244 0
 238 0008 1060     		str	r0, [r2]
 239              		.loc 1 246 0
 240 000a 7047     		bx	lr
 241              	.L18:
 242              		.align	2
 243              	.L17:
 244 000c 10020440 		.word	1074004496
 245              		.cfi_endproc
 246              	.LFE5:
 247              		.size	I2C_Addr_ClearInterrupt, .-I2C_Addr_ClearInterrupt
 248              		.text
 249              	.Letext0:
 250              		.file 2 "Generated_Source\\PSoC4\\cytypes.h"
ARM GAS  C:\Users\TECHCO~1\AppData\Local\Temp\ccVFBG8L.s 			page 10


 251              		.section	.debug_info,"",%progbits
 252              	.Ldebug_info0:
 253 0000 9D010000 		.4byte	0x19d
 254 0004 0400     		.2byte	0x4
 255 0006 00000000 		.4byte	.Ldebug_abbrev0
 256 000a 04       		.byte	0x4
 257 000b 01       		.uleb128 0x1
 258 000c 2A000000 		.4byte	.LASF28
 259 0010 01       		.byte	0x1
 260 0011 19010000 		.4byte	.LASF29
 261 0015 D9010000 		.4byte	.LASF30
 262 0019 00000000 		.4byte	.Ldebug_ranges0+0
 263 001d 00000000 		.4byte	0
 264 0021 00000000 		.4byte	.Ldebug_line0
 265 0025 02       		.uleb128 0x2
 266 0026 01       		.byte	0x1
 267 0027 06       		.byte	0x6
 268 0028 60020000 		.4byte	.LASF0
 269 002c 02       		.uleb128 0x2
 270 002d 01       		.byte	0x1
 271 002e 08       		.byte	0x8
 272 002f 0B010000 		.4byte	.LASF1
 273 0033 02       		.uleb128 0x2
 274 0034 02       		.byte	0x2
 275 0035 05       		.byte	0x5
 276 0036 CF010000 		.4byte	.LASF2
 277 003a 02       		.uleb128 0x2
 278 003b 02       		.byte	0x2
 279 003c 07       		.byte	0x7
 280 003d 4D010000 		.4byte	.LASF3
 281 0041 02       		.uleb128 0x2
 282 0042 04       		.byte	0x4
 283 0043 05       		.byte	0x5
 284 0044 57020000 		.4byte	.LASF4
 285 0048 02       		.uleb128 0x2
 286 0049 04       		.byte	0x4
 287 004a 07       		.byte	0x7
 288 004b 3B010000 		.4byte	.LASF5
 289 004f 02       		.uleb128 0x2
 290 0050 08       		.byte	0x8
 291 0051 05       		.byte	0x5
 292 0052 AF010000 		.4byte	.LASF6
 293 0056 02       		.uleb128 0x2
 294 0057 08       		.byte	0x8
 295 0058 07       		.byte	0x7
 296 0059 93010000 		.4byte	.LASF7
 297 005d 03       		.uleb128 0x3
 298 005e 04       		.byte	0x4
 299 005f 05       		.byte	0x5
 300 0060 696E7400 		.ascii	"int\000"
 301 0064 02       		.uleb128 0x2
 302 0065 04       		.byte	0x4
 303 0066 07       		.byte	0x7
 304 0067 86010000 		.4byte	.LASF8
 305 006b 04       		.uleb128 0x4
 306 006c 51020000 		.4byte	.LASF9
 307 0070 02       		.byte	0x2
ARM GAS  C:\Users\TECHCO~1\AppData\Local\Temp\ccVFBG8L.s 			page 11


 308 0071 B901     		.2byte	0x1b9
 309 0073 2C000000 		.4byte	0x2c
 310 0077 04       		.uleb128 0x4
 311 0078 67010000 		.4byte	.LASF10
 312 007c 02       		.byte	0x2
 313 007d BA01     		.2byte	0x1ba
 314 007f 3A000000 		.4byte	0x3a
 315 0083 04       		.uleb128 0x4
 316 0084 77010000 		.4byte	.LASF11
 317 0088 02       		.byte	0x2
 318 0089 BB01     		.2byte	0x1bb
 319 008b 48000000 		.4byte	0x48
 320 008f 02       		.uleb128 0x2
 321 0090 04       		.byte	0x4
 322 0091 04       		.byte	0x4
 323 0092 ED000000 		.4byte	.LASF12
 324 0096 02       		.uleb128 0x2
 325 0097 08       		.byte	0x8
 326 0098 04       		.byte	0x4
 327 0099 60010000 		.4byte	.LASF13
 328 009d 02       		.uleb128 0x2
 329 009e 01       		.byte	0x1
 330 009f 08       		.byte	0x8
 331 00a0 CA010000 		.4byte	.LASF14
 332 00a4 04       		.uleb128 0x4
 333 00a5 16000000 		.4byte	.LASF15
 334 00a9 02       		.byte	0x2
 335 00aa 6502     		.2byte	0x265
 336 00ac B0000000 		.4byte	0xb0
 337 00b0 05       		.uleb128 0x5
 338 00b1 83000000 		.4byte	0x83
 339 00b5 06       		.uleb128 0x6
 340 00b6 00000000 		.4byte	.LASF16
 341 00ba 01       		.byte	0x1
 342 00bb 48       		.byte	0x48
 343 00bc 00000000 		.4byte	.LFB0
 344 00c0 60000000 		.4byte	.LFE0-.LFB0
 345 00c4 01       		.uleb128 0x1
 346 00c5 9C       		.byte	0x9c
 347 00c6 DA000000 		.4byte	0xda
 348 00ca 07       		.uleb128 0x7
 349 00cb AA010000 		.4byte	.LASF18
 350 00cf 01       		.byte	0x1
 351 00d0 48       		.byte	0x48
 352 00d1 6B000000 		.4byte	0x6b
 353 00d5 00000000 		.4byte	.LLST0
 354 00d9 00       		.byte	0
 355 00da 06       		.uleb128 0x6
 356 00db 72020000 		.4byte	.LASF17
 357 00df 01       		.byte	0x1
 358 00e0 74       		.byte	0x74
 359 00e1 00000000 		.4byte	.LFB1
 360 00e5 18000000 		.4byte	.LFE1-.LFB1
 361 00e9 01       		.uleb128 0x1
 362 00ea 9C       		.byte	0x9c
 363 00eb 12010000 		.4byte	0x112
 364 00ef 08       		.uleb128 0x8
ARM GAS  C:\Users\TECHCO~1\AppData\Local\Temp\ccVFBG8L.s 			page 12


 365 00f0 B8000000 		.4byte	.LASF19
 366 00f4 01       		.byte	0x1
 367 00f5 74       		.byte	0x74
 368 00f6 6B000000 		.4byte	0x6b
 369 00fa 01       		.uleb128 0x1
 370 00fb 50       		.byte	0x50
 371 00fc 09       		.uleb128 0x9
 372 00fd 6C020000 		.4byte	.LASF24
 373 0101 01       		.byte	0x1
 374 0102 76       		.byte	0x76
 375 0103 6B000000 		.4byte	0x6b
 376 0107 09       		.uleb128 0x9
 377 0108 70       		.byte	0x70
 378 0109 00       		.sleb128 0
 379 010a 08       		.byte	0x8
 380 010b 3F       		.byte	0x3f
 381 010c 1A       		.byte	0x1a
 382 010d 72       		.byte	0x72
 383 010e 00       		.sleb128 0
 384 010f 21       		.byte	0x21
 385 0110 9F       		.byte	0x9f
 386 0111 00       		.byte	0
 387 0112 0A       		.uleb128 0xa
 388 0113 1C000000 		.4byte	.LASF20
 389 0117 01       		.byte	0x1
 390 0118 8D       		.byte	0x8d
 391 0119 6B000000 		.4byte	0x6b
 392 011d 00000000 		.4byte	.LFB2
 393 0121 10000000 		.4byte	.LFE2-.LFB2
 394 0125 01       		.uleb128 0x1
 395 0126 9C       		.byte	0x9c
 396 0127 0A       		.uleb128 0xa
 397 0128 D8000000 		.4byte	.LASF21
 398 012c 01       		.byte	0x1
 399 012d A9       		.byte	0xa9
 400 012e 6B000000 		.4byte	0x6b
 401 0132 00000000 		.4byte	.LFB3
 402 0136 10000000 		.4byte	.LFE3-.LFB3
 403 013a 01       		.uleb128 0x1
 404 013b 9C       		.byte	0x9c
 405 013c 06       		.uleb128 0x6
 406 013d BE000000 		.4byte	.LASF22
 407 0141 01       		.byte	0x1
 408 0142 D4       		.byte	0xd4
 409 0143 00000000 		.4byte	.LFB4
 410 0147 14000000 		.4byte	.LFE4-.LFB4
 411 014b 01       		.uleb128 0x1
 412 014c 9C       		.byte	0x9c
 413 014d 7D010000 		.4byte	0x17d
 414 0151 07       		.uleb128 0x7
 415 0152 6E010000 		.4byte	.LASF23
 416 0156 01       		.byte	0x1
 417 0157 D4       		.byte	0xd4
 418 0158 77000000 		.4byte	0x77
 419 015c 21000000 		.4byte	.LLST1
 420 0160 08       		.uleb128 0x8
 421 0161 AA010000 		.4byte	.LASF18
ARM GAS  C:\Users\TECHCO~1\AppData\Local\Temp\ccVFBG8L.s 			page 13


 422 0165 01       		.byte	0x1
 423 0166 D4       		.byte	0xd4
 424 0167 77000000 		.4byte	0x77
 425 016b 01       		.uleb128 0x1
 426 016c 51       		.byte	0x51
 427 016d 0B       		.uleb128 0xb
 428 016e 7E010000 		.4byte	.LASF25
 429 0172 01       		.byte	0x1
 430 0173 D6       		.byte	0xd6
 431 0174 83000000 		.4byte	0x83
 432 0178 42000000 		.4byte	.LLST2
 433 017c 00       		.byte	0
 434 017d 0C       		.uleb128 0xc
 435 017e F3000000 		.4byte	.LASF26
 436 0182 01       		.byte	0x1
 437 0183 F1       		.byte	0xf1
 438 0184 6B000000 		.4byte	0x6b
 439 0188 00000000 		.4byte	.LFB5
 440 018c 10000000 		.4byte	.LFE5-.LFB5
 441 0190 01       		.uleb128 0x1
 442 0191 9C       		.byte	0x9c
 443 0192 09       		.uleb128 0x9
 444 0193 BD010000 		.4byte	.LASF27
 445 0197 01       		.byte	0x1
 446 0198 F3       		.byte	0xf3
 447 0199 6B000000 		.4byte	0x6b
 448 019d 01       		.uleb128 0x1
 449 019e 50       		.byte	0x50
 450 019f 00       		.byte	0
 451 01a0 00       		.byte	0
 452              		.section	.debug_abbrev,"",%progbits
 453              	.Ldebug_abbrev0:
 454 0000 01       		.uleb128 0x1
 455 0001 11       		.uleb128 0x11
 456 0002 01       		.byte	0x1
 457 0003 25       		.uleb128 0x25
 458 0004 0E       		.uleb128 0xe
 459 0005 13       		.uleb128 0x13
 460 0006 0B       		.uleb128 0xb
 461 0007 03       		.uleb128 0x3
 462 0008 0E       		.uleb128 0xe
 463 0009 1B       		.uleb128 0x1b
 464 000a 0E       		.uleb128 0xe
 465 000b 55       		.uleb128 0x55
 466 000c 17       		.uleb128 0x17
 467 000d 11       		.uleb128 0x11
 468 000e 01       		.uleb128 0x1
 469 000f 10       		.uleb128 0x10
 470 0010 17       		.uleb128 0x17
 471 0011 00       		.byte	0
 472 0012 00       		.byte	0
 473 0013 02       		.uleb128 0x2
 474 0014 24       		.uleb128 0x24
 475 0015 00       		.byte	0
 476 0016 0B       		.uleb128 0xb
 477 0017 0B       		.uleb128 0xb
 478 0018 3E       		.uleb128 0x3e
ARM GAS  C:\Users\TECHCO~1\AppData\Local\Temp\ccVFBG8L.s 			page 14


 479 0019 0B       		.uleb128 0xb
 480 001a 03       		.uleb128 0x3
 481 001b 0E       		.uleb128 0xe
 482 001c 00       		.byte	0
 483 001d 00       		.byte	0
 484 001e 03       		.uleb128 0x3
 485 001f 24       		.uleb128 0x24
 486 0020 00       		.byte	0
 487 0021 0B       		.uleb128 0xb
 488 0022 0B       		.uleb128 0xb
 489 0023 3E       		.uleb128 0x3e
 490 0024 0B       		.uleb128 0xb
 491 0025 03       		.uleb128 0x3
 492 0026 08       		.uleb128 0x8
 493 0027 00       		.byte	0
 494 0028 00       		.byte	0
 495 0029 04       		.uleb128 0x4
 496 002a 16       		.uleb128 0x16
 497 002b 00       		.byte	0
 498 002c 03       		.uleb128 0x3
 499 002d 0E       		.uleb128 0xe
 500 002e 3A       		.uleb128 0x3a
 501 002f 0B       		.uleb128 0xb
 502 0030 3B       		.uleb128 0x3b
 503 0031 05       		.uleb128 0x5
 504 0032 49       		.uleb128 0x49
 505 0033 13       		.uleb128 0x13
 506 0034 00       		.byte	0
 507 0035 00       		.byte	0
 508 0036 05       		.uleb128 0x5
 509 0037 35       		.uleb128 0x35
 510 0038 00       		.byte	0
 511 0039 49       		.uleb128 0x49
 512 003a 13       		.uleb128 0x13
 513 003b 00       		.byte	0
 514 003c 00       		.byte	0
 515 003d 06       		.uleb128 0x6
 516 003e 2E       		.uleb128 0x2e
 517 003f 01       		.byte	0x1
 518 0040 3F       		.uleb128 0x3f
 519 0041 19       		.uleb128 0x19
 520 0042 03       		.uleb128 0x3
 521 0043 0E       		.uleb128 0xe
 522 0044 3A       		.uleb128 0x3a
 523 0045 0B       		.uleb128 0xb
 524 0046 3B       		.uleb128 0x3b
 525 0047 0B       		.uleb128 0xb
 526 0048 27       		.uleb128 0x27
 527 0049 19       		.uleb128 0x19
 528 004a 11       		.uleb128 0x11
 529 004b 01       		.uleb128 0x1
 530 004c 12       		.uleb128 0x12
 531 004d 06       		.uleb128 0x6
 532 004e 40       		.uleb128 0x40
 533 004f 18       		.uleb128 0x18
 534 0050 9742     		.uleb128 0x2117
 535 0052 19       		.uleb128 0x19
ARM GAS  C:\Users\TECHCO~1\AppData\Local\Temp\ccVFBG8L.s 			page 15


 536 0053 01       		.uleb128 0x1
 537 0054 13       		.uleb128 0x13
 538 0055 00       		.byte	0
 539 0056 00       		.byte	0
 540 0057 07       		.uleb128 0x7
 541 0058 05       		.uleb128 0x5
 542 0059 00       		.byte	0
 543 005a 03       		.uleb128 0x3
 544 005b 0E       		.uleb128 0xe
 545 005c 3A       		.uleb128 0x3a
 546 005d 0B       		.uleb128 0xb
 547 005e 3B       		.uleb128 0x3b
 548 005f 0B       		.uleb128 0xb
 549 0060 49       		.uleb128 0x49
 550 0061 13       		.uleb128 0x13
 551 0062 02       		.uleb128 0x2
 552 0063 17       		.uleb128 0x17
 553 0064 00       		.byte	0
 554 0065 00       		.byte	0
 555 0066 08       		.uleb128 0x8
 556 0067 05       		.uleb128 0x5
 557 0068 00       		.byte	0
 558 0069 03       		.uleb128 0x3
 559 006a 0E       		.uleb128 0xe
 560 006b 3A       		.uleb128 0x3a
 561 006c 0B       		.uleb128 0xb
 562 006d 3B       		.uleb128 0x3b
 563 006e 0B       		.uleb128 0xb
 564 006f 49       		.uleb128 0x49
 565 0070 13       		.uleb128 0x13
 566 0071 02       		.uleb128 0x2
 567 0072 18       		.uleb128 0x18
 568 0073 00       		.byte	0
 569 0074 00       		.byte	0
 570 0075 09       		.uleb128 0x9
 571 0076 34       		.uleb128 0x34
 572 0077 00       		.byte	0
 573 0078 03       		.uleb128 0x3
 574 0079 0E       		.uleb128 0xe
 575 007a 3A       		.uleb128 0x3a
 576 007b 0B       		.uleb128 0xb
 577 007c 3B       		.uleb128 0x3b
 578 007d 0B       		.uleb128 0xb
 579 007e 49       		.uleb128 0x49
 580 007f 13       		.uleb128 0x13
 581 0080 02       		.uleb128 0x2
 582 0081 18       		.uleb128 0x18
 583 0082 00       		.byte	0
 584 0083 00       		.byte	0
 585 0084 0A       		.uleb128 0xa
 586 0085 2E       		.uleb128 0x2e
 587 0086 00       		.byte	0
 588 0087 3F       		.uleb128 0x3f
 589 0088 19       		.uleb128 0x19
 590 0089 03       		.uleb128 0x3
 591 008a 0E       		.uleb128 0xe
 592 008b 3A       		.uleb128 0x3a
ARM GAS  C:\Users\TECHCO~1\AppData\Local\Temp\ccVFBG8L.s 			page 16


 593 008c 0B       		.uleb128 0xb
 594 008d 3B       		.uleb128 0x3b
 595 008e 0B       		.uleb128 0xb
 596 008f 27       		.uleb128 0x27
 597 0090 19       		.uleb128 0x19
 598 0091 49       		.uleb128 0x49
 599 0092 13       		.uleb128 0x13
 600 0093 11       		.uleb128 0x11
 601 0094 01       		.uleb128 0x1
 602 0095 12       		.uleb128 0x12
 603 0096 06       		.uleb128 0x6
 604 0097 40       		.uleb128 0x40
 605 0098 18       		.uleb128 0x18
 606 0099 9742     		.uleb128 0x2117
 607 009b 19       		.uleb128 0x19
 608 009c 00       		.byte	0
 609 009d 00       		.byte	0
 610 009e 0B       		.uleb128 0xb
 611 009f 34       		.uleb128 0x34
 612 00a0 00       		.byte	0
 613 00a1 03       		.uleb128 0x3
 614 00a2 0E       		.uleb128 0xe
 615 00a3 3A       		.uleb128 0x3a
 616 00a4 0B       		.uleb128 0xb
 617 00a5 3B       		.uleb128 0x3b
 618 00a6 0B       		.uleb128 0xb
 619 00a7 49       		.uleb128 0x49
 620 00a8 13       		.uleb128 0x13
 621 00a9 02       		.uleb128 0x2
 622 00aa 17       		.uleb128 0x17
 623 00ab 00       		.byte	0
 624 00ac 00       		.byte	0
 625 00ad 0C       		.uleb128 0xc
 626 00ae 2E       		.uleb128 0x2e
 627 00af 01       		.byte	0x1
 628 00b0 3F       		.uleb128 0x3f
 629 00b1 19       		.uleb128 0x19
 630 00b2 03       		.uleb128 0x3
 631 00b3 0E       		.uleb128 0xe
 632 00b4 3A       		.uleb128 0x3a
 633 00b5 0B       		.uleb128 0xb
 634 00b6 3B       		.uleb128 0x3b
 635 00b7 0B       		.uleb128 0xb
 636 00b8 27       		.uleb128 0x27
 637 00b9 19       		.uleb128 0x19
 638 00ba 49       		.uleb128 0x49
 639 00bb 13       		.uleb128 0x13
 640 00bc 11       		.uleb128 0x11
 641 00bd 01       		.uleb128 0x1
 642 00be 12       		.uleb128 0x12
 643 00bf 06       		.uleb128 0x6
 644 00c0 40       		.uleb128 0x40
 645 00c1 18       		.uleb128 0x18
 646 00c2 9742     		.uleb128 0x2117
 647 00c4 19       		.uleb128 0x19
 648 00c5 00       		.byte	0
 649 00c6 00       		.byte	0
ARM GAS  C:\Users\TECHCO~1\AppData\Local\Temp\ccVFBG8L.s 			page 17


 650 00c7 00       		.byte	0
 651              		.section	.debug_loc,"",%progbits
 652              	.Ldebug_loc0:
 653              	.LLST0:
 654 0000 00000000 		.4byte	.LVL0
 655 0004 44000000 		.4byte	.LVL1
 656 0008 0100     		.2byte	0x1
 657 000a 50       		.byte	0x50
 658 000b 44000000 		.4byte	.LVL1
 659 000f 60000000 		.4byte	.LFE0
 660 0013 0400     		.2byte	0x4
 661 0015 F3       		.byte	0xf3
 662 0016 01       		.uleb128 0x1
 663 0017 50       		.byte	0x50
 664 0018 9F       		.byte	0x9f
 665 0019 00000000 		.4byte	0
 666 001d 00000000 		.4byte	0
 667              	.LLST1:
 668 0021 00000000 		.4byte	.LVL4
 669 0025 08000000 		.4byte	.LVL7
 670 0029 0100     		.2byte	0x1
 671 002b 50       		.byte	0x50
 672 002c 08000000 		.4byte	.LVL7
 673 0030 14000000 		.4byte	.LFE4
 674 0034 0400     		.2byte	0x4
 675 0036 F3       		.byte	0xf3
 676 0037 01       		.uleb128 0x1
 677 0038 50       		.byte	0x50
 678 0039 9F       		.byte	0x9f
 679 003a 00000000 		.4byte	0
 680 003e 00000000 		.4byte	0
 681              	.LLST2:
 682 0042 04000000 		.4byte	.LVL5
 683 0046 06000000 		.4byte	.LVL6
 684 004a 0B00     		.2byte	0xb
 685 004c 70       		.byte	0x70
 686 004d 00       		.sleb128 0
 687 004e 0A       		.byte	0xa
 688 004f FFFF     		.2byte	0xffff
 689 0051 1A       		.byte	0x1a
 690 0052 20       		.byte	0x20
 691 0053 73       		.byte	0x73
 692 0054 00       		.sleb128 0
 693 0055 1A       		.byte	0x1a
 694 0056 9F       		.byte	0x9f
 695 0057 00000000 		.4byte	0
 696 005b 00000000 		.4byte	0
 697              		.section	.debug_aranges,"",%progbits
 698 0000 44000000 		.4byte	0x44
 699 0004 0200     		.2byte	0x2
 700 0006 00000000 		.4byte	.Ldebug_info0
 701 000a 04       		.byte	0x4
 702 000b 00       		.byte	0
 703 000c 0000     		.2byte	0
 704 000e 0000     		.2byte	0
 705 0010 00000000 		.4byte	.LFB0
 706 0014 60000000 		.4byte	.LFE0-.LFB0
ARM GAS  C:\Users\TECHCO~1\AppData\Local\Temp\ccVFBG8L.s 			page 18


 707 0018 00000000 		.4byte	.LFB1
 708 001c 18000000 		.4byte	.LFE1-.LFB1
 709 0020 00000000 		.4byte	.LFB2
 710 0024 10000000 		.4byte	.LFE2-.LFB2
 711 0028 00000000 		.4byte	.LFB3
 712 002c 10000000 		.4byte	.LFE3-.LFB3
 713 0030 00000000 		.4byte	.LFB4
 714 0034 14000000 		.4byte	.LFE4-.LFB4
 715 0038 00000000 		.4byte	.LFB5
 716 003c 10000000 		.4byte	.LFE5-.LFB5
 717 0040 00000000 		.4byte	0
 718 0044 00000000 		.4byte	0
 719              		.section	.debug_ranges,"",%progbits
 720              	.Ldebug_ranges0:
 721 0000 00000000 		.4byte	.LFB0
 722 0004 60000000 		.4byte	.LFE0
 723 0008 00000000 		.4byte	.LFB1
 724 000c 18000000 		.4byte	.LFE1
 725 0010 00000000 		.4byte	.LFB2
 726 0014 10000000 		.4byte	.LFE2
 727 0018 00000000 		.4byte	.LFB3
 728 001c 10000000 		.4byte	.LFE3
 729 0020 00000000 		.4byte	.LFB4
 730 0024 14000000 		.4byte	.LFE4
 731 0028 00000000 		.4byte	.LFB5
 732 002c 10000000 		.4byte	.LFE5
 733 0030 00000000 		.4byte	0
 734 0034 00000000 		.4byte	0
 735              		.section	.debug_line,"",%progbits
 736              	.Ldebug_line0:
 737 0000 D1000000 		.section	.debug_str,"MS",%progbits,1
 737      02004500 
 737      00000201 
 737      FB0E0D00 
 737      01010101 
 738              	.LASF16:
 739 0000 4932435F 		.ascii	"I2C_Addr_SetDriveMode\000"
 739      41646472 
 739      5F536574 
 739      44726976 
 739      654D6F64 
 740              	.LASF15:
 741 0016 72656733 		.ascii	"reg32\000"
 741      3200
 742              	.LASF20:
 743 001c 4932435F 		.ascii	"I2C_Addr_Read\000"
 743      41646472 
 743      5F526561 
 743      6400
 744              	.LASF28:
 745 002a 474E5520 		.ascii	"GNU C 4.9.3 20150303 (release) [ARM/embedded-4_9-br"
 745      4320342E 
 745      392E3320 
 745      32303135 
 745      30333033 
 746 005d 616E6368 		.ascii	"anch revision 221220] -mcpu=cortex-m0 -mthumb -g -O"
 746      20726576 
ARM GAS  C:\Users\TECHCO~1\AppData\Local\Temp\ccVFBG8L.s 			page 19


 746      6973696F 
 746      6E203232 
 746      31323230 
 747 0090 73202D66 		.ascii	"s -ffunction-sections -ffat-lto-objects\000"
 747      66756E63 
 747      74696F6E 
 747      2D736563 
 747      74696F6E 
 748              	.LASF19:
 749 00b8 76616C75 		.ascii	"value\000"
 749      6500
 750              	.LASF22:
 751 00be 4932435F 		.ascii	"I2C_Addr_SetInterruptMode\000"
 751      41646472 
 751      5F536574 
 751      496E7465 
 751      72727570 
 752              	.LASF21:
 753 00d8 4932435F 		.ascii	"I2C_Addr_ReadDataReg\000"
 753      41646472 
 753      5F526561 
 753      64446174 
 753      61526567 
 754              	.LASF12:
 755 00ed 666C6F61 		.ascii	"float\000"
 755      7400
 756              	.LASF26:
 757 00f3 4932435F 		.ascii	"I2C_Addr_ClearInterrupt\000"
 757      41646472 
 757      5F436C65 
 757      6172496E 
 757      74657272 
 758              	.LASF1:
 759 010b 756E7369 		.ascii	"unsigned char\000"
 759      676E6564 
 759      20636861 
 759      7200
 760              	.LASF29:
 761 0119 47656E65 		.ascii	"Generated_Source\\PSoC4\\I2C_Addr.c\000"
 761      72617465 
 761      645F536F 
 761      75726365 
 761      5C50536F 
 762              	.LASF5:
 763 013b 6C6F6E67 		.ascii	"long unsigned int\000"
 763      20756E73 
 763      69676E65 
 763      6420696E 
 763      7400
 764              	.LASF3:
 765 014d 73686F72 		.ascii	"short unsigned int\000"
 765      7420756E 
 765      7369676E 
 765      65642069 
 765      6E7400
 766              	.LASF13:
 767 0160 646F7562 		.ascii	"double\000"
ARM GAS  C:\Users\TECHCO~1\AppData\Local\Temp\ccVFBG8L.s 			page 20


 767      6C6500
 768              	.LASF10:
 769 0167 75696E74 		.ascii	"uint16\000"
 769      313600
 770              	.LASF23:
 771 016e 706F7369 		.ascii	"position\000"
 771      74696F6E 
 771      00
 772              	.LASF11:
 773 0177 75696E74 		.ascii	"uint32\000"
 773      333200
 774              	.LASF25:
 775 017e 696E7472 		.ascii	"intrCfg\000"
 775      43666700 
 776              	.LASF8:
 777 0186 756E7369 		.ascii	"unsigned int\000"
 777      676E6564 
 777      20696E74 
 777      00
 778              	.LASF7:
 779 0193 6C6F6E67 		.ascii	"long long unsigned int\000"
 779      206C6F6E 
 779      6720756E 
 779      7369676E 
 779      65642069 
 780              	.LASF18:
 781 01aa 6D6F6465 		.ascii	"mode\000"
 781      00
 782              	.LASF6:
 783 01af 6C6F6E67 		.ascii	"long long int\000"
 783      206C6F6E 
 783      6720696E 
 783      7400
 784              	.LASF27:
 785 01bd 6D61736B 		.ascii	"maskedStatus\000"
 785      65645374 
 785      61747573 
 785      00
 786              	.LASF14:
 787 01ca 63686172 		.ascii	"char\000"
 787      00
 788              	.LASF2:
 789 01cf 73686F72 		.ascii	"short int\000"
 789      7420696E 
 789      7400
 790              	.LASF30:
 791 01d9 433A5C55 		.ascii	"C:\\Users\\Tech Consulting\\Desktop\\PSOC4 projects"
 791      73657273 
 791      5C546563 
 791      6820436F 
 791      6E73756C 
 792 0208 5C537465 		.ascii	"\\Stepper Projects GearBest\\DualStepperController-"
 792      70706572 
 792      2050726F 
 792      6A656374 
 792      73204765 
 793 0239 50536F43 		.ascii	"PSoC4200-GearBest.cydsn\000"
ARM GAS  C:\Users\TECHCO~1\AppData\Local\Temp\ccVFBG8L.s 			page 21


 793      34323030 
 793      2D476561 
 793      72426573 
 793      742E6379 
 794              	.LASF9:
 795 0251 75696E74 		.ascii	"uint8\000"
 795      3800
 796              	.LASF4:
 797 0257 6C6F6E67 		.ascii	"long int\000"
 797      20696E74 
 797      00
 798              	.LASF0:
 799 0260 7369676E 		.ascii	"signed char\000"
 799      65642063 
 799      68617200 
 800              	.LASF24:
 801 026c 64725661 		.ascii	"drVal\000"
 801      6C00
 802              	.LASF17:
 803 0272 4932435F 		.ascii	"I2C_Addr_Write\000"
 803      41646472 
 803      5F577269 
 803      746500
 804              		.ident	"GCC: (GNU Tools for ARM Embedded Processors) 4.9.3 20150303 (release) [ARM/embedded-4_9-br
