ARM GAS  C:\Users\TECHCO~1\AppData\Local\Temp\ccJ1z1pZ.s 			page 1


   1              		.cpu cortex-m0
   2              		.fpu softvfp
   3              		.eabi_attribute 20, 1
   4              		.eabi_attribute 21, 1
   5              		.eabi_attribute 23, 3
   6              		.eabi_attribute 24, 1
   7              		.eabi_attribute 25, 1
   8              		.eabi_attribute 26, 1
   9              		.eabi_attribute 30, 4
  10              		.eabi_attribute 34, 0
  11              		.eabi_attribute 18, 4
  12              		.code	16
  13              		.file	"main.c"
  14              		.text
  15              	.Ltext0:
  16              		.cfi_sections	.debug_frame
  17              		.section	.text.startup.main,"ax",%progbits
  18              		.align	1
  19              		.global	main
  20              		.code	16
  21              		.thumb_func
  22              		.type	main, %function
  23              	main:
  24              	.LFB34:
  25              		.file 1 "main.c"
   1:main.c        **** /* ========================================
   2:main.c        ****  *
   3:main.c        ****  * The following firmware was developed by Cypress Semiconductor
   4:main.c        ****  * This work is licensed under a Creative Commons Attribution 3.0 Unported License.
   5:main.c        ****  * 
   6:main.c        ****  * http://creativecommons.org/licenses/by/3.0/deed.en_US
   7:main.c        ****  * 
   8:main.c        ****  * You are free to:
   9:main.c        ****  * -To Share — to copy, distribute and transmit the work 
  10:main.c        ****  * -To Remix — to adapt the work 
  11:main.c        ****  * -To make commercial use of the work
  12:main.c        ****  *
  13:main.c        **** */
  14:main.c        **** #include <device.h>
  15:main.c        **** #include <global.h>
  16:main.c        **** #include <systemInit.h>
  17:main.c        **** #include <inputScan.h>
  18:main.c        **** #include <Move.h>
  19:main.c        **** #include <INTERNAL_STEP.h>
  20:main.c        **** #include <INTERNAL_STEP_1.h>
  21:main.c        **** #define PH1 3204 //run
  22:main.c        **** #define PH2 4800 //p
  23:main.c        **** #define PH3 8000 //run
  24:main.c        **** #define PH4 9600 //p
  25:main.c        **** #define PH5 16000 //run
  26:main.c        **** #define PH6 17600 //p
  27:main.c        **** #define PH7 24000 //run
  28:main.c        **** #define PH8 27200 //p
  29:main.c        **** #define PH9 28800 //run
  30:main.c        **** #define PH10 32000 //p
  31:main.c        **** #define PH11 33600 //run
  32:main.c        **** #define PH12 36800 //p
ARM GAS  C:\Users\TECHCO~1\AppData\Local\Temp\ccJ1z1pZ.s 			page 2


  33:main.c        **** 
  34:main.c        **** int main() {
  26              		.loc 1 34 0
  27              		.cfi_startproc
  35:main.c        ****     uint16 i[2];
  36:main.c        **** 
  37:main.c        ****     uint8 l_previousStepPulse;
  38:main.c        ****     uint8 l_stepPulse;
  39:main.c        ****     uint8 jm;
  40:main.c        ****     
  41:main.c        ****     i[0] = 0;
  28              		.loc 1 41 0
  29 0000 0023     		mov	r3, #0
  34:main.c        ****     uint16 i[2];
  30              		.loc 1 34 0
  31 0002 F0B5     		push	{r4, r5, r6, r7, lr}
  32              		.cfi_def_cfa_offset 20
  33              		.cfi_offset 4, -20
  34              		.cfi_offset 5, -16
  35              		.cfi_offset 6, -12
  36              		.cfi_offset 7, -8
  37              		.cfi_offset 14, -4
  38 0004 85B0     		sub	sp, sp, #20
  39              		.cfi_def_cfa_offset 40
  40              		.loc 1 41 0
  41 0006 02AA     		add	r2, sp, #8
  42 0008 9380     		strh	r3, [r2, #4]
  42:main.c        ****     i[1] = 0;
  43              		.loc 1 42 0
  44 000a D380     		strh	r3, [r2, #6]
  43:main.c        ****     
  44:main.c        ****     systemInit();
  45              		.loc 1 44 0
  46 000c FFF7FEFF 		bl	systemInit
  47              	.LVL0:
  48              	.L38:
  45:main.c        **** 
  46:main.c        ****     while(1) {
  47:main.c        **** 
  48:main.c        **** //        if(END_STOP_1_Read()) 
  49:main.c        **** //            STATUS_LED_1_Write(0x00);
  50:main.c        **** //        else
  51:main.c        **** //            STATUS_LED_1_Write(0x01);
  52:main.c        **** //
  53:main.c        **** //        if(END_STOP_2_Read()) 
  54:main.c        **** //            STATUS_LED_2_Write(0x00);
  55:main.c        **** //        else
  56:main.c        **** //            STATUS_LED_2_Write(0x01);
  57:main.c        ****         
  58:main.c        ****         
  59:main.c        ****         // Loop on two motors
  60:main.c        ****         for(jm = 1; jm <= 2; jm++) {
  49              		.loc 1 60 0
  50 0010 0125     		mov	r5, #1
  61:main.c        ****             // Assign local variables to for the current motor
  62:main.c        ****             if(jm == 1) {
  63:main.c        ****                 l_previousStepPulse = previousStepPulse;
ARM GAS  C:\Users\TECHCO~1\AppData\Local\Temp\ccJ1z1pZ.s 			page 3


  51              		.loc 1 63 0
  52 0012 5A4B     		ldr	r3, .L53
  53 0014 03AF     		add	r7, sp, #12
  54 0016 1E78     		ldrb	r6, [r3]
  55              	.LVL1:
  64:main.c        ****                 l_stepPulse = stepPulse;
  56              		.loc 1 64 0
  57 0018 594B     		ldr	r3, .L53+4
  58              	.LVL2:
  59              	.L40:
  65:main.c        ****             }
  66:main.c        ****             else {
  67:main.c        ****                 l_previousStepPulse = previousStepPulse1;
  68:main.c        ****                 l_stepPulse = stepPulse1;
  60              		.loc 1 68 0
  61 001a 1B78     		ldrb	r3, [r3]
  69:main.c        ****             }
  70:main.c        **** 
  71:main.c        ****             // Process stepping
  72:main.c        ****             inputScan(jm);
  62              		.loc 1 72 0
  63 001c 281C     		mov	r0, r5
  68:main.c        ****             }
  64              		.loc 1 68 0
  65 001e 0193     		str	r3, [sp, #4]
  66              	.LVL3:
  67              		.loc 1 72 0
  68 0020 FFF7FEFF 		bl	inputScan
  69              	.LVL4:
  73:main.c        ****             
  74:main.c        ****             if (l_previousStepPulse == 0 && l_stepPulse == 1){
  70              		.loc 1 74 0
  71 0024 002E     		cmp	r6, #0
  72 0026 00D0     		beq	.LCB43
  73 0028 9EE0     		b	.L4	@long jump
  74              	.LCB43:
  75              		.loc 1 74 0 is_stmt 0 discriminator 1
  76 002a 019B     		ldr	r3, [sp, #4]
  77 002c 012B     		cmp	r3, #1
  78 002e 00D0     		beq	.LCB47
  79 0030 9AE0     		b	.L4	@long jump
  80              	.LCB47:
  75:main.c        ****       			if (i[jm - 1] < PH1){
  81              		.loc 1 75 0 is_stmt 1
  82 0032 3C88     		ldrh	r4, [r7]
  83 0034 534B     		ldr	r3, .L53+8
  84 0036 9C42     		cmp	r4, r3
  85 0038 05D8     		bhi	.L5
  76:main.c        ****                     if(jm == 1) dirReg = 0; else dirReg1 = 0;
  86              		.loc 1 76 0
  87 003a 534B     		ldr	r3, .L53+12
  88 003c 012D     		cmp	r5, #1
  89 003e 00D0     		beq	.L41
  90              		.loc 1 76 0 is_stmt 0 discriminator 2
  91 0040 524B     		ldr	r3, .L53+16
  92              	.L41:
  93 0042 1E70     		strb	r6, [r3]
ARM GAS  C:\Users\TECHCO~1\AppData\Local\Temp\ccJ1z1pZ.s 			page 4


  94              	.LVL5:
  95 0044 79E0     		b	.L33
  96              	.LVL6:
  97              	.L5:
  77:main.c        ****               		Move(jm);
  78:main.c        ****               		i[jm - 1]++;
  79:main.c        ****       			} // i < PH1
  80:main.c        ****       			else if (PH1 <= i[jm - 1] && i[jm - 1] < PH2){
  98              		.loc 1 80 0 is_stmt 1
  99 0046 524B     		ldr	r3, .L53+20
 100 0048 524A     		ldr	r2, .L53+24
 101 004a E318     		add	r3, r4, r3
 102 004c 9BB2     		uxth	r3, r3
 103 004e 9342     		cmp	r3, r2
 104 0050 76D9     		bls	.L45
  81:main.c        ****        				i[jm - 1]++;
  82:main.c        ****       			} // PH1 <= i < PH2
  83:main.c        ****       			else if (PH2 <= i[jm - 1] && i[jm - 1] < PH3){
 105              		.loc 1 83 0
 106 0052 514B     		ldr	r3, .L53+28
 107 0054 514A     		ldr	r2, .L53+32
 108 0056 E318     		add	r3, r4, r3
 109 0058 9BB2     		uxth	r3, r3
 110 005a 9342     		cmp	r3, r2
 111 005c 05D8     		bhi	.L9
  84:main.c        ****                     if(jm == 1) dirReg = 1; else dirReg1 = 1;
 112              		.loc 1 84 0
 113 005e 012D     		cmp	r5, #1
 114 0060 66D0     		beq	.L47
 115              		.loc 1 84 0 is_stmt 0 discriminator 2
 116 0062 6A46     		mov	r2, sp
 117 0064 494B     		ldr	r3, .L53+16
 118 0066 1279     		ldrb	r2, [r2, #4]
 119 0068 66E0     		b	.L46
 120              	.L9:
  85:main.c        ****        				Move(jm);
  86:main.c        ****        				i[jm - 1]++;
  87:main.c        ****       			} // PH2 <= i < PH3
  88:main.c        ****     			else if (PH3 <= i[jm - 1] && i[jm - 1]< PH4){
 121              		.loc 1 88 0 is_stmt 1
 122 006a 4D4B     		ldr	r3, .L53+36
 123 006c 4D49     		ldr	r1, .L53+40
 124 006e E318     		add	r3, r4, r3
 125 0070 9BB2     		uxth	r3, r3
 126 0072 8B42     		cmp	r3, r1
 127 0074 64D9     		bls	.L45
  89:main.c        ****     				i[jm - 1]++;
  90:main.c        ****     			} // PH3 <= i < PH4
  91:main.c        ****       			else if (PH4 <= i[jm - 1] && i[jm - 1] < PH5){
 128              		.loc 1 91 0
 129 0076 4C4B     		ldr	r3, .L53+44
 130 0078 4C48     		ldr	r0, .L53+48
 131 007a E318     		add	r3, r4, r3
 132 007c 9BB2     		uxth	r3, r3
 133 007e 8342     		cmp	r3, r0
 134 0080 11D8     		bhi	.L13
  92:main.c        ****     				if (i[jm - 1] == PH4){
ARM GAS  C:\Users\TECHCO~1\AppData\Local\Temp\ccJ1z1pZ.s 			page 5


 135              		.loc 1 92 0
 136 0082 9623     		mov	r3, #150
 137 0084 9B01     		lsl	r3, r3, #6
 138 0086 9C42     		cmp	r4, r3
 139 0088 3DD1     		bne	.L25
  93:main.c        ****                         if(jm == 1) {                        
  94:main.c        ****             				INTERNAL_STEP_WritePeriod(2000);
 140              		.loc 1 94 0
 141 008a FA20     		mov	r0, #250
 142 008c C000     		lsl	r0, r0, #3
  93:main.c        ****                         if(jm == 1) {                        
 143              		.loc 1 93 0
 144 008e 012D     		cmp	r5, #1
 145 0090 04D1     		bne	.L15
 146              		.loc 1 94 0
 147 0092 FFF7FEFF 		bl	INTERNAL_STEP_WritePeriod
 148              	.LVL7:
  95:main.c        ****             				INTERNAL_STEP_WriteCompare(1000);
 149              		.loc 1 95 0
 150 0096 FA20     		mov	r0, #250
 151 0098 8000     		lsl	r0, r0, #2
 152 009a 2AE0     		b	.L49
 153              	.L15:
  96:main.c        ****                         } // motor 1
  97:main.c        ****                         else {
  98:main.c        ****             				INTERNAL_STEP_1_WritePeriod(2000);
 154              		.loc 1 98 0
 155 009c FFF7FEFF 		bl	INTERNAL_STEP_1_WritePeriod
 156              	.LVL8:
  99:main.c        ****             				INTERNAL_STEP_1_WriteCompare(1000);
 157              		.loc 1 99 0
 158 00a0 FA20     		mov	r0, #250
 159 00a2 8000     		lsl	r0, r0, #2
 160 00a4 2CE0     		b	.L51
 161              	.L13:
 100:main.c        ****                         } // motor 2
 101:main.c        ****                     } // PH4
 102:main.c        ****                     if(jm == 1) dirReg = 0; else dirReg1 = 0;
 103:main.c        ****        				Move(jm);
 104:main.c        ****        				i[jm - 1]++;
 105:main.c        ****       			} // PH4 <= i < PH5
 106:main.c        ****       			else if (PH5 <= i[jm - 1] && i[jm - 1] < PH6){
 162              		.loc 1 106 0
 163 00a6 424B     		ldr	r3, .L53+52
 164 00a8 E318     		add	r3, r4, r3
 165 00aa 9BB2     		uxth	r3, r3
 166 00ac 8B42     		cmp	r3, r1
 167 00ae 47D9     		bls	.L45
 107:main.c        ****        				i[jm - 1]++;
 108:main.c        ****       			} // PH5 <= i < PH6
 109:main.c        ****       			else if (PH6 <= i[jm - 1] && i[jm - 1] < PH7){
 168              		.loc 1 109 0
 169 00b0 404B     		ldr	r3, .L53+56
 170 00b2 E318     		add	r3, r4, r3
 171 00b4 9BB2     		uxth	r3, r3
 172 00b6 8342     		cmp	r3, r0
 173 00b8 06D8     		bhi	.L20
ARM GAS  C:\Users\TECHCO~1\AppData\Local\Temp\ccJ1z1pZ.s 			page 6


 174 00ba 019B     		ldr	r3, [sp, #4]
 110:main.c        ****                     if(jm == 1) dirReg = 1; else dirReg1 = 1;
 175              		.loc 1 110 0
 176 00bc 324A     		ldr	r2, .L53+12
 177 00be 012D     		cmp	r5, #1
 178 00c0 00D0     		beq	.L43
 179              		.loc 1 110 0 is_stmt 0 discriminator 2
 180 00c2 324A     		ldr	r2, .L53+16
 181              	.L43:
 182 00c4 1370     		strb	r3, [r2]
 183              	.LVL9:
 184 00c6 38E0     		b	.L33
 185              	.LVL10:
 186              	.L20:
 111:main.c        ****        				Move(jm);		
 112:main.c        ****        				i[jm - 1]++;
 113:main.c        ****       			} // PH6 <= i < PH7
 114:main.c        ****       			else if (PH7 <= i[jm - 1] && i[jm - 1] < PH8){
 187              		.loc 1 114 0 is_stmt 1
 188 00c8 3B4B     		ldr	r3, .L53+60
 189 00ca E318     		add	r3, r4, r3
 190 00cc 9BB2     		uxth	r3, r3
 191 00ce 9342     		cmp	r3, r2
 192 00d0 36D9     		bls	.L45
 115:main.c        ****        				i[jm - 1]++;
 116:main.c        ****       			} // PH7 <= i < PH8
 117:main.c        ****       			else if (PH8 <= i[jm - 1] && i[jm - 1] < PH9){
 193              		.loc 1 117 0
 194 00d2 3A4B     		ldr	r3, .L53+64
 195 00d4 E318     		add	r3, r4, r3
 196 00d6 9BB2     		uxth	r3, r3
 197 00d8 8B42     		cmp	r3, r1
 198 00da 1BD8     		bhi	.L24
 118:main.c        ****     				if (i[jm - 1] == PH8){
 199              		.loc 1 118 0
 200 00dc 384B     		ldr	r3, .L53+68
 201 00de 9C42     		cmp	r4, r3
 202 00e0 11D1     		bne	.L25
 119:main.c        ****                         if(jm == 1) {                        
 120:main.c        ****             				INTERNAL_STEP_WritePeriod(4000);
 203              		.loc 1 120 0
 204 00e2 FA20     		mov	r0, #250
 205 00e4 0001     		lsl	r0, r0, #4
 119:main.c        ****                         if(jm == 1) {                        
 206              		.loc 1 119 0
 207 00e6 012D     		cmp	r5, #1
 208 00e8 06D1     		bne	.L26
 209              		.loc 1 120 0
 210 00ea FFF7FEFF 		bl	INTERNAL_STEP_WritePeriod
 211              	.LVL11:
 121:main.c        ****             				INTERNAL_STEP_WriteCompare(2000);
 212              		.loc 1 121 0
 213 00ee FA20     		mov	r0, #250
 214 00f0 C000     		lsl	r0, r0, #3
 215              	.L49:
 216 00f2 FFF7FEFF 		bl	INTERNAL_STEP_WriteCompare
 217              	.LVL12:
ARM GAS  C:\Users\TECHCO~1\AppData\Local\Temp\ccJ1z1pZ.s 			page 7


 218 00f6 08E0     		b	.L27
 219              	.L26:
 122:main.c        ****                         } // motor 1
 123:main.c        ****                         else {
 124:main.c        ****             				INTERNAL_STEP_1_WritePeriod(4000);
 220              		.loc 1 124 0
 221 00f8 FFF7FEFF 		bl	INTERNAL_STEP_1_WritePeriod
 222              	.LVL13:
 125:main.c        ****             				INTERNAL_STEP_1_WriteCompare(2000);
 223              		.loc 1 125 0
 224 00fc FA20     		mov	r0, #250
 225 00fe C000     		lsl	r0, r0, #3
 226              	.L51:
 227 0100 FFF7FEFF 		bl	INTERNAL_STEP_1_WriteCompare
 228              	.LVL14:
 229 0104 04E0     		b	.L28
 230              	.L25:
 126:main.c        ****                         } // motor 2 
 127:main.c        ****                     } // PH8
 128:main.c        ****                     if(jm == 1) dirReg = 0; else dirReg1 = 0;
 231              		.loc 1 128 0
 232 0106 012D     		cmp	r5, #1
 233 0108 02D1     		bne	.L28
 234              	.L27:
 235              		.loc 1 128 0 is_stmt 0 discriminator 1
 236 010a 0022     		mov	r2, #0
 237 010c 1E4B     		ldr	r3, .L53+12
 238 010e 13E0     		b	.L46
 239              	.L28:
 240              		.loc 1 128 0 discriminator 2
 241 0110 0022     		mov	r2, #0
 242 0112 10E0     		b	.L48
 243              	.L24:
 129:main.c        ****        				Move(jm);
 130:main.c        ****        				i[jm - 1]++;
 131:main.c        ****       			} // PH8 <= i < PH9
 132:main.c        ****       			else if (PH9 <= i[jm - 1] && i[jm - 1] < PH10){
 244              		.loc 1 132 0 is_stmt 1
 245 0114 2B4B     		ldr	r3, .L53+72
 246 0116 E318     		add	r3, r4, r3
 247 0118 9BB2     		uxth	r3, r3
 248 011a 9342     		cmp	r3, r2
 249 011c 10D9     		bls	.L45
 133:main.c        ****        				i[jm - 1]++;
 134:main.c        ****       			} // PH9 <= i < PH10
 135:main.c        ****       			else if (PH10 <= i[jm - 1] && i[jm - 1] < PH11){
 250              		.loc 1 135 0
 251 011e 2A4B     		ldr	r3, .L53+76
 252 0120 204A     		ldr	r2, .L53+40
 253 0122 E318     		add	r3, r4, r3
 254 0124 9BB2     		uxth	r3, r3
 255 0126 9342     		cmp	r3, r2
 256 0128 0DD8     		bhi	.L31
 136:main.c        ****                     if(jm == 1) dirReg = 1; else dirReg1 = 1;
 257              		.loc 1 136 0
 258 012a 0122     		mov	r2, #1
 259 012c 012D     		cmp	r5, #1
ARM GAS  C:\Users\TECHCO~1\AppData\Local\Temp\ccJ1z1pZ.s 			page 8


 260 012e 02D1     		bne	.L48
 261              	.L47:
 262              		.loc 1 136 0 is_stmt 0 discriminator 1
 263 0130 154B     		ldr	r3, .L53+12
 264 0132 1D70     		strb	r5, [r3]
 265 0134 01E0     		b	.L33
 266              	.L48:
 267              		.loc 1 136 0 discriminator 2
 268 0136 154B     		ldr	r3, .L53+16
 269              	.L46:
 270 0138 1A70     		strb	r2, [r3]
 271              	.LVL15:
 272              	.L33:
 137:main.c        ****     				Move(jm);
 273              		.loc 1 137 0 is_stmt 1
 274 013a 281C     		mov	r0, r5
 275 013c FFF7FEFF 		bl	Move
 276              	.LVL16:
 277              	.L45:
 138:main.c        ****     				i[jm - 1]++;
 278              		.loc 1 138 0
 279 0140 0134     		add	r4, r4, #1
 280 0142 3C80     		strh	r4, [r7]
 281 0144 10E0     		b	.L4
 282              	.LVL17:
 283              	.L31:
 139:main.c        ****       			} // PH10 <= i < PH11
 140:main.c        ****       			else if (PH11 <= i[jm - 1] && i[jm - 1] < PH12){
 284              		.loc 1 140 0
 285 0146 214B     		ldr	r3, .L53+80
 286 0148 144A     		ldr	r2, .L53+32
 287 014a E318     		add	r3, r4, r3
 288 014c 9BB2     		uxth	r3, r3
 289 014e 9342     		cmp	r3, r2
 290 0150 F6D9     		bls	.L45
 141:main.c        ****        				i[jm - 1]++;
 142:main.c        ****       			} // PH11 <= i < PH12
 143:main.c        ****       			else {
 144:main.c        ****                     if(jm == 1) dirReg = 1; else dirReg1 = 1;
 291              		.loc 1 144 0
 292 0152 012D     		cmp	r5, #1
 293 0154 02D1     		bne	.L35
 294              		.loc 1 144 0 is_stmt 0 discriminator 1
 295 0156 0C4B     		ldr	r3, .L53+12
 296 0158 1D70     		strb	r5, [r3]
 297 015a 02E0     		b	.L36
 298              	.L35:
 299              		.loc 1 144 0 discriminator 2
 300 015c 0122     		mov	r2, #1
 301 015e 0B4B     		ldr	r3, .L53+16
 302 0160 1A70     		strb	r2, [r3]
 303              	.L36:
 145:main.c        ****        				Move(jm);
 304              		.loc 1 145 0 is_stmt 1
 305 0162 281C     		mov	r0, r5
 306 0164 FFF7FEFF 		bl	Move
 307              	.LVL18:
ARM GAS  C:\Users\TECHCO~1\AppData\Local\Temp\ccJ1z1pZ.s 			page 9


 308              	.L4:
 309 0168 0237     		add	r7, r7, #2
  60:main.c        ****             // Assign local variables to for the current motor
 310              		.loc 1 60 0 discriminator 2
 311 016a 022D     		cmp	r5, #2
 312 016c 00D1     		bne	.LCB270
 313 016e 4FE7     		b	.L38	@long jump
 314              	.LCB270:
  67:main.c        ****                 l_stepPulse = stepPulse1;
 315              		.loc 1 67 0
 316 0170 174B     		ldr	r3, .L53+84
 317 0172 0225     		mov	r5, #2
 318              	.LVL19:
 319 0174 1E78     		ldrb	r6, [r3]
 320              	.LVL20:
  68:main.c        ****             }
 321              		.loc 1 68 0
 322 0176 174B     		ldr	r3, .L53+88
 323 0178 4FE7     		b	.L40
 324              	.L54:
 325 017a C046     		.align	2
 326              	.L53:
 327 017c 00000000 		.word	previousStepPulse
 328 0180 00000000 		.word	stepPulse
 329 0184 830C0000 		.word	3203
 330 0188 00000000 		.word	dirReg
 331 018c 00000000 		.word	dirReg1
 332 0190 7CF3FFFF 		.word	-3204
 333 0194 3B060000 		.word	1595
 334 0198 40EDFFFF 		.word	-4800
 335 019c 7F0C0000 		.word	3199
 336 01a0 C0E0FFFF 		.word	-8000
 337 01a4 3F060000 		.word	1599
 338 01a8 80DAFFFF 		.word	-9600
 339 01ac FF180000 		.word	6399
 340 01b0 80C1FFFF 		.word	-16000
 341 01b4 40BBFFFF 		.word	-17600
 342 01b8 40A2FFFF 		.word	-24000
 343 01bc C095FFFF 		.word	-27200
 344 01c0 406A0000 		.word	27200
 345 01c4 808FFFFF 		.word	-28800
 346 01c8 0083FFFF 		.word	-32000
 347 01cc C07C0000 		.word	31936
 348 01d0 00000000 		.word	previousStepPulse1
 349 01d4 00000000 		.word	stepPulse1
 350              		.cfi_endproc
 351              	.LFE34:
 352              		.size	main, .-main
 353              		.global	sineTable
 354              		.comm	pwmB1,1,1
 355              		.comm	pwmA1,1,1
 356              		.comm	pwmB,1,1
 357              		.comm	pwmA,1,1
 358              		.comm	dirReg1,1,1
 359              		.comm	dirReg,1,1
 360              		.comm	previousStepPulse1,1,1
 361              		.comm	previousStepPulse,1,1
ARM GAS  C:\Users\TECHCO~1\AppData\Local\Temp\ccJ1z1pZ.s 			page 10


 362              		.comm	stepPulse1,1,1
 363              		.comm	stepPulse,1,1
 364              		.comm	phase1,1,1
 365              		.comm	phase,1,1
 366              		.comm	FullScale1,1,1
 367              		.comm	FullScale,1,1
 368              		.comm	previousDivider1,1,1
 369              		.comm	previousDivider,1,1
 370              		.comm	step1,1,1
 371              		.comm	step,1,1
 372              		.comm	divider1,1,1
 373              		.comm	divider,1,1
 374              		.comm	currentStepB1,1,1
 375              		.comm	currentStepA1,1,1
 376              		.comm	currentStepB,1,1
 377              		.comm	currentStepA,1,1
 378              		.section	.rodata
 379              		.type	sineTable, %object
 380              		.size	sineTable, 17
 381              	sineTable:
 382 0000 64       		.byte	100
 383 0001 73       		.byte	115
 384 0002 82       		.byte	-126
 385 0003 91       		.byte	-111
 386 0004 9F       		.byte	-97
 387 0005 AD       		.byte	-83
 388 0006 BA       		.byte	-70
 389 0007 C6       		.byte	-58
 390 0008 D2       		.byte	-46
 391 0009 DC       		.byte	-36
 392 000a E5       		.byte	-27
 393 000b ED       		.byte	-19
 394 000c F3       		.byte	-13
 395 000d F8       		.byte	-8
 396 000e FC       		.byte	-4
 397 000f FE       		.byte	-2
 398 0010 FF       		.byte	-1
 399              		.text
 400              	.Letext0:
 401              		.file 2 "Generated_Source\\PSoC4/cytypes.h"
 402              		.file 3 "./Move.h"
 403              		.file 4 "./inputScan.h"
 404              		.file 5 "./systemInit.h"
 405              		.file 6 "./global.h"
 406              		.file 7 "Generated_Source\\PSoC4/INTERNAL_STEP.h"
 407              		.file 8 "Generated_Source\\PSoC4/INTERNAL_STEP_1.h"
 408              		.section	.debug_info,"",%progbits
 409              	.Ldebug_info0:
 410 0000 B8030000 		.4byte	0x3b8
 411 0004 0400     		.2byte	0x4
 412 0006 00000000 		.4byte	.Ldebug_abbrev0
 413 000a 04       		.byte	0x4
 414 000b 01       		.uleb128 0x1
 415 000c E9000000 		.4byte	.LASF49
 416 0010 01       		.byte	0x1
 417 0011 2C020000 		.4byte	.LASF50
 418 0015 4C020000 		.4byte	.LASF51
ARM GAS  C:\Users\TECHCO~1\AppData\Local\Temp\ccJ1z1pZ.s 			page 11


 419 0019 00000000 		.4byte	.Ldebug_ranges0+0
 420 001d 00000000 		.4byte	0
 421 0021 00000000 		.4byte	.Ldebug_line0
 422 0025 02       		.uleb128 0x2
 423 0026 01       		.byte	0x1
 424 0027 06       		.byte	0x6
 425 0028 DE010000 		.4byte	.LASF0
 426 002c 02       		.uleb128 0x2
 427 002d 01       		.byte	0x1
 428 002e 08       		.byte	0x8
 429 002f B6000000 		.4byte	.LASF1
 430 0033 02       		.uleb128 0x2
 431 0034 02       		.byte	0x2
 432 0035 05       		.byte	0x5
 433 0036 42020000 		.4byte	.LASF2
 434 003a 02       		.uleb128 0x2
 435 003b 02       		.byte	0x2
 436 003c 07       		.byte	0x7
 437 003d 1A030000 		.4byte	.LASF3
 438 0041 02       		.uleb128 0x2
 439 0042 04       		.byte	0x4
 440 0043 05       		.byte	0x5
 441 0044 F4020000 		.4byte	.LASF4
 442 0048 02       		.uleb128 0x2
 443 0049 04       		.byte	0x4
 444 004a 07       		.byte	0x7
 445 004b C9000000 		.4byte	.LASF5
 446 004f 02       		.uleb128 0x2
 447 0050 08       		.byte	0x8
 448 0051 05       		.byte	0x5
 449 0052 1E020000 		.4byte	.LASF6
 450 0056 02       		.uleb128 0x2
 451 0057 08       		.byte	0x8
 452 0058 07       		.byte	0x7
 453 0059 C7010000 		.4byte	.LASF7
 454 005d 03       		.uleb128 0x3
 455 005e 04       		.byte	0x4
 456 005f 05       		.byte	0x5
 457 0060 696E7400 		.ascii	"int\000"
 458 0064 02       		.uleb128 0x2
 459 0065 04       		.byte	0x4
 460 0066 07       		.byte	0x7
 461 0067 A9010000 		.4byte	.LASF8
 462 006b 04       		.uleb128 0x4
 463 006c C4020000 		.4byte	.LASF9
 464 0070 02       		.byte	0x2
 465 0071 B901     		.2byte	0x1b9
 466 0073 2C000000 		.4byte	0x2c
 467 0077 04       		.uleb128 0x4
 468 0078 8E010000 		.4byte	.LASF10
 469 007c 02       		.byte	0x2
 470 007d BA01     		.2byte	0x1ba
 471 007f 3A000000 		.4byte	0x3a
 472 0083 02       		.uleb128 0x2
 473 0084 04       		.byte	0x4
 474 0085 04       		.byte	0x4
 475 0086 B0000000 		.4byte	.LASF11
ARM GAS  C:\Users\TECHCO~1\AppData\Local\Temp\ccJ1z1pZ.s 			page 12


 476 008a 02       		.uleb128 0x2
 477 008b 08       		.byte	0x8
 478 008c 04       		.byte	0x4
 479 008d 77010000 		.4byte	.LASF12
 480 0091 02       		.uleb128 0x2
 481 0092 01       		.byte	0x1
 482 0093 08       		.byte	0x8
 483 0094 33020000 		.4byte	.LASF13
 484 0098 02       		.uleb128 0x2
 485 0099 04       		.byte	0x4
 486 009a 07       		.byte	0x7
 487 009b 15020000 		.4byte	.LASF14
 488 009f 05       		.uleb128 0x5
 489 00a0 84010000 		.4byte	.LASF52
 490 00a4 01       		.byte	0x1
 491 00a5 22       		.byte	0x22
 492 00a6 5D000000 		.4byte	0x5d
 493 00aa 00000000 		.4byte	.LFB34
 494 00ae D8010000 		.4byte	.LFE34-.LFB34
 495 00b2 01       		.uleb128 0x1
 496 00b3 9C       		.byte	0x9c
 497 00b4 7E010000 		.4byte	0x17e
 498 00b8 06       		.uleb128 0x6
 499 00b9 6900     		.ascii	"i\000"
 500 00bb 01       		.byte	0x1
 501 00bc 23       		.byte	0x23
 502 00bd 7E010000 		.4byte	0x17e
 503 00c1 02       		.uleb128 0x2
 504 00c2 91       		.byte	0x91
 505 00c3 64       		.sleb128 -28
 506 00c4 07       		.uleb128 0x7
 507 00c5 4E000000 		.4byte	.LASF15
 508 00c9 01       		.byte	0x1
 509 00ca 25       		.byte	0x25
 510 00cb 6B000000 		.4byte	0x6b
 511 00cf 01       		.uleb128 0x1
 512 00d0 56       		.byte	0x56
 513 00d1 08       		.uleb128 0x8
 514 00d2 80000000 		.4byte	.LASF16
 515 00d6 01       		.byte	0x1
 516 00d7 26       		.byte	0x26
 517 00d8 6B000000 		.4byte	0x6b
 518 00dc 00000000 		.4byte	.LLST0
 519 00e0 09       		.uleb128 0x9
 520 00e1 6A6D00   		.ascii	"jm\000"
 521 00e4 01       		.byte	0x1
 522 00e5 27       		.byte	0x27
 523 00e6 6B000000 		.4byte	0x6b
 524 00ea 38000000 		.4byte	.LLST1
 525 00ee 0A       		.uleb128 0xa
 526 00ef 10000000 		.4byte	.LVL0
 527 00f3 4C030000 		.4byte	0x34c
 528 00f7 0B       		.uleb128 0xb
 529 00f8 24000000 		.4byte	.LVL4
 530 00fc 59030000 		.4byte	0x359
 531 0100 0B010000 		.4byte	0x10b
 532 0104 0C       		.uleb128 0xc
ARM GAS  C:\Users\TECHCO~1\AppData\Local\Temp\ccJ1z1pZ.s 			page 13


 533 0105 01       		.uleb128 0x1
 534 0106 50       		.byte	0x50
 535 0107 02       		.uleb128 0x2
 536 0108 75       		.byte	0x75
 537 0109 00       		.sleb128 0
 538 010a 00       		.byte	0
 539 010b 0B       		.uleb128 0xb
 540 010c 96000000 		.4byte	.LVL7
 541 0110 6A030000 		.4byte	0x36a
 542 0114 20010000 		.4byte	0x120
 543 0118 0C       		.uleb128 0xc
 544 0119 01       		.uleb128 0x1
 545 011a 50       		.byte	0x50
 546 011b 03       		.uleb128 0x3
 547 011c 0A       		.byte	0xa
 548 011d D007     		.2byte	0x7d0
 549 011f 00       		.byte	0
 550 0120 0A       		.uleb128 0xa
 551 0121 A0000000 		.4byte	.LVL8
 552 0125 7B030000 		.4byte	0x37b
 553 0129 0B       		.uleb128 0xb
 554 012a EE000000 		.4byte	.LVL11
 555 012e 6A030000 		.4byte	0x36a
 556 0132 3E010000 		.4byte	0x13e
 557 0136 0C       		.uleb128 0xc
 558 0137 01       		.uleb128 0x1
 559 0138 50       		.byte	0x50
 560 0139 03       		.uleb128 0x3
 561 013a 0A       		.byte	0xa
 562 013b A00F     		.2byte	0xfa0
 563 013d 00       		.byte	0
 564 013e 0A       		.uleb128 0xa
 565 013f F6000000 		.4byte	.LVL12
 566 0143 8C030000 		.4byte	0x38c
 567 0147 0A       		.uleb128 0xa
 568 0148 FC000000 		.4byte	.LVL13
 569 014c 7B030000 		.4byte	0x37b
 570 0150 0A       		.uleb128 0xa
 571 0151 04010000 		.4byte	.LVL14
 572 0155 9D030000 		.4byte	0x39d
 573 0159 0B       		.uleb128 0xb
 574 015a 40010000 		.4byte	.LVL16
 575 015e AE030000 		.4byte	0x3ae
 576 0162 6D010000 		.4byte	0x16d
 577 0166 0C       		.uleb128 0xc
 578 0167 01       		.uleb128 0x1
 579 0168 50       		.byte	0x50
 580 0169 02       		.uleb128 0x2
 581 016a 75       		.byte	0x75
 582 016b 00       		.sleb128 0
 583 016c 00       		.byte	0
 584 016d 0D       		.uleb128 0xd
 585 016e 68010000 		.4byte	.LVL18
 586 0172 AE030000 		.4byte	0x3ae
 587 0176 0C       		.uleb128 0xc
 588 0177 01       		.uleb128 0x1
 589 0178 50       		.byte	0x50
ARM GAS  C:\Users\TECHCO~1\AppData\Local\Temp\ccJ1z1pZ.s 			page 14


 590 0179 02       		.uleb128 0x2
 591 017a 75       		.byte	0x75
 592 017b 00       		.sleb128 0
 593 017c 00       		.byte	0
 594 017d 00       		.byte	0
 595 017e 0E       		.uleb128 0xe
 596 017f 77000000 		.4byte	0x77
 597 0183 8E010000 		.4byte	0x18e
 598 0187 0F       		.uleb128 0xf
 599 0188 98000000 		.4byte	0x98
 600 018c 01       		.byte	0x1
 601 018d 00       		.byte	0
 602 018e 10       		.uleb128 0x10
 603 018f 34000000 		.4byte	.LASF17
 604 0193 03       		.byte	0x3
 605 0194 10       		.byte	0x10
 606 0195 6B000000 		.4byte	0x6b
 607 0199 05       		.uleb128 0x5
 608 019a 03       		.byte	0x3
 609 019b 00000000 		.4byte	currentStepA
 610 019f 10       		.uleb128 0x10
 611 01a0 41000000 		.4byte	.LASF18
 612 01a4 03       		.byte	0x3
 613 01a5 11       		.byte	0x11
 614 01a6 6B000000 		.4byte	0x6b
 615 01aa 05       		.uleb128 0x5
 616 01ab 03       		.byte	0x3
 617 01ac 00000000 		.4byte	currentStepB
 618 01b0 10       		.uleb128 0x10
 619 01b1 EA010000 		.4byte	.LASF19
 620 01b5 03       		.byte	0x3
 621 01b6 19       		.byte	0x19
 622 01b7 6B000000 		.4byte	0x6b
 623 01bb 05       		.uleb128 0x5
 624 01bc 03       		.byte	0x3
 625 01bd 00000000 		.4byte	currentStepA1
 626 01c1 10       		.uleb128 0x10
 627 01c2 8C000000 		.4byte	.LASF20
 628 01c6 03       		.byte	0x3
 629 01c7 1A       		.byte	0x1a
 630 01c8 6B000000 		.4byte	0x6b
 631 01cc 05       		.uleb128 0x5
 632 01cd 03       		.byte	0x3
 633 01ce 00000000 		.4byte	currentStepB1
 634 01d2 10       		.uleb128 0x10
 635 01d3 DB000000 		.4byte	.LASF21
 636 01d7 03       		.byte	0x3
 637 01d8 12       		.byte	0x12
 638 01d9 6B000000 		.4byte	0x6b
 639 01dd 05       		.uleb128 0x5
 640 01de 03       		.byte	0x3
 641 01df 00000000 		.4byte	divider
 642 01e3 10       		.uleb128 0x10
 643 01e4 95010000 		.4byte	.LASF22
 644 01e8 03       		.byte	0x3
 645 01e9 1B       		.byte	0x1b
 646 01ea 6B000000 		.4byte	0x6b
ARM GAS  C:\Users\TECHCO~1\AppData\Local\Temp\ccJ1z1pZ.s 			page 15


 647 01ee 05       		.uleb128 0x5
 648 01ef 03       		.byte	0x3
 649 01f0 00000000 		.4byte	divider1
 650 01f4 10       		.uleb128 0x10
 651 01f5 62000000 		.4byte	.LASF23
 652 01f9 03       		.byte	0x3
 653 01fa 16       		.byte	0x16
 654 01fb 6B000000 		.4byte	0x6b
 655 01ff 05       		.uleb128 0x5
 656 0200 03       		.byte	0x3
 657 0201 00000000 		.4byte	step
 658 0205 10       		.uleb128 0x10
 659 0206 2D030000 		.4byte	.LASF24
 660 020a 03       		.byte	0x3
 661 020b 1F       		.byte	0x1f
 662 020c 6B000000 		.4byte	0x6b
 663 0210 05       		.uleb128 0x5
 664 0211 03       		.byte	0x3
 665 0212 00000000 		.4byte	step1
 666 0216 10       		.uleb128 0x10
 667 0217 E4020000 		.4byte	.LASF25
 668 021b 03       		.byte	0x3
 669 021c 13       		.byte	0x13
 670 021d 6B000000 		.4byte	0x6b
 671 0221 05       		.uleb128 0x5
 672 0222 03       		.byte	0x3
 673 0223 00000000 		.4byte	previousDivider
 674 0227 10       		.uleb128 0x10
 675 0228 B6010000 		.4byte	.LASF26
 676 022c 03       		.byte	0x3
 677 022d 1C       		.byte	0x1c
 678 022e 6B000000 		.4byte	0x6b
 679 0232 05       		.uleb128 0x5
 680 0233 03       		.byte	0x3
 681 0234 00000000 		.4byte	previousDivider1
 682 0238 10       		.uleb128 0x10
 683 0239 6E000000 		.4byte	.LASF27
 684 023d 03       		.byte	0x3
 685 023e 14       		.byte	0x14
 686 023f 6B000000 		.4byte	0x6b
 687 0243 05       		.uleb128 0x5
 688 0244 03       		.byte	0x3
 689 0245 00000000 		.4byte	FullScale
 690 0249 10       		.uleb128 0x10
 691 024a 9A000000 		.4byte	.LASF28
 692 024e 03       		.byte	0x3
 693 024f 1D       		.byte	0x1d
 694 0250 6B000000 		.4byte	0x6b
 695 0254 05       		.uleb128 0x5
 696 0255 03       		.byte	0x3
 697 0256 00000000 		.4byte	FullScale1
 698 025a 10       		.uleb128 0x10
 699 025b E3000000 		.4byte	.LASF29
 700 025f 03       		.byte	0x3
 701 0260 15       		.byte	0x15
 702 0261 6B000000 		.4byte	0x6b
 703 0265 05       		.uleb128 0x5
ARM GAS  C:\Users\TECHCO~1\AppData\Local\Temp\ccJ1z1pZ.s 			page 16


 704 0266 03       		.byte	0x3
 705 0267 00000000 		.4byte	phase
 706 026b 10       		.uleb128 0x10
 707 026c 2D000000 		.4byte	.LASF30
 708 0270 03       		.byte	0x3
 709 0271 1E       		.byte	0x1e
 710 0272 6B000000 		.4byte	0x6b
 711 0276 05       		.uleb128 0x5
 712 0277 03       		.byte	0x3
 713 0278 00000000 		.4byte	phase1
 714 027c 10       		.uleb128 0x10
 715 027d 10030000 		.4byte	.LASF31
 716 0281 04       		.byte	0x4
 717 0282 19       		.byte	0x19
 718 0283 6B000000 		.4byte	0x6b
 719 0287 05       		.uleb128 0x5
 720 0288 03       		.byte	0x3
 721 0289 00000000 		.4byte	stepPulse
 722 028d 10       		.uleb128 0x10
 723 028e 9E010000 		.4byte	.LASF32
 724 0292 04       		.byte	0x4
 725 0293 1D       		.byte	0x1d
 726 0294 6B000000 		.4byte	0x6b
 727 0298 05       		.uleb128 0x5
 728 0299 03       		.byte	0x3
 729 029a 00000000 		.4byte	stepPulse1
 730 029e 10       		.uleb128 0x10
 731 029f 1B000000 		.4byte	.LASF33
 732 02a3 04       		.byte	0x4
 733 02a4 1A       		.byte	0x1a
 734 02a5 6B000000 		.4byte	0x6b
 735 02a9 05       		.uleb128 0x5
 736 02aa 03       		.byte	0x3
 737 02ab 00000000 		.4byte	previousStepPulse
 738 02af 10       		.uleb128 0x10
 739 02b0 FD020000 		.4byte	.LASF34
 740 02b4 04       		.byte	0x4
 741 02b5 1E       		.byte	0x1e
 742 02b6 6B000000 		.4byte	0x6b
 743 02ba 05       		.uleb128 0x5
 744 02bb 03       		.byte	0x3
 745 02bc 00000000 		.4byte	previousStepPulse1
 746 02c0 10       		.uleb128 0x10
 747 02c1 67000000 		.4byte	.LASF35
 748 02c5 03       		.byte	0x3
 749 02c6 17       		.byte	0x17
 750 02c7 6B000000 		.4byte	0x6b
 751 02cb 05       		.uleb128 0x5
 752 02cc 03       		.byte	0x3
 753 02cd 00000000 		.4byte	dirReg
 754 02d1 10       		.uleb128 0x10
 755 02d2 78000000 		.4byte	.LASF36
 756 02d6 03       		.byte	0x3
 757 02d7 20       		.byte	0x20
 758 02d8 6B000000 		.4byte	0x6b
 759 02dc 05       		.uleb128 0x5
 760 02dd 03       		.byte	0x3
ARM GAS  C:\Users\TECHCO~1\AppData\Local\Temp\ccJ1z1pZ.s 			page 17


 761 02de 00000000 		.4byte	dirReg1
 762 02e2 10       		.uleb128 0x10
 763 02e3 89010000 		.4byte	.LASF37
 764 02e7 05       		.byte	0x5
 765 02e8 1F       		.byte	0x1f
 766 02e9 6B000000 		.4byte	0x6b
 767 02ed 05       		.uleb128 0x5
 768 02ee 03       		.byte	0x3
 769 02ef 00000000 		.4byte	pwmA
 770 02f3 10       		.uleb128 0x10
 771 02f4 39030000 		.4byte	.LASF38
 772 02f8 05       		.byte	0x5
 773 02f9 20       		.byte	0x20
 774 02fa 6B000000 		.4byte	0x6b
 775 02fe 05       		.uleb128 0x5
 776 02ff 03       		.byte	0x3
 777 0300 00000000 		.4byte	pwmB
 778 0304 10       		.uleb128 0x10
 779 0305 33030000 		.4byte	.LASF39
 780 0309 05       		.byte	0x5
 781 030a 21       		.byte	0x21
 782 030b 6B000000 		.4byte	0x6b
 783 030f 05       		.uleb128 0x5
 784 0310 03       		.byte	0x3
 785 0311 00000000 		.4byte	pwmA1
 786 0315 10       		.uleb128 0x10
 787 0316 7E010000 		.4byte	.LASF40
 788 031a 05       		.byte	0x5
 789 031b 22       		.byte	0x22
 790 031c 6B000000 		.4byte	0x6b
 791 0320 05       		.uleb128 0x5
 792 0321 03       		.byte	0x3
 793 0322 00000000 		.4byte	pwmB1
 794 0326 0E       		.uleb128 0xe
 795 0327 6B000000 		.4byte	0x6b
 796 032b 36030000 		.4byte	0x336
 797 032f 0F       		.uleb128 0xf
 798 0330 98000000 		.4byte	0x98
 799 0334 10       		.byte	0x10
 800 0335 00       		.byte	0
 801 0336 10       		.uleb128 0x10
 802 0337 3E030000 		.4byte	.LASF41
 803 033b 06       		.byte	0x6
 804 033c 2C       		.byte	0x2c
 805 033d 47030000 		.4byte	0x347
 806 0341 05       		.uleb128 0x5
 807 0342 03       		.byte	0x3
 808 0343 00000000 		.4byte	sineTable
 809 0347 11       		.uleb128 0x11
 810 0348 26030000 		.4byte	0x326
 811 034c 12       		.uleb128 0x12
 812 034d A5000000 		.4byte	.LASF47
 813 0351 05       		.byte	0x5
 814 0352 26       		.byte	0x26
 815 0353 59030000 		.4byte	0x359
 816 0357 13       		.uleb128 0x13
 817 0358 00       		.byte	0
ARM GAS  C:\Users\TECHCO~1\AppData\Local\Temp\ccJ1z1pZ.s 			page 18


 818 0359 14       		.uleb128 0x14
 819 035a 38020000 		.4byte	.LASF42
 820 035e 04       		.byte	0x4
 821 035f 21       		.byte	0x21
 822 0360 6A030000 		.4byte	0x36a
 823 0364 15       		.uleb128 0x15
 824 0365 6B000000 		.4byte	0x6b
 825 0369 00       		.byte	0
 826 036a 14       		.uleb128 0x14
 827 036b CA020000 		.4byte	.LASF43
 828 036f 07       		.byte	0x7
 829 0370 BE       		.byte	0xbe
 830 0371 7B030000 		.4byte	0x37b
 831 0375 15       		.uleb128 0x15
 832 0376 77000000 		.4byte	0x77
 833 037a 00       		.byte	0
 834 037b 14       		.uleb128 0x14
 835 037c 48030000 		.4byte	.LASF44
 836 0380 08       		.byte	0x8
 837 0381 BE       		.byte	0xbe
 838 0382 8C030000 		.4byte	0x38c
 839 0386 15       		.uleb128 0x15
 840 0387 77000000 		.4byte	0x77
 841 038b 00       		.byte	0
 842 038c 14       		.uleb128 0x14
 843 038d 00000000 		.4byte	.LASF45
 844 0391 07       		.byte	0x7
 845 0392 C3       		.byte	0xc3
 846 0393 9D030000 		.4byte	0x39d
 847 0397 15       		.uleb128 0x15
 848 0398 77000000 		.4byte	0x77
 849 039c 00       		.byte	0
 850 039d 14       		.uleb128 0x14
 851 039e F8010000 		.4byte	.LASF46
 852 03a2 08       		.byte	0x8
 853 03a3 C3       		.byte	0xc3
 854 03a4 AE030000 		.4byte	0x3ae
 855 03a8 15       		.uleb128 0x15
 856 03a9 77000000 		.4byte	0x77
 857 03ad 00       		.byte	0
 858 03ae 16       		.uleb128 0x16
 859 03af C4000000 		.4byte	.LASF48
 860 03b3 03       		.byte	0x3
 861 03b4 22       		.byte	0x22
 862 03b5 15       		.uleb128 0x15
 863 03b6 6B000000 		.4byte	0x6b
 864 03ba 00       		.byte	0
 865 03bb 00       		.byte	0
 866              		.section	.debug_abbrev,"",%progbits
 867              	.Ldebug_abbrev0:
 868 0000 01       		.uleb128 0x1
 869 0001 11       		.uleb128 0x11
 870 0002 01       		.byte	0x1
 871 0003 25       		.uleb128 0x25
 872 0004 0E       		.uleb128 0xe
 873 0005 13       		.uleb128 0x13
 874 0006 0B       		.uleb128 0xb
ARM GAS  C:\Users\TECHCO~1\AppData\Local\Temp\ccJ1z1pZ.s 			page 19


 875 0007 03       		.uleb128 0x3
 876 0008 0E       		.uleb128 0xe
 877 0009 1B       		.uleb128 0x1b
 878 000a 0E       		.uleb128 0xe
 879 000b 55       		.uleb128 0x55
 880 000c 17       		.uleb128 0x17
 881 000d 11       		.uleb128 0x11
 882 000e 01       		.uleb128 0x1
 883 000f 10       		.uleb128 0x10
 884 0010 17       		.uleb128 0x17
 885 0011 00       		.byte	0
 886 0012 00       		.byte	0
 887 0013 02       		.uleb128 0x2
 888 0014 24       		.uleb128 0x24
 889 0015 00       		.byte	0
 890 0016 0B       		.uleb128 0xb
 891 0017 0B       		.uleb128 0xb
 892 0018 3E       		.uleb128 0x3e
 893 0019 0B       		.uleb128 0xb
 894 001a 03       		.uleb128 0x3
 895 001b 0E       		.uleb128 0xe
 896 001c 00       		.byte	0
 897 001d 00       		.byte	0
 898 001e 03       		.uleb128 0x3
 899 001f 24       		.uleb128 0x24
 900 0020 00       		.byte	0
 901 0021 0B       		.uleb128 0xb
 902 0022 0B       		.uleb128 0xb
 903 0023 3E       		.uleb128 0x3e
 904 0024 0B       		.uleb128 0xb
 905 0025 03       		.uleb128 0x3
 906 0026 08       		.uleb128 0x8
 907 0027 00       		.byte	0
 908 0028 00       		.byte	0
 909 0029 04       		.uleb128 0x4
 910 002a 16       		.uleb128 0x16
 911 002b 00       		.byte	0
 912 002c 03       		.uleb128 0x3
 913 002d 0E       		.uleb128 0xe
 914 002e 3A       		.uleb128 0x3a
 915 002f 0B       		.uleb128 0xb
 916 0030 3B       		.uleb128 0x3b
 917 0031 05       		.uleb128 0x5
 918 0032 49       		.uleb128 0x49
 919 0033 13       		.uleb128 0x13
 920 0034 00       		.byte	0
 921 0035 00       		.byte	0
 922 0036 05       		.uleb128 0x5
 923 0037 2E       		.uleb128 0x2e
 924 0038 01       		.byte	0x1
 925 0039 3F       		.uleb128 0x3f
 926 003a 19       		.uleb128 0x19
 927 003b 03       		.uleb128 0x3
 928 003c 0E       		.uleb128 0xe
 929 003d 3A       		.uleb128 0x3a
 930 003e 0B       		.uleb128 0xb
 931 003f 3B       		.uleb128 0x3b
ARM GAS  C:\Users\TECHCO~1\AppData\Local\Temp\ccJ1z1pZ.s 			page 20


 932 0040 0B       		.uleb128 0xb
 933 0041 49       		.uleb128 0x49
 934 0042 13       		.uleb128 0x13
 935 0043 11       		.uleb128 0x11
 936 0044 01       		.uleb128 0x1
 937 0045 12       		.uleb128 0x12
 938 0046 06       		.uleb128 0x6
 939 0047 40       		.uleb128 0x40
 940 0048 18       		.uleb128 0x18
 941 0049 9742     		.uleb128 0x2117
 942 004b 19       		.uleb128 0x19
 943 004c 01       		.uleb128 0x1
 944 004d 13       		.uleb128 0x13
 945 004e 00       		.byte	0
 946 004f 00       		.byte	0
 947 0050 06       		.uleb128 0x6
 948 0051 34       		.uleb128 0x34
 949 0052 00       		.byte	0
 950 0053 03       		.uleb128 0x3
 951 0054 08       		.uleb128 0x8
 952 0055 3A       		.uleb128 0x3a
 953 0056 0B       		.uleb128 0xb
 954 0057 3B       		.uleb128 0x3b
 955 0058 0B       		.uleb128 0xb
 956 0059 49       		.uleb128 0x49
 957 005a 13       		.uleb128 0x13
 958 005b 02       		.uleb128 0x2
 959 005c 18       		.uleb128 0x18
 960 005d 00       		.byte	0
 961 005e 00       		.byte	0
 962 005f 07       		.uleb128 0x7
 963 0060 34       		.uleb128 0x34
 964 0061 00       		.byte	0
 965 0062 03       		.uleb128 0x3
 966 0063 0E       		.uleb128 0xe
 967 0064 3A       		.uleb128 0x3a
 968 0065 0B       		.uleb128 0xb
 969 0066 3B       		.uleb128 0x3b
 970 0067 0B       		.uleb128 0xb
 971 0068 49       		.uleb128 0x49
 972 0069 13       		.uleb128 0x13
 973 006a 02       		.uleb128 0x2
 974 006b 18       		.uleb128 0x18
 975 006c 00       		.byte	0
 976 006d 00       		.byte	0
 977 006e 08       		.uleb128 0x8
 978 006f 34       		.uleb128 0x34
 979 0070 00       		.byte	0
 980 0071 03       		.uleb128 0x3
 981 0072 0E       		.uleb128 0xe
 982 0073 3A       		.uleb128 0x3a
 983 0074 0B       		.uleb128 0xb
 984 0075 3B       		.uleb128 0x3b
 985 0076 0B       		.uleb128 0xb
 986 0077 49       		.uleb128 0x49
 987 0078 13       		.uleb128 0x13
 988 0079 02       		.uleb128 0x2
ARM GAS  C:\Users\TECHCO~1\AppData\Local\Temp\ccJ1z1pZ.s 			page 21


 989 007a 17       		.uleb128 0x17
 990 007b 00       		.byte	0
 991 007c 00       		.byte	0
 992 007d 09       		.uleb128 0x9
 993 007e 34       		.uleb128 0x34
 994 007f 00       		.byte	0
 995 0080 03       		.uleb128 0x3
 996 0081 08       		.uleb128 0x8
 997 0082 3A       		.uleb128 0x3a
 998 0083 0B       		.uleb128 0xb
 999 0084 3B       		.uleb128 0x3b
 1000 0085 0B       		.uleb128 0xb
 1001 0086 49       		.uleb128 0x49
 1002 0087 13       		.uleb128 0x13
 1003 0088 02       		.uleb128 0x2
 1004 0089 17       		.uleb128 0x17
 1005 008a 00       		.byte	0
 1006 008b 00       		.byte	0
 1007 008c 0A       		.uleb128 0xa
 1008 008d 898201   		.uleb128 0x4109
 1009 0090 00       		.byte	0
 1010 0091 11       		.uleb128 0x11
 1011 0092 01       		.uleb128 0x1
 1012 0093 31       		.uleb128 0x31
 1013 0094 13       		.uleb128 0x13
 1014 0095 00       		.byte	0
 1015 0096 00       		.byte	0
 1016 0097 0B       		.uleb128 0xb
 1017 0098 898201   		.uleb128 0x4109
 1018 009b 01       		.byte	0x1
 1019 009c 11       		.uleb128 0x11
 1020 009d 01       		.uleb128 0x1
 1021 009e 31       		.uleb128 0x31
 1022 009f 13       		.uleb128 0x13
 1023 00a0 01       		.uleb128 0x1
 1024 00a1 13       		.uleb128 0x13
 1025 00a2 00       		.byte	0
 1026 00a3 00       		.byte	0
 1027 00a4 0C       		.uleb128 0xc
 1028 00a5 8A8201   		.uleb128 0x410a
 1029 00a8 00       		.byte	0
 1030 00a9 02       		.uleb128 0x2
 1031 00aa 18       		.uleb128 0x18
 1032 00ab 9142     		.uleb128 0x2111
 1033 00ad 18       		.uleb128 0x18
 1034 00ae 00       		.byte	0
 1035 00af 00       		.byte	0
 1036 00b0 0D       		.uleb128 0xd
 1037 00b1 898201   		.uleb128 0x4109
 1038 00b4 01       		.byte	0x1
 1039 00b5 11       		.uleb128 0x11
 1040 00b6 01       		.uleb128 0x1
 1041 00b7 31       		.uleb128 0x31
 1042 00b8 13       		.uleb128 0x13
 1043 00b9 00       		.byte	0
 1044 00ba 00       		.byte	0
 1045 00bb 0E       		.uleb128 0xe
ARM GAS  C:\Users\TECHCO~1\AppData\Local\Temp\ccJ1z1pZ.s 			page 22


 1046 00bc 01       		.uleb128 0x1
 1047 00bd 01       		.byte	0x1
 1048 00be 49       		.uleb128 0x49
 1049 00bf 13       		.uleb128 0x13
 1050 00c0 01       		.uleb128 0x1
 1051 00c1 13       		.uleb128 0x13
 1052 00c2 00       		.byte	0
 1053 00c3 00       		.byte	0
 1054 00c4 0F       		.uleb128 0xf
 1055 00c5 21       		.uleb128 0x21
 1056 00c6 00       		.byte	0
 1057 00c7 49       		.uleb128 0x49
 1058 00c8 13       		.uleb128 0x13
 1059 00c9 2F       		.uleb128 0x2f
 1060 00ca 0B       		.uleb128 0xb
 1061 00cb 00       		.byte	0
 1062 00cc 00       		.byte	0
 1063 00cd 10       		.uleb128 0x10
 1064 00ce 34       		.uleb128 0x34
 1065 00cf 00       		.byte	0
 1066 00d0 03       		.uleb128 0x3
 1067 00d1 0E       		.uleb128 0xe
 1068 00d2 3A       		.uleb128 0x3a
 1069 00d3 0B       		.uleb128 0xb
 1070 00d4 3B       		.uleb128 0x3b
 1071 00d5 0B       		.uleb128 0xb
 1072 00d6 49       		.uleb128 0x49
 1073 00d7 13       		.uleb128 0x13
 1074 00d8 3F       		.uleb128 0x3f
 1075 00d9 19       		.uleb128 0x19
 1076 00da 02       		.uleb128 0x2
 1077 00db 18       		.uleb128 0x18
 1078 00dc 00       		.byte	0
 1079 00dd 00       		.byte	0
 1080 00de 11       		.uleb128 0x11
 1081 00df 26       		.uleb128 0x26
 1082 00e0 00       		.byte	0
 1083 00e1 49       		.uleb128 0x49
 1084 00e2 13       		.uleb128 0x13
 1085 00e3 00       		.byte	0
 1086 00e4 00       		.byte	0
 1087 00e5 12       		.uleb128 0x12
 1088 00e6 2E       		.uleb128 0x2e
 1089 00e7 01       		.byte	0x1
 1090 00e8 3F       		.uleb128 0x3f
 1091 00e9 19       		.uleb128 0x19
 1092 00ea 03       		.uleb128 0x3
 1093 00eb 0E       		.uleb128 0xe
 1094 00ec 3A       		.uleb128 0x3a
 1095 00ed 0B       		.uleb128 0xb
 1096 00ee 3B       		.uleb128 0x3b
 1097 00ef 0B       		.uleb128 0xb
 1098 00f0 3C       		.uleb128 0x3c
 1099 00f1 19       		.uleb128 0x19
 1100 00f2 01       		.uleb128 0x1
 1101 00f3 13       		.uleb128 0x13
 1102 00f4 00       		.byte	0
ARM GAS  C:\Users\TECHCO~1\AppData\Local\Temp\ccJ1z1pZ.s 			page 23


 1103 00f5 00       		.byte	0
 1104 00f6 13       		.uleb128 0x13
 1105 00f7 18       		.uleb128 0x18
 1106 00f8 00       		.byte	0
 1107 00f9 00       		.byte	0
 1108 00fa 00       		.byte	0
 1109 00fb 14       		.uleb128 0x14
 1110 00fc 2E       		.uleb128 0x2e
 1111 00fd 01       		.byte	0x1
 1112 00fe 3F       		.uleb128 0x3f
 1113 00ff 19       		.uleb128 0x19
 1114 0100 03       		.uleb128 0x3
 1115 0101 0E       		.uleb128 0xe
 1116 0102 3A       		.uleb128 0x3a
 1117 0103 0B       		.uleb128 0xb
 1118 0104 3B       		.uleb128 0x3b
 1119 0105 0B       		.uleb128 0xb
 1120 0106 27       		.uleb128 0x27
 1121 0107 19       		.uleb128 0x19
 1122 0108 3C       		.uleb128 0x3c
 1123 0109 19       		.uleb128 0x19
 1124 010a 01       		.uleb128 0x1
 1125 010b 13       		.uleb128 0x13
 1126 010c 00       		.byte	0
 1127 010d 00       		.byte	0
 1128 010e 15       		.uleb128 0x15
 1129 010f 05       		.uleb128 0x5
 1130 0110 00       		.byte	0
 1131 0111 49       		.uleb128 0x49
 1132 0112 13       		.uleb128 0x13
 1133 0113 00       		.byte	0
 1134 0114 00       		.byte	0
 1135 0115 16       		.uleb128 0x16
 1136 0116 2E       		.uleb128 0x2e
 1137 0117 01       		.byte	0x1
 1138 0118 3F       		.uleb128 0x3f
 1139 0119 19       		.uleb128 0x19
 1140 011a 03       		.uleb128 0x3
 1141 011b 0E       		.uleb128 0xe
 1142 011c 3A       		.uleb128 0x3a
 1143 011d 0B       		.uleb128 0xb
 1144 011e 3B       		.uleb128 0x3b
 1145 011f 0B       		.uleb128 0xb
 1146 0120 27       		.uleb128 0x27
 1147 0121 19       		.uleb128 0x19
 1148 0122 3C       		.uleb128 0x3c
 1149 0123 19       		.uleb128 0x19
 1150 0124 00       		.byte	0
 1151 0125 00       		.byte	0
 1152 0126 00       		.byte	0
 1153              		.section	.debug_loc,"",%progbits
 1154              	.Ldebug_loc0:
 1155              	.LLST0:
 1156 0000 20000000 		.4byte	.LVL3
 1157 0004 44000000 		.4byte	.LVL5
 1158 0008 0200     		.2byte	0x2
 1159 000a 91       		.byte	0x91
ARM GAS  C:\Users\TECHCO~1\AppData\Local\Temp\ccJ1z1pZ.s 			page 24


 1160 000b 5C       		.sleb128 -36
 1161 000c 46000000 		.4byte	.LVL6
 1162 0010 C6000000 		.4byte	.LVL9
 1163 0014 0200     		.2byte	0x2
 1164 0016 91       		.byte	0x91
 1165 0017 5C       		.sleb128 -36
 1166 0018 C8000000 		.4byte	.LVL10
 1167 001c 3A010000 		.4byte	.LVL15
 1168 0020 0200     		.2byte	0x2
 1169 0022 91       		.byte	0x91
 1170 0023 5C       		.sleb128 -36
 1171 0024 46010000 		.4byte	.LVL17
 1172 0028 68010000 		.4byte	.LVL18
 1173 002c 0200     		.2byte	0x2
 1174 002e 91       		.byte	0x91
 1175 002f 5C       		.sleb128 -36
 1176 0030 00000000 		.4byte	0
 1177 0034 00000000 		.4byte	0
 1178              	.LLST1:
 1179 0038 10000000 		.4byte	.LVL0
 1180 003c 1A000000 		.4byte	.LVL2
 1181 0040 0200     		.2byte	0x2
 1182 0042 31       		.byte	0x31
 1183 0043 9F       		.byte	0x9f
 1184 0044 68010000 		.4byte	.LVL18
 1185 0048 74010000 		.4byte	.LVL19
 1186 004c 0300     		.2byte	0x3
 1187 004e 75       		.byte	0x75
 1188 004f 01       		.sleb128 1
 1189 0050 9F       		.byte	0x9f
 1190 0051 00000000 		.4byte	0
 1191 0055 00000000 		.4byte	0
 1192              		.section	.debug_aranges,"",%progbits
 1193 0000 1C000000 		.4byte	0x1c
 1194 0004 0200     		.2byte	0x2
 1195 0006 00000000 		.4byte	.Ldebug_info0
 1196 000a 04       		.byte	0x4
 1197 000b 00       		.byte	0
 1198 000c 0000     		.2byte	0
 1199 000e 0000     		.2byte	0
 1200 0010 00000000 		.4byte	.LFB34
 1201 0014 D8010000 		.4byte	.LFE34-.LFB34
 1202 0018 00000000 		.4byte	0
 1203 001c 00000000 		.4byte	0
 1204              		.section	.debug_ranges,"",%progbits
 1205              	.Ldebug_ranges0:
 1206 0000 00000000 		.4byte	.LFB34
 1207 0004 D8010000 		.4byte	.LFE34
 1208 0008 00000000 		.4byte	0
 1209 000c 00000000 		.4byte	0
 1210              		.section	.debug_line,"",%progbits
 1211              	.Ldebug_line0:
 1212 0000 39010000 		.section	.debug_str,"MS",%progbits,1
 1212      0200A600 
 1212      00000201 
 1212      FB0E0D00 
 1212      01010101 
ARM GAS  C:\Users\TECHCO~1\AppData\Local\Temp\ccJ1z1pZ.s 			page 25


 1213              	.LASF45:
 1214 0000 494E5445 		.ascii	"INTERNAL_STEP_WriteCompare\000"
 1214      524E414C 
 1214      5F535445 
 1214      505F5772 
 1214      69746543 
 1215              	.LASF33:
 1216 001b 70726576 		.ascii	"previousStepPulse\000"
 1216      696F7573 
 1216      53746570 
 1216      50756C73 
 1216      6500
 1217              	.LASF30:
 1218 002d 70686173 		.ascii	"phase1\000"
 1218      653100
 1219              	.LASF17:
 1220 0034 63757272 		.ascii	"currentStepA\000"
 1220      656E7453 
 1220      74657041 
 1220      00
 1221              	.LASF18:
 1222 0041 63757272 		.ascii	"currentStepB\000"
 1222      656E7453 
 1222      74657042 
 1222      00
 1223              	.LASF15:
 1224 004e 6C5F7072 		.ascii	"l_previousStepPulse\000"
 1224      6576696F 
 1224      75735374 
 1224      65705075 
 1224      6C736500 
 1225              	.LASF23:
 1226 0062 73746570 		.ascii	"step\000"
 1226      00
 1227              	.LASF35:
 1228 0067 64697252 		.ascii	"dirReg\000"
 1228      656700
 1229              	.LASF27:
 1230 006e 46756C6C 		.ascii	"FullScale\000"
 1230      5363616C 
 1230      6500
 1231              	.LASF36:
 1232 0078 64697252 		.ascii	"dirReg1\000"
 1232      65673100 
 1233              	.LASF16:
 1234 0080 6C5F7374 		.ascii	"l_stepPulse\000"
 1234      65705075 
 1234      6C736500 
 1235              	.LASF20:
 1236 008c 63757272 		.ascii	"currentStepB1\000"
 1236      656E7453 
 1236      74657042 
 1236      3100
 1237              	.LASF28:
 1238 009a 46756C6C 		.ascii	"FullScale1\000"
 1238      5363616C 
 1238      653100
ARM GAS  C:\Users\TECHCO~1\AppData\Local\Temp\ccJ1z1pZ.s 			page 26


 1239              	.LASF47:
 1240 00a5 73797374 		.ascii	"systemInit\000"
 1240      656D496E 
 1240      697400
 1241              	.LASF11:
 1242 00b0 666C6F61 		.ascii	"float\000"
 1242      7400
 1243              	.LASF1:
 1244 00b6 756E7369 		.ascii	"unsigned char\000"
 1244      676E6564 
 1244      20636861 
 1244      7200
 1245              	.LASF48:
 1246 00c4 4D6F7665 		.ascii	"Move\000"
 1246      00
 1247              	.LASF5:
 1248 00c9 6C6F6E67 		.ascii	"long unsigned int\000"
 1248      20756E73 
 1248      69676E65 
 1248      6420696E 
 1248      7400
 1249              	.LASF21:
 1250 00db 64697669 		.ascii	"divider\000"
 1250      64657200 
 1251              	.LASF29:
 1252 00e3 70686173 		.ascii	"phase\000"
 1252      6500
 1253              	.LASF49:
 1254 00e9 474E5520 		.ascii	"GNU C 4.9.3 20150303 (release) [ARM/embedded-4_9-br"
 1254      4320342E 
 1254      392E3320 
 1254      32303135 
 1254      30333033 
 1255 011c 616E6368 		.ascii	"anch revision 221220] -mcpu=cortex-m0 -mthumb -g -O"
 1255      20726576 
 1255      6973696F 
 1255      6E203232 
 1255      31323230 
 1256 014f 73202D66 		.ascii	"s -ffunction-sections -ffat-lto-objects\000"
 1256      66756E63 
 1256      74696F6E 
 1256      2D736563 
 1256      74696F6E 
 1257              	.LASF12:
 1258 0177 646F7562 		.ascii	"double\000"
 1258      6C6500
 1259              	.LASF40:
 1260 017e 70776D42 		.ascii	"pwmB1\000"
 1260      3100
 1261              	.LASF52:
 1262 0184 6D61696E 		.ascii	"main\000"
 1262      00
 1263              	.LASF37:
 1264 0189 70776D41 		.ascii	"pwmA\000"
 1264      00
 1265              	.LASF10:
 1266 018e 75696E74 		.ascii	"uint16\000"
ARM GAS  C:\Users\TECHCO~1\AppData\Local\Temp\ccJ1z1pZ.s 			page 27


 1266      313600
 1267              	.LASF22:
 1268 0195 64697669 		.ascii	"divider1\000"
 1268      64657231 
 1268      00
 1269              	.LASF32:
 1270 019e 73746570 		.ascii	"stepPulse1\000"
 1270      50756C73 
 1270      653100
 1271              	.LASF8:
 1272 01a9 756E7369 		.ascii	"unsigned int\000"
 1272      676E6564 
 1272      20696E74 
 1272      00
 1273              	.LASF26:
 1274 01b6 70726576 		.ascii	"previousDivider1\000"
 1274      696F7573 
 1274      44697669 
 1274      64657231 
 1274      00
 1275              	.LASF7:
 1276 01c7 6C6F6E67 		.ascii	"long long unsigned int\000"
 1276      206C6F6E 
 1276      6720756E 
 1276      7369676E 
 1276      65642069 
 1277              	.LASF0:
 1278 01de 7369676E 		.ascii	"signed char\000"
 1278      65642063 
 1278      68617200 
 1279              	.LASF19:
 1280 01ea 63757272 		.ascii	"currentStepA1\000"
 1280      656E7453 
 1280      74657041 
 1280      3100
 1281              	.LASF46:
 1282 01f8 494E5445 		.ascii	"INTERNAL_STEP_1_WriteCompare\000"
 1282      524E414C 
 1282      5F535445 
 1282      505F315F 
 1282      57726974 
 1283              	.LASF14:
 1284 0215 73697A65 		.ascii	"sizetype\000"
 1284      74797065 
 1284      00
 1285              	.LASF6:
 1286 021e 6C6F6E67 		.ascii	"long long int\000"
 1286      206C6F6E 
 1286      6720696E 
 1286      7400
 1287              	.LASF50:
 1288 022c 6D61696E 		.ascii	"main.c\000"
 1288      2E6300
 1289              	.LASF13:
 1290 0233 63686172 		.ascii	"char\000"
 1290      00
 1291              	.LASF42:
ARM GAS  C:\Users\TECHCO~1\AppData\Local\Temp\ccJ1z1pZ.s 			page 28


 1292 0238 696E7075 		.ascii	"inputScan\000"
 1292      74536361 
 1292      6E00
 1293              	.LASF2:
 1294 0242 73686F72 		.ascii	"short int\000"
 1294      7420696E 
 1294      7400
 1295              	.LASF51:
 1296 024c 433A5C55 		.ascii	"C:\\Users\\Tech Consulting\\Desktop\\PSOC4 projects"
 1296      73657273 
 1296      5C546563 
 1296      6820436F 
 1296      6E73756C 
 1297 027b 5C537465 		.ascii	"\\Stepper Projects GearBest\\DualStepperController-"
 1297      70706572 
 1297      2050726F 
 1297      6A656374 
 1297      73204765 
 1298 02ac 50536F43 		.ascii	"PSoC4200-GearBest.cydsn\000"
 1298      34323030 
 1298      2D476561 
 1298      72426573 
 1298      742E6379 
 1299              	.LASF9:
 1300 02c4 75696E74 		.ascii	"uint8\000"
 1300      3800
 1301              	.LASF43:
 1302 02ca 494E5445 		.ascii	"INTERNAL_STEP_WritePeriod\000"
 1302      524E414C 
 1302      5F535445 
 1302      505F5772 
 1302      69746550 
 1303              	.LASF25:
 1304 02e4 70726576 		.ascii	"previousDivider\000"
 1304      696F7573 
 1304      44697669 
 1304      64657200 
 1305              	.LASF4:
 1306 02f4 6C6F6E67 		.ascii	"long int\000"
 1306      20696E74 
 1306      00
 1307              	.LASF34:
 1308 02fd 70726576 		.ascii	"previousStepPulse1\000"
 1308      696F7573 
 1308      53746570 
 1308      50756C73 
 1308      653100
 1309              	.LASF31:
 1310 0310 73746570 		.ascii	"stepPulse\000"
 1310      50756C73 
 1310      6500
 1311              	.LASF3:
 1312 031a 73686F72 		.ascii	"short unsigned int\000"
 1312      7420756E 
 1312      7369676E 
 1312      65642069 
 1312      6E7400
ARM GAS  C:\Users\TECHCO~1\AppData\Local\Temp\ccJ1z1pZ.s 			page 29


 1313              	.LASF24:
 1314 032d 73746570 		.ascii	"step1\000"
 1314      3100
 1315              	.LASF39:
 1316 0333 70776D41 		.ascii	"pwmA1\000"
 1316      3100
 1317              	.LASF38:
 1318 0339 70776D42 		.ascii	"pwmB\000"
 1318      00
 1319              	.LASF41:
 1320 033e 73696E65 		.ascii	"sineTable\000"
 1320      5461626C 
 1320      6500
 1321              	.LASF44:
 1322 0348 494E5445 		.ascii	"INTERNAL_STEP_1_WritePeriod\000"
 1322      524E414C 
 1322      5F535445 
 1322      505F315F 
 1322      57726974 
 1323              		.ident	"GCC: (GNU Tools for ARM Embedded Processors) 4.9.3 20150303 (release) [ARM/embedded-4_9-br
