ARM GAS  C:\Users\TECHCO~1\AppData\Local\Temp\ccGBe3k6.s 			page 1


   1              		.cpu cortex-m0
   2              		.fpu softvfp
   3              		.eabi_attribute 20, 1
   4              		.eabi_attribute 21, 1
   5              		.eabi_attribute 23, 3
   6              		.eabi_attribute 24, 1
   7              		.eabi_attribute 25, 1
   8              		.eabi_attribute 26, 1
   9              		.eabi_attribute 30, 4
  10              		.eabi_attribute 34, 0
  11              		.eabi_attribute 18, 4
  12              		.code	16
  13              		.file	"Move.c"
  14              		.text
  15              	.Ltext0:
  16              		.cfi_sections	.debug_frame
  17              		.section	.text.Move,"ax",%progbits
  18              		.align	1
  19              		.global	Move
  20              		.code	16
  21              		.thumb_func
  22              		.type	Move, %function
  23              	Move:
  24              	.LFB0:
  25              		.file 1 "Move.c"
   1:Move.c        **** /* ========================================
   2:Move.c        ****  *
   3:Move.c        ****  * Copyright YOUR COMPANY, THE YEAR
   4:Move.c        ****  * All Rights Reserved
   5:Move.c        ****  * UNPUBLISHED, LICENSED SOFTWARE.
   6:Move.c        ****  *
   7:Move.c        ****  * CONFIDENTIAL AND PROPRIETARY INFORMATION
   8:Move.c        ****  * WHICH IS THE PROPERTY OF your company.
   9:Move.c        ****  *
  10:Move.c        ****  * ========================================
  11:Move.c        **** */
  12:Move.c        **** 
  13:Move.c        **** /* [] END OF FILE */
  14:Move.c        **** #include <Move.h>
  15:Move.c        **** #include <TCPWM_1.h>
  16:Move.c        **** #include <TCPWM_2.h>
  17:Move.c        **** #include <TCPWM_3.h>
  18:Move.c        **** #include <TCPWM_4.h>
  19:Move.c        **** #include <genSine.h>
  20:Move.c        **** void Move(uint8 motor) {
  26              		.loc 1 20 0
  27              		.cfi_startproc
  28              	.LVL0:
  29 0000 F8B5     		push	{r3, r4, r5, r6, r7, lr}
  30              		.cfi_def_cfa_offset 24
  31              		.cfi_offset 3, -24
  32              		.cfi_offset 4, -20
  33              		.cfi_offset 5, -16
  34              		.cfi_offset 6, -12
  35              		.cfi_offset 7, -8
  36              		.cfi_offset 14, -4
  37              		.loc 1 20 0
ARM GAS  C:\Users\TECHCO~1\AppData\Local\Temp\ccGBe3k6.s 			page 2


  38 0002 041E     		sub	r4, r0, #0
  21:Move.c        ****     
  22:Move.c        ****     if(motor == 1) {
  39              		.loc 1 22 0
  40 0004 012C     		cmp	r4, #1
  41 0006 55D1     		bne	.L2
  23:Move.c        ****         if(divider != previousDivider) {
  42              		.loc 1 23 0
  43 0008 564B     		ldr	r3, .L43
  44 000a 574A     		ldr	r2, .L43+4
  45 000c 1B78     		ldrb	r3, [r3]
  46 000e 1278     		ldrb	r2, [r2]
  47 0010 564E     		ldr	r6, .L43+8
  48 0012 574D     		ldr	r5, .L43+12
  49 0014 574F     		ldr	r7, .L43+16
  50 0016 9A42     		cmp	r2, r3
  51 0018 16D0     		beq	.L3
  24:Move.c        ****         //reset the step is the divider number is changed
  25:Move.c        ****     		switch(divider) {
  52              		.loc 1 25 0
  53 001a 042B     		cmp	r3, #4
  54 001c 0BD0     		beq	.L5
  55 001e 03D8     		bhi	.L6
  26:Move.c        ****     			case 2:
  27:Move.c        ****     			    step = 8;
  56              		.loc 1 27 0
  57 0020 0822     		mov	r2, #8
  25:Move.c        ****     			case 2:
  58              		.loc 1 25 0
  59 0022 022B     		cmp	r3, #2
  60 0024 0BD0     		beq	.L38
  61 0026 24E0     		b	.L13
  62              	.L6:
  63 0028 082B     		cmp	r3, #8
  64 002a 07D0     		beq	.L8
  65 002c 102B     		cmp	r3, #16
  66 002e 20D1     		bne	.L13
  28:Move.c        ****     			    FullScale = 16;
  29:Move.c        ****     			break;
  30:Move.c        ****     		    case 4:
  31:Move.c        ****     			    step = 4;
  32:Move.c        ****     			    FullScale = 16;
  33:Move.c        ****     			break;
  34:Move.c        ****     			case 8:
  35:Move.c        ****     				step = 2;
  36:Move.c        ****     				FullScale = 16;
  37:Move.c        ****     			break;
  38:Move.c        ****     			case 16:
  39:Move.c        ****     				step = 1;
  67              		.loc 1 39 0
  68 0030 514A     		ldr	r2, .L43+20
  69 0032 1070     		strb	r0, [r2]
  70 0034 06E0     		b	.L32
  71              	.L5:
  31:Move.c        ****     			    FullScale = 16;
  72              		.loc 1 31 0
  73 0036 504A     		ldr	r2, .L43+20
ARM GAS  C:\Users\TECHCO~1\AppData\Local\Temp\ccGBe3k6.s 			page 3


  74 0038 1370     		strb	r3, [r2]
  75 003a 02E0     		b	.L39
  76              	.L8:
  35:Move.c        ****     				FullScale = 16;
  77              		.loc 1 35 0
  78 003c 0222     		mov	r2, #2
  79              	.L38:
  80 003e 4E4B     		ldr	r3, .L43+20
  81 0040 1A70     		strb	r2, [r3]
  82              	.L39:
  36:Move.c        ****     			break;
  83              		.loc 1 36 0
  84 0042 1023     		mov	r3, #16
  85              	.L32:
  40:Move.c        ****     				FullScale = 16;
  86              		.loc 1 40 0
  87 0044 3370     		strb	r3, [r6]
  41:Move.c        ****     			break;
  88              		.loc 1 41 0
  89 0046 14E0     		b	.L13
  90              	.L3:
  42:Move.c        ****     			default:
  43:Move.c        ****     			break;
  44:Move.c        ****             } // Step settings
  45:Move.c        ****             currentStepA = 0;
  46:Move.c        ****             // CHA and CHB have 90 degree phase delay
  47:Move.c        ****     	    if(currentStepA < FullScale) {
  48:Move.c        ****     		    currentStepB = currentStepA + FullScale;
  49:Move.c        ****     	    } // Step A smaller than FullScale
  50:Move.c        ****     	    else if(currentStepA >= FullScale) {
  51:Move.c        ****     			currentStepB = currentStepA - FullScale;
  52:Move.c        ****     	    } // stap A greater than FullScale
  53:Move.c        ****         } // Divider changed (!= previous divider)
  54:Move.c        ****         else { // nomal operation
  55:Move.c        ****         //The total step is 2 times to the fullscale
  56:Move.c        ****     	    phaseMove(motor);
  91              		.loc 1 56 0
  92 0048 FFF7FEFF 		bl	phaseMove
  93              	.LVL1:
  57:Move.c        ****         	phaseControl(phase, motor);
  94              		.loc 1 57 0
  95 004c 4B4B     		ldr	r3, .L43+24
  96 004e 211C     		mov	r1, r4
  97 0050 1878     		ldrb	r0, [r3]
  98 0052 FFF7FEFF 		bl	phaseControl
  99              	.LVL2:
  58:Move.c        ****         	if(dirReg == 1) { //Clockwise 
 100              		.loc 1 58 0
 101 0056 4A4B     		ldr	r3, .L43+28
 102 0058 4749     		ldr	r1, .L43+20
 103 005a 1B78     		ldrb	r3, [r3]
 104 005c 012B     		cmp	r3, #1
 105 005e 0AD1     		bne	.L12
  59:Move.c        ****     			if (currentStepA < (FullScale-step+FullScale)) {
 106              		.loc 1 59 0
 107 0060 3278     		ldrb	r2, [r6]
 108 0062 0978     		ldrb	r1, [r1]
ARM GAS  C:\Users\TECHCO~1\AppData\Local\Temp\ccGBe3k6.s 			page 4


 109 0064 2B78     		ldrb	r3, [r5]
 110 0066 501A     		sub	r0, r2, r1
 111 0068 8218     		add	r2, r0, r2
 112 006a 9342     		cmp	r3, r2
 113 006c 01DA     		bge	.L13
  60:Move.c        ****     				currentStepA = currentStepA +step;
 114              		.loc 1 60 0
 115 006e CB18     		add	r3, r1, r3
 116 0070 0BE0     		b	.L33
 117              	.L13:
  61:Move.c        ****     			}
  62:Move.c        ****     			else {
  63:Move.c        ****     				currentStepA = 0;
 118              		.loc 1 63 0
 119 0072 0023     		mov	r3, #0
 120 0074 09E0     		b	.L33
 121              	.L12:
  64:Move.c        ****     			}
  65:Move.c        ****     		} // Clockwise direction
  66:Move.c        ****             else { // Counterclockwise
  67:Move.c        ****     			if (currentStepA>=step) {
 122              		.loc 1 67 0
 123 0076 2A78     		ldrb	r2, [r5]
 124 0078 0978     		ldrb	r1, [r1]
 125 007a 8A42     		cmp	r2, r1
 126 007c 02D3     		bcc	.L14
  68:Move.c        ****     				currentStepA = currentStepA - step;
 127              		.loc 1 68 0
 128 007e 521A     		sub	r2, r2, r1
 129 0080 2A70     		strb	r2, [r5]
 130 0082 03E0     		b	.L11
 131              	.L14:
  69:Move.c        ****     			}
  70:Move.c        ****     			else {
  71:Move.c        ****     				currentStepA = FullScale-step+FullScale;
 132              		.loc 1 71 0
 133 0084 3378     		ldrb	r3, [r6]
 134 0086 5B00     		lsl	r3, r3, #1
 135 0088 5B1A     		sub	r3, r3, r1
 136              	.L33:
 137 008a 2B70     		strb	r3, [r5]
 138              	.L11:
  72:Move.c        ****     			}
  73:Move.c        ****     		} // Counterclockwise direction
  74:Move.c        ****         } // Divider unchanged, normal operation
  75:Move.c        ****     	
  76:Move.c        ****     	if(currentStepA < FullScale) {
 139              		.loc 1 76 0
 140 008c 2878     		ldrb	r0, [r5]
 141 008e 3378     		ldrb	r3, [r6]
 142 0090 9842     		cmp	r0, r3
 143 0092 01D2     		bcs	.L15
  77:Move.c        ****     		currentStepB = currentStepA + FullScale;
 144              		.loc 1 77 0
 145 0094 1B18     		add	r3, r3, r0
 146 0096 00E0     		b	.L34
 147              	.L15:
ARM GAS  C:\Users\TECHCO~1\AppData\Local\Temp\ccGBe3k6.s 			page 5


  78:Move.c        ****     	} // Step A smaller than FulLScale
  79:Move.c        ****     	else if(currentStepA >= FullScale) {
  80:Move.c        ****     		currentStepB = currentStepA - FullScale;
 148              		.loc 1 80 0
 149 0098 C31A     		sub	r3, r0, r3
 150              	.L34:
  81:Move.c        ****     	} // Step A greater than FullScale
  82:Move.c        **** 
  83:Move.c        ****         // Pwm write on motor
  84:Move.c        ****         TCPWM_1_WriteCompare(genSine(currentStepA, motor));
 151              		.loc 1 84 0
 152 009a 0121     		mov	r1, #1
  80:Move.c        ****     	} // Step A greater than FullScale
 153              		.loc 1 80 0
 154 009c 3B70     		strb	r3, [r7]
 155              		.loc 1 84 0
 156 009e FFF7FEFF 		bl	genSine
 157              	.LVL3:
 158 00a2 FFF7FEFF 		bl	TCPWM_1_WriteCompare
 159              	.LVL4:
  85:Move.c        ****         TCPWM_2_WriteCompare(genSine(currentStepB, motor));
 160              		.loc 1 85 0
 161 00a6 0121     		mov	r1, #1
 162 00a8 3878     		ldrb	r0, [r7]
 163 00aa FFF7FEFF 		bl	genSine
 164              	.LVL5:
 165 00ae FFF7FEFF 		bl	TCPWM_2_WriteCompare
 166              	.LVL6:
 167 00b2 56E0     		b	.L1
 168              	.LVL7:
 169              	.L2:
  86:Move.c        ****     } // Motor 1
  87:Move.c        ****     else { // Motor 2
  88:Move.c        ****         if(divider1 != previousDivider1) {
 170              		.loc 1 88 0
 171 00b4 334B     		ldr	r3, .L43+32
 172 00b6 344A     		ldr	r2, .L43+36
 173 00b8 1B78     		ldrb	r3, [r3]
 174 00ba 1278     		ldrb	r2, [r2]
 175 00bc 334E     		ldr	r6, .L43+40
 176 00be 344D     		ldr	r5, .L43+44
 177 00c0 344F     		ldr	r7, .L43+48
 178 00c2 9A42     		cmp	r2, r3
 179 00c4 17D0     		beq	.L18
  89:Move.c        ****         //reset the step is the divider number is changed
  90:Move.c        ****     		switch(divider1) {
 180              		.loc 1 90 0
 181 00c6 042B     		cmp	r3, #4
 182 00c8 0CD0     		beq	.L20
 183 00ca 03D8     		bhi	.L21
  91:Move.c        ****     			case 2:
  92:Move.c        ****     			    step1 = 8;
 184              		.loc 1 92 0
 185 00cc 0822     		mov	r2, #8
  90:Move.c        ****     			case 2:
 186              		.loc 1 90 0
 187 00ce 022B     		cmp	r3, #2
ARM GAS  C:\Users\TECHCO~1\AppData\Local\Temp\ccGBe3k6.s 			page 6


 188 00d0 0CD0     		beq	.L40
 189 00d2 25E0     		b	.L28
 190              	.L21:
 191 00d4 082B     		cmp	r3, #8
 192 00d6 08D0     		beq	.L23
 193 00d8 102B     		cmp	r3, #16
 194 00da 21D1     		bne	.L28
  93:Move.c        ****     			    FullScale1 = 16;
  94:Move.c        ****     			break;
  95:Move.c        ****     		    case 4:
  96:Move.c        ****     			    step1 = 4;
  97:Move.c        ****     			    FullScale1 = 16;
  98:Move.c        ****     			break;
  99:Move.c        ****     			case 8:
 100:Move.c        ****     				step1 = 2;
 101:Move.c        ****     				FullScale1 = 16;
 102:Move.c        ****     			break;
 103:Move.c        ****     			case 16:
 104:Move.c        ****     				step1 = 1;
 195              		.loc 1 104 0
 196 00dc 0121     		mov	r1, #1
 197 00de 2E4A     		ldr	r2, .L43+52
 198 00e0 1170     		strb	r1, [r2]
 199 00e2 06E0     		b	.L35
 200              	.L20:
  96:Move.c        ****     			    FullScale1 = 16;
 201              		.loc 1 96 0
 202 00e4 2C4A     		ldr	r2, .L43+52
 203 00e6 1370     		strb	r3, [r2]
 204 00e8 02E0     		b	.L41
 205              	.L23:
 100:Move.c        ****     				FullScale1 = 16;
 206              		.loc 1 100 0
 207 00ea 0222     		mov	r2, #2
 208              	.L40:
 209 00ec 2A4B     		ldr	r3, .L43+52
 210 00ee 1A70     		strb	r2, [r3]
 211              	.L41:
 101:Move.c        ****     			break;
 212              		.loc 1 101 0
 213 00f0 1023     		mov	r3, #16
 214              	.L35:
 105:Move.c        ****     				FullScale1 = 16;
 215              		.loc 1 105 0
 216 00f2 3370     		strb	r3, [r6]
 106:Move.c        ****     			break;
 217              		.loc 1 106 0
 218 00f4 14E0     		b	.L28
 219              	.L18:
 107:Move.c        ****     			default:
 108:Move.c        ****     			break;
 109:Move.c        ****             } // Step settings
 110:Move.c        ****             currentStepA1 = 0;
 111:Move.c        ****             // CHA and CHB have 90 degree phase delay
 112:Move.c        ****     	    if(currentStepA1 < FullScale1) {
 113:Move.c        ****     		    currentStepB1 = currentStepA1 + FullScale1;
 114:Move.c        ****     	    } // Step A smaller than FullScale
ARM GAS  C:\Users\TECHCO~1\AppData\Local\Temp\ccGBe3k6.s 			page 7


 115:Move.c        ****     	    else if(currentStepA1 >= FullScale1) {
 116:Move.c        ****     			currentStepB1 = currentStepA1 - FullScale1;
 117:Move.c        ****     	    } // stap A greater than FullScale
 118:Move.c        ****         } // Divider changed (!= previous divider)
 119:Move.c        ****         else { // nomal operation
 120:Move.c        ****         //The total step is 2 times to the fullscale
 121:Move.c        ****     	    phaseMove(motor);
 220              		.loc 1 121 0
 221 00f6 FFF7FEFF 		bl	phaseMove
 222              	.LVL8:
 122:Move.c        ****         	phaseControl(phase1, motor);
 223              		.loc 1 122 0
 224 00fa 284B     		ldr	r3, .L43+56
 225 00fc 211C     		mov	r1, r4
 226 00fe 1878     		ldrb	r0, [r3]
 227 0100 FFF7FEFF 		bl	phaseControl
 228              	.LVL9:
 123:Move.c        ****         	if(dirReg1 == 1) { //Clockwise 
 229              		.loc 1 123 0
 230 0104 264B     		ldr	r3, .L43+60
 231 0106 1B78     		ldrb	r3, [r3]
 232 0108 012B     		cmp	r3, #1
 233 010a 0BD1     		bne	.L27
 124:Move.c        ****     			if (currentStepA1 < (FullScale1 - step1 + FullScale1)) {
 234              		.loc 1 124 0
 235 010c 2249     		ldr	r1, .L43+52
 236 010e 3278     		ldrb	r2, [r6]
 237 0110 0978     		ldrb	r1, [r1]
 238 0112 2B78     		ldrb	r3, [r5]
 239 0114 501A     		sub	r0, r2, r1
 240 0116 8218     		add	r2, r0, r2
 241 0118 9342     		cmp	r3, r2
 242 011a 01DA     		bge	.L28
 125:Move.c        ****     				currentStepA1 = currentStepA1 + step1;
 243              		.loc 1 125 0
 244 011c CB18     		add	r3, r1, r3
 245 011e 0CE0     		b	.L36
 246              	.L28:
 126:Move.c        ****     			}
 127:Move.c        ****     			else {
 128:Move.c        ****     				currentStepA1 = 0;
 247              		.loc 1 128 0
 248 0120 0023     		mov	r3, #0
 249 0122 0AE0     		b	.L36
 250              	.L27:
 129:Move.c        ****     			}
 130:Move.c        ****     		} // Clockwise direction
 131:Move.c        ****             else { // Counterclockwise
 132:Move.c        ****     			if (currentStepA1 >= step1) {
 251              		.loc 1 132 0
 252 0124 1C4B     		ldr	r3, .L43+52
 253 0126 2A78     		ldrb	r2, [r5]
 254 0128 1978     		ldrb	r1, [r3]
 255 012a 8A42     		cmp	r2, r1
 256 012c 02D3     		bcc	.L29
 133:Move.c        ****     				currentStepA1 = currentStepA1 - step1;
 257              		.loc 1 133 0
ARM GAS  C:\Users\TECHCO~1\AppData\Local\Temp\ccGBe3k6.s 			page 8


 258 012e 521A     		sub	r2, r2, r1
 259 0130 2A70     		strb	r2, [r5]
 260 0132 03E0     		b	.L26
 261              	.L29:
 134:Move.c        ****     			}
 135:Move.c        ****     			else {
 136:Move.c        ****     				currentStepA1 = FullScale1 - step1 + FullScale1;
 262              		.loc 1 136 0
 263 0134 3378     		ldrb	r3, [r6]
 264 0136 5B00     		lsl	r3, r3, #1
 265 0138 5B1A     		sub	r3, r3, r1
 266              	.L36:
 267 013a 2B70     		strb	r3, [r5]
 268              	.L26:
 137:Move.c        ****     			}
 138:Move.c        ****     		} // Counterclockwise direction
 139:Move.c        ****         } // Divider unchanged, normal operation
 140:Move.c        ****     	
 141:Move.c        ****     	if(currentStepA1 < FullScale1) {
 269              		.loc 1 141 0
 270 013c 2878     		ldrb	r0, [r5]
 271 013e 3378     		ldrb	r3, [r6]
 272 0140 9842     		cmp	r0, r3
 273 0142 01D2     		bcs	.L30
 142:Move.c        ****     		currentStepB1 = currentStepA1 + FullScale1;
 274              		.loc 1 142 0
 275 0144 1B18     		add	r3, r3, r0
 276 0146 00E0     		b	.L37
 277              	.L30:
 143:Move.c        ****     	} // Step A smaller than FulLScale
 144:Move.c        ****     	else if(currentStepA1 >= FullScale1) {
 145:Move.c        ****     		currentStepB1 = currentStepA1 - FullScale1;
 278              		.loc 1 145 0
 279 0148 C31A     		sub	r3, r0, r3
 280              	.L37:
 146:Move.c        ****     	} // Step A greater than FullScale
 147:Move.c        **** 
 148:Move.c        ****         // Pwm write on motor
 149:Move.c        ****         TCPWM_3_WriteCompare(genSine(currentStepA1, motor));
 281              		.loc 1 149 0
 282 014a 211C     		mov	r1, r4
 145:Move.c        ****     	} // Step A greater than FullScale
 283              		.loc 1 145 0
 284 014c 3B70     		strb	r3, [r7]
 285              		.loc 1 149 0
 286 014e FFF7FEFF 		bl	genSine
 287              	.LVL10:
 288 0152 FFF7FEFF 		bl	TCPWM_3_WriteCompare
 289              	.LVL11:
 150:Move.c        ****         TCPWM_4_WriteCompare(genSine(currentStepB1, motor));
 290              		.loc 1 150 0
 291 0156 211C     		mov	r1, r4
 292 0158 3878     		ldrb	r0, [r7]
 293 015a FFF7FEFF 		bl	genSine
 294              	.LVL12:
 295 015e FFF7FEFF 		bl	TCPWM_4_WriteCompare
 296              	.LVL13:
ARM GAS  C:\Users\TECHCO~1\AppData\Local\Temp\ccGBe3k6.s 			page 9


 297              	.L1:
 151:Move.c        ****     } // Motor 2
 152:Move.c        **** }...
 298              		.loc 1 152 0
 299              		@ sp needed
 300 0162 F8BD     		pop	{r3, r4, r5, r6, r7, pc}
 301              	.L44:
 302              		.align	2
 303              	.L43:
 304 0164 00000000 		.word	divider
 305 0168 00000000 		.word	previousDivider
 306 016c 00000000 		.word	FullScale
 307 0170 00000000 		.word	currentStepA
 308 0174 00000000 		.word	currentStepB
 309 0178 00000000 		.word	step
 310 017c 00000000 		.word	phase
 311 0180 00000000 		.word	dirReg
 312 0184 00000000 		.word	divider1
 313 0188 00000000 		.word	previousDivider1
 314 018c 00000000 		.word	FullScale1
 315 0190 00000000 		.word	currentStepA1
 316 0194 00000000 		.word	currentStepB1
 317 0198 00000000 		.word	step1
 318 019c 00000000 		.word	phase1
 319 01a0 00000000 		.word	dirReg1
 320              		.cfi_endproc
 321              	.LFE0:
 322              		.size	Move, .-Move
 323              		.text
 324              	.Letext0:
 325              		.file 2 "Generated_Source\\PSoC4/cytypes.h"
 326              		.file 3 "./Move.h"
 327              		.file 4 "./genSine.h"
 328              		.file 5 "./phaseControl.h"
 329              		.file 6 "Generated_Source\\PSoC4/TCPWM_1.h"
 330              		.file 7 "Generated_Source\\PSoC4/TCPWM_2.h"
 331              		.file 8 "Generated_Source\\PSoC4/TCPWM_3.h"
 332              		.file 9 "Generated_Source\\PSoC4/TCPWM_4.h"
 333              		.section	.debug_info,"",%progbits
 334              	.Ldebug_info0:
 335 0000 A2020000 		.4byte	0x2a2
 336 0004 0400     		.2byte	0x4
 337 0006 00000000 		.4byte	.Ldebug_abbrev0
 338 000a 04       		.byte	0x4
 339 000b 01       		.uleb128 0x1
 340 000c 07000000 		.4byte	.LASF36
 341 0010 01       		.byte	0x1
 342 0011 D4020000 		.4byte	.LASF37
 343 0015 D3010000 		.4byte	.LASF38
 344 0019 00000000 		.4byte	.Ldebug_ranges0+0
 345 001d 00000000 		.4byte	0
 346 0021 00000000 		.4byte	.Ldebug_line0
 347 0025 02       		.uleb128 0x2
 348 0026 01       		.byte	0x1
 349 0027 06       		.byte	0x6
 350 0028 C8020000 		.4byte	.LASF0
 351 002c 02       		.uleb128 0x2
ARM GAS  C:\Users\TECHCO~1\AppData\Local\Temp\ccGBe3k6.s 			page 10


 352 002d 01       		.byte	0x1
 353 002e 08       		.byte	0x8
 354 002f 42010000 		.4byte	.LASF1
 355 0033 02       		.uleb128 0x2
 356 0034 02       		.byte	0x2
 357 0035 05       		.byte	0x5
 358 0036 92020000 		.4byte	.LASF2
 359 003a 02       		.uleb128 0x2
 360 003b 02       		.byte	0x2
 361 003c 07       		.byte	0x7
 362 003d ED000000 		.4byte	.LASF3
 363 0041 02       		.uleb128 0x2
 364 0042 04       		.byte	0x4
 365 0043 05       		.byte	0x5
 366 0044 B5020000 		.4byte	.LASF4
 367 0048 02       		.uleb128 0x2
 368 0049 04       		.byte	0x4
 369 004a 07       		.byte	0x7
 370 004b 55010000 		.4byte	.LASF5
 371 004f 02       		.uleb128 0x2
 372 0050 08       		.byte	0x8
 373 0051 05       		.byte	0x5
 374 0052 7F020000 		.4byte	.LASF6
 375 0056 02       		.uleb128 0x2
 376 0057 08       		.byte	0x8
 377 0058 07       		.byte	0x7
 378 0059 4B020000 		.4byte	.LASF7
 379 005d 03       		.uleb128 0x3
 380 005e 04       		.byte	0x4
 381 005f 05       		.byte	0x5
 382 0060 696E7400 		.ascii	"int\000"
 383 0064 02       		.uleb128 0x2
 384 0065 04       		.byte	0x4
 385 0066 07       		.byte	0x7
 386 0067 B5010000 		.4byte	.LASF8
 387 006b 04       		.uleb128 0x4
 388 006c 67010000 		.4byte	.LASF9
 389 0070 02       		.byte	0x2
 390 0071 B901     		.2byte	0x1b9
 391 0073 2C000000 		.4byte	0x2c
 392 0077 04       		.uleb128 0x4
 393 0078 A4010000 		.4byte	.LASF10
 394 007c 02       		.byte	0x2
 395 007d BB01     		.2byte	0x1bb
 396 007f 48000000 		.4byte	0x48
 397 0083 02       		.uleb128 0x2
 398 0084 04       		.byte	0x4
 399 0085 04       		.byte	0x4
 400 0086 3C010000 		.4byte	.LASF11
 401 008a 02       		.uleb128 0x2
 402 008b 08       		.byte	0x8
 403 008c 04       		.byte	0x4
 404 008d 90010000 		.4byte	.LASF12
 405 0091 02       		.uleb128 0x2
 406 0092 01       		.byte	0x1
 407 0093 08       		.byte	0x8
 408 0094 8D020000 		.4byte	.LASF13
ARM GAS  C:\Users\TECHCO~1\AppData\Local\Temp\ccGBe3k6.s 			page 11


 409 0098 02       		.uleb128 0x2
 410 0099 04       		.byte	0x4
 411 009a 07       		.byte	0x7
 412 009b 76020000 		.4byte	.LASF14
 413 009f 05       		.uleb128 0x5
 414 00a0 50010000 		.4byte	.LASF39
 415 00a4 01       		.byte	0x1
 416 00a5 14       		.byte	0x14
 417 00a6 00000000 		.4byte	.LFB0
 418 00aa A4010000 		.4byte	.LFE0-.LFB0
 419 00ae 01       		.uleb128 0x1
 420 00af 9C       		.byte	0x9c
 421 00b0 70010000 		.4byte	0x170
 422 00b4 06       		.uleb128 0x6
 423 00b5 62020000 		.4byte	.LASF40
 424 00b9 01       		.byte	0x1
 425 00ba 14       		.byte	0x14
 426 00bb 6B000000 		.4byte	0x6b
 427 00bf 00000000 		.4byte	.LLST0
 428 00c3 07       		.uleb128 0x7
 429 00c4 4C000000 		.4byte	.LVL1
 430 00c8 20020000 		.4byte	0x220
 431 00cc 08       		.uleb128 0x8
 432 00cd 56000000 		.4byte	.LVL2
 433 00d1 31020000 		.4byte	0x231
 434 00d5 E0000000 		.4byte	0xe0
 435 00d9 09       		.uleb128 0x9
 436 00da 01       		.uleb128 0x1
 437 00db 51       		.byte	0x51
 438 00dc 02       		.uleb128 0x2
 439 00dd 74       		.byte	0x74
 440 00de 00       		.sleb128 0
 441 00df 00       		.byte	0
 442 00e0 08       		.uleb128 0x8
 443 00e1 A2000000 		.4byte	.LVL3
 444 00e5 47020000 		.4byte	0x247
 445 00e9 F3000000 		.4byte	0xf3
 446 00ed 09       		.uleb128 0x9
 447 00ee 01       		.uleb128 0x1
 448 00ef 51       		.byte	0x51
 449 00f0 01       		.uleb128 0x1
 450 00f1 31       		.byte	0x31
 451 00f2 00       		.byte	0
 452 00f3 07       		.uleb128 0x7
 453 00f4 A6000000 		.4byte	.LVL4
 454 00f8 61020000 		.4byte	0x261
 455 00fc 08       		.uleb128 0x8
 456 00fd AE000000 		.4byte	.LVL5
 457 0101 47020000 		.4byte	0x247
 458 0105 0F010000 		.4byte	0x10f
 459 0109 09       		.uleb128 0x9
 460 010a 01       		.uleb128 0x1
 461 010b 51       		.byte	0x51
 462 010c 01       		.uleb128 0x1
 463 010d 31       		.byte	0x31
 464 010e 00       		.byte	0
 465 010f 07       		.uleb128 0x7
ARM GAS  C:\Users\TECHCO~1\AppData\Local\Temp\ccGBe3k6.s 			page 12


 466 0110 B2000000 		.4byte	.LVL6
 467 0114 73020000 		.4byte	0x273
 468 0118 07       		.uleb128 0x7
 469 0119 FA000000 		.4byte	.LVL8
 470 011d 20020000 		.4byte	0x220
 471 0121 08       		.uleb128 0x8
 472 0122 04010000 		.4byte	.LVL9
 473 0126 31020000 		.4byte	0x231
 474 012a 35010000 		.4byte	0x135
 475 012e 09       		.uleb128 0x9
 476 012f 01       		.uleb128 0x1
 477 0130 51       		.byte	0x51
 478 0131 02       		.uleb128 0x2
 479 0132 74       		.byte	0x74
 480 0133 00       		.sleb128 0
 481 0134 00       		.byte	0
 482 0135 08       		.uleb128 0x8
 483 0136 52010000 		.4byte	.LVL10
 484 013a 47020000 		.4byte	0x247
 485 013e 49010000 		.4byte	0x149
 486 0142 09       		.uleb128 0x9
 487 0143 01       		.uleb128 0x1
 488 0144 51       		.byte	0x51
 489 0145 02       		.uleb128 0x2
 490 0146 74       		.byte	0x74
 491 0147 00       		.sleb128 0
 492 0148 00       		.byte	0
 493 0149 07       		.uleb128 0x7
 494 014a 56010000 		.4byte	.LVL11
 495 014e 85020000 		.4byte	0x285
 496 0152 08       		.uleb128 0x8
 497 0153 5E010000 		.4byte	.LVL12
 498 0157 47020000 		.4byte	0x247
 499 015b 66010000 		.4byte	0x166
 500 015f 09       		.uleb128 0x9
 501 0160 01       		.uleb128 0x1
 502 0161 51       		.byte	0x51
 503 0162 02       		.uleb128 0x2
 504 0163 74       		.byte	0x74
 505 0164 00       		.sleb128 0
 506 0165 00       		.byte	0
 507 0166 07       		.uleb128 0x7
 508 0167 62010000 		.4byte	.LVL13
 509 016b 97020000 		.4byte	0x297
 510 016f 00       		.byte	0
 511 0170 0A       		.uleb128 0xa
 512 0171 75010000 		.4byte	.LASF15
 513 0175 03       		.byte	0x3
 514 0176 15       		.byte	0x15
 515 0177 6B000000 		.4byte	0x6b
 516 017b 0A       		.uleb128 0xa
 517 017c 97010000 		.4byte	.LASF16
 518 0180 03       		.byte	0x3
 519 0181 10       		.byte	0x10
 520 0182 6B000000 		.4byte	0x6b
 521 0186 0A       		.uleb128 0xa
 522 0187 95000000 		.4byte	.LASF17
ARM GAS  C:\Users\TECHCO~1\AppData\Local\Temp\ccGBe3k6.s 			page 13


 523 018b 03       		.byte	0x3
 524 018c 11       		.byte	0x11
 525 018d 6B000000 		.4byte	0x6b
 526 0191 0A       		.uleb128 0xa
 527 0192 E6000000 		.4byte	.LASF18
 528 0196 03       		.byte	0x3
 529 0197 17       		.byte	0x17
 530 0198 6B000000 		.4byte	0x6b
 531 019c 0A       		.uleb128 0xa
 532 019d 00000000 		.4byte	.LASF19
 533 01a1 03       		.byte	0x3
 534 01a2 1E       		.byte	0x1e
 535 01a3 6B000000 		.4byte	0x6b
 536 01a7 0A       		.uleb128 0xa
 537 01a8 68020000 		.4byte	.LASF20
 538 01ac 03       		.byte	0x3
 539 01ad 19       		.byte	0x19
 540 01ae 6B000000 		.4byte	0x6b
 541 01b2 0A       		.uleb128 0xa
 542 01b3 16010000 		.4byte	.LASF21
 543 01b7 03       		.byte	0x3
 544 01b8 1A       		.byte	0x1a
 545 01b9 6B000000 		.4byte	0x6b
 546 01bd 0A       		.uleb128 0xa
 547 01be 00010000 		.4byte	.LASF22
 548 01c2 03       		.byte	0x3
 549 01c3 20       		.byte	0x20
 550 01c4 6B000000 		.4byte	0x6b
 551 01c8 0A       		.uleb128 0xa
 552 01c9 6D010000 		.4byte	.LASF23
 553 01cd 03       		.byte	0x3
 554 01ce 12       		.byte	0x12
 555 01cf 6B000000 		.4byte	0x6b
 556 01d3 0A       		.uleb128 0xa
 557 01d4 A5020000 		.4byte	.LASF24
 558 01d8 03       		.byte	0x3
 559 01d9 13       		.byte	0x13
 560 01da 6B000000 		.4byte	0x6b
 561 01de 0A       		.uleb128 0xa
 562 01df AB010000 		.4byte	.LASF25
 563 01e3 04       		.byte	0x4
 564 01e4 10       		.byte	0x10
 565 01e5 6B000000 		.4byte	0x6b
 566 01e9 0A       		.uleb128 0xa
 567 01ea E1000000 		.4byte	.LASF26
 568 01ee 03       		.byte	0x3
 569 01ef 16       		.byte	0x16
 570 01f0 6B000000 		.4byte	0x6b
 571 01f4 0A       		.uleb128 0xa
 572 01f5 9C020000 		.4byte	.LASF27
 573 01f9 03       		.byte	0x3
 574 01fa 1B       		.byte	0x1b
 575 01fb 6B000000 		.4byte	0x6b
 576 01ff 0A       		.uleb128 0xa
 577 0200 C2010000 		.4byte	.LASF28
 578 0204 03       		.byte	0x3
 579 0205 1C       		.byte	0x1c
ARM GAS  C:\Users\TECHCO~1\AppData\Local\Temp\ccGBe3k6.s 			page 14


 580 0206 6B000000 		.4byte	0x6b
 581 020a 0A       		.uleb128 0xa
 582 020b 31010000 		.4byte	.LASF29
 583 020f 04       		.byte	0x4
 584 0210 11       		.byte	0x11
 585 0211 6B000000 		.4byte	0x6b
 586 0215 0A       		.uleb128 0xa
 587 0216 10010000 		.4byte	.LASF30
 588 021a 03       		.byte	0x3
 589 021b 1F       		.byte	0x1f
 590 021c 6B000000 		.4byte	0x6b
 591 0220 0B       		.uleb128 0xb
 592 0221 BE020000 		.4byte	.LASF31
 593 0225 05       		.byte	0x5
 594 0226 1E       		.byte	0x1e
 595 0227 31020000 		.4byte	0x231
 596 022b 0C       		.uleb128 0xc
 597 022c 6B000000 		.4byte	0x6b
 598 0230 00       		.byte	0
 599 0231 0B       		.uleb128 0xb
 600 0232 24010000 		.4byte	.LASF32
 601 0236 05       		.byte	0x5
 602 0237 1D       		.byte	0x1d
 603 0238 47020000 		.4byte	0x247
 604 023c 0C       		.uleb128 0xc
 605 023d 6B000000 		.4byte	0x6b
 606 0241 0C       		.uleb128 0xc
 607 0242 6B000000 		.4byte	0x6b
 608 0246 00       		.byte	0
 609 0247 0D       		.uleb128 0xd
 610 0248 08010000 		.4byte	.LASF41
 611 024c 04       		.byte	0x4
 612 024d 13       		.byte	0x13
 613 024e 6B000000 		.4byte	0x6b
 614 0252 61020000 		.4byte	0x261
 615 0256 0C       		.uleb128 0xc
 616 0257 6B000000 		.4byte	0x6b
 617 025b 0C       		.uleb128 0xc
 618 025c 6B000000 		.4byte	0x6b
 619 0260 00       		.byte	0
 620 0261 0E       		.uleb128 0xe
 621 0262 7B010000 		.4byte	.LASF33
 622 0266 06       		.byte	0x6
 623 0267 5501     		.2byte	0x155
 624 0269 73020000 		.4byte	0x273
 625 026d 0C       		.uleb128 0xc
 626 026e 77000000 		.4byte	0x77
 627 0272 00       		.byte	0
 628 0273 0E       		.uleb128 0xe
 629 0274 A2000000 		.4byte	.LASF34
 630 0278 07       		.byte	0x7
 631 0279 5501     		.2byte	0x155
 632 027b 85020000 		.4byte	0x285
 633 027f 0C       		.uleb128 0xc
 634 0280 77000000 		.4byte	0x77
 635 0284 00       		.byte	0
 636 0285 0E       		.uleb128 0xe
ARM GAS  C:\Users\TECHCO~1\AppData\Local\Temp\ccGBe3k6.s 			page 15


 637 0286 CC000000 		.4byte	.LASF35
 638 028a 08       		.byte	0x8
 639 028b 5501     		.2byte	0x155
 640 028d 97020000 		.4byte	0x297
 641 0291 0C       		.uleb128 0xc
 642 0292 77000000 		.4byte	0x77
 643 0296 00       		.byte	0
 644 0297 0F       		.uleb128 0xf
 645 0298 B7000000 		.4byte	.LASF42
 646 029c 09       		.byte	0x9
 647 029d 5501     		.2byte	0x155
 648 029f 0C       		.uleb128 0xc
 649 02a0 77000000 		.4byte	0x77
 650 02a4 00       		.byte	0
 651 02a5 00       		.byte	0
 652              		.section	.debug_abbrev,"",%progbits
 653              	.Ldebug_abbrev0:
 654 0000 01       		.uleb128 0x1
 655 0001 11       		.uleb128 0x11
 656 0002 01       		.byte	0x1
 657 0003 25       		.uleb128 0x25
 658 0004 0E       		.uleb128 0xe
 659 0005 13       		.uleb128 0x13
 660 0006 0B       		.uleb128 0xb
 661 0007 03       		.uleb128 0x3
 662 0008 0E       		.uleb128 0xe
 663 0009 1B       		.uleb128 0x1b
 664 000a 0E       		.uleb128 0xe
 665 000b 55       		.uleb128 0x55
 666 000c 17       		.uleb128 0x17
 667 000d 11       		.uleb128 0x11
 668 000e 01       		.uleb128 0x1
 669 000f 10       		.uleb128 0x10
 670 0010 17       		.uleb128 0x17
 671 0011 00       		.byte	0
 672 0012 00       		.byte	0
 673 0013 02       		.uleb128 0x2
 674 0014 24       		.uleb128 0x24
 675 0015 00       		.byte	0
 676 0016 0B       		.uleb128 0xb
 677 0017 0B       		.uleb128 0xb
 678 0018 3E       		.uleb128 0x3e
 679 0019 0B       		.uleb128 0xb
 680 001a 03       		.uleb128 0x3
 681 001b 0E       		.uleb128 0xe
 682 001c 00       		.byte	0
 683 001d 00       		.byte	0
 684 001e 03       		.uleb128 0x3
 685 001f 24       		.uleb128 0x24
 686 0020 00       		.byte	0
 687 0021 0B       		.uleb128 0xb
 688 0022 0B       		.uleb128 0xb
 689 0023 3E       		.uleb128 0x3e
 690 0024 0B       		.uleb128 0xb
 691 0025 03       		.uleb128 0x3
 692 0026 08       		.uleb128 0x8
 693 0027 00       		.byte	0
ARM GAS  C:\Users\TECHCO~1\AppData\Local\Temp\ccGBe3k6.s 			page 16


 694 0028 00       		.byte	0
 695 0029 04       		.uleb128 0x4
 696 002a 16       		.uleb128 0x16
 697 002b 00       		.byte	0
 698 002c 03       		.uleb128 0x3
 699 002d 0E       		.uleb128 0xe
 700 002e 3A       		.uleb128 0x3a
 701 002f 0B       		.uleb128 0xb
 702 0030 3B       		.uleb128 0x3b
 703 0031 05       		.uleb128 0x5
 704 0032 49       		.uleb128 0x49
 705 0033 13       		.uleb128 0x13
 706 0034 00       		.byte	0
 707 0035 00       		.byte	0
 708 0036 05       		.uleb128 0x5
 709 0037 2E       		.uleb128 0x2e
 710 0038 01       		.byte	0x1
 711 0039 3F       		.uleb128 0x3f
 712 003a 19       		.uleb128 0x19
 713 003b 03       		.uleb128 0x3
 714 003c 0E       		.uleb128 0xe
 715 003d 3A       		.uleb128 0x3a
 716 003e 0B       		.uleb128 0xb
 717 003f 3B       		.uleb128 0x3b
 718 0040 0B       		.uleb128 0xb
 719 0041 27       		.uleb128 0x27
 720 0042 19       		.uleb128 0x19
 721 0043 11       		.uleb128 0x11
 722 0044 01       		.uleb128 0x1
 723 0045 12       		.uleb128 0x12
 724 0046 06       		.uleb128 0x6
 725 0047 40       		.uleb128 0x40
 726 0048 18       		.uleb128 0x18
 727 0049 9742     		.uleb128 0x2117
 728 004b 19       		.uleb128 0x19
 729 004c 01       		.uleb128 0x1
 730 004d 13       		.uleb128 0x13
 731 004e 00       		.byte	0
 732 004f 00       		.byte	0
 733 0050 06       		.uleb128 0x6
 734 0051 05       		.uleb128 0x5
 735 0052 00       		.byte	0
 736 0053 03       		.uleb128 0x3
 737 0054 0E       		.uleb128 0xe
 738 0055 3A       		.uleb128 0x3a
 739 0056 0B       		.uleb128 0xb
 740 0057 3B       		.uleb128 0x3b
 741 0058 0B       		.uleb128 0xb
 742 0059 49       		.uleb128 0x49
 743 005a 13       		.uleb128 0x13
 744 005b 02       		.uleb128 0x2
 745 005c 17       		.uleb128 0x17
 746 005d 00       		.byte	0
 747 005e 00       		.byte	0
 748 005f 07       		.uleb128 0x7
 749 0060 898201   		.uleb128 0x4109
 750 0063 00       		.byte	0
ARM GAS  C:\Users\TECHCO~1\AppData\Local\Temp\ccGBe3k6.s 			page 17


 751 0064 11       		.uleb128 0x11
 752 0065 01       		.uleb128 0x1
 753 0066 31       		.uleb128 0x31
 754 0067 13       		.uleb128 0x13
 755 0068 00       		.byte	0
 756 0069 00       		.byte	0
 757 006a 08       		.uleb128 0x8
 758 006b 898201   		.uleb128 0x4109
 759 006e 01       		.byte	0x1
 760 006f 11       		.uleb128 0x11
 761 0070 01       		.uleb128 0x1
 762 0071 31       		.uleb128 0x31
 763 0072 13       		.uleb128 0x13
 764 0073 01       		.uleb128 0x1
 765 0074 13       		.uleb128 0x13
 766 0075 00       		.byte	0
 767 0076 00       		.byte	0
 768 0077 09       		.uleb128 0x9
 769 0078 8A8201   		.uleb128 0x410a
 770 007b 00       		.byte	0
 771 007c 02       		.uleb128 0x2
 772 007d 18       		.uleb128 0x18
 773 007e 9142     		.uleb128 0x2111
 774 0080 18       		.uleb128 0x18
 775 0081 00       		.byte	0
 776 0082 00       		.byte	0
 777 0083 0A       		.uleb128 0xa
 778 0084 34       		.uleb128 0x34
 779 0085 00       		.byte	0
 780 0086 03       		.uleb128 0x3
 781 0087 0E       		.uleb128 0xe
 782 0088 3A       		.uleb128 0x3a
 783 0089 0B       		.uleb128 0xb
 784 008a 3B       		.uleb128 0x3b
 785 008b 0B       		.uleb128 0xb
 786 008c 49       		.uleb128 0x49
 787 008d 13       		.uleb128 0x13
 788 008e 3F       		.uleb128 0x3f
 789 008f 19       		.uleb128 0x19
 790 0090 3C       		.uleb128 0x3c
 791 0091 19       		.uleb128 0x19
 792 0092 00       		.byte	0
 793 0093 00       		.byte	0
 794 0094 0B       		.uleb128 0xb
 795 0095 2E       		.uleb128 0x2e
 796 0096 01       		.byte	0x1
 797 0097 3F       		.uleb128 0x3f
 798 0098 19       		.uleb128 0x19
 799 0099 03       		.uleb128 0x3
 800 009a 0E       		.uleb128 0xe
 801 009b 3A       		.uleb128 0x3a
 802 009c 0B       		.uleb128 0xb
 803 009d 3B       		.uleb128 0x3b
 804 009e 0B       		.uleb128 0xb
 805 009f 27       		.uleb128 0x27
 806 00a0 19       		.uleb128 0x19
 807 00a1 3C       		.uleb128 0x3c
ARM GAS  C:\Users\TECHCO~1\AppData\Local\Temp\ccGBe3k6.s 			page 18


 808 00a2 19       		.uleb128 0x19
 809 00a3 01       		.uleb128 0x1
 810 00a4 13       		.uleb128 0x13
 811 00a5 00       		.byte	0
 812 00a6 00       		.byte	0
 813 00a7 0C       		.uleb128 0xc
 814 00a8 05       		.uleb128 0x5
 815 00a9 00       		.byte	0
 816 00aa 49       		.uleb128 0x49
 817 00ab 13       		.uleb128 0x13
 818 00ac 00       		.byte	0
 819 00ad 00       		.byte	0
 820 00ae 0D       		.uleb128 0xd
 821 00af 2E       		.uleb128 0x2e
 822 00b0 01       		.byte	0x1
 823 00b1 3F       		.uleb128 0x3f
 824 00b2 19       		.uleb128 0x19
 825 00b3 03       		.uleb128 0x3
 826 00b4 0E       		.uleb128 0xe
 827 00b5 3A       		.uleb128 0x3a
 828 00b6 0B       		.uleb128 0xb
 829 00b7 3B       		.uleb128 0x3b
 830 00b8 0B       		.uleb128 0xb
 831 00b9 27       		.uleb128 0x27
 832 00ba 19       		.uleb128 0x19
 833 00bb 49       		.uleb128 0x49
 834 00bc 13       		.uleb128 0x13
 835 00bd 3C       		.uleb128 0x3c
 836 00be 19       		.uleb128 0x19
 837 00bf 01       		.uleb128 0x1
 838 00c0 13       		.uleb128 0x13
 839 00c1 00       		.byte	0
 840 00c2 00       		.byte	0
 841 00c3 0E       		.uleb128 0xe
 842 00c4 2E       		.uleb128 0x2e
 843 00c5 01       		.byte	0x1
 844 00c6 3F       		.uleb128 0x3f
 845 00c7 19       		.uleb128 0x19
 846 00c8 03       		.uleb128 0x3
 847 00c9 0E       		.uleb128 0xe
 848 00ca 3A       		.uleb128 0x3a
 849 00cb 0B       		.uleb128 0xb
 850 00cc 3B       		.uleb128 0x3b
 851 00cd 05       		.uleb128 0x5
 852 00ce 27       		.uleb128 0x27
 853 00cf 19       		.uleb128 0x19
 854 00d0 3C       		.uleb128 0x3c
 855 00d1 19       		.uleb128 0x19
 856 00d2 01       		.uleb128 0x1
 857 00d3 13       		.uleb128 0x13
 858 00d4 00       		.byte	0
 859 00d5 00       		.byte	0
 860 00d6 0F       		.uleb128 0xf
 861 00d7 2E       		.uleb128 0x2e
 862 00d8 01       		.byte	0x1
 863 00d9 3F       		.uleb128 0x3f
 864 00da 19       		.uleb128 0x19
ARM GAS  C:\Users\TECHCO~1\AppData\Local\Temp\ccGBe3k6.s 			page 19


 865 00db 03       		.uleb128 0x3
 866 00dc 0E       		.uleb128 0xe
 867 00dd 3A       		.uleb128 0x3a
 868 00de 0B       		.uleb128 0xb
 869 00df 3B       		.uleb128 0x3b
 870 00e0 05       		.uleb128 0x5
 871 00e1 27       		.uleb128 0x27
 872 00e2 19       		.uleb128 0x19
 873 00e3 3C       		.uleb128 0x3c
 874 00e4 19       		.uleb128 0x19
 875 00e5 00       		.byte	0
 876 00e6 00       		.byte	0
 877 00e7 00       		.byte	0
 878              		.section	.debug_loc,"",%progbits
 879              	.Ldebug_loc0:
 880              	.LLST0:
 881 0000 00000000 		.4byte	.LVL0
 882 0004 4B000000 		.4byte	.LVL1-1
 883 0008 0100     		.2byte	0x1
 884 000a 50       		.byte	0x50
 885 000b 4B000000 		.4byte	.LVL1-1
 886 000f B4000000 		.4byte	.LVL7
 887 0013 0400     		.2byte	0x4
 888 0015 F3       		.byte	0xf3
 889 0016 01       		.uleb128 0x1
 890 0017 50       		.byte	0x50
 891 0018 9F       		.byte	0x9f
 892 0019 B4000000 		.4byte	.LVL7
 893 001d F9000000 		.4byte	.LVL8-1
 894 0021 0100     		.2byte	0x1
 895 0023 50       		.byte	0x50
 896 0024 F9000000 		.4byte	.LVL8-1
 897 0028 A4010000 		.4byte	.LFE0
 898 002c 0400     		.2byte	0x4
 899 002e F3       		.byte	0xf3
 900 002f 01       		.uleb128 0x1
 901 0030 50       		.byte	0x50
 902 0031 9F       		.byte	0x9f
 903 0032 00000000 		.4byte	0
 904 0036 00000000 		.4byte	0
 905              		.section	.debug_aranges,"",%progbits
 906 0000 1C000000 		.4byte	0x1c
 907 0004 0200     		.2byte	0x2
 908 0006 00000000 		.4byte	.Ldebug_info0
 909 000a 04       		.byte	0x4
 910 000b 00       		.byte	0
 911 000c 0000     		.2byte	0
 912 000e 0000     		.2byte	0
 913 0010 00000000 		.4byte	.LFB0
 914 0014 A4010000 		.4byte	.LFE0-.LFB0
 915 0018 00000000 		.4byte	0
 916 001c 00000000 		.4byte	0
 917              		.section	.debug_ranges,"",%progbits
 918              	.Ldebug_ranges0:
 919 0000 00000000 		.4byte	.LFB0
 920 0004 A4010000 		.4byte	.LFE0
 921 0008 00000000 		.4byte	0
ARM GAS  C:\Users\TECHCO~1\AppData\Local\Temp\ccGBe3k6.s 			page 20


 922 000c 00000000 		.4byte	0
 923              		.section	.debug_line,"",%progbits
 924              	.Ldebug_line0:
 925 0000 FC000000 		.section	.debug_str,"MS",%progbits,1
 925      0200A400 
 925      00000201 
 925      FB0E0D00 
 925      01010101 
 926              	.LASF19:
 927 0000 70686173 		.ascii	"phase1\000"
 927      653100
 928              	.LASF36:
 929 0007 474E5520 		.ascii	"GNU C 4.9.3 20150303 (release) [ARM/embedded-4_9-br"
 929      4320342E 
 929      392E3320 
 929      32303135 
 929      30333033 
 930 003a 616E6368 		.ascii	"anch revision 221220] -mcpu=cortex-m0 -mthumb -g -O"
 930      20726576 
 930      6973696F 
 930      6E203232 
 930      31323230 
 931 006d 73202D66 		.ascii	"s -ffunction-sections -ffat-lto-objects\000"
 931      66756E63 
 931      74696F6E 
 931      2D736563 
 931      74696F6E 
 932              	.LASF17:
 933 0095 63757272 		.ascii	"currentStepB\000"
 933      656E7453 
 933      74657042 
 933      00
 934              	.LASF34:
 935 00a2 54435057 		.ascii	"TCPWM_2_WriteCompare\000"
 935      4D5F325F 
 935      57726974 
 935      65436F6D 
 935      70617265 
 936              	.LASF42:
 937 00b7 54435057 		.ascii	"TCPWM_4_WriteCompare\000"
 937      4D5F345F 
 937      57726974 
 937      65436F6D 
 937      70617265 
 938              	.LASF35:
 939 00cc 54435057 		.ascii	"TCPWM_3_WriteCompare\000"
 939      4D5F335F 
 939      57726974 
 939      65436F6D 
 939      70617265 
 940              	.LASF26:
 941 00e1 73746570 		.ascii	"step\000"
 941      00
 942              	.LASF18:
 943 00e6 64697252 		.ascii	"dirReg\000"
 943      656700
 944              	.LASF3:
ARM GAS  C:\Users\TECHCO~1\AppData\Local\Temp\ccGBe3k6.s 			page 21


 945 00ed 73686F72 		.ascii	"short unsigned int\000"
 945      7420756E 
 945      7369676E 
 945      65642069 
 945      6E7400
 946              	.LASF22:
 947 0100 64697252 		.ascii	"dirReg1\000"
 947      65673100 
 948              	.LASF41:
 949 0108 67656E53 		.ascii	"genSine\000"
 949      696E6500 
 950              	.LASF30:
 951 0110 73746570 		.ascii	"step1\000"
 951      3100
 952              	.LASF21:
 953 0116 63757272 		.ascii	"currentStepB1\000"
 953      656E7453 
 953      74657042 
 953      3100
 954              	.LASF32:
 955 0124 70686173 		.ascii	"phaseControl\000"
 955      65436F6E 
 955      74726F6C 
 955      00
 956              	.LASF29:
 957 0131 46756C6C 		.ascii	"FullScale1\000"
 957      5363616C 
 957      653100
 958              	.LASF11:
 959 013c 666C6F61 		.ascii	"float\000"
 959      7400
 960              	.LASF1:
 961 0142 756E7369 		.ascii	"unsigned char\000"
 961      676E6564 
 961      20636861 
 961      7200
 962              	.LASF39:
 963 0150 4D6F7665 		.ascii	"Move\000"
 963      00
 964              	.LASF5:
 965 0155 6C6F6E67 		.ascii	"long unsigned int\000"
 965      20756E73 
 965      69676E65 
 965      6420696E 
 965      7400
 966              	.LASF9:
 967 0167 75696E74 		.ascii	"uint8\000"
 967      3800
 968              	.LASF23:
 969 016d 64697669 		.ascii	"divider\000"
 969      64657200 
 970              	.LASF15:
 971 0175 70686173 		.ascii	"phase\000"
 971      6500
 972              	.LASF33:
 973 017b 54435057 		.ascii	"TCPWM_1_WriteCompare\000"
 973      4D5F315F 
ARM GAS  C:\Users\TECHCO~1\AppData\Local\Temp\ccGBe3k6.s 			page 22


 973      57726974 
 973      65436F6D 
 973      70617265 
 974              	.LASF12:
 975 0190 646F7562 		.ascii	"double\000"
 975      6C6500
 976              	.LASF16:
 977 0197 63757272 		.ascii	"currentStepA\000"
 977      656E7453 
 977      74657041 
 977      00
 978              	.LASF10:
 979 01a4 75696E74 		.ascii	"uint32\000"
 979      333200
 980              	.LASF25:
 981 01ab 46756C6C 		.ascii	"FullScale\000"
 981      5363616C 
 981      6500
 982              	.LASF8:
 983 01b5 756E7369 		.ascii	"unsigned int\000"
 983      676E6564 
 983      20696E74 
 983      00
 984              	.LASF28:
 985 01c2 70726576 		.ascii	"previousDivider1\000"
 985      696F7573 
 985      44697669 
 985      64657231 
 985      00
 986              	.LASF38:
 987 01d3 433A5C55 		.ascii	"C:\\Users\\Tech Consulting\\Desktop\\PSOC4 projects"
 987      73657273 
 987      5C546563 
 987      6820436F 
 987      6E73756C 
 988 0202 5C537465 		.ascii	"\\Stepper Projects GearBest\\DualStepperController-"
 988      70706572 
 988      2050726F 
 988      6A656374 
 988      73204765 
 989 0233 50536F43 		.ascii	"PSoC4200-GearBest.cydsn\000"
 989      34323030 
 989      2D476561 
 989      72426573 
 989      742E6379 
 990              	.LASF7:
 991 024b 6C6F6E67 		.ascii	"long long unsigned int\000"
 991      206C6F6E 
 991      6720756E 
 991      7369676E 
 991      65642069 
 992              	.LASF40:
 993 0262 6D6F746F 		.ascii	"motor\000"
 993      7200
 994              	.LASF20:
 995 0268 63757272 		.ascii	"currentStepA1\000"
 995      656E7453 
ARM GAS  C:\Users\TECHCO~1\AppData\Local\Temp\ccGBe3k6.s 			page 23


 995      74657041 
 995      3100
 996              	.LASF14:
 997 0276 73697A65 		.ascii	"sizetype\000"
 997      74797065 
 997      00
 998              	.LASF6:
 999 027f 6C6F6E67 		.ascii	"long long int\000"
 999      206C6F6E 
 999      6720696E 
 999      7400
 1000              	.LASF13:
 1001 028d 63686172 		.ascii	"char\000"
 1001      00
 1002              	.LASF2:
 1003 0292 73686F72 		.ascii	"short int\000"
 1003      7420696E 
 1003      7400
 1004              	.LASF27:
 1005 029c 64697669 		.ascii	"divider1\000"
 1005      64657231 
 1005      00
 1006              	.LASF24:
 1007 02a5 70726576 		.ascii	"previousDivider\000"
 1007      696F7573 
 1007      44697669 
 1007      64657200 
 1008              	.LASF4:
 1009 02b5 6C6F6E67 		.ascii	"long int\000"
 1009      20696E74 
 1009      00
 1010              	.LASF31:
 1011 02be 70686173 		.ascii	"phaseMove\000"
 1011      654D6F76 
 1011      6500
 1012              	.LASF0:
 1013 02c8 7369676E 		.ascii	"signed char\000"
 1013      65642063 
 1013      68617200 
 1014              	.LASF37:
 1015 02d4 4D6F7665 		.ascii	"Move.c\000"
 1015      2E6300
 1016              		.ident	"GCC: (GNU Tools for ARM Embedded Processors) 4.9.3 20150303 (release) [ARM/embedded-4_9-br
