ARM GAS  C:\Users\TECHCO~1\AppData\Local\Temp\ccOq4jMu.s 			page 1


   1              		.cpu cortex-m0
   2              		.fpu softvfp
   3              		.eabi_attribute 20, 1
   4              		.eabi_attribute 21, 1
   5              		.eabi_attribute 23, 3
   6              		.eabi_attribute 24, 1
   7              		.eabi_attribute 25, 1
   8              		.eabi_attribute 26, 1
   9              		.eabi_attribute 30, 4
  10              		.eabi_attribute 34, 0
  11              		.eabi_attribute 18, 4
  12              		.code	16
  13              		.file	"Pin_Sw.c"
  14              		.text
  15              	.Ltext0:
  16              		.cfi_sections	.debug_frame
  17              		.section	.text.Pin_Sw_SetDriveMode,"ax",%progbits
  18              		.align	1
  19              		.global	Pin_Sw_SetDriveMode
  20              		.code	16
  21              		.thumb_func
  22              		.type	Pin_Sw_SetDriveMode, %function
  23              	Pin_Sw_SetDriveMode:
  24              	.LFB0:
  25              		.file 1 "Generated_Source\\PSoC4\\Pin_Sw.c"
   1:Generated_Source\PSoC4/Pin_Sw.c **** /*******************************************************************************
   2:Generated_Source\PSoC4/Pin_Sw.c **** * File Name: Pin_Sw.c  
   3:Generated_Source\PSoC4/Pin_Sw.c **** * Version 2.20
   4:Generated_Source\PSoC4/Pin_Sw.c **** *
   5:Generated_Source\PSoC4/Pin_Sw.c **** * Description:
   6:Generated_Source\PSoC4/Pin_Sw.c **** *  This file contains API to enable firmware control of a Pins component.
   7:Generated_Source\PSoC4/Pin_Sw.c **** *
   8:Generated_Source\PSoC4/Pin_Sw.c **** ********************************************************************************
   9:Generated_Source\PSoC4/Pin_Sw.c **** * Copyright 2008-2015, Cypress Semiconductor Corporation.  All rights reserved.
  10:Generated_Source\PSoC4/Pin_Sw.c **** * You may use this file only in accordance with the license, terms, conditions, 
  11:Generated_Source\PSoC4/Pin_Sw.c **** * disclaimers, and limitations in the end user license agreement accompanying 
  12:Generated_Source\PSoC4/Pin_Sw.c **** * the software package with which this file was provided.
  13:Generated_Source\PSoC4/Pin_Sw.c **** *******************************************************************************/
  14:Generated_Source\PSoC4/Pin_Sw.c **** 
  15:Generated_Source\PSoC4/Pin_Sw.c **** #include "cytypes.h"
  16:Generated_Source\PSoC4/Pin_Sw.c **** #include "Pin_Sw.h"
  17:Generated_Source\PSoC4/Pin_Sw.c **** 
  18:Generated_Source\PSoC4/Pin_Sw.c **** 
  19:Generated_Source\PSoC4/Pin_Sw.c **** #if defined(Pin_Sw__PC)
  20:Generated_Source\PSoC4/Pin_Sw.c ****     #define Pin_Sw_SetP4PinDriveMode(shift, mode)  \
  21:Generated_Source\PSoC4/Pin_Sw.c ****     do { \
  22:Generated_Source\PSoC4/Pin_Sw.c ****         Pin_Sw_PC =   (Pin_Sw_PC & \
  23:Generated_Source\PSoC4/Pin_Sw.c ****                                 (uint32)(~(uint32)(Pin_Sw_DRIVE_MODE_IND_MASK << \
  24:Generated_Source\PSoC4/Pin_Sw.c ****                                 (Pin_Sw_DRIVE_MODE_BITS * (shift))))) | \
  25:Generated_Source\PSoC4/Pin_Sw.c ****                                 (uint32)((uint32)(mode) << \
  26:Generated_Source\PSoC4/Pin_Sw.c ****                                 (Pin_Sw_DRIVE_MODE_BITS * (shift))); \
  27:Generated_Source\PSoC4/Pin_Sw.c ****     } while (0)
  28:Generated_Source\PSoC4/Pin_Sw.c **** #else
  29:Generated_Source\PSoC4/Pin_Sw.c ****     #if (CY_PSOC4_4200L)
  30:Generated_Source\PSoC4/Pin_Sw.c ****         #define Pin_Sw_SetP4PinDriveMode(shift, mode)  \
  31:Generated_Source\PSoC4/Pin_Sw.c ****         do { \
  32:Generated_Source\PSoC4/Pin_Sw.c ****             Pin_Sw_USBIO_CTRL_REG = (Pin_Sw_USBIO_CTRL_REG & \
ARM GAS  C:\Users\TECHCO~1\AppData\Local\Temp\ccOq4jMu.s 			page 2


  33:Generated_Source\PSoC4/Pin_Sw.c ****                                     (uint32)(~(uint32)(Pin_Sw_DRIVE_MODE_IND_MASK << \
  34:Generated_Source\PSoC4/Pin_Sw.c ****                                     (Pin_Sw_DRIVE_MODE_BITS * (shift))))) | \
  35:Generated_Source\PSoC4/Pin_Sw.c ****                                     (uint32)((uint32)(mode) << \
  36:Generated_Source\PSoC4/Pin_Sw.c ****                                     (Pin_Sw_DRIVE_MODE_BITS * (shift))); \
  37:Generated_Source\PSoC4/Pin_Sw.c ****         } while (0)
  38:Generated_Source\PSoC4/Pin_Sw.c ****     #endif
  39:Generated_Source\PSoC4/Pin_Sw.c **** #endif
  40:Generated_Source\PSoC4/Pin_Sw.c ****   
  41:Generated_Source\PSoC4/Pin_Sw.c **** 
  42:Generated_Source\PSoC4/Pin_Sw.c **** #if defined(Pin_Sw__PC) || (CY_PSOC4_4200L) 
  43:Generated_Source\PSoC4/Pin_Sw.c ****     /*******************************************************************************
  44:Generated_Source\PSoC4/Pin_Sw.c ****     * Function Name: Pin_Sw_SetDriveMode
  45:Generated_Source\PSoC4/Pin_Sw.c ****     ****************************************************************************//**
  46:Generated_Source\PSoC4/Pin_Sw.c ****     *
  47:Generated_Source\PSoC4/Pin_Sw.c ****     * \brief Sets the drive mode for each of the Pins component's pins.
  48:Generated_Source\PSoC4/Pin_Sw.c ****     * 
  49:Generated_Source\PSoC4/Pin_Sw.c ****     * <b>Note</b> This affects all pins in the Pins component instance. Use the
  50:Generated_Source\PSoC4/Pin_Sw.c ****     * Per-Pin APIs if you wish to control individual pin's drive modes.
  51:Generated_Source\PSoC4/Pin_Sw.c ****     *
  52:Generated_Source\PSoC4/Pin_Sw.c ****     * <b>Note</b> USBIOs have limited drive functionality. Refer to the Drive Mode
  53:Generated_Source\PSoC4/Pin_Sw.c ****     * parameter for more information.
  54:Generated_Source\PSoC4/Pin_Sw.c ****     *
  55:Generated_Source\PSoC4/Pin_Sw.c ****     * \param mode
  56:Generated_Source\PSoC4/Pin_Sw.c ****     *  Mode for the selected signals. Valid options are documented in 
  57:Generated_Source\PSoC4/Pin_Sw.c ****     *  \ref driveMode.
  58:Generated_Source\PSoC4/Pin_Sw.c ****     *
  59:Generated_Source\PSoC4/Pin_Sw.c ****     * \return
  60:Generated_Source\PSoC4/Pin_Sw.c ****     *  None
  61:Generated_Source\PSoC4/Pin_Sw.c ****     *
  62:Generated_Source\PSoC4/Pin_Sw.c ****     * \sideeffect
  63:Generated_Source\PSoC4/Pin_Sw.c ****     *  If you use read-modify-write operations that are not atomic, the ISR can
  64:Generated_Source\PSoC4/Pin_Sw.c ****     *  cause corruption of this function. An ISR that interrupts this function 
  65:Generated_Source\PSoC4/Pin_Sw.c ****     *  and performs writes to the Pins component Drive Mode registers can cause 
  66:Generated_Source\PSoC4/Pin_Sw.c ****     *  corrupted port data. To avoid this issue, you should either use the Per-Pin
  67:Generated_Source\PSoC4/Pin_Sw.c ****     *  APIs (primary method) or disable interrupts around this function.
  68:Generated_Source\PSoC4/Pin_Sw.c ****     *
  69:Generated_Source\PSoC4/Pin_Sw.c ****     * \funcusage
  70:Generated_Source\PSoC4/Pin_Sw.c ****     *  \snippet Pin_Sw_SUT.c usage_Pin_Sw_SetDriveMode
  71:Generated_Source\PSoC4/Pin_Sw.c ****     *******************************************************************************/
  72:Generated_Source\PSoC4/Pin_Sw.c ****     void Pin_Sw_SetDriveMode(uint8 mode)
  73:Generated_Source\PSoC4/Pin_Sw.c ****     {
  26              		.loc 1 73 0
  27              		.cfi_startproc
  28              	.LVL0:
  74:Generated_Source\PSoC4/Pin_Sw.c **** 		Pin_Sw_SetP4PinDriveMode(Pin_Sw__0__SHIFT, mode);
  29              		.loc 1 74 0
  30 0000 0721     		mov	r1, #7
  31 0002 064A     		ldr	r2, .L2
  75:Generated_Source\PSoC4/Pin_Sw.c **** 		Pin_Sw_SetP4PinDriveMode(Pin_Sw__1__SHIFT, mode);
  76:Generated_Source\PSoC4/Pin_Sw.c ****     }
  32              		.loc 1 76 0
  33              		@ sp needed
  74:Generated_Source\PSoC4/Pin_Sw.c **** 		Pin_Sw_SetP4PinDriveMode(Pin_Sw__0__SHIFT, mode);
  34              		.loc 1 74 0
  35 0004 1368     		ldr	r3, [r2]
  36 0006 8B43     		bic	r3, r1
  37 0008 0343     		orr	r3, r0
ARM GAS  C:\Users\TECHCO~1\AppData\Local\Temp\ccOq4jMu.s 			page 3


  38 000a 1360     		str	r3, [r2]
  75:Generated_Source\PSoC4/Pin_Sw.c **** 		Pin_Sw_SetP4PinDriveMode(Pin_Sw__1__SHIFT, mode);
  39              		.loc 1 75 0
  40 000c 1368     		ldr	r3, [r2]
  41 000e 3131     		add	r1, r1, #49
  42 0010 8B43     		bic	r3, r1
  43 0012 C000     		lsl	r0, r0, #3
  44              	.LVL1:
  45 0014 1843     		orr	r0, r3
  46 0016 1060     		str	r0, [r2]
  47              		.loc 1 76 0
  48 0018 7047     		bx	lr
  49              	.L3:
  50 001a C046     		.align	2
  51              	.L2:
  52 001c 08010440 		.word	1074004232
  53              		.cfi_endproc
  54              	.LFE0:
  55              		.size	Pin_Sw_SetDriveMode, .-Pin_Sw_SetDriveMode
  56              		.section	.text.Pin_Sw_Write,"ax",%progbits
  57              		.align	1
  58              		.global	Pin_Sw_Write
  59              		.code	16
  60              		.thumb_func
  61              		.type	Pin_Sw_Write, %function
  62              	Pin_Sw_Write:
  63              	.LFB1:
  77:Generated_Source\PSoC4/Pin_Sw.c **** #endif
  78:Generated_Source\PSoC4/Pin_Sw.c **** 
  79:Generated_Source\PSoC4/Pin_Sw.c **** 
  80:Generated_Source\PSoC4/Pin_Sw.c **** /*******************************************************************************
  81:Generated_Source\PSoC4/Pin_Sw.c **** * Function Name: Pin_Sw_Write
  82:Generated_Source\PSoC4/Pin_Sw.c **** ****************************************************************************//**
  83:Generated_Source\PSoC4/Pin_Sw.c **** *
  84:Generated_Source\PSoC4/Pin_Sw.c **** * \brief Writes the value to the physical port (data output register), masking
  85:Generated_Source\PSoC4/Pin_Sw.c **** *  and shifting the bits appropriately. 
  86:Generated_Source\PSoC4/Pin_Sw.c **** *
  87:Generated_Source\PSoC4/Pin_Sw.c **** * The data output register controls the signal applied to the physical pin in 
  88:Generated_Source\PSoC4/Pin_Sw.c **** * conjunction with the drive mode parameter. This function avoids changing 
  89:Generated_Source\PSoC4/Pin_Sw.c **** * other bits in the port by using the appropriate method (read-modify-write or
  90:Generated_Source\PSoC4/Pin_Sw.c **** * bit banding).
  91:Generated_Source\PSoC4/Pin_Sw.c **** *
  92:Generated_Source\PSoC4/Pin_Sw.c **** * <b>Note</b> This function should not be used on a hardware digital output pin 
  93:Generated_Source\PSoC4/Pin_Sw.c **** * as it is driven by the hardware signal attached to it.
  94:Generated_Source\PSoC4/Pin_Sw.c **** *
  95:Generated_Source\PSoC4/Pin_Sw.c **** * \param value
  96:Generated_Source\PSoC4/Pin_Sw.c **** *  Value to write to the component instance.
  97:Generated_Source\PSoC4/Pin_Sw.c **** *
  98:Generated_Source\PSoC4/Pin_Sw.c **** * \return 
  99:Generated_Source\PSoC4/Pin_Sw.c **** *  None 
 100:Generated_Source\PSoC4/Pin_Sw.c **** *
 101:Generated_Source\PSoC4/Pin_Sw.c **** * \sideeffect
 102:Generated_Source\PSoC4/Pin_Sw.c **** *  If you use read-modify-write operations that are not atomic; the Interrupt 
 103:Generated_Source\PSoC4/Pin_Sw.c **** *  Service Routines (ISR) can cause corruption of this function. An ISR that 
 104:Generated_Source\PSoC4/Pin_Sw.c **** *  interrupts this function and performs writes to the Pins component data 
 105:Generated_Source\PSoC4/Pin_Sw.c **** *  register can cause corrupted port data. To avoid this issue, you should 
 106:Generated_Source\PSoC4/Pin_Sw.c **** *  either use the Per-Pin APIs (primary method) or disable interrupts around 
ARM GAS  C:\Users\TECHCO~1\AppData\Local\Temp\ccOq4jMu.s 			page 4


 107:Generated_Source\PSoC4/Pin_Sw.c **** *  this function.
 108:Generated_Source\PSoC4/Pin_Sw.c **** *
 109:Generated_Source\PSoC4/Pin_Sw.c **** * \funcusage
 110:Generated_Source\PSoC4/Pin_Sw.c **** *  \snippet Pin_Sw_SUT.c usage_Pin_Sw_Write
 111:Generated_Source\PSoC4/Pin_Sw.c **** *******************************************************************************/
 112:Generated_Source\PSoC4/Pin_Sw.c **** void Pin_Sw_Write(uint8 value)
 113:Generated_Source\PSoC4/Pin_Sw.c **** {
  64              		.loc 1 113 0
  65              		.cfi_startproc
  66              	.LVL2:
 114:Generated_Source\PSoC4/Pin_Sw.c ****     uint8 drVal = (uint8)(Pin_Sw_DR & (uint8)(~Pin_Sw_MASK));
  67              		.loc 1 114 0
  68 0000 0323     		mov	r3, #3
  69 0002 0449     		ldr	r1, .L5
 115:Generated_Source\PSoC4/Pin_Sw.c ****     drVal = (drVal | ((uint8)(value << Pin_Sw_SHIFT) & Pin_Sw_MASK));
 116:Generated_Source\PSoC4/Pin_Sw.c ****     Pin_Sw_DR = (uint32)drVal;
 117:Generated_Source\PSoC4/Pin_Sw.c **** }
  70              		.loc 1 117 0
  71              		@ sp needed
 114:Generated_Source\PSoC4/Pin_Sw.c ****     uint8 drVal = (uint8)(Pin_Sw_DR & (uint8)(~Pin_Sw_MASK));
  72              		.loc 1 114 0
  73 0004 0A68     		ldr	r2, [r1]
  74 0006 9A43     		bic	r2, r3
  75 0008 D2B2     		uxtb	r2, r2
  76              	.LVL3:
 115:Generated_Source\PSoC4/Pin_Sw.c ****     drVal = (drVal | ((uint8)(value << Pin_Sw_SHIFT) & Pin_Sw_MASK));
  77              		.loc 1 115 0
  78 000a 0340     		and	r3, r0
 116:Generated_Source\PSoC4/Pin_Sw.c **** }
  79              		.loc 1 116 0
  80 000c 1343     		orr	r3, r2
  81 000e 0B60     		str	r3, [r1]
  82              		.loc 1 117 0
  83 0010 7047     		bx	lr
  84              	.L6:
  85 0012 C046     		.align	2
  86              	.L5:
  87 0014 00010440 		.word	1074004224
  88              		.cfi_endproc
  89              	.LFE1:
  90              		.size	Pin_Sw_Write, .-Pin_Sw_Write
  91              		.section	.text.Pin_Sw_Read,"ax",%progbits
  92              		.align	1
  93              		.global	Pin_Sw_Read
  94              		.code	16
  95              		.thumb_func
  96              		.type	Pin_Sw_Read, %function
  97              	Pin_Sw_Read:
  98              	.LFB2:
 118:Generated_Source\PSoC4/Pin_Sw.c **** 
 119:Generated_Source\PSoC4/Pin_Sw.c **** 
 120:Generated_Source\PSoC4/Pin_Sw.c **** /*******************************************************************************
 121:Generated_Source\PSoC4/Pin_Sw.c **** * Function Name: Pin_Sw_Read
 122:Generated_Source\PSoC4/Pin_Sw.c **** ****************************************************************************//**
 123:Generated_Source\PSoC4/Pin_Sw.c **** *
 124:Generated_Source\PSoC4/Pin_Sw.c **** * \brief Reads the associated physical port (pin status register) and masks 
 125:Generated_Source\PSoC4/Pin_Sw.c **** *  the required bits according to the width and bit position of the component
ARM GAS  C:\Users\TECHCO~1\AppData\Local\Temp\ccOq4jMu.s 			page 5


 126:Generated_Source\PSoC4/Pin_Sw.c **** *  instance. 
 127:Generated_Source\PSoC4/Pin_Sw.c **** *
 128:Generated_Source\PSoC4/Pin_Sw.c **** * The pin's status register returns the current logic level present on the 
 129:Generated_Source\PSoC4/Pin_Sw.c **** * physical pin.
 130:Generated_Source\PSoC4/Pin_Sw.c **** *
 131:Generated_Source\PSoC4/Pin_Sw.c **** * \return 
 132:Generated_Source\PSoC4/Pin_Sw.c **** *  The current value for the pins in the component as a right justified number.
 133:Generated_Source\PSoC4/Pin_Sw.c **** *
 134:Generated_Source\PSoC4/Pin_Sw.c **** * \funcusage
 135:Generated_Source\PSoC4/Pin_Sw.c **** *  \snippet Pin_Sw_SUT.c usage_Pin_Sw_Read  
 136:Generated_Source\PSoC4/Pin_Sw.c **** *******************************************************************************/
 137:Generated_Source\PSoC4/Pin_Sw.c **** uint8 Pin_Sw_Read(void)
 138:Generated_Source\PSoC4/Pin_Sw.c **** {
  99              		.loc 1 138 0
 100              		.cfi_startproc
 139:Generated_Source\PSoC4/Pin_Sw.c ****     return (uint8)((Pin_Sw_PS & Pin_Sw_MASK) >> Pin_Sw_SHIFT);
 101              		.loc 1 139 0
 102 0000 024B     		ldr	r3, .L8
 140:Generated_Source\PSoC4/Pin_Sw.c **** }
 103              		.loc 1 140 0
 104              		@ sp needed
 139:Generated_Source\PSoC4/Pin_Sw.c ****     return (uint8)((Pin_Sw_PS & Pin_Sw_MASK) >> Pin_Sw_SHIFT);
 105              		.loc 1 139 0
 106 0002 1868     		ldr	r0, [r3]
 107 0004 0323     		mov	r3, #3
 108 0006 1840     		and	r0, r3
 109              		.loc 1 140 0
 110 0008 7047     		bx	lr
 111              	.L9:
 112 000a C046     		.align	2
 113              	.L8:
 114 000c 04010440 		.word	1074004228
 115              		.cfi_endproc
 116              	.LFE2:
 117              		.size	Pin_Sw_Read, .-Pin_Sw_Read
 118              		.section	.text.Pin_Sw_ReadDataReg,"ax",%progbits
 119              		.align	1
 120              		.global	Pin_Sw_ReadDataReg
 121              		.code	16
 122              		.thumb_func
 123              		.type	Pin_Sw_ReadDataReg, %function
 124              	Pin_Sw_ReadDataReg:
 125              	.LFB3:
 141:Generated_Source\PSoC4/Pin_Sw.c **** 
 142:Generated_Source\PSoC4/Pin_Sw.c **** 
 143:Generated_Source\PSoC4/Pin_Sw.c **** /*******************************************************************************
 144:Generated_Source\PSoC4/Pin_Sw.c **** * Function Name: Pin_Sw_ReadDataReg
 145:Generated_Source\PSoC4/Pin_Sw.c **** ****************************************************************************//**
 146:Generated_Source\PSoC4/Pin_Sw.c **** *
 147:Generated_Source\PSoC4/Pin_Sw.c **** * \brief Reads the associated physical port's data output register and masks 
 148:Generated_Source\PSoC4/Pin_Sw.c **** *  the correct bits according to the width and bit position of the component 
 149:Generated_Source\PSoC4/Pin_Sw.c **** *  instance. 
 150:Generated_Source\PSoC4/Pin_Sw.c **** *
 151:Generated_Source\PSoC4/Pin_Sw.c **** * The data output register controls the signal applied to the physical pin in 
 152:Generated_Source\PSoC4/Pin_Sw.c **** * conjunction with the drive mode parameter. This is not the same as the 
 153:Generated_Source\PSoC4/Pin_Sw.c **** * preferred Pin_Sw_Read() API because the 
 154:Generated_Source\PSoC4/Pin_Sw.c **** * Pin_Sw_ReadDataReg() reads the data register instead of the status 
ARM GAS  C:\Users\TECHCO~1\AppData\Local\Temp\ccOq4jMu.s 			page 6


 155:Generated_Source\PSoC4/Pin_Sw.c **** * register. For output pins this is a useful function to determine the value 
 156:Generated_Source\PSoC4/Pin_Sw.c **** * just written to the pin.
 157:Generated_Source\PSoC4/Pin_Sw.c **** *
 158:Generated_Source\PSoC4/Pin_Sw.c **** * \return 
 159:Generated_Source\PSoC4/Pin_Sw.c **** *  The current value of the data register masked and shifted into a right 
 160:Generated_Source\PSoC4/Pin_Sw.c **** *  justified number for the component instance.
 161:Generated_Source\PSoC4/Pin_Sw.c **** *
 162:Generated_Source\PSoC4/Pin_Sw.c **** * \funcusage
 163:Generated_Source\PSoC4/Pin_Sw.c **** *  \snippet Pin_Sw_SUT.c usage_Pin_Sw_ReadDataReg 
 164:Generated_Source\PSoC4/Pin_Sw.c **** *******************************************************************************/
 165:Generated_Source\PSoC4/Pin_Sw.c **** uint8 Pin_Sw_ReadDataReg(void)
 166:Generated_Source\PSoC4/Pin_Sw.c **** {
 126              		.loc 1 166 0
 127              		.cfi_startproc
 167:Generated_Source\PSoC4/Pin_Sw.c ****     return (uint8)((Pin_Sw_DR & Pin_Sw_MASK) >> Pin_Sw_SHIFT);
 128              		.loc 1 167 0
 129 0000 024B     		ldr	r3, .L11
 168:Generated_Source\PSoC4/Pin_Sw.c **** }
 130              		.loc 1 168 0
 131              		@ sp needed
 167:Generated_Source\PSoC4/Pin_Sw.c ****     return (uint8)((Pin_Sw_DR & Pin_Sw_MASK) >> Pin_Sw_SHIFT);
 132              		.loc 1 167 0
 133 0002 1868     		ldr	r0, [r3]
 134 0004 0323     		mov	r3, #3
 135 0006 1840     		and	r0, r3
 136              		.loc 1 168 0
 137 0008 7047     		bx	lr
 138              	.L12:
 139 000a C046     		.align	2
 140              	.L11:
 141 000c 00010440 		.word	1074004224
 142              		.cfi_endproc
 143              	.LFE3:
 144              		.size	Pin_Sw_ReadDataReg, .-Pin_Sw_ReadDataReg
 145              		.section	.text.Pin_Sw_SetInterruptMode,"ax",%progbits
 146              		.align	1
 147              		.global	Pin_Sw_SetInterruptMode
 148              		.code	16
 149              		.thumb_func
 150              		.type	Pin_Sw_SetInterruptMode, %function
 151              	Pin_Sw_SetInterruptMode:
 152              	.LFB4:
 169:Generated_Source\PSoC4/Pin_Sw.c **** 
 170:Generated_Source\PSoC4/Pin_Sw.c **** 
 171:Generated_Source\PSoC4/Pin_Sw.c **** /*******************************************************************************
 172:Generated_Source\PSoC4/Pin_Sw.c **** * Function Name: Pin_Sw_SetInterruptMode
 173:Generated_Source\PSoC4/Pin_Sw.c **** ****************************************************************************//**
 174:Generated_Source\PSoC4/Pin_Sw.c **** *
 175:Generated_Source\PSoC4/Pin_Sw.c **** * \brief Configures the interrupt mode for each of the Pins component's
 176:Generated_Source\PSoC4/Pin_Sw.c **** *  pins. Alternatively you may set the interrupt mode for all the pins
 177:Generated_Source\PSoC4/Pin_Sw.c **** *  specified in the Pins component.
 178:Generated_Source\PSoC4/Pin_Sw.c **** *
 179:Generated_Source\PSoC4/Pin_Sw.c **** *  <b>Note</b> The interrupt is port-wide and therefore any enabled pin
 180:Generated_Source\PSoC4/Pin_Sw.c **** *  interrupt may trigger it.
 181:Generated_Source\PSoC4/Pin_Sw.c **** *
 182:Generated_Source\PSoC4/Pin_Sw.c **** * \param position
 183:Generated_Source\PSoC4/Pin_Sw.c **** *  The pin position as listed in the Pins component. You may OR these to be 
ARM GAS  C:\Users\TECHCO~1\AppData\Local\Temp\ccOq4jMu.s 			page 7


 184:Generated_Source\PSoC4/Pin_Sw.c **** *  able to configure the interrupt mode of multiple pins within a Pins 
 185:Generated_Source\PSoC4/Pin_Sw.c **** *  component. Or you may use Pin_Sw_INTR_ALL to configure the
 186:Generated_Source\PSoC4/Pin_Sw.c **** *  interrupt mode of all the pins in the Pins component.       
 187:Generated_Source\PSoC4/Pin_Sw.c **** *  - Pin_Sw_0_INTR       (First pin in the list)
 188:Generated_Source\PSoC4/Pin_Sw.c **** *  - Pin_Sw_1_INTR       (Second pin in the list)
 189:Generated_Source\PSoC4/Pin_Sw.c **** *  - ...
 190:Generated_Source\PSoC4/Pin_Sw.c **** *  - Pin_Sw_INTR_ALL     (All pins in Pins component)
 191:Generated_Source\PSoC4/Pin_Sw.c **** *
 192:Generated_Source\PSoC4/Pin_Sw.c **** * \param mode
 193:Generated_Source\PSoC4/Pin_Sw.c **** *  Interrupt mode for the selected pins. Valid options are documented in
 194:Generated_Source\PSoC4/Pin_Sw.c **** *  \ref intrMode.
 195:Generated_Source\PSoC4/Pin_Sw.c **** *
 196:Generated_Source\PSoC4/Pin_Sw.c **** * \return 
 197:Generated_Source\PSoC4/Pin_Sw.c **** *  None
 198:Generated_Source\PSoC4/Pin_Sw.c **** *  
 199:Generated_Source\PSoC4/Pin_Sw.c **** * \sideeffect
 200:Generated_Source\PSoC4/Pin_Sw.c **** *  It is recommended that the interrupt be disabled before calling this 
 201:Generated_Source\PSoC4/Pin_Sw.c **** *  function to avoid unintended interrupt requests. Note that the interrupt
 202:Generated_Source\PSoC4/Pin_Sw.c **** *  type is port wide, and therefore will trigger for any enabled pin on the 
 203:Generated_Source\PSoC4/Pin_Sw.c **** *  port.
 204:Generated_Source\PSoC4/Pin_Sw.c **** *
 205:Generated_Source\PSoC4/Pin_Sw.c **** * \funcusage
 206:Generated_Source\PSoC4/Pin_Sw.c **** *  \snippet Pin_Sw_SUT.c usage_Pin_Sw_SetInterruptMode
 207:Generated_Source\PSoC4/Pin_Sw.c **** *******************************************************************************/
 208:Generated_Source\PSoC4/Pin_Sw.c **** void Pin_Sw_SetInterruptMode(uint16 position, uint16 mode)
 209:Generated_Source\PSoC4/Pin_Sw.c **** {
 153              		.loc 1 209 0
 154              		.cfi_startproc
 155              	.LVL4:
 210:Generated_Source\PSoC4/Pin_Sw.c ****     uint32 intrCfg;
 211:Generated_Source\PSoC4/Pin_Sw.c ****     
 212:Generated_Source\PSoC4/Pin_Sw.c ****     intrCfg =  Pin_Sw_INTCFG & (uint32)(~(uint32)position);
 156              		.loc 1 212 0
 157 0000 034A     		ldr	r2, .L14
 213:Generated_Source\PSoC4/Pin_Sw.c ****     Pin_Sw_INTCFG = intrCfg | ((uint32)position & (uint32)mode);
 214:Generated_Source\PSoC4/Pin_Sw.c **** }
 158              		.loc 1 214 0
 159              		@ sp needed
 212:Generated_Source\PSoC4/Pin_Sw.c ****     Pin_Sw_INTCFG = intrCfg | ((uint32)position & (uint32)mode);
 160              		.loc 1 212 0
 161 0002 1368     		ldr	r3, [r2]
 162              	.LVL5:
 163 0004 8343     		bic	r3, r0
 164              	.LVL6:
 213:Generated_Source\PSoC4/Pin_Sw.c ****     Pin_Sw_INTCFG = intrCfg | ((uint32)position & (uint32)mode);
 165              		.loc 1 213 0
 166 0006 0840     		and	r0, r1
 167              	.LVL7:
 168 0008 1843     		orr	r0, r3
 169 000a 1060     		str	r0, [r2]
 170              		.loc 1 214 0
 171 000c 7047     		bx	lr
 172              	.L15:
 173 000e C046     		.align	2
 174              	.L14:
 175 0010 0C010440 		.word	1074004236
 176              		.cfi_endproc
ARM GAS  C:\Users\TECHCO~1\AppData\Local\Temp\ccOq4jMu.s 			page 8


 177              	.LFE4:
 178              		.size	Pin_Sw_SetInterruptMode, .-Pin_Sw_SetInterruptMode
 179              		.section	.text.Pin_Sw_ClearInterrupt,"ax",%progbits
 180              		.align	1
 181              		.global	Pin_Sw_ClearInterrupt
 182              		.code	16
 183              		.thumb_func
 184              		.type	Pin_Sw_ClearInterrupt, %function
 185              	Pin_Sw_ClearInterrupt:
 186              	.LFB5:
 215:Generated_Source\PSoC4/Pin_Sw.c **** 
 216:Generated_Source\PSoC4/Pin_Sw.c **** 
 217:Generated_Source\PSoC4/Pin_Sw.c **** /*******************************************************************************
 218:Generated_Source\PSoC4/Pin_Sw.c **** * Function Name: Pin_Sw_ClearInterrupt
 219:Generated_Source\PSoC4/Pin_Sw.c **** ****************************************************************************//**
 220:Generated_Source\PSoC4/Pin_Sw.c **** *
 221:Generated_Source\PSoC4/Pin_Sw.c **** * \brief Clears any active interrupts attached with the component and returns 
 222:Generated_Source\PSoC4/Pin_Sw.c **** *  the value of the interrupt status register allowing determination of which
 223:Generated_Source\PSoC4/Pin_Sw.c **** *  pins generated an interrupt event.
 224:Generated_Source\PSoC4/Pin_Sw.c **** *
 225:Generated_Source\PSoC4/Pin_Sw.c **** * \return 
 226:Generated_Source\PSoC4/Pin_Sw.c **** *  The right-shifted current value of the interrupt status register. Each pin 
 227:Generated_Source\PSoC4/Pin_Sw.c **** *  has one bit set if it generated an interrupt event. For example, bit 0 is 
 228:Generated_Source\PSoC4/Pin_Sw.c **** *  for pin 0 and bit 1 is for pin 1 of the Pins component.
 229:Generated_Source\PSoC4/Pin_Sw.c **** *  
 230:Generated_Source\PSoC4/Pin_Sw.c **** * \sideeffect
 231:Generated_Source\PSoC4/Pin_Sw.c **** *  Clears all bits of the physical port's interrupt status register, not just
 232:Generated_Source\PSoC4/Pin_Sw.c **** *  those associated with the Pins component.
 233:Generated_Source\PSoC4/Pin_Sw.c **** *
 234:Generated_Source\PSoC4/Pin_Sw.c **** * \funcusage
 235:Generated_Source\PSoC4/Pin_Sw.c **** *  \snippet Pin_Sw_SUT.c usage_Pin_Sw_ClearInterrupt
 236:Generated_Source\PSoC4/Pin_Sw.c **** *******************************************************************************/
 237:Generated_Source\PSoC4/Pin_Sw.c **** uint8 Pin_Sw_ClearInterrupt(void)
 238:Generated_Source\PSoC4/Pin_Sw.c **** {
 187              		.loc 1 238 0
 188              		.cfi_startproc
 239:Generated_Source\PSoC4/Pin_Sw.c **** 	uint8 maskedStatus = (uint8)(Pin_Sw_INTSTAT & Pin_Sw_MASK);
 189              		.loc 1 239 0
 190 0000 0323     		mov	r3, #3
 191 0002 024A     		ldr	r2, .L17
 240:Generated_Source\PSoC4/Pin_Sw.c **** 	Pin_Sw_INTSTAT = maskedStatus;
 241:Generated_Source\PSoC4/Pin_Sw.c ****     return maskedStatus >> Pin_Sw_SHIFT;
 242:Generated_Source\PSoC4/Pin_Sw.c **** }
 192              		.loc 1 242 0
 193              		@ sp needed
 239:Generated_Source\PSoC4/Pin_Sw.c **** 	uint8 maskedStatus = (uint8)(Pin_Sw_INTSTAT & Pin_Sw_MASK);
 194              		.loc 1 239 0
 195 0004 1068     		ldr	r0, [r2]
 196 0006 1840     		and	r0, r3
 197              	.LVL8:
 240:Generated_Source\PSoC4/Pin_Sw.c **** 	Pin_Sw_INTSTAT = maskedStatus;
 198              		.loc 1 240 0
 199 0008 1060     		str	r0, [r2]
 200              		.loc 1 242 0
 201 000a 7047     		bx	lr
 202              	.L18:
 203              		.align	2
ARM GAS  C:\Users\TECHCO~1\AppData\Local\Temp\ccOq4jMu.s 			page 9


 204              	.L17:
 205 000c 10010440 		.word	1074004240
 206              		.cfi_endproc
 207              	.LFE5:
 208              		.size	Pin_Sw_ClearInterrupt, .-Pin_Sw_ClearInterrupt
 209              		.text
 210              	.Letext0:
 211              		.file 2 "Generated_Source\\PSoC4\\cytypes.h"
 212              		.section	.debug_info,"",%progbits
 213              	.Ldebug_info0:
 214 0000 9C010000 		.4byte	0x19c
 215 0004 0400     		.2byte	0x4
 216 0006 00000000 		.4byte	.Ldebug_abbrev0
 217 000a 04       		.byte	0x4
 218 000b 01       		.uleb128 0x1
 219 000c 06000000 		.4byte	.LASF28
 220 0010 01       		.byte	0x1
 221 0011 C0000000 		.4byte	.LASF29
 222 0015 C8010000 		.4byte	.LASF30
 223 0019 00000000 		.4byte	.Ldebug_ranges0+0
 224 001d 00000000 		.4byte	0
 225 0021 00000000 		.4byte	.Ldebug_line0
 226 0025 02       		.uleb128 0x2
 227 0026 01       		.byte	0x1
 228 0027 06       		.byte	0x6
 229 0028 67020000 		.4byte	.LASF0
 230 002c 02       		.uleb128 0x2
 231 002d 01       		.byte	0x1
 232 002e 08       		.byte	0x8
 233 002f E0000000 		.4byte	.LASF1
 234 0033 02       		.uleb128 0x2
 235 0034 02       		.byte	0x2
 236 0035 05       		.byte	0x5
 237 0036 BE010000 		.4byte	.LASF2
 238 003a 02       		.uleb128 0x2
 239 003b 02       		.byte	0x2
 240 003c 07       		.byte	0x7
 241 003d 06010000 		.4byte	.LASF3
 242 0041 02       		.uleb128 0x2
 243 0042 04       		.byte	0x4
 244 0043 05       		.byte	0x5
 245 0044 46020000 		.4byte	.LASF4
 246 0048 02       		.uleb128 0x2
 247 0049 04       		.byte	0x4
 248 004a 07       		.byte	0x7
 249 004b F4000000 		.4byte	.LASF5
 250 004f 02       		.uleb128 0x2
 251 0050 08       		.byte	0x8
 252 0051 05       		.byte	0x5
 253 0052 75010000 		.4byte	.LASF6
 254 0056 02       		.uleb128 0x2
 255 0057 08       		.byte	0x8
 256 0058 07       		.byte	0x7
 257 0059 59010000 		.4byte	.LASF7
 258 005d 03       		.uleb128 0x3
 259 005e 04       		.byte	0x4
 260 005f 05       		.byte	0x5
ARM GAS  C:\Users\TECHCO~1\AppData\Local\Temp\ccOq4jMu.s 			page 10


 261 0060 696E7400 		.ascii	"int\000"
 262 0064 02       		.uleb128 0x2
 263 0065 04       		.byte	0x4
 264 0066 07       		.byte	0x7
 265 0067 4C010000 		.4byte	.LASF8
 266 006b 04       		.uleb128 0x4
 267 006c 40020000 		.4byte	.LASF9
 268 0070 02       		.byte	0x2
 269 0071 B901     		.2byte	0x1b9
 270 0073 2C000000 		.4byte	0x2c
 271 0077 04       		.uleb128 0x4
 272 0078 2D010000 		.4byte	.LASF10
 273 007c 02       		.byte	0x2
 274 007d BA01     		.2byte	0x1ba
 275 007f 3A000000 		.4byte	0x3a
 276 0083 04       		.uleb128 0x4
 277 0084 3D010000 		.4byte	.LASF11
 278 0088 02       		.byte	0x2
 279 0089 BB01     		.2byte	0x1bb
 280 008b 48000000 		.4byte	0x48
 281 008f 02       		.uleb128 0x2
 282 0090 04       		.byte	0x4
 283 0091 04       		.byte	0x4
 284 0092 BA000000 		.4byte	.LASF12
 285 0096 02       		.uleb128 0x2
 286 0097 08       		.byte	0x8
 287 0098 04       		.byte	0x4
 288 0099 19010000 		.4byte	.LASF13
 289 009d 02       		.uleb128 0x2
 290 009e 01       		.byte	0x1
 291 009f 08       		.byte	0x8
 292 00a0 90010000 		.4byte	.LASF14
 293 00a4 04       		.uleb128 0x4
 294 00a5 00000000 		.4byte	.LASF15
 295 00a9 02       		.byte	0x2
 296 00aa 6502     		.2byte	0x265
 297 00ac B0000000 		.4byte	0xb0
 298 00b0 05       		.uleb128 0x5
 299 00b1 83000000 		.4byte	0x83
 300 00b5 06       		.uleb128 0x6
 301 00b6 94000000 		.4byte	.LASF16
 302 00ba 01       		.byte	0x1
 303 00bb 48       		.byte	0x48
 304 00bc 00000000 		.4byte	.LFB0
 305 00c0 20000000 		.4byte	.LFE0-.LFB0
 306 00c4 01       		.uleb128 0x1
 307 00c5 9C       		.byte	0x9c
 308 00c6 DA000000 		.4byte	0xda
 309 00ca 07       		.uleb128 0x7
 310 00cb 70010000 		.4byte	.LASF18
 311 00cf 01       		.byte	0x1
 312 00d0 48       		.byte	0x48
 313 00d1 6B000000 		.4byte	0x6b
 314 00d5 00000000 		.4byte	.LLST0
 315 00d9 00       		.byte	0
 316 00da 06       		.uleb128 0x6
 317 00db 20010000 		.4byte	.LASF17
ARM GAS  C:\Users\TECHCO~1\AppData\Local\Temp\ccOq4jMu.s 			page 11


 318 00df 01       		.byte	0x1
 319 00e0 70       		.byte	0x70
 320 00e1 00000000 		.4byte	.LFB1
 321 00e5 18000000 		.4byte	.LFE1-.LFB1
 322 00e9 01       		.uleb128 0x1
 323 00ea 9C       		.byte	0x9c
 324 00eb 11010000 		.4byte	0x111
 325 00ef 08       		.uleb128 0x8
 326 00f0 A8000000 		.4byte	.LASF19
 327 00f4 01       		.byte	0x1
 328 00f5 70       		.byte	0x70
 329 00f6 6B000000 		.4byte	0x6b
 330 00fa 01       		.uleb128 0x1
 331 00fb 50       		.byte	0x50
 332 00fc 09       		.uleb128 0x9
 333 00fd EE000000 		.4byte	.LASF24
 334 0101 01       		.byte	0x1
 335 0102 72       		.byte	0x72
 336 0103 6B000000 		.4byte	0x6b
 337 0107 08       		.uleb128 0x8
 338 0108 70       		.byte	0x70
 339 0109 00       		.sleb128 0
 340 010a 33       		.byte	0x33
 341 010b 1A       		.byte	0x1a
 342 010c 72       		.byte	0x72
 343 010d 00       		.sleb128 0
 344 010e 21       		.byte	0x21
 345 010f 9F       		.byte	0x9f
 346 0110 00       		.byte	0
 347 0111 0A       		.uleb128 0xa
 348 0112 AE000000 		.4byte	.LASF20
 349 0116 01       		.byte	0x1
 350 0117 89       		.byte	0x89
 351 0118 6B000000 		.4byte	0x6b
 352 011c 00000000 		.4byte	.LFB2
 353 0120 10000000 		.4byte	.LFE2-.LFB2
 354 0124 01       		.uleb128 0x1
 355 0125 9C       		.byte	0x9c
 356 0126 0A       		.uleb128 0xa
 357 0127 AB010000 		.4byte	.LASF21
 358 012b 01       		.byte	0x1
 359 012c A5       		.byte	0xa5
 360 012d 6B000000 		.4byte	0x6b
 361 0131 00000000 		.4byte	.LFB3
 362 0135 10000000 		.4byte	.LFE3-.LFB3
 363 0139 01       		.uleb128 0x1
 364 013a 9C       		.byte	0x9c
 365 013b 06       		.uleb128 0x6
 366 013c 4F020000 		.4byte	.LASF22
 367 0140 01       		.byte	0x1
 368 0141 D0       		.byte	0xd0
 369 0142 00000000 		.4byte	.LFB4
 370 0146 14000000 		.4byte	.LFE4-.LFB4
 371 014a 01       		.uleb128 0x1
 372 014b 9C       		.byte	0x9c
 373 014c 7C010000 		.4byte	0x17c
 374 0150 07       		.uleb128 0x7
ARM GAS  C:\Users\TECHCO~1\AppData\Local\Temp\ccOq4jMu.s 			page 12


 375 0151 34010000 		.4byte	.LASF23
 376 0155 01       		.byte	0x1
 377 0156 D0       		.byte	0xd0
 378 0157 77000000 		.4byte	0x77
 379 015b 21000000 		.4byte	.LLST1
 380 015f 08       		.uleb128 0x8
 381 0160 70010000 		.4byte	.LASF18
 382 0164 01       		.byte	0x1
 383 0165 D0       		.byte	0xd0
 384 0166 77000000 		.4byte	0x77
 385 016a 01       		.uleb128 0x1
 386 016b 51       		.byte	0x51
 387 016c 0B       		.uleb128 0xb
 388 016d 44010000 		.4byte	.LASF25
 389 0171 01       		.byte	0x1
 390 0172 D2       		.byte	0xd2
 391 0173 83000000 		.4byte	0x83
 392 0177 42000000 		.4byte	.LLST2
 393 017b 00       		.byte	0
 394 017c 0C       		.uleb128 0xc
 395 017d 95010000 		.4byte	.LASF26
 396 0181 01       		.byte	0x1
 397 0182 ED       		.byte	0xed
 398 0183 6B000000 		.4byte	0x6b
 399 0187 00000000 		.4byte	.LFB5
 400 018b 10000000 		.4byte	.LFE5-.LFB5
 401 018f 01       		.uleb128 0x1
 402 0190 9C       		.byte	0x9c
 403 0191 09       		.uleb128 0x9
 404 0192 83010000 		.4byte	.LASF27
 405 0196 01       		.byte	0x1
 406 0197 EF       		.byte	0xef
 407 0198 6B000000 		.4byte	0x6b
 408 019c 01       		.uleb128 0x1
 409 019d 50       		.byte	0x50
 410 019e 00       		.byte	0
 411 019f 00       		.byte	0
 412              		.section	.debug_abbrev,"",%progbits
 413              	.Ldebug_abbrev0:
 414 0000 01       		.uleb128 0x1
 415 0001 11       		.uleb128 0x11
 416 0002 01       		.byte	0x1
 417 0003 25       		.uleb128 0x25
 418 0004 0E       		.uleb128 0xe
 419 0005 13       		.uleb128 0x13
 420 0006 0B       		.uleb128 0xb
 421 0007 03       		.uleb128 0x3
 422 0008 0E       		.uleb128 0xe
 423 0009 1B       		.uleb128 0x1b
 424 000a 0E       		.uleb128 0xe
 425 000b 55       		.uleb128 0x55
 426 000c 17       		.uleb128 0x17
 427 000d 11       		.uleb128 0x11
 428 000e 01       		.uleb128 0x1
 429 000f 10       		.uleb128 0x10
 430 0010 17       		.uleb128 0x17
 431 0011 00       		.byte	0
ARM GAS  C:\Users\TECHCO~1\AppData\Local\Temp\ccOq4jMu.s 			page 13


 432 0012 00       		.byte	0
 433 0013 02       		.uleb128 0x2
 434 0014 24       		.uleb128 0x24
 435 0015 00       		.byte	0
 436 0016 0B       		.uleb128 0xb
 437 0017 0B       		.uleb128 0xb
 438 0018 3E       		.uleb128 0x3e
 439 0019 0B       		.uleb128 0xb
 440 001a 03       		.uleb128 0x3
 441 001b 0E       		.uleb128 0xe
 442 001c 00       		.byte	0
 443 001d 00       		.byte	0
 444 001e 03       		.uleb128 0x3
 445 001f 24       		.uleb128 0x24
 446 0020 00       		.byte	0
 447 0021 0B       		.uleb128 0xb
 448 0022 0B       		.uleb128 0xb
 449 0023 3E       		.uleb128 0x3e
 450 0024 0B       		.uleb128 0xb
 451 0025 03       		.uleb128 0x3
 452 0026 08       		.uleb128 0x8
 453 0027 00       		.byte	0
 454 0028 00       		.byte	0
 455 0029 04       		.uleb128 0x4
 456 002a 16       		.uleb128 0x16
 457 002b 00       		.byte	0
 458 002c 03       		.uleb128 0x3
 459 002d 0E       		.uleb128 0xe
 460 002e 3A       		.uleb128 0x3a
 461 002f 0B       		.uleb128 0xb
 462 0030 3B       		.uleb128 0x3b
 463 0031 05       		.uleb128 0x5
 464 0032 49       		.uleb128 0x49
 465 0033 13       		.uleb128 0x13
 466 0034 00       		.byte	0
 467 0035 00       		.byte	0
 468 0036 05       		.uleb128 0x5
 469 0037 35       		.uleb128 0x35
 470 0038 00       		.byte	0
 471 0039 49       		.uleb128 0x49
 472 003a 13       		.uleb128 0x13
 473 003b 00       		.byte	0
 474 003c 00       		.byte	0
 475 003d 06       		.uleb128 0x6
 476 003e 2E       		.uleb128 0x2e
 477 003f 01       		.byte	0x1
 478 0040 3F       		.uleb128 0x3f
 479 0041 19       		.uleb128 0x19
 480 0042 03       		.uleb128 0x3
 481 0043 0E       		.uleb128 0xe
 482 0044 3A       		.uleb128 0x3a
 483 0045 0B       		.uleb128 0xb
 484 0046 3B       		.uleb128 0x3b
 485 0047 0B       		.uleb128 0xb
 486 0048 27       		.uleb128 0x27
 487 0049 19       		.uleb128 0x19
 488 004a 11       		.uleb128 0x11
ARM GAS  C:\Users\TECHCO~1\AppData\Local\Temp\ccOq4jMu.s 			page 14


 489 004b 01       		.uleb128 0x1
 490 004c 12       		.uleb128 0x12
 491 004d 06       		.uleb128 0x6
 492 004e 40       		.uleb128 0x40
 493 004f 18       		.uleb128 0x18
 494 0050 9742     		.uleb128 0x2117
 495 0052 19       		.uleb128 0x19
 496 0053 01       		.uleb128 0x1
 497 0054 13       		.uleb128 0x13
 498 0055 00       		.byte	0
 499 0056 00       		.byte	0
 500 0057 07       		.uleb128 0x7
 501 0058 05       		.uleb128 0x5
 502 0059 00       		.byte	0
 503 005a 03       		.uleb128 0x3
 504 005b 0E       		.uleb128 0xe
 505 005c 3A       		.uleb128 0x3a
 506 005d 0B       		.uleb128 0xb
 507 005e 3B       		.uleb128 0x3b
 508 005f 0B       		.uleb128 0xb
 509 0060 49       		.uleb128 0x49
 510 0061 13       		.uleb128 0x13
 511 0062 02       		.uleb128 0x2
 512 0063 17       		.uleb128 0x17
 513 0064 00       		.byte	0
 514 0065 00       		.byte	0
 515 0066 08       		.uleb128 0x8
 516 0067 05       		.uleb128 0x5
 517 0068 00       		.byte	0
 518 0069 03       		.uleb128 0x3
 519 006a 0E       		.uleb128 0xe
 520 006b 3A       		.uleb128 0x3a
 521 006c 0B       		.uleb128 0xb
 522 006d 3B       		.uleb128 0x3b
 523 006e 0B       		.uleb128 0xb
 524 006f 49       		.uleb128 0x49
 525 0070 13       		.uleb128 0x13
 526 0071 02       		.uleb128 0x2
 527 0072 18       		.uleb128 0x18
 528 0073 00       		.byte	0
 529 0074 00       		.byte	0
 530 0075 09       		.uleb128 0x9
 531 0076 34       		.uleb128 0x34
 532 0077 00       		.byte	0
 533 0078 03       		.uleb128 0x3
 534 0079 0E       		.uleb128 0xe
 535 007a 3A       		.uleb128 0x3a
 536 007b 0B       		.uleb128 0xb
 537 007c 3B       		.uleb128 0x3b
 538 007d 0B       		.uleb128 0xb
 539 007e 49       		.uleb128 0x49
 540 007f 13       		.uleb128 0x13
 541 0080 02       		.uleb128 0x2
 542 0081 18       		.uleb128 0x18
 543 0082 00       		.byte	0
 544 0083 00       		.byte	0
 545 0084 0A       		.uleb128 0xa
ARM GAS  C:\Users\TECHCO~1\AppData\Local\Temp\ccOq4jMu.s 			page 15


 546 0085 2E       		.uleb128 0x2e
 547 0086 00       		.byte	0
 548 0087 3F       		.uleb128 0x3f
 549 0088 19       		.uleb128 0x19
 550 0089 03       		.uleb128 0x3
 551 008a 0E       		.uleb128 0xe
 552 008b 3A       		.uleb128 0x3a
 553 008c 0B       		.uleb128 0xb
 554 008d 3B       		.uleb128 0x3b
 555 008e 0B       		.uleb128 0xb
 556 008f 27       		.uleb128 0x27
 557 0090 19       		.uleb128 0x19
 558 0091 49       		.uleb128 0x49
 559 0092 13       		.uleb128 0x13
 560 0093 11       		.uleb128 0x11
 561 0094 01       		.uleb128 0x1
 562 0095 12       		.uleb128 0x12
 563 0096 06       		.uleb128 0x6
 564 0097 40       		.uleb128 0x40
 565 0098 18       		.uleb128 0x18
 566 0099 9742     		.uleb128 0x2117
 567 009b 19       		.uleb128 0x19
 568 009c 00       		.byte	0
 569 009d 00       		.byte	0
 570 009e 0B       		.uleb128 0xb
 571 009f 34       		.uleb128 0x34
 572 00a0 00       		.byte	0
 573 00a1 03       		.uleb128 0x3
 574 00a2 0E       		.uleb128 0xe
 575 00a3 3A       		.uleb128 0x3a
 576 00a4 0B       		.uleb128 0xb
 577 00a5 3B       		.uleb128 0x3b
 578 00a6 0B       		.uleb128 0xb
 579 00a7 49       		.uleb128 0x49
 580 00a8 13       		.uleb128 0x13
 581 00a9 02       		.uleb128 0x2
 582 00aa 17       		.uleb128 0x17
 583 00ab 00       		.byte	0
 584 00ac 00       		.byte	0
 585 00ad 0C       		.uleb128 0xc
 586 00ae 2E       		.uleb128 0x2e
 587 00af 01       		.byte	0x1
 588 00b0 3F       		.uleb128 0x3f
 589 00b1 19       		.uleb128 0x19
 590 00b2 03       		.uleb128 0x3
 591 00b3 0E       		.uleb128 0xe
 592 00b4 3A       		.uleb128 0x3a
 593 00b5 0B       		.uleb128 0xb
 594 00b6 3B       		.uleb128 0x3b
 595 00b7 0B       		.uleb128 0xb
 596 00b8 27       		.uleb128 0x27
 597 00b9 19       		.uleb128 0x19
 598 00ba 49       		.uleb128 0x49
 599 00bb 13       		.uleb128 0x13
 600 00bc 11       		.uleb128 0x11
 601 00bd 01       		.uleb128 0x1
 602 00be 12       		.uleb128 0x12
ARM GAS  C:\Users\TECHCO~1\AppData\Local\Temp\ccOq4jMu.s 			page 16


 603 00bf 06       		.uleb128 0x6
 604 00c0 40       		.uleb128 0x40
 605 00c1 18       		.uleb128 0x18
 606 00c2 9742     		.uleb128 0x2117
 607 00c4 19       		.uleb128 0x19
 608 00c5 00       		.byte	0
 609 00c6 00       		.byte	0
 610 00c7 00       		.byte	0
 611              		.section	.debug_loc,"",%progbits
 612              	.Ldebug_loc0:
 613              	.LLST0:
 614 0000 00000000 		.4byte	.LVL0
 615 0004 14000000 		.4byte	.LVL1
 616 0008 0100     		.2byte	0x1
 617 000a 50       		.byte	0x50
 618 000b 14000000 		.4byte	.LVL1
 619 000f 20000000 		.4byte	.LFE0
 620 0013 0400     		.2byte	0x4
 621 0015 F3       		.byte	0xf3
 622 0016 01       		.uleb128 0x1
 623 0017 50       		.byte	0x50
 624 0018 9F       		.byte	0x9f
 625 0019 00000000 		.4byte	0
 626 001d 00000000 		.4byte	0
 627              	.LLST1:
 628 0021 00000000 		.4byte	.LVL4
 629 0025 08000000 		.4byte	.LVL7
 630 0029 0100     		.2byte	0x1
 631 002b 50       		.byte	0x50
 632 002c 08000000 		.4byte	.LVL7
 633 0030 14000000 		.4byte	.LFE4
 634 0034 0400     		.2byte	0x4
 635 0036 F3       		.byte	0xf3
 636 0037 01       		.uleb128 0x1
 637 0038 50       		.byte	0x50
 638 0039 9F       		.byte	0x9f
 639 003a 00000000 		.4byte	0
 640 003e 00000000 		.4byte	0
 641              	.LLST2:
 642 0042 04000000 		.4byte	.LVL5
 643 0046 06000000 		.4byte	.LVL6
 644 004a 0B00     		.2byte	0xb
 645 004c 70       		.byte	0x70
 646 004d 00       		.sleb128 0
 647 004e 0A       		.byte	0xa
 648 004f FFFF     		.2byte	0xffff
 649 0051 1A       		.byte	0x1a
 650 0052 20       		.byte	0x20
 651 0053 73       		.byte	0x73
 652 0054 00       		.sleb128 0
 653 0055 1A       		.byte	0x1a
 654 0056 9F       		.byte	0x9f
 655 0057 00000000 		.4byte	0
 656 005b 00000000 		.4byte	0
 657              		.section	.debug_aranges,"",%progbits
 658 0000 44000000 		.4byte	0x44
 659 0004 0200     		.2byte	0x2
ARM GAS  C:\Users\TECHCO~1\AppData\Local\Temp\ccOq4jMu.s 			page 17


 660 0006 00000000 		.4byte	.Ldebug_info0
 661 000a 04       		.byte	0x4
 662 000b 00       		.byte	0
 663 000c 0000     		.2byte	0
 664 000e 0000     		.2byte	0
 665 0010 00000000 		.4byte	.LFB0
 666 0014 20000000 		.4byte	.LFE0-.LFB0
 667 0018 00000000 		.4byte	.LFB1
 668 001c 18000000 		.4byte	.LFE1-.LFB1
 669 0020 00000000 		.4byte	.LFB2
 670 0024 10000000 		.4byte	.LFE2-.LFB2
 671 0028 00000000 		.4byte	.LFB3
 672 002c 10000000 		.4byte	.LFE3-.LFB3
 673 0030 00000000 		.4byte	.LFB4
 674 0034 14000000 		.4byte	.LFE4-.LFB4
 675 0038 00000000 		.4byte	.LFB5
 676 003c 10000000 		.4byte	.LFE5-.LFB5
 677 0040 00000000 		.4byte	0
 678 0044 00000000 		.4byte	0
 679              		.section	.debug_ranges,"",%progbits
 680              	.Ldebug_ranges0:
 681 0000 00000000 		.4byte	.LFB0
 682 0004 20000000 		.4byte	.LFE0
 683 0008 00000000 		.4byte	.LFB1
 684 000c 18000000 		.4byte	.LFE1
 685 0010 00000000 		.4byte	.LFB2
 686 0014 10000000 		.4byte	.LFE2
 687 0018 00000000 		.4byte	.LFB3
 688 001c 10000000 		.4byte	.LFE3
 689 0020 00000000 		.4byte	.LFB4
 690 0024 14000000 		.4byte	.LFE4
 691 0028 00000000 		.4byte	.LFB5
 692 002c 10000000 		.4byte	.LFE5
 693 0030 00000000 		.4byte	0
 694 0034 00000000 		.4byte	0
 695              		.section	.debug_line,"",%progbits
 696              	.Ldebug_line0:
 697 0000 C6000000 		.section	.debug_str,"MS",%progbits,1
 697      02004300 
 697      00000201 
 697      FB0E0D00 
 697      01010101 
 698              	.LASF15:
 699 0000 72656733 		.ascii	"reg32\000"
 699      3200
 700              	.LASF28:
 701 0006 474E5520 		.ascii	"GNU C 4.9.3 20150303 (release) [ARM/embedded-4_9-br"
 701      4320342E 
 701      392E3320 
 701      32303135 
 701      30333033 
 702 0039 616E6368 		.ascii	"anch revision 221220] -mcpu=cortex-m0 -mthumb -g -O"
 702      20726576 
 702      6973696F 
 702      6E203232 
 702      31323230 
 703 006c 73202D66 		.ascii	"s -ffunction-sections -ffat-lto-objects\000"
ARM GAS  C:\Users\TECHCO~1\AppData\Local\Temp\ccOq4jMu.s 			page 18


 703      66756E63 
 703      74696F6E 
 703      2D736563 
 703      74696F6E 
 704              	.LASF16:
 705 0094 50696E5F 		.ascii	"Pin_Sw_SetDriveMode\000"
 705      53775F53 
 705      65744472 
 705      6976654D 
 705      6F646500 
 706              	.LASF19:
 707 00a8 76616C75 		.ascii	"value\000"
 707      6500
 708              	.LASF20:
 709 00ae 50696E5F 		.ascii	"Pin_Sw_Read\000"
 709      53775F52 
 709      65616400 
 710              	.LASF12:
 711 00ba 666C6F61 		.ascii	"float\000"
 711      7400
 712              	.LASF29:
 713 00c0 47656E65 		.ascii	"Generated_Source\\PSoC4\\Pin_Sw.c\000"
 713      72617465 
 713      645F536F 
 713      75726365 
 713      5C50536F 
 714              	.LASF1:
 715 00e0 756E7369 		.ascii	"unsigned char\000"
 715      676E6564 
 715      20636861 
 715      7200
 716              	.LASF24:
 717 00ee 64725661 		.ascii	"drVal\000"
 717      6C00
 718              	.LASF5:
 719 00f4 6C6F6E67 		.ascii	"long unsigned int\000"
 719      20756E73 
 719      69676E65 
 719      6420696E 
 719      7400
 720              	.LASF3:
 721 0106 73686F72 		.ascii	"short unsigned int\000"
 721      7420756E 
 721      7369676E 
 721      65642069 
 721      6E7400
 722              	.LASF13:
 723 0119 646F7562 		.ascii	"double\000"
 723      6C6500
 724              	.LASF17:
 725 0120 50696E5F 		.ascii	"Pin_Sw_Write\000"
 725      53775F57 
 725      72697465 
 725      00
 726              	.LASF10:
 727 012d 75696E74 		.ascii	"uint16\000"
 727      313600
ARM GAS  C:\Users\TECHCO~1\AppData\Local\Temp\ccOq4jMu.s 			page 19


 728              	.LASF23:
 729 0134 706F7369 		.ascii	"position\000"
 729      74696F6E 
 729      00
 730              	.LASF11:
 731 013d 75696E74 		.ascii	"uint32\000"
 731      333200
 732              	.LASF25:
 733 0144 696E7472 		.ascii	"intrCfg\000"
 733      43666700 
 734              	.LASF8:
 735 014c 756E7369 		.ascii	"unsigned int\000"
 735      676E6564 
 735      20696E74 
 735      00
 736              	.LASF7:
 737 0159 6C6F6E67 		.ascii	"long long unsigned int\000"
 737      206C6F6E 
 737      6720756E 
 737      7369676E 
 737      65642069 
 738              	.LASF18:
 739 0170 6D6F6465 		.ascii	"mode\000"
 739      00
 740              	.LASF6:
 741 0175 6C6F6E67 		.ascii	"long long int\000"
 741      206C6F6E 
 741      6720696E 
 741      7400
 742              	.LASF27:
 743 0183 6D61736B 		.ascii	"maskedStatus\000"
 743      65645374 
 743      61747573 
 743      00
 744              	.LASF14:
 745 0190 63686172 		.ascii	"char\000"
 745      00
 746              	.LASF26:
 747 0195 50696E5F 		.ascii	"Pin_Sw_ClearInterrupt\000"
 747      53775F43 
 747      6C656172 
 747      496E7465 
 747      72727570 
 748              	.LASF21:
 749 01ab 50696E5F 		.ascii	"Pin_Sw_ReadDataReg\000"
 749      53775F52 
 749      65616444 
 749      61746152 
 749      656700
 750              	.LASF2:
 751 01be 73686F72 		.ascii	"short int\000"
 751      7420696E 
 751      7400
 752              	.LASF30:
 753 01c8 433A5C55 		.ascii	"C:\\Users\\Tech Consulting\\Desktop\\PSOC4 projects"
 753      73657273 
 753      5C546563 
ARM GAS  C:\Users\TECHCO~1\AppData\Local\Temp\ccOq4jMu.s 			page 20


 753      6820436F 
 753      6E73756C 
 754 01f7 5C537465 		.ascii	"\\Stepper Projects GearBest\\DualStepperController-"
 754      70706572 
 754      2050726F 
 754      6A656374 
 754      73204765 
 755 0228 50536F43 		.ascii	"PSoC4200-GearBest.cydsn\000"
 755      34323030 
 755      2D476561 
 755      72426573 
 755      742E6379 
 756              	.LASF9:
 757 0240 75696E74 		.ascii	"uint8\000"
 757      3800
 758              	.LASF4:
 759 0246 6C6F6E67 		.ascii	"long int\000"
 759      20696E74 
 759      00
 760              	.LASF22:
 761 024f 50696E5F 		.ascii	"Pin_Sw_SetInterruptMode\000"
 761      53775F53 
 761      6574496E 
 761      74657272 
 761      7570744D 
 762              	.LASF0:
 763 0267 7369676E 		.ascii	"signed char\000"
 763      65642063 
 763      68617200 
 764              		.ident	"GCC: (GNU Tools for ARM Embedded Processors) 4.9.3 20150303 (release) [ARM/embedded-4_9-br
