--------------- Rebuild Started: 12/31/2016 10:34:07 Project: DualStepperController-PSoC4200-GearBest, Configuration: ARM GCC 4.9-2015-q1-update Release ---------------
Deleting file ".\CortexM0\ARM_GCC_493\Release\main.o"
Deleting file ".\CortexM0\ARM_GCC_493\Release\genSine.o"
Deleting file ".\CortexM0\ARM_GCC_493\Release\inputScan.o"
Deleting file ".\CortexM0\ARM_GCC_493\Release\Move.o"
Deleting file ".\CortexM0\ARM_GCC_493\Release\PhaseControl.o"
Deleting file ".\CortexM0\ARM_GCC_493\Release\systemInit.o"
Deleting file ".\CortexM0\ARM_GCC_493\Release\cyfitter_cfg.o"
Deleting file ".\CortexM0\ARM_GCC_493\Release\STEP_INPUT.o"
Deleting file ".\CortexM0\ARM_GCC_493\Release\STEP_INPUT_PM.o"
Deleting file ".\CortexM0\ARM_GCC_493\Release\DIR_INPUT.o"
Deleting file ".\CortexM0\ARM_GCC_493\Release\DIR_INPUT_PM.o"
Deleting file ".\CortexM0\ARM_GCC_493\Release\STEP_INPUT_SOURCE.o"
Deleting file ".\CortexM0\ARM_GCC_493\Release\STEP_INPUT_SOURCE_PM.o"
Deleting file ".\CortexM0\ARM_GCC_493\Release\DIR_INPUT_SOURCE.o"
Deleting file ".\CortexM0\ARM_GCC_493\Release\DIR_INPUT_SOURCE_PM.o"
Deleting file ".\CortexM0\ARM_GCC_493\Release\DIR_OUT_A.o"
Deleting file ".\CortexM0\ARM_GCC_493\Release\DIR_OUT_A_PM.o"
Deleting file ".\CortexM0\ARM_GCC_493\Release\DIR_OUT_B.o"
Deleting file ".\CortexM0\ARM_GCC_493\Release\DIR_OUT_B_PM.o"
Deleting file ".\CortexM0\ARM_GCC_493\Release\DIR_REG.o"
Deleting file ".\CortexM0\ARM_GCC_493\Release\DIR_REG_PM.o"
Deleting file ".\CortexM0\ARM_GCC_493\Release\Cm0Start.o"
Deleting file ".\CortexM0\ARM_GCC_493\Release\CyBootAsmGnu.o"
Deleting file ".\CortexM0\ARM_GCC_493\Release\CyFlash.o"
Deleting file ".\CortexM0\ARM_GCC_493\Release\CyLib.o"
Deleting file ".\CortexM0\ARM_GCC_493\Release\cyPm.o"
Deleting file ".\CortexM0\ARM_GCC_493\Release\cyutils.o"
Deleting file ".\CortexM0\ARM_GCC_493\Release\TCPWM_2.o"
Deleting file ".\CortexM0\ARM_GCC_493\Release\TCPWM_2_PM.o"
Deleting file ".\CortexM0\ARM_GCC_493\Release\TCPWM_1.o"
Deleting file ".\CortexM0\ARM_GCC_493\Release\TCPWM_1_PM.o"
Deleting file ".\CortexM0\ARM_GCC_493\Release\cybootloader.o"
Deleting file ".\CortexM0\ARM_GCC_493\Release\cymetadata.o"
Deleting file ".\CortexM0\ARM_GCC_493\Release\Bootloadable_1.o"
Deleting file ".\CortexM0\ARM_GCC_493\Release\CyLFClk.o"
Deleting file ".\CortexM0\ARM_GCC_493\Release\TCPWM_4.o"
Deleting file ".\CortexM0\ARM_GCC_493\Release\TCPWM_4_PM.o"
Deleting file ".\CortexM0\ARM_GCC_493\Release\TCPWM_3.o"
Deleting file ".\CortexM0\ARM_GCC_493\Release\TCPWM_3_PM.o"
Deleting file ".\CortexM0\ARM_GCC_493\Release\PWM_OUT_B_1.o"
Deleting file ".\CortexM0\ARM_GCC_493\Release\PWM_OUT_B_1_PM.o"
Deleting file ".\CortexM0\ARM_GCC_493\Release\PWM_OUT_A_1.o"
Deleting file ".\CortexM0\ARM_GCC_493\Release\PWM_OUT_A_1_PM.o"
Deleting file ".\CortexM0\ARM_GCC_493\Release\INTERNAL_STEP_OUT_1.o"
Deleting file ".\CortexM0\ARM_GCC_493\Release\INTERNAL_STEP_OUT_1_PM.o"
Deleting file ".\CortexM0\ARM_GCC_493\Release\INTERNAL_STEP_1.o"
Deleting file ".\CortexM0\ARM_GCC_493\Release\INTERNAL_STEP_1_PM.o"
Deleting file ".\CortexM0\ARM_GCC_493\Release\Clock_PWM_MAIN_1.o"
Deleting file ".\CortexM0\ARM_GCC_493\Release\DIR_REG_1.o"
Deleting file ".\CortexM0\ARM_GCC_493\Release\DIR_REG_1_PM.o"
Deleting file ".\CortexM0\ARM_GCC_493\Release\Comm.o"
Deleting file ".\CortexM0\ARM_GCC_493\Release\Comm_I2C_INT.o"
Deleting file ".\CortexM0\ARM_GCC_493\Release\Comm_I2C.o"
Deleting file ".\CortexM0\ARM_GCC_493\Release\Comm_I2C_BOOT.o"
Deleting file ".\CortexM0\ARM_GCC_493\Release\Comm_SPI_UART.o"
Deleting file ".\CortexM0\ARM_GCC_493\Release\Comm_SPI_UART_INT.o"
Deleting file ".\CortexM0\ARM_GCC_493\Release\Comm_I2C_MASTER.o"
Deleting file ".\CortexM0\ARM_GCC_493\Release\Comm_I2C_SLAVE.o"
Deleting file ".\CortexM0\ARM_GCC_493\Release\Comm_PM.o"
Deleting file ".\CortexM0\ARM_GCC_493\Release\Comm_SPI.o"
Deleting file ".\CortexM0\ARM_GCC_493\Release\Comm_UART.o"
Deleting file ".\CortexM0\ARM_GCC_493\Release\Comm_BOOT.o"
Deleting file ".\CortexM0\ARM_GCC_493\Release\Comm_SPI_BOOT.o"
Deleting file ".\CortexM0\ARM_GCC_493\Release\Comm_UART_BOOT.o"
Deleting file ".\CortexM0\ARM_GCC_493\Release\Comm_EZI2C.o"
Deleting file ".\CortexM0\ARM_GCC_493\Release\Comm_EZI2C_INT.o"
Deleting file ".\CortexM0\ARM_GCC_493\Release\Comm_EZI2C_BOOT.o"
Deleting file ".\CortexM0\ARM_GCC_493\Release\CommCLK.o"
Deleting file ".\CortexM0\ARM_GCC_493\Release\Comm_uart_rx_i2c_scl_spi_mosi.o"
Deleting file ".\CortexM0\ARM_GCC_493\Release\Comm_uart_rx_i2c_scl_spi_mosi_PM.o"
Deleting file ".\CortexM0\ARM_GCC_493\Release\Comm_uart_tx_i2c_sda_spi_miso.o"
Deleting file ".\CortexM0\ARM_GCC_493\Release\Comm_uart_tx_i2c_sda_spi_miso_PM.o"
Deleting file ".\CortexM0\ARM_GCC_493\Release\Comm_SCB_IRQ.o"
Deleting file ".\CortexM0\ARM_GCC_493\Release\STATUS_LED_2.o"
Deleting file ".\CortexM0\ARM_GCC_493\Release\STATUS_LED_2_PM.o"
Deleting file ".\CortexM0\ARM_GCC_493\Release\STATUS_LED_1.o"
Deleting file ".\CortexM0\ARM_GCC_493\Release\STATUS_LED_1_PM.o"
Deleting file ".\CortexM0\ARM_GCC_493\Release\Pin_Sw.o"
Deleting file ".\CortexM0\ARM_GCC_493\Release\Pin_Sw_PM.o"
Deleting file ".\CortexM0\ARM_GCC_493\Release\isr_GPIO.o"
Deleting file ".\CortexM0\ARM_GCC_493\Release\PWM_OUT_B_2.o"
Deleting file ".\CortexM0\ARM_GCC_493\Release\PWM_OUT_B_2_PM.o"
Deleting file ".\CortexM0\ARM_GCC_493\Release\PWM_OUT_A_2.o"
Deleting file ".\CortexM0\ARM_GCC_493\Release\PWM_OUT_A_2_PM.o"
Deleting file ".\CortexM0\ARM_GCC_493\Release\INTERNAL_STEP_OUT_2.o"
Deleting file ".\CortexM0\ARM_GCC_493\Release\INTERNAL_STEP_OUT_2_PM.o"
Deleting file ".\CortexM0\ARM_GCC_493\Release\INTERNAL_STEP_2.o"
Deleting file ".\CortexM0\ARM_GCC_493\Release\INTERNAL_STEP_2_PM.o"
Deleting file ".\CortexM0\ARM_GCC_493\Release\Clock_PWM_MAIN_2.o"
Deleting file ".\CortexM0\ARM_GCC_493\Release\DIR_OUT_B_2.o"
Deleting file ".\CortexM0\ARM_GCC_493\Release\DIR_OUT_B_2_PM.o"
Deleting file ".\CortexM0\ARM_GCC_493\Release\DIR_OUT_A_2.o"
Deleting file ".\CortexM0\ARM_GCC_493\Release\DIR_OUT_A_2_PM.o"
Deleting file ".\CortexM0\ARM_GCC_493\Release\STEP_INPUT_2.o"
Deleting file ".\CortexM0\ARM_GCC_493\Release\STEP_INPUT_2_PM.o"
Deleting file ".\CortexM0\ARM_GCC_493\Release\DIR_INPUT_2.o"
Deleting file ".\CortexM0\ARM_GCC_493\Release\DIR_INPUT_2_PM.o"
Deleting file ".\CortexM0\ARM_GCC_493\Release\STEP_INPUT_SOURCE_2.o"
Deleting file ".\CortexM0\ARM_GCC_493\Release\STEP_INPUT_SOURCE_2_PM.o"
Deleting file ".\CortexM0\ARM_GCC_493\Release\DIR_INPUT_SOURCE_2.o"
Deleting file ".\CortexM0\ARM_GCC_493\Release\DIR_INPUT_SOURCE_2_PM.o"
Deleting file ".\CortexM0\ARM_GCC_493\Release\DualStepperController-PSoC4200-GearBest.hex"
Deleting file ".\CortexM0\ARM_GCC_493\Release\DualStepperController-PSoC4200-GearBest.map"
Deleting file ".\CortexM0\ARM_GCC_493\Release\DualStepperController-PSoC4200-GearBest.cyacd"
Deleting file ".\DualStepperController-PSoC4200-GearBest.cycdx"
Deleting file ".\DualStepperController-PSoC4200-GearBest.svd"
Deleting file ".\DualStepperController-PSoC4200-GearBest.rpt"
Deleting file ".\DualStepperController-PSoC4200-GearBest_timing.html"
Deleting file ".\CortexM0\ARM_GCC_493\Release\.deps\SOURCE_C__ARM_GCC_GENERIC.P"
Deleting file ".\CortexM0\ARM_GCC_493\Release\.deps\SOURCE_ASM__ARM_GCC_GENERIC.P"
cydsfit.exe -.appdatapath "C:\Users\Tech Consulting\AppData\Local\Cypress Semiconductor\PSoC Creator\4.0" -.fdsnotice -.fdswarpdepfile=warp_dependencies.txt -.fdselabdepfile=elab_dependencies.txt -.fdsbldfile=generated_files.txt -.fdsreffile=referenced_files.txt -p "C:\Users\Tech Consulting\Desktop\PSOC4 projects\Stepper Projects GearBest\DualStepperController-PSoC4200-GearBest.cydsn\DualStepperController-PSoC4200-GearBest.cyprj" -d CY8C4245AXI-483 -s "C:\Users\Tech Consulting\Desktop\PSOC4 projects\Stepper Projects GearBest\DualStepperController-PSoC4200-GearBest.cydsn\Generated_Source\PSoC4" -- -yv2 -q10 -ygs -o2 -v3 -.fftcfgtype=LE
Elaborating Design...
ADD: fit.M0015: information: One or more rows of flash have been configured to be protected; however, debugging has been enabled in the System DWR Editor. This means that while write restrictions are honored flash rows can still be read via SWD or JTAG. To prevent any ability to read the flash rows, disable debugging in the System DWR Editor.
 * C:\Users\Tech Consulting\Desktop\PSOC4 projects\Stepper Projects GearBest\DualStepperController-PSoC4200-GearBest.cydsn\DualStepperController-PSoC4200-GearBest.cydwr (Chip Protection)
HDL Generation...
Synthesis...
Tech Mapping...
Analog Placement...
Analog Routing...
Analog Code Generation...
Digital Placement...
Digital Routing...
Bitstream Generation...
Bitstream Verification...
Static timing analysis...
API Generation...
Dependency Generation...
Cleanup...
arm-none-eabi-gcc.exe -mcpu=cortex-m0 -mthumb -I. -IGenerated_Source\PSoC4 -Wa,-alh=.\CortexM0\ARM_GCC_493\Release/main.lst -g -D NDEBUG -Wall -ffunction-sections -Os -ffat-lto-objects -c main.c -o .\CortexM0\ARM_GCC_493\Release\main.o
arm-none-eabi-gcc.exe -mcpu=cortex-m0 -mthumb -I. -IGenerated_Source\PSoC4 -Wa,-alh=.\CortexM0\ARM_GCC_493\Release/genSine.lst -g -D NDEBUG -Wall -ffunction-sections -Os -ffat-lto-objects -c genSine.c -o .\CortexM0\ARM_GCC_493\Release\genSine.o
arm-none-eabi-gcc.exe -mcpu=cortex-m0 -mthumb -I. -IGenerated_Source\PSoC4 -Wa,-alh=.\CortexM0\ARM_GCC_493\Release/inputScan.lst -g -D NDEBUG -Wall -ffunction-sections -Os -ffat-lto-objects -c inputScan.c -o .\CortexM0\ARM_GCC_493\Release\inputScan.o
arm-none-eabi-gcc.exe -mcpu=cortex-m0 -mthumb -I. -IGenerated_Source\PSoC4 -Wa,-alh=.\CortexM0\ARM_GCC_493\Release/Move.lst -g -D NDEBUG -Wall -ffunction-sections -Os -ffat-lto-objects -c Move.c -o .\CortexM0\ARM_GCC_493\Release\Move.o
arm-none-eabi-gcc.exe -mcpu=cortex-m0 -mthumb -I. -IGenerated_Source\PSoC4 -Wa,-alh=.\CortexM0\ARM_GCC_493\Release/PhaseControl.lst -g -D NDEBUG -Wall -ffunction-sections -Os -ffat-lto-objects -c PhaseControl.c -o .\CortexM0\ARM_GCC_493\Release\PhaseControl.o
arm-none-eabi-gcc.exe -mcpu=cortex-m0 -mthumb -I. -IGenerated_Source\PSoC4 -Wa,-alh=.\CortexM0\ARM_GCC_493\Release/systemInit.lst -g -D NDEBUG -Wall -ffunction-sections -Os -ffat-lto-objects -c systemInit.c -o .\CortexM0\ARM_GCC_493\Release\systemInit.o
arm-none-eabi-gcc.exe -mcpu=cortex-m0 -mthumb -I. -IGenerated_Source\PSoC4 -Wa,-alh=.\CortexM0\ARM_GCC_493\Release/cyfitter_cfg.lst -g -D NDEBUG -Wall -ffunction-sections -Os -ffat-lto-objects -c Generated_Source\PSoC4\cyfitter_cfg.c -o .\CortexM0\ARM_GCC_493\Release\cyfitter_cfg.o
arm-none-eabi-gcc.exe -mcpu=cortex-m0 -mthumb -I. -IGenerated_Source\PSoC4 -Wa,-alh=.\CortexM0\ARM_GCC_493\Release/STEP_INPUT.lst -g -D NDEBUG -Wall -ffunction-sections -Os -ffat-lto-objects -c Generated_Source\PSoC4\STEP_INPUT.c -o .\CortexM0\ARM_GCC_493\Release\STEP_INPUT.o
arm-none-eabi-gcc.exe -mcpu=cortex-m0 -mthumb -I. -IGenerated_Source\PSoC4 -Wa,-alh=.\CortexM0\ARM_GCC_493\Release/STEP_INPUT_PM.lst -g -D NDEBUG -Wall -ffunction-sections -Os -ffat-lto-objects -c Generated_Source\PSoC4\STEP_INPUT_PM.c -o .\CortexM0\ARM_GCC_493\Release\STEP_INPUT_PM.o
arm-none-eabi-gcc.exe -mcpu=cortex-m0 -mthumb -I. -IGenerated_Source\PSoC4 -Wa,-alh=.\CortexM0\ARM_GCC_493\Release/DIR_INPUT.lst -g -D NDEBUG -Wall -ffunction-sections -Os -ffat-lto-objects -c Generated_Source\PSoC4\DIR_INPUT.c -o .\CortexM0\ARM_GCC_493\Release\DIR_INPUT.o
arm-none-eabi-gcc.exe -mcpu=cortex-m0 -mthumb -I. -IGenerated_Source\PSoC4 -Wa,-alh=.\CortexM0\ARM_GCC_493\Release/DIR_INPUT_PM.lst -g -D NDEBUG -Wall -ffunction-sections -Os -ffat-lto-objects -c Generated_Source\PSoC4\DIR_INPUT_PM.c -o .\CortexM0\ARM_GCC_493\Release\DIR_INPUT_PM.o
arm-none-eabi-gcc.exe -mcpu=cortex-m0 -mthumb -I. -IGenerated_Source\PSoC4 -Wa,-alh=.\CortexM0\ARM_GCC_493\Release/STEP_INPUT_SOURCE.lst -g -D NDEBUG -Wall -ffunction-sections -Os -ffat-lto-objects -c Generated_Source\PSoC4\STEP_INPUT_SOURCE.c -o .\CortexM0\ARM_GCC_493\Release\STEP_INPUT_SOURCE.o
arm-none-eabi-gcc.exe -mcpu=cortex-m0 -mthumb -I. -IGenerated_Source\PSoC4 -Wa,-alh=.\CortexM0\ARM_GCC_493\Release/STEP_INPUT_SOURCE_PM.lst -g -D NDEBUG -Wall -ffunction-sections -Os -ffat-lto-objects -c Generated_Source\PSoC4\STEP_INPUT_SOURCE_PM.c -o .\CortexM0\ARM_GCC_493\Release\STEP_INPUT_SOURCE_PM.o
arm-none-eabi-gcc.exe -mcpu=cortex-m0 -mthumb -I. -IGenerated_Source\PSoC4 -Wa,-alh=.\CortexM0\ARM_GCC_493\Release/DIR_INPUT_SOURCE.lst -g -D NDEBUG -Wall -ffunction-sections -Os -ffat-lto-objects -c Generated_Source\PSoC4\DIR_INPUT_SOURCE.c -o .\CortexM0\ARM_GCC_493\Release\DIR_INPUT_SOURCE.o
arm-none-eabi-gcc.exe -mcpu=cortex-m0 -mthumb -I. -IGenerated_Source\PSoC4 -Wa,-alh=.\CortexM0\ARM_GCC_493\Release/DIR_INPUT_SOURCE_PM.lst -g -D NDEBUG -Wall -ffunction-sections -Os -ffat-lto-objects -c Generated_Source\PSoC4\DIR_INPUT_SOURCE_PM.c -o .\CortexM0\ARM_GCC_493\Release\DIR_INPUT_SOURCE_PM.o
arm-none-eabi-gcc.exe -mcpu=cortex-m0 -mthumb -I. -IGenerated_Source\PSoC4 -Wa,-alh=.\CortexM0\ARM_GCC_493\Release/DIR_OUT_A.lst -g -D NDEBUG -Wall -ffunction-sections -Os -ffat-lto-objects -c Generated_Source\PSoC4\DIR_OUT_A.c -o .\CortexM0\ARM_GCC_493\Release\DIR_OUT_A.o
arm-none-eabi-gcc.exe -mcpu=cortex-m0 -mthumb -I. -IGenerated_Source\PSoC4 -Wa,-alh=.\CortexM0\ARM_GCC_493\Release/DIR_OUT_A_PM.lst -g -D NDEBUG -Wall -ffunction-sections -Os -ffat-lto-objects -c Generated_Source\PSoC4\DIR_OUT_A_PM.c -o .\CortexM0\ARM_GCC_493\Release\DIR_OUT_A_PM.o
arm-none-eabi-gcc.exe -mcpu=cortex-m0 -mthumb -I. -IGenerated_Source\PSoC4 -Wa,-alh=.\CortexM0\ARM_GCC_493\Release/DIR_OUT_B.lst -g -D NDEBUG -Wall -ffunction-sections -Os -ffat-lto-objects -c Generated_Source\PSoC4\DIR_OUT_B.c -o .\CortexM0\ARM_GCC_493\Release\DIR_OUT_B.o
arm-none-eabi-gcc.exe -mcpu=cortex-m0 -mthumb -I. -IGenerated_Source\PSoC4 -Wa,-alh=.\CortexM0\ARM_GCC_493\Release/DIR_OUT_B_PM.lst -g -D NDEBUG -Wall -ffunction-sections -Os -ffat-lto-objects -c Generated_Source\PSoC4\DIR_OUT_B_PM.c -o .\CortexM0\ARM_GCC_493\Release\DIR_OUT_B_PM.o
arm-none-eabi-gcc.exe -mcpu=cortex-m0 -mthumb -I. -IGenerated_Source\PSoC4 -Wa,-alh=.\CortexM0\ARM_GCC_493\Release/DIR_REG.lst -g -D NDEBUG -Wall -ffunction-sections -Os -ffat-lto-objects -c Generated_Source\PSoC4\DIR_REG.c -o .\CortexM0\ARM_GCC_493\Release\DIR_REG.o
arm-none-eabi-gcc.exe -mcpu=cortex-m0 -mthumb -I. -IGenerated_Source\PSoC4 -Wa,-alh=.\CortexM0\ARM_GCC_493\Release/DIR_REG_PM.lst -g -D NDEBUG -Wall -ffunction-sections -Os -ffat-lto-objects -c Generated_Source\PSoC4\DIR_REG_PM.c -o .\CortexM0\ARM_GCC_493\Release\DIR_REG_PM.o
arm-none-eabi-gcc.exe -mcpu=cortex-m0 -mthumb -I. -IGenerated_Source\PSoC4 -Wa,-alh=.\CortexM0\ARM_GCC_493\Release/Cm0Start.lst -g -D NDEBUG -Wall -ffunction-sections -Os -ffat-lto-objects -c Generated_Source\PSoC4\Cm0Start.c -o .\CortexM0\ARM_GCC_493\Release\Cm0Start.o
arm-none-eabi-gcc.exe -mcpu=cortex-m0 -mthumb -I. -IGenerated_Source\PSoC4 -Wa,-alh=.\CortexM0\ARM_GCC_493\Release/CyFlash.lst -g -D NDEBUG -Wall -ffunction-sections -Os -ffat-lto-objects -c Generated_Source\PSoC4\CyFlash.c -o .\CortexM0\ARM_GCC_493\Release\CyFlash.o
arm-none-eabi-gcc.exe -mcpu=cortex-m0 -mthumb -I. -IGenerated_Source\PSoC4 -Wa,-alh=.\CortexM0\ARM_GCC_493\Release/CyLib.lst -g -D NDEBUG -Wall -ffunction-sections -Os -ffat-lto-objects -c Generated_Source\PSoC4\CyLib.c -o .\CortexM0\ARM_GCC_493\Release\CyLib.o
arm-none-eabi-gcc.exe -mcpu=cortex-m0 -mthumb -I. -IGenerated_Source\PSoC4 -Wa,-alh=.\CortexM0\ARM_GCC_493\Release/cyPm.lst -g -D NDEBUG -Wall -ffunction-sections -Os -ffat-lto-objects -c Generated_Source\PSoC4\cyPm.c -o .\CortexM0\ARM_GCC_493\Release\cyPm.o
arm-none-eabi-gcc.exe -mcpu=cortex-m0 -mthumb -I. -IGenerated_Source\PSoC4 -Wa,-alh=.\CortexM0\ARM_GCC_493\Release/cyutils.lst -g -D NDEBUG -Wall -ffunction-sections -Os -ffat-lto-objects -c Generated_Source\PSoC4\cyutils.c -o .\CortexM0\ARM_GCC_493\Release\cyutils.o
arm-none-eabi-gcc.exe -mcpu=cortex-m0 -mthumb -I. -IGenerated_Source\PSoC4 -Wa,-alh=.\CortexM0\ARM_GCC_493\Release/TCPWM_2.lst -g -D NDEBUG -Wall -ffunction-sections -Os -ffat-lto-objects -c Generated_Source\PSoC4\TCPWM_2.c -o .\CortexM0\ARM_GCC_493\Release\TCPWM_2.o
arm-none-eabi-gcc.exe -mcpu=cortex-m0 -mthumb -I. -IGenerated_Source\PSoC4 -Wa,-alh=.\CortexM0\ARM_GCC_493\Release/TCPWM_2_PM.lst -g -D NDEBUG -Wall -ffunction-sections -Os -ffat-lto-objects -c Generated_Source\PSoC4\TCPWM_2_PM.c -o .\CortexM0\ARM_GCC_493\Release\TCPWM_2_PM.o
arm-none-eabi-gcc.exe -mcpu=cortex-m0 -mthumb -I. -IGenerated_Source\PSoC4 -Wa,-alh=.\CortexM0\ARM_GCC_493\Release/TCPWM_1.lst -g -D NDEBUG -Wall -ffunction-sections -Os -ffat-lto-objects -c Generated_Source\PSoC4\TCPWM_1.c -o .\CortexM0\ARM_GCC_493\Release\TCPWM_1.o
arm-none-eabi-gcc.exe -mcpu=cortex-m0 -mthumb -I. -IGenerated_Source\PSoC4 -Wa,-alh=.\CortexM0\ARM_GCC_493\Release/TCPWM_1_PM.lst -g -D NDEBUG -Wall -ffunction-sections -Os -ffat-lto-objects -c Generated_Source\PSoC4\TCPWM_1_PM.c -o .\CortexM0\ARM_GCC_493\Release\TCPWM_1_PM.o
arm-none-eabi-gcc.exe -mcpu=cortex-m0 -mthumb -I. -IGenerated_Source\PSoC4 -Wa,-alh=.\CortexM0\ARM_GCC_493\Release/cybootloader.lst -g -D NDEBUG -Wall -ffunction-sections -Os -ffat-lto-objects -c Generated_Source\PSoC4\cybootloader.c -o .\CortexM0\ARM_GCC_493\Release\cybootloader.o
arm-none-eabi-gcc.exe -mcpu=cortex-m0 -mthumb -I. -IGenerated_Source\PSoC4 -Wa,-alh=.\CortexM0\ARM_GCC_493\Release/cymetadata.lst -g -D NDEBUG -Wall -ffunction-sections -Os -ffat-lto-objects -c Generated_Source\PSoC4\cymetadata.c -o .\CortexM0\ARM_GCC_493\Release\cymetadata.o
arm-none-eabi-gcc.exe -mcpu=cortex-m0 -mthumb -I. -IGenerated_Source\PSoC4 -Wa,-alh=.\CortexM0\ARM_GCC_493\Release/Bootloadable_1.lst -g -D NDEBUG -Wall -ffunction-sections -Os -ffat-lto-objects -c Generated_Source\PSoC4\Bootloadable_1.c -o .\CortexM0\ARM_GCC_493\Release\Bootloadable_1.o
arm-none-eabi-gcc.exe -mcpu=cortex-m0 -mthumb -I. -IGenerated_Source\PSoC4 -Wa,-alh=.\CortexM0\ARM_GCC_493\Release/CyLFClk.lst -g -D NDEBUG -Wall -ffunction-sections -Os -ffat-lto-objects -c Generated_Source\PSoC4\CyLFClk.c -o .\CortexM0\ARM_GCC_493\Release\CyLFClk.o
arm-none-eabi-gcc.exe -mcpu=cortex-m0 -mthumb -I. -IGenerated_Source\PSoC4 -Wa,-alh=.\CortexM0\ARM_GCC_493\Release/TCPWM_4.lst -g -D NDEBUG -Wall -ffunction-sections -Os -ffat-lto-objects -c Generated_Source\PSoC4\TCPWM_4.c -o .\CortexM0\ARM_GCC_493\Release\TCPWM_4.o
arm-none-eabi-gcc.exe -mcpu=cortex-m0 -mthumb -I. -IGenerated_Source\PSoC4 -Wa,-alh=.\CortexM0\ARM_GCC_493\Release/TCPWM_4_PM.lst -g -D NDEBUG -Wall -ffunction-sections -Os -ffat-lto-objects -c Generated_Source\PSoC4\TCPWM_4_PM.c -o .\CortexM0\ARM_GCC_493\Release\TCPWM_4_PM.o
arm-none-eabi-gcc.exe -mcpu=cortex-m0 -mthumb -I. -IGenerated_Source\PSoC4 -Wa,-alh=.\CortexM0\ARM_GCC_493\Release/TCPWM_3.lst -g -D NDEBUG -Wall -ffunction-sections -Os -ffat-lto-objects -c Generated_Source\PSoC4\TCPWM_3.c -o .\CortexM0\ARM_GCC_493\Release\TCPWM_3.o
arm-none-eabi-gcc.exe -mcpu=cortex-m0 -mthumb -I. -IGenerated_Source\PSoC4 -Wa,-alh=.\CortexM0\ARM_GCC_493\Release/TCPWM_3_PM.lst -g -D NDEBUG -Wall -ffunction-sections -Os -ffat-lto-objects -c Generated_Source\PSoC4\TCPWM_3_PM.c -o .\CortexM0\ARM_GCC_493\Release\TCPWM_3_PM.o
arm-none-eabi-gcc.exe -mcpu=cortex-m0 -mthumb -I. -IGenerated_Source\PSoC4 -Wa,-alh=.\CortexM0\ARM_GCC_493\Release/PWM_OUT_B_1.lst -g -D NDEBUG -Wall -ffunction-sections -Os -ffat-lto-objects -c Generated_Source\PSoC4\PWM_OUT_B_1.c -o .\CortexM0\ARM_GCC_493\Release\PWM_OUT_B_1.o
arm-none-eabi-gcc.exe -mcpu=cortex-m0 -mthumb -I. -IGenerated_Source\PSoC4 -Wa,-alh=.\CortexM0\ARM_GCC_493\Release/PWM_OUT_B_1_PM.lst -g -D NDEBUG -Wall -ffunction-sections -Os -ffat-lto-objects -c Generated_Source\PSoC4\PWM_OUT_B_1_PM.c -o .\CortexM0\ARM_GCC_493\Release\PWM_OUT_B_1_PM.o
arm-none-eabi-gcc.exe -mcpu=cortex-m0 -mthumb -I. -IGenerated_Source\PSoC4 -Wa,-alh=.\CortexM0\ARM_GCC_493\Release/PWM_OUT_A_1.lst -g -D NDEBUG -Wall -ffunction-sections -Os -ffat-lto-objects -c Generated_Source\PSoC4\PWM_OUT_A_1.c -o .\CortexM0\ARM_GCC_493\Release\PWM_OUT_A_1.o
arm-none-eabi-gcc.exe -mcpu=cortex-m0 -mthumb -I. -IGenerated_Source\PSoC4 -Wa,-alh=.\CortexM0\ARM_GCC_493\Release/PWM_OUT_A_1_PM.lst -g -D NDEBUG -Wall -ffunction-sections -Os -ffat-lto-objects -c Generated_Source\PSoC4\PWM_OUT_A_1_PM.c -o .\CortexM0\ARM_GCC_493\Release\PWM_OUT_A_1_PM.o
arm-none-eabi-gcc.exe -mcpu=cortex-m0 -mthumb -I. -IGenerated_Source\PSoC4 -Wa,-alh=.\CortexM0\ARM_GCC_493\Release/INTERNAL_STEP_OUT_1.lst -g -D NDEBUG -Wall -ffunction-sections -Os -ffat-lto-objects -c Generated_Source\PSoC4\INTERNAL_STEP_OUT_1.c -o .\CortexM0\ARM_GCC_493\Release\INTERNAL_STEP_OUT_1.o
arm-none-eabi-gcc.exe -mcpu=cortex-m0 -mthumb -I. -IGenerated_Source\PSoC4 -Wa,-alh=.\CortexM0\ARM_GCC_493\Release/INTERNAL_STEP_OUT_1_PM.lst -g -D NDEBUG -Wall -ffunction-sections -Os -ffat-lto-objects -c Generated_Source\PSoC4\INTERNAL_STEP_OUT_1_PM.c -o .\CortexM0\ARM_GCC_493\Release\INTERNAL_STEP_OUT_1_PM.o
arm-none-eabi-gcc.exe -mcpu=cortex-m0 -mthumb -I. -IGenerated_Source\PSoC4 -Wa,-alh=.\CortexM0\ARM_GCC_493\Release/INTERNAL_STEP_1.lst -g -D NDEBUG -Wall -ffunction-sections -Os -ffat-lto-objects -c Generated_Source\PSoC4\INTERNAL_STEP_1.c -o .\CortexM0\ARM_GCC_493\Release\INTERNAL_STEP_1.o
arm-none-eabi-gcc.exe -mcpu=cortex-m0 -mthumb -I. -IGenerated_Source\PSoC4 -Wa,-alh=.\CortexM0\ARM_GCC_493\Release/INTERNAL_STEP_1_PM.lst -g -D NDEBUG -Wall -ffunction-sections -Os -ffat-lto-objects -c Generated_Source\PSoC4\INTERNAL_STEP_1_PM.c -o .\CortexM0\ARM_GCC_493\Release\INTERNAL_STEP_1_PM.o
arm-none-eabi-gcc.exe -mcpu=cortex-m0 -mthumb -I. -IGenerated_Source\PSoC4 -Wa,-alh=.\CortexM0\ARM_GCC_493\Release/Clock_PWM_MAIN_1.lst -g -D NDEBUG -Wall -ffunction-sections -Os -ffat-lto-objects -c Generated_Source\PSoC4\Clock_PWM_MAIN_1.c -o .\CortexM0\ARM_GCC_493\Release\Clock_PWM_MAIN_1.o
arm-none-eabi-gcc.exe -mcpu=cortex-m0 -mthumb -I. -IGenerated_Source\PSoC4 -Wa,-alh=.\CortexM0\ARM_GCC_493\Release/DIR_REG_1.lst -g -D NDEBUG -Wall -ffunction-sections -Os -ffat-lto-objects -c Generated_Source\PSoC4\DIR_REG_1.c -o .\CortexM0\ARM_GCC_493\Release\DIR_REG_1.o
arm-none-eabi-gcc.exe -mcpu=cortex-m0 -mthumb -I. -IGenerated_Source\PSoC4 -Wa,-alh=.\CortexM0\ARM_GCC_493\Release/DIR_REG_1_PM.lst -g -D NDEBUG -Wall -ffunction-sections -Os -ffat-lto-objects -c Generated_Source\PSoC4\DIR_REG_1_PM.c -o .\CortexM0\ARM_GCC_493\Release\DIR_REG_1_PM.o
arm-none-eabi-gcc.exe -mcpu=cortex-m0 -mthumb -I. -IGenerated_Source\PSoC4 -Wa,-alh=.\CortexM0\ARM_GCC_493\Release/Comm.lst -g -D NDEBUG -Wall -ffunction-sections -Os -ffat-lto-objects -c Generated_Source\PSoC4\Comm.c -o .\CortexM0\ARM_GCC_493\Release\Comm.o
arm-none-eabi-gcc.exe -mcpu=cortex-m0 -mthumb -I. -IGenerated_Source\PSoC4 -Wa,-alh=.\CortexM0\ARM_GCC_493\Release/Comm_I2C_INT.lst -g -D NDEBUG -Wall -ffunction-sections -Os -ffat-lto-objects -c Generated_Source\PSoC4\Comm_I2C_INT.c -o .\CortexM0\ARM_GCC_493\Release\Comm_I2C_INT.o
arm-none-eabi-gcc.exe -mcpu=cortex-m0 -mthumb -I. -IGenerated_Source\PSoC4 -Wa,-alh=.\CortexM0\ARM_GCC_493\Release/Comm_I2C.lst -g -D NDEBUG -Wall -ffunction-sections -Os -ffat-lto-objects -c Generated_Source\PSoC4\Comm_I2C.c -o .\CortexM0\ARM_GCC_493\Release\Comm_I2C.o
arm-none-eabi-gcc.exe -mcpu=cortex-m0 -mthumb -I. -IGenerated_Source\PSoC4 -Wa,-alh=.\CortexM0\ARM_GCC_493\Release/Comm_I2C_BOOT.lst -g -D NDEBUG -Wall -ffunction-sections -Os -ffat-lto-objects -c Generated_Source\PSoC4\Comm_I2C_BOOT.c -o .\CortexM0\ARM_GCC_493\Release\Comm_I2C_BOOT.o
arm-none-eabi-gcc.exe -mcpu=cortex-m0 -mthumb -I. -IGenerated_Source\PSoC4 -Wa,-alh=.\CortexM0\ARM_GCC_493\Release/Comm_SPI_UART.lst -g -D NDEBUG -Wall -ffunction-sections -Os -ffat-lto-objects -c Generated_Source\PSoC4\Comm_SPI_UART.c -o .\CortexM0\ARM_GCC_493\Release\Comm_SPI_UART.o
arm-none-eabi-gcc.exe -mcpu=cortex-m0 -mthumb -I. -IGenerated_Source\PSoC4 -Wa,-alh=.\CortexM0\ARM_GCC_493\Release/Comm_SPI_UART_INT.lst -g -D NDEBUG -Wall -ffunction-sections -Os -ffat-lto-objects -c Generated_Source\PSoC4\Comm_SPI_UART_INT.c -o .\CortexM0\ARM_GCC_493\Release\Comm_SPI_UART_INT.o
arm-none-eabi-gcc.exe -mcpu=cortex-m0 -mthumb -I. -IGenerated_Source\PSoC4 -Wa,-alh=.\CortexM0\ARM_GCC_493\Release/Comm_I2C_MASTER.lst -g -D NDEBUG -Wall -ffunction-sections -Os -ffat-lto-objects -c Generated_Source\PSoC4\Comm_I2C_MASTER.c -o .\CortexM0\ARM_GCC_493\Release\Comm_I2C_MASTER.o
arm-none-eabi-gcc.exe -mcpu=cortex-m0 -mthumb -I. -IGenerated_Source\PSoC4 -Wa,-alh=.\CortexM0\ARM_GCC_493\Release/Comm_I2C_SLAVE.lst -g -D NDEBUG -Wall -ffunction-sections -Os -ffat-lto-objects -c Generated_Source\PSoC4\Comm_I2C_SLAVE.c -o .\CortexM0\ARM_GCC_493\Release\Comm_I2C_SLAVE.o
arm-none-eabi-gcc.exe -mcpu=cortex-m0 -mthumb -I. -IGenerated_Source\PSoC4 -Wa,-alh=.\CortexM0\ARM_GCC_493\Release/Comm_PM.lst -g -D NDEBUG -Wall -ffunction-sections -Os -ffat-lto-objects -c Generated_Source\PSoC4\Comm_PM.c -o .\CortexM0\ARM_GCC_493\Release\Comm_PM.o
arm-none-eabi-gcc.exe -mcpu=cortex-m0 -mthumb -I. -IGenerated_Source\PSoC4 -Wa,-alh=.\CortexM0\ARM_GCC_493\Release/Comm_SPI.lst -g -D NDEBUG -Wall -ffunction-sections -Os -ffat-lto-objects -c Generated_Source\PSoC4\Comm_SPI.c -o .\CortexM0\ARM_GCC_493\Release\Comm_SPI.o
arm-none-eabi-gcc.exe -mcpu=cortex-m0 -mthumb -I. -IGenerated_Source\PSoC4 -Wa,-alh=.\CortexM0\ARM_GCC_493\Release/Comm_UART.lst -g -D NDEBUG -Wall -ffunction-sections -Os -ffat-lto-objects -c Generated_Source\PSoC4\Comm_UART.c -o .\CortexM0\ARM_GCC_493\Release\Comm_UART.o
arm-none-eabi-gcc.exe -mcpu=cortex-m0 -mthumb -I. -IGenerated_Source\PSoC4 -Wa,-alh=.\CortexM0\ARM_GCC_493\Release/Comm_BOOT.lst -g -D NDEBUG -Wall -ffunction-sections -Os -ffat-lto-objects -c Generated_Source\PSoC4\Comm_BOOT.c -o .\CortexM0\ARM_GCC_493\Release\Comm_BOOT.o
arm-none-eabi-gcc.exe -mcpu=cortex-m0 -mthumb -I. -IGenerated_Source\PSoC4 -Wa,-alh=.\CortexM0\ARM_GCC_493\Release/Comm_SPI_BOOT.lst -g -D NDEBUG -Wall -ffunction-sections -Os -ffat-lto-objects -c Generated_Source\PSoC4\Comm_SPI_BOOT.c -o .\CortexM0\ARM_GCC_493\Release\Comm_SPI_BOOT.o
arm-none-eabi-gcc.exe -mcpu=cortex-m0 -mthumb -I. -IGenerated_Source\PSoC4 -Wa,-alh=.\CortexM0\ARM_GCC_493\Release/Comm_UART_BOOT.lst -g -D NDEBUG -Wall -ffunction-sections -Os -ffat-lto-objects -c Generated_Source\PSoC4\Comm_UART_BOOT.c -o .\CortexM0\ARM_GCC_493\Release\Comm_UART_BOOT.o
arm-none-eabi-gcc.exe -mcpu=cortex-m0 -mthumb -I. -IGenerated_Source\PSoC4 -Wa,-alh=.\CortexM0\ARM_GCC_493\Release/Comm_EZI2C.lst -g -D NDEBUG -Wall -ffunction-sections -Os -ffat-lto-objects -c Generated_Source\PSoC4\Comm_EZI2C.c -o .\CortexM0\ARM_GCC_493\Release\Comm_EZI2C.o
arm-none-eabi-gcc.exe -mcpu=cortex-m0 -mthumb -I. -IGenerated_Source\PSoC4 -Wa,-alh=.\CortexM0\ARM_GCC_493\Release/Comm_EZI2C_INT.lst -g -D NDEBUG -Wall -ffunction-sections -Os -ffat-lto-objects -c Generated_Source\PSoC4\Comm_EZI2C_INT.c -o .\CortexM0\ARM_GCC_493\Release\Comm_EZI2C_INT.o
arm-none-eabi-gcc.exe -mcpu=cortex-m0 -mthumb -I. -IGenerated_Source\PSoC4 -Wa,-alh=.\CortexM0\ARM_GCC_493\Release/Comm_EZI2C_BOOT.lst -g -D NDEBUG -Wall -ffunction-sections -Os -ffat-lto-objects -c Generated_Source\PSoC4\Comm_EZI2C_BOOT.c -o .\CortexM0\ARM_GCC_493\Release\Comm_EZI2C_BOOT.o
arm-none-eabi-gcc.exe -mcpu=cortex-m0 -mthumb -I. -IGenerated_Source\PSoC4 -Wa,-alh=.\CortexM0\ARM_GCC_493\Release/CommCLK.lst -g -D NDEBUG -Wall -ffunction-sections -Os -ffat-lto-objects -c Generated_Source\PSoC4\CommCLK.c -o .\CortexM0\ARM_GCC_493\Release\CommCLK.o
arm-none-eabi-gcc.exe -mcpu=cortex-m0 -mthumb -I. -IGenerated_Source\PSoC4 -Wa,-alh=.\CortexM0\ARM_GCC_493\Release/Comm_uart_rx_i2c_scl_spi_mosi.lst -g -D NDEBUG -Wall -ffunction-sections -Os -ffat-lto-objects -c Generated_Source\PSoC4\Comm_uart_rx_i2c_scl_spi_mosi.c -o .\CortexM0\ARM_GCC_493\Release\Comm_uart_rx_i2c_scl_spi_mosi.o
arm-none-eabi-gcc.exe -mcpu=cortex-m0 -mthumb -I. -IGenerated_Source\PSoC4 -Wa,-alh=.\CortexM0\ARM_GCC_493\Release/Comm_uart_rx_i2c_scl_spi_mosi_PM.lst -g -D NDEBUG -Wall -ffunction-sections -Os -ffat-lto-objects -c Generated_Source\PSoC4\Comm_uart_rx_i2c_scl_spi_mosi_PM.c -o .\CortexM0\ARM_GCC_493\Release\Comm_uart_rx_i2c_scl_spi_mosi_PM.o
arm-none-eabi-gcc.exe -mcpu=cortex-m0 -mthumb -I. -IGenerated_Source\PSoC4 -Wa,-alh=.\CortexM0\ARM_GCC_493\Release/Comm_uart_tx_i2c_sda_spi_miso.lst -g -D NDEBUG -Wall -ffunction-sections -Os -ffat-lto-objects -c Generated_Source\PSoC4\Comm_uart_tx_i2c_sda_spi_miso.c -o .\CortexM0\ARM_GCC_493\Release\Comm_uart_tx_i2c_sda_spi_miso.o
arm-none-eabi-gcc.exe -mcpu=cortex-m0 -mthumb -I. -IGenerated_Source\PSoC4 -Wa,-alh=.\CortexM0\ARM_GCC_493\Release/Comm_uart_tx_i2c_sda_spi_miso_PM.lst -g -D NDEBUG -Wall -ffunction-sections -Os -ffat-lto-objects -c Generated_Source\PSoC4\Comm_uart_tx_i2c_sda_spi_miso_PM.c -o .\CortexM0\ARM_GCC_493\Release\Comm_uart_tx_i2c_sda_spi_miso_PM.o
arm-none-eabi-gcc.exe -mcpu=cortex-m0 -mthumb -I. -IGenerated_Source\PSoC4 -Wa,-alh=.\CortexM0\ARM_GCC_493\Release/Comm_SCB_IRQ.lst -g -D NDEBUG -Wall -ffunction-sections -Os -ffat-lto-objects -c Generated_Source\PSoC4\Comm_SCB_IRQ.c -o .\CortexM0\ARM_GCC_493\Release\Comm_SCB_IRQ.o
arm-none-eabi-gcc.exe -mcpu=cortex-m0 -mthumb -I. -IGenerated_Source\PSoC4 -Wa,-alh=.\CortexM0\ARM_GCC_493\Release/STATUS_LED_2.lst -g -D NDEBUG -Wall -ffunction-sections -Os -ffat-lto-objects -c Generated_Source\PSoC4\STATUS_LED_2.c -o .\CortexM0\ARM_GCC_493\Release\STATUS_LED_2.o
arm-none-eabi-gcc.exe -mcpu=cortex-m0 -mthumb -I. -IGenerated_Source\PSoC4 -Wa,-alh=.\CortexM0\ARM_GCC_493\Release/STATUS_LED_2_PM.lst -g -D NDEBUG -Wall -ffunction-sections -Os -ffat-lto-objects -c Generated_Source\PSoC4\STATUS_LED_2_PM.c -o .\CortexM0\ARM_GCC_493\Release\STATUS_LED_2_PM.o
arm-none-eabi-gcc.exe -mcpu=cortex-m0 -mthumb -I. -IGenerated_Source\PSoC4 -Wa,-alh=.\CortexM0\ARM_GCC_493\Release/STATUS_LED_1.lst -g -D NDEBUG -Wall -ffunction-sections -Os -ffat-lto-objects -c Generated_Source\PSoC4\STATUS_LED_1.c -o .\CortexM0\ARM_GCC_493\Release\STATUS_LED_1.o
arm-none-eabi-gcc.exe -mcpu=cortex-m0 -mthumb -I. -IGenerated_Source\PSoC4 -Wa,-alh=.\CortexM0\ARM_GCC_493\Release/STATUS_LED_1_PM.lst -g -D NDEBUG -Wall -ffunction-sections -Os -ffat-lto-objects -c Generated_Source\PSoC4\STATUS_LED_1_PM.c -o .\CortexM0\ARM_GCC_493\Release\STATUS_LED_1_PM.o
arm-none-eabi-gcc.exe -mcpu=cortex-m0 -mthumb -I. -IGenerated_Source\PSoC4 -Wa,-alh=.\CortexM0\ARM_GCC_493\Release/Pin_Sw.lst -g -D NDEBUG -Wall -ffunction-sections -Os -ffat-lto-objects -c Generated_Source\PSoC4\Pin_Sw.c -o .\CortexM0\ARM_GCC_493\Release\Pin_Sw.o
arm-none-eabi-gcc.exe -mcpu=cortex-m0 -mthumb -I. -IGenerated_Source\PSoC4 -Wa,-alh=.\CortexM0\ARM_GCC_493\Release/Pin_Sw_PM.lst -g -D NDEBUG -Wall -ffunction-sections -Os -ffat-lto-objects -c Generated_Source\PSoC4\Pin_Sw_PM.c -o .\CortexM0\ARM_GCC_493\Release\Pin_Sw_PM.o
arm-none-eabi-gcc.exe -mcpu=cortex-m0 -mthumb -I. -IGenerated_Source\PSoC4 -Wa,-alh=.\CortexM0\ARM_GCC_493\Release/isr_GPIO.lst -g -D NDEBUG -Wall -ffunction-sections -Os -ffat-lto-objects -c Generated_Source\PSoC4\isr_GPIO.c -o .\CortexM0\ARM_GCC_493\Release\isr_GPIO.o
arm-none-eabi-gcc.exe -mcpu=cortex-m0 -mthumb -I. -IGenerated_Source\PSoC4 -Wa,-alh=.\CortexM0\ARM_GCC_493\Release/PWM_OUT_B_2.lst -g -D NDEBUG -Wall -ffunction-sections -Os -ffat-lto-objects -c Generated_Source\PSoC4\PWM_OUT_B_2.c -o .\CortexM0\ARM_GCC_493\Release\PWM_OUT_B_2.o
arm-none-eabi-gcc.exe -mcpu=cortex-m0 -mthumb -I. -IGenerated_Source\PSoC4 -Wa,-alh=.\CortexM0\ARM_GCC_493\Release/PWM_OUT_B_2_PM.lst -g -D NDEBUG -Wall -ffunction-sections -Os -ffat-lto-objects -c Generated_Source\PSoC4\PWM_OUT_B_2_PM.c -o .\CortexM0\ARM_GCC_493\Release\PWM_OUT_B_2_PM.o
arm-none-eabi-gcc.exe -mcpu=cortex-m0 -mthumb -I. -IGenerated_Source\PSoC4 -Wa,-alh=.\CortexM0\ARM_GCC_493\Release/PWM_OUT_A_2.lst -g -D NDEBUG -Wall -ffunction-sections -Os -ffat-lto-objects -c Generated_Source\PSoC4\PWM_OUT_A_2.c -o .\CortexM0\ARM_GCC_493\Release\PWM_OUT_A_2.o
arm-none-eabi-gcc.exe -mcpu=cortex-m0 -mthumb -I. -IGenerated_Source\PSoC4 -Wa,-alh=.\CortexM0\ARM_GCC_493\Release/PWM_OUT_A_2_PM.lst -g -D NDEBUG -Wall -ffunction-sections -Os -ffat-lto-objects -c Generated_Source\PSoC4\PWM_OUT_A_2_PM.c -o .\CortexM0\ARM_GCC_493\Release\PWM_OUT_A_2_PM.o
arm-none-eabi-gcc.exe -mcpu=cortex-m0 -mthumb -I. -IGenerated_Source\PSoC4 -Wa,-alh=.\CortexM0\ARM_GCC_493\Release/INTERNAL_STEP_OUT_2.lst -g -D NDEBUG -Wall -ffunction-sections -Os -ffat-lto-objects -c Generated_Source\PSoC4\INTERNAL_STEP_OUT_2.c -o .\CortexM0\ARM_GCC_493\Release\INTERNAL_STEP_OUT_2.o
arm-none-eabi-gcc.exe -mcpu=cortex-m0 -mthumb -I. -IGenerated_Source\PSoC4 -Wa,-alh=.\CortexM0\ARM_GCC_493\Release/INTERNAL_STEP_OUT_2_PM.lst -g -D NDEBUG -Wall -ffunction-sections -Os -ffat-lto-objects -c Generated_Source\PSoC4\INTERNAL_STEP_OUT_2_PM.c -o .\CortexM0\ARM_GCC_493\Release\INTERNAL_STEP_OUT_2_PM.o
arm-none-eabi-gcc.exe -mcpu=cortex-m0 -mthumb -I. -IGenerated_Source\PSoC4 -Wa,-alh=.\CortexM0\ARM_GCC_493\Release/INTERNAL_STEP_2.lst -g -D NDEBUG -Wall -ffunction-sections -Os -ffat-lto-objects -c Generated_Source\PSoC4\INTERNAL_STEP_2.c -o .\CortexM0\ARM_GCC_493\Release\INTERNAL_STEP_2.o
arm-none-eabi-gcc.exe -mcpu=cortex-m0 -mthumb -I. -IGenerated_Source\PSoC4 -Wa,-alh=.\CortexM0\ARM_GCC_493\Release/INTERNAL_STEP_2_PM.lst -g -D NDEBUG -Wall -ffunction-sections -Os -ffat-lto-objects -c Generated_Source\PSoC4\INTERNAL_STEP_2_PM.c -o .\CortexM0\ARM_GCC_493\Release\INTERNAL_STEP_2_PM.o
arm-none-eabi-gcc.exe -mcpu=cortex-m0 -mthumb -I. -IGenerated_Source\PSoC4 -Wa,-alh=.\CortexM0\ARM_GCC_493\Release/Clock_PWM_MAIN_2.lst -g -D NDEBUG -Wall -ffunction-sections -Os -ffat-lto-objects -c Generated_Source\PSoC4\Clock_PWM_MAIN_2.c -o .\CortexM0\ARM_GCC_493\Release\Clock_PWM_MAIN_2.o
arm-none-eabi-gcc.exe -mcpu=cortex-m0 -mthumb -I. -IGenerated_Source\PSoC4 -Wa,-alh=.\CortexM0\ARM_GCC_493\Release/DIR_OUT_B_2.lst -g -D NDEBUG -Wall -ffunction-sections -Os -ffat-lto-objects -c Generated_Source\PSoC4\DIR_OUT_B_2.c -o .\CortexM0\ARM_GCC_493\Release\DIR_OUT_B_2.o
arm-none-eabi-gcc.exe -mcpu=cortex-m0 -mthumb -I. -IGenerated_Source\PSoC4 -Wa,-alh=.\CortexM0\ARM_GCC_493\Release/DIR_OUT_B_2_PM.lst -g -D NDEBUG -Wall -ffunction-sections -Os -ffat-lto-objects -c Generated_Source\PSoC4\DIR_OUT_B_2_PM.c -o .\CortexM0\ARM_GCC_493\Release\DIR_OUT_B_2_PM.o
arm-none-eabi-gcc.exe -mcpu=cortex-m0 -mthumb -I. -IGenerated_Source\PSoC4 -Wa,-alh=.\CortexM0\ARM_GCC_493\Release/DIR_OUT_A_2.lst -g -D NDEBUG -Wall -ffunction-sections -Os -ffat-lto-objects -c Generated_Source\PSoC4\DIR_OUT_A_2.c -o .\CortexM0\ARM_GCC_493\Release\DIR_OUT_A_2.o
arm-none-eabi-gcc.exe -mcpu=cortex-m0 -mthumb -I. -IGenerated_Source\PSoC4 -Wa,-alh=.\CortexM0\ARM_GCC_493\Release/DIR_OUT_A_2_PM.lst -g -D NDEBUG -Wall -ffunction-sections -Os -ffat-lto-objects -c Generated_Source\PSoC4\DIR_OUT_A_2_PM.c -o .\CortexM0\ARM_GCC_493\Release\DIR_OUT_A_2_PM.o
arm-none-eabi-gcc.exe -mcpu=cortex-m0 -mthumb -I. -IGenerated_Source\PSoC4 -Wa,-alh=.\CortexM0\ARM_GCC_493\Release/STEP_INPUT_2.lst -g -D NDEBUG -Wall -ffunction-sections -Os -ffat-lto-objects -c Generated_Source\PSoC4\STEP_INPUT_2.c -o .\CortexM0\ARM_GCC_493\Release\STEP_INPUT_2.o
arm-none-eabi-gcc.exe -mcpu=cortex-m0 -mthumb -I. -IGenerated_Source\PSoC4 -Wa,-alh=.\CortexM0\ARM_GCC_493\Release/STEP_INPUT_2_PM.lst -g -D NDEBUG -Wall -ffunction-sections -Os -ffat-lto-objects -c Generated_Source\PSoC4\STEP_INPUT_2_PM.c -o .\CortexM0\ARM_GCC_493\Release\STEP_INPUT_2_PM.o
arm-none-eabi-gcc.exe -mcpu=cortex-m0 -mthumb -I. -IGenerated_Source\PSoC4 -Wa,-alh=.\CortexM0\ARM_GCC_493\Release/DIR_INPUT_2.lst -g -D NDEBUG -Wall -ffunction-sections -Os -ffat-lto-objects -c Generated_Source\PSoC4\DIR_INPUT_2.c -o .\CortexM0\ARM_GCC_493\Release\DIR_INPUT_2.o
arm-none-eabi-gcc.exe -mcpu=cortex-m0 -mthumb -I. -IGenerated_Source\PSoC4 -Wa,-alh=.\CortexM0\ARM_GCC_493\Release/DIR_INPUT_2_PM.lst -g -D NDEBUG -Wall -ffunction-sections -Os -ffat-lto-objects -c Generated_Source\PSoC4\DIR_INPUT_2_PM.c -o .\CortexM0\ARM_GCC_493\Release\DIR_INPUT_2_PM.o
arm-none-eabi-gcc.exe -mcpu=cortex-m0 -mthumb -I. -IGenerated_Source\PSoC4 -Wa,-alh=.\CortexM0\ARM_GCC_493\Release/STEP_INPUT_SOURCE_2.lst -g -D NDEBUG -Wall -ffunction-sections -Os -ffat-lto-objects -c Generated_Source\PSoC4\STEP_INPUT_SOURCE_2.c -o .\CortexM0\ARM_GCC_493\Release\STEP_INPUT_SOURCE_2.o
arm-none-eabi-gcc.exe -mcpu=cortex-m0 -mthumb -I. -IGenerated_Source\PSoC4 -Wa,-alh=.\CortexM0\ARM_GCC_493\Release/STEP_INPUT_SOURCE_2_PM.lst -g -D NDEBUG -Wall -ffunction-sections -Os -ffat-lto-objects -c Generated_Source\PSoC4\STEP_INPUT_SOURCE_2_PM.c -o .\CortexM0\ARM_GCC_493\Release\STEP_INPUT_SOURCE_2_PM.o
arm-none-eabi-gcc.exe -mcpu=cortex-m0 -mthumb -I. -IGenerated_Source\PSoC4 -Wa,-alh=.\CortexM0\ARM_GCC_493\Release/DIR_INPUT_SOURCE_2.lst -g -D NDEBUG -Wall -ffunction-sections -Os -ffat-lto-objects -c Generated_Source\PSoC4\DIR_INPUT_SOURCE_2.c -o .\CortexM0\ARM_GCC_493\Release\DIR_INPUT_SOURCE_2.o
arm-none-eabi-gcc.exe -mcpu=cortex-m0 -mthumb -I. -IGenerated_Source\PSoC4 -Wa,-alh=.\CortexM0\ARM_GCC_493\Release/DIR_INPUT_SOURCE_2_PM.lst -g -D NDEBUG -Wall -ffunction-sections -Os -ffat-lto-objects -c Generated_Source\PSoC4\DIR_INPUT_SOURCE_2_PM.c -o .\CortexM0\ARM_GCC_493\Release\DIR_INPUT_SOURCE_2_PM.o
arm-none-eabi-as.exe -mcpu=cortex-m0 -mthumb -I. -IGenerated_Source\PSoC4 -alh=.\CortexM0\ARM_GCC_493\Release/CyBootAsmGnu.lst -g -o .\CortexM0\ARM_GCC_493\Release\CyBootAsmGnu.o Generated_Source\PSoC4\CyBootAsmGnu.s
arm-none-eabi-ar.exe -rs .\CortexM0\ARM_GCC_493\Release\DualStepperController-PSoC4200-GearBest.a .\CortexM0\ARM_GCC_493\Release\cyfitter_cfg.o .\CortexM0\ARM_GCC_493\Release\STEP_INPUT.o .\CortexM0\ARM_GCC_493\Release\STEP_INPUT_PM.o .\CortexM0\ARM_GCC_493\Release\DIR_INPUT.o .\CortexM0\ARM_GCC_493\Release\DIR_INPUT_PM.o .\CortexM0\ARM_GCC_493\Release\STEP_INPUT_SOURCE.o .\CortexM0\ARM_GCC_493\Release\STEP_INPUT_SOURCE_PM.o .\CortexM0\ARM_GCC_493\Release\DIR_INPUT_SOURCE.o .\CortexM0\ARM_GCC_493\Release\DIR_INPUT_SOURCE_PM.o .\CortexM0\ARM_GCC_493\Release\DIR_OUT_A.o .\CortexM0\ARM_GCC_493\Release\DIR_OUT_A_PM.o .\CortexM0\ARM_GCC_493\Release\DIR_OUT_B.o .\CortexM0\ARM_GCC_493\Release\DIR_OUT_B_PM.o .\CortexM0\ARM_GCC_493\Release\DIR_REG.o .\CortexM0\ARM_GCC_493\Release\DIR_REG_PM.o .\CortexM0\ARM_GCC_493\Release\CyFlash.o .\CortexM0\ARM_GCC_493\Release\CyLib.o .\CortexM0\ARM_GCC_493\Release\cyPm.o .\CortexM0\ARM_GCC_493\Release\cyutils.o .\CortexM0\ARM_GCC_493\Release\TCPWM_2.o .\CortexM0\ARM_GCC_493\Release\TCPWM_2_PM.o .\CortexM0\ARM_GCC_493\Release\TCPWM_1.o .\CortexM0\ARM_GCC_493\Release\TCPWM_1_PM.o .\CortexM0\ARM_GCC_493\Release\Bootloadable_1.o .\CortexM0\ARM_GCC_493\Release\CyLFClk.o .\CortexM0\ARM_GCC_493\Release\TCPWM_4.o .\CortexM0\ARM_GCC_493\Release\TCPWM_4_PM.o .\CortexM0\ARM_GCC_493\Release\TCPWM_3.o .\CortexM0\ARM_GCC_493\Release\TCPWM_3_PM.o .\CortexM0\ARM_GCC_493\Release\PWM_OUT_B_1.o .\CortexM0\ARM_GCC_493\Release\PWM_OUT_B_1_PM.o .\CortexM0\ARM_GCC_493\Release\PWM_OUT_A_1.o .\CortexM0\ARM_GCC_493\Release\PWM_OUT_A_1_PM.o .\CortexM0\ARM_GCC_493\Release\INTERNAL_STEP_OUT_1.o .\CortexM0\ARM_GCC_493\Release\INTERNAL_STEP_OUT_1_PM.o .\CortexM0\ARM_GCC_493\Release\INTERNAL_STEP_1.o .\CortexM0\ARM_GCC_493\Release\INTERNAL_STEP_1_PM.o .\CortexM0\ARM_GCC_493\Release\Clock_PWM_MAIN_1.o .\CortexM0\ARM_GCC_493\Release\DIR_REG_1.o .\CortexM0\ARM_GCC_493\Release\DIR_REG_1_PM.o .\CortexM0\ARM_GCC_493\Release\Comm.o .\CortexM0\ARM_GCC_493\Release\Comm_I2C_INT.o .\CortexM0\ARM_GCC_493\Release\Comm_I2C.o .\CortexM0\ARM_GCC_493\Release\Comm_I2C_BOOT.o .\CortexM0\ARM_GCC_493\Release\Comm_SPI_UART.o .\CortexM0\ARM_GCC_493\Release\Comm_SPI_UART_INT.o .\CortexM0\ARM_GCC_493\Release\Comm_I2C_MASTER.o .\CortexM0\ARM_GCC_493\Release\Comm_I2C_SLAVE.o .\CortexM0\ARM_GCC_493\Release\Comm_PM.o .\CortexM0\ARM_GCC_493\Release\Comm_SPI.o .\CortexM0\ARM_GCC_493\Release\Comm_UART.o .\CortexM0\ARM_GCC_493\Release\Comm_BOOT.o .\CortexM0\ARM_GCC_493\Release\Comm_SPI_BOOT.o .\CortexM0\ARM_GCC_493\Release\Comm_UART_BOOT.o .\CortexM0\ARM_GCC_493\Release\Comm_EZI2C.o .\CortexM0\ARM_GCC_493\Release\Comm_EZI2C_INT.o .\CortexM0\ARM_GCC_493\Release\Comm_EZI2C_BOOT.o .\CortexM0\ARM_GCC_493\Release\CommCLK.o .\CortexM0\ARM_GCC_493\Release\Comm_uart_rx_i2c_scl_spi_mosi.o .\CortexM0\ARM_GCC_493\Release\Comm_uart_rx_i2c_scl_spi_mosi_PM.o .\CortexM0\ARM_GCC_493\Release\Comm_uart_tx_i2c_sda_spi_miso.o .\CortexM0\ARM_GCC_493\Release\Comm_uart_tx_i2c_sda_spi_miso_PM.o .\CortexM0\ARM_GCC_493\Release\Comm_SCB_IRQ.o .\CortexM0\ARM_GCC_493\Release\STATUS_LED_2.o .\CortexM0\ARM_GCC_493\Release\STATUS_LED_2_PM.o .\CortexM0\ARM_GCC_493\Release\STATUS_LED_1.o .\CortexM0\ARM_GCC_493\Release\STATUS_LED_1_PM.o .\CortexM0\ARM_GCC_493\Release\Pin_Sw.o .\CortexM0\ARM_GCC_493\Release\Pin_Sw_PM.o .\CortexM0\ARM_GCC_493\Release\isr_GPIO.o .\CortexM0\ARM_GCC_493\Release\PWM_OUT_B_2.o .\CortexM0\ARM_GCC_493\Release\PWM_OUT_B_2_PM.o .\CortexM0\ARM_GCC_493\Release\PWM_OUT_A_2.o .\CortexM0\ARM_GCC_493\Release\PWM_OUT_A_2_PM.o .\CortexM0\ARM_GCC_493\Release\INTERNAL_STEP_OUT_2.o .\CortexM0\ARM_GCC_493\Release\INTERNAL_STEP_OUT_2_PM.o .\CortexM0\ARM_GCC_493\Release\INTERNAL_STEP_2.o .\CortexM0\ARM_GCC_493\Release\INTERNAL_STEP_2_PM.o .\CortexM0\ARM_GCC_493\Release\Clock_PWM_MAIN_2.o .\CortexM0\ARM_GCC_493\Release\DIR_OUT_B_2.o .\CortexM0\ARM_GCC_493\Release\DIR_OUT_B_2_PM.o .\CortexM0\ARM_GCC_493\Release\DIR_OUT_A_2.o .\CortexM0\ARM_GCC_493\Release\DIR_OUT_A_2_PM.o .\CortexM0\ARM_GCC_493\Release\STEP_INPUT_2.o .\CortexM0\ARM_GCC_493\Release\STEP_INPUT_2_PM.o .\CortexM0\ARM_GCC_493\Release\DIR_INPUT_2.o .\CortexM0\ARM_GCC_493\Release\DIR_INPUT_2_PM.o .\CortexM0\ARM_GCC_493\Release\STEP_INPUT_SOURCE_2.o .\CortexM0\ARM_GCC_493\Release\STEP_INPUT_SOURCE_2_PM.o .\CortexM0\ARM_GCC_493\Release\DIR_INPUT_SOURCE_2.o .\CortexM0\ARM_GCC_493\Release\DIR_INPUT_SOURCE_2_PM.o .\CortexM0\ARM_GCC_493\Release\CyBootAsmGnu.o
arm-none-eabi-ar.exe: creating .\CortexM0\ARM_GCC_493\Release\DualStepperController-PSoC4200-GearBest.a
arm-none-eabi-gcc.exe -Wl,--start-group -o .\CortexM0\ARM_GCC_493\Release\DualStepperController-PSoC4200-GearBest.elf .\CortexM0\ARM_GCC_493\Release\main.o .\CortexM0\ARM_GCC_493\Release\genSine.o .\CortexM0\ARM_GCC_493\Release\inputScan.o .\CortexM0\ARM_GCC_493\Release\Move.o .\CortexM0\ARM_GCC_493\Release\PhaseControl.o .\CortexM0\ARM_GCC_493\Release\systemInit.o .\CortexM0\ARM_GCC_493\Release\Cm0Start.o .\CortexM0\ARM_GCC_493\Release\cybootloader.o .\CortexM0\ARM_GCC_493\Release\cymetadata.o .\CortexM0\ARM_GCC_493\Release\DualStepperController-PSoC4200-GearBest.a "C:\Program Files\Cypress\PSoC Creator\4.0\PSoC Creator\psoc\content\cycomponentlibrary\CyComponentLibrary.cylib\CortexM0\ARM_GCC_493\Release\CyComponentLibrary.a" -mcpu=cortex-m0 -mthumb -g -ffunction-sections -Os -ffat-lto-objects -L Generated_Source\PSoC4 -Wl,-Map,.\CortexM0\ARM_GCC_493\Release/DualStepperController-PSoC4200-GearBest.map -T "C:\Users\Tech Consulting\Desktop\PSOC4 projects\Stepper Projects GearBest\DualStepperController-PSoC4200-GearBest.cydsn\Generated_Source\PSoC4\cm0gcc.ld" -specs=nano.specs -Wl,--gc-sections -Wl,--end-group
.\CortexM0\ARM_GCC_493\Release\main.o: In function `main':
C:\Users\Tech Consulting\Desktop\PSOC4 projects\Stepper Projects GearBest\DualStepperController-PSoC4200-GearBest.cydsn/main.c:117: undefined reference to `INTERNAL_STEP_WritePeriod'
C:\Users\Tech Consulting\Desktop\PSOC4 projects\Stepper Projects GearBest\DualStepperController-PSoC4200-GearBest.cydsn/main.c:143: undefined reference to `INTERNAL_STEP_WritePeriod'
C:\Users\Tech Consulting\Desktop\PSOC4 projects\Stepper Projects GearBest\DualStepperController-PSoC4200-GearBest.cydsn/main.c:144: undefined reference to `INTERNAL_STEP_WriteCompare'
.\CortexM0\ARM_GCC_493\Release\inputScan.o: In function `inputScan':
The command 'arm-none-eabi-gcc.exe' failed with exit code '1'.
C:\Users\Tech Consulting\Desktop\PSOC4 projects\Stepper Projects GearBest\DualStepperController-PSoC4200-GearBest.cydsn/inputScan.c:25: undefined reference to `INTERNAL_STEP_OUT_Read'
C:\Users\Tech Consulting\Desktop\PSOC4 projects\Stepper Projects GearBest\DualStepperController-PSoC4200-GearBest.cydsn/inputScan.c:37: undefined reference to `STEP_INPUT_SOURCE_1_Read'
C:\Users\Tech Consulting\Desktop\PSOC4 projects\Stepper Projects GearBest\DualStepperController-PSoC4200-GearBest.cydsn/inputScan.c:39: undefined reference to `STEP_INPUT_1_Read'
C:\Users\Tech Consulting\Desktop\PSOC4 projects\Stepper Projects GearBest\DualStepperController-PSoC4200-GearBest.cydsn/inputScan.c:45: undefined reference to `DIR_INPUT_SOURCE_1_Read'
C:\Users\Tech Consulting\Desktop\PSOC4 projects\Stepper Projects GearBest\DualStepperController-PSoC4200-GearBest.cydsn/inputScan.c:46: undefined reference to `DIR_INPUT_1_Read'
.\CortexM0\ARM_GCC_493\Release\systemInit.o: In function `systemInit':
C:\Users\Tech Consulting\Desktop\PSOC4 projects\Stepper Projects GearBest\DualStepperController-PSoC4200-GearBest.cydsn/systemInit.c:49: undefined reference to `Clock_PWM_MAIN_Start'
C:\Users\Tech Consulting\Desktop\PSOC4 projects\Stepper Projects GearBest\DualStepperController-PSoC4200-GearBest.cydsn/systemInit.c:56: undefined reference to `INTERNAL_STEP_Start'
collect2.exe: error: ld returned 1 exit status
--------------- Rebuild Failed: 12/31/2016 10:36:04 ---------------
