ARM GAS  C:\Users\TECHCO~1\AppData\Local\Temp\cc6lJdqV.s 			page 1


   1              		.cpu cortex-m0
   2              		.fpu softvfp
   3              		.eabi_attribute 20, 1
   4              		.eabi_attribute 21, 1
   5              		.eabi_attribute 23, 3
   6              		.eabi_attribute 24, 1
   7              		.eabi_attribute 25, 1
   8              		.eabi_attribute 26, 1
   9              		.eabi_attribute 30, 4
  10              		.eabi_attribute 34, 0
  11              		.eabi_attribute 18, 4
  12              		.code	16
  13              		.file	"SW3.c"
  14              		.text
  15              	.Ltext0:
  16              		.cfi_sections	.debug_frame
  17              		.section	.text.SW3_SetDriveMode,"ax",%progbits
  18              		.align	1
  19              		.global	SW3_SetDriveMode
  20              		.code	16
  21              		.thumb_func
  22              		.type	SW3_SetDriveMode, %function
  23              	SW3_SetDriveMode:
  24              	.LFB0:
  25              		.file 1 "Generated_Source\\PSoC4\\SW3.c"
   1:Generated_Source\PSoC4/SW3.c **** /*******************************************************************************
   2:Generated_Source\PSoC4/SW3.c **** * File Name: SW3.c  
   3:Generated_Source\PSoC4/SW3.c **** * Version 2.20
   4:Generated_Source\PSoC4/SW3.c **** *
   5:Generated_Source\PSoC4/SW3.c **** * Description:
   6:Generated_Source\PSoC4/SW3.c **** *  This file contains API to enable firmware control of a Pins component.
   7:Generated_Source\PSoC4/SW3.c **** *
   8:Generated_Source\PSoC4/SW3.c **** ********************************************************************************
   9:Generated_Source\PSoC4/SW3.c **** * Copyright 2008-2015, Cypress Semiconductor Corporation.  All rights reserved.
  10:Generated_Source\PSoC4/SW3.c **** * You may use this file only in accordance with the license, terms, conditions, 
  11:Generated_Source\PSoC4/SW3.c **** * disclaimers, and limitations in the end user license agreement accompanying 
  12:Generated_Source\PSoC4/SW3.c **** * the software package with which this file was provided.
  13:Generated_Source\PSoC4/SW3.c **** *******************************************************************************/
  14:Generated_Source\PSoC4/SW3.c **** 
  15:Generated_Source\PSoC4/SW3.c **** #include "cytypes.h"
  16:Generated_Source\PSoC4/SW3.c **** #include "SW3.h"
  17:Generated_Source\PSoC4/SW3.c **** 
  18:Generated_Source\PSoC4/SW3.c **** 
  19:Generated_Source\PSoC4/SW3.c **** #if defined(SW3__PC)
  20:Generated_Source\PSoC4/SW3.c ****     #define SW3_SetP4PinDriveMode(shift, mode)  \
  21:Generated_Source\PSoC4/SW3.c ****     do { \
  22:Generated_Source\PSoC4/SW3.c ****         SW3_PC =   (SW3_PC & \
  23:Generated_Source\PSoC4/SW3.c ****                                 (uint32)(~(uint32)(SW3_DRIVE_MODE_IND_MASK << \
  24:Generated_Source\PSoC4/SW3.c ****                                 (SW3_DRIVE_MODE_BITS * (shift))))) | \
  25:Generated_Source\PSoC4/SW3.c ****                                 (uint32)((uint32)(mode) << \
  26:Generated_Source\PSoC4/SW3.c ****                                 (SW3_DRIVE_MODE_BITS * (shift))); \
  27:Generated_Source\PSoC4/SW3.c ****     } while (0)
  28:Generated_Source\PSoC4/SW3.c **** #else
  29:Generated_Source\PSoC4/SW3.c ****     #if (CY_PSOC4_4200L)
  30:Generated_Source\PSoC4/SW3.c ****         #define SW3_SetP4PinDriveMode(shift, mode)  \
  31:Generated_Source\PSoC4/SW3.c ****         do { \
  32:Generated_Source\PSoC4/SW3.c ****             SW3_USBIO_CTRL_REG = (SW3_USBIO_CTRL_REG & \
ARM GAS  C:\Users\TECHCO~1\AppData\Local\Temp\cc6lJdqV.s 			page 2


  33:Generated_Source\PSoC4/SW3.c ****                                     (uint32)(~(uint32)(SW3_DRIVE_MODE_IND_MASK << \
  34:Generated_Source\PSoC4/SW3.c ****                                     (SW3_DRIVE_MODE_BITS * (shift))))) | \
  35:Generated_Source\PSoC4/SW3.c ****                                     (uint32)((uint32)(mode) << \
  36:Generated_Source\PSoC4/SW3.c ****                                     (SW3_DRIVE_MODE_BITS * (shift))); \
  37:Generated_Source\PSoC4/SW3.c ****         } while (0)
  38:Generated_Source\PSoC4/SW3.c ****     #endif
  39:Generated_Source\PSoC4/SW3.c **** #endif
  40:Generated_Source\PSoC4/SW3.c ****   
  41:Generated_Source\PSoC4/SW3.c **** 
  42:Generated_Source\PSoC4/SW3.c **** #if defined(SW3__PC) || (CY_PSOC4_4200L) 
  43:Generated_Source\PSoC4/SW3.c ****     /*******************************************************************************
  44:Generated_Source\PSoC4/SW3.c ****     * Function Name: SW3_SetDriveMode
  45:Generated_Source\PSoC4/SW3.c ****     ****************************************************************************//**
  46:Generated_Source\PSoC4/SW3.c ****     *
  47:Generated_Source\PSoC4/SW3.c ****     * \brief Sets the drive mode for each of the Pins component's pins.
  48:Generated_Source\PSoC4/SW3.c ****     * 
  49:Generated_Source\PSoC4/SW3.c ****     * <b>Note</b> This affects all pins in the Pins component instance. Use the
  50:Generated_Source\PSoC4/SW3.c ****     * Per-Pin APIs if you wish to control individual pin's drive modes.
  51:Generated_Source\PSoC4/SW3.c ****     *
  52:Generated_Source\PSoC4/SW3.c ****     * <b>Note</b> USBIOs have limited drive functionality. Refer to the Drive Mode
  53:Generated_Source\PSoC4/SW3.c ****     * parameter for more information.
  54:Generated_Source\PSoC4/SW3.c ****     *
  55:Generated_Source\PSoC4/SW3.c ****     * \param mode
  56:Generated_Source\PSoC4/SW3.c ****     *  Mode for the selected signals. Valid options are documented in 
  57:Generated_Source\PSoC4/SW3.c ****     *  \ref driveMode.
  58:Generated_Source\PSoC4/SW3.c ****     *
  59:Generated_Source\PSoC4/SW3.c ****     * \return
  60:Generated_Source\PSoC4/SW3.c ****     *  None
  61:Generated_Source\PSoC4/SW3.c ****     *
  62:Generated_Source\PSoC4/SW3.c ****     * \sideeffect
  63:Generated_Source\PSoC4/SW3.c ****     *  If you use read-modify-write operations that are not atomic, the ISR can
  64:Generated_Source\PSoC4/SW3.c ****     *  cause corruption of this function. An ISR that interrupts this function 
  65:Generated_Source\PSoC4/SW3.c ****     *  and performs writes to the Pins component Drive Mode registers can cause 
  66:Generated_Source\PSoC4/SW3.c ****     *  corrupted port data. To avoid this issue, you should either use the Per-Pin
  67:Generated_Source\PSoC4/SW3.c ****     *  APIs (primary method) or disable interrupts around this function.
  68:Generated_Source\PSoC4/SW3.c ****     *
  69:Generated_Source\PSoC4/SW3.c ****     * \funcusage
  70:Generated_Source\PSoC4/SW3.c ****     *  \snippet SW3_SUT.c usage_SW3_SetDriveMode
  71:Generated_Source\PSoC4/SW3.c ****     *******************************************************************************/
  72:Generated_Source\PSoC4/SW3.c ****     void SW3_SetDriveMode(uint8 mode)
  73:Generated_Source\PSoC4/SW3.c ****     {
  26              		.loc 1 73 0
  27              		.cfi_startproc
  28              	.LVL0:
  74:Generated_Source\PSoC4/SW3.c **** 		SW3_SetP4PinDriveMode(SW3__0__SHIFT, mode);
  29              		.loc 1 74 0
  30 0000 0721     		mov	r1, #7
  73:Generated_Source\PSoC4/SW3.c **** 		SW3_SetP4PinDriveMode(SW3__0__SHIFT, mode);
  31              		.loc 1 73 0
  32 0002 10B5     		push	{r4, lr}
  33              		.cfi_def_cfa_offset 8
  34              		.cfi_offset 4, -8
  35              		.cfi_offset 14, -4
  75:Generated_Source\PSoC4/SW3.c **** 		SW3_SetP4PinDriveMode(SW3__1__SHIFT, mode);
  36              		.loc 1 75 0
  37 0004 3824     		mov	r4, #56
  74:Generated_Source\PSoC4/SW3.c **** 		SW3_SetP4PinDriveMode(SW3__0__SHIFT, mode);
ARM GAS  C:\Users\TECHCO~1\AppData\Local\Temp\cc6lJdqV.s 			page 3


  38              		.loc 1 74 0
  39 0006 0B4B     		ldr	r3, .L2
  76:Generated_Source\PSoC4/SW3.c **** 		SW3_SetP4PinDriveMode(SW3__2__SHIFT, mode);
  77:Generated_Source\PSoC4/SW3.c **** 		SW3_SetP4PinDriveMode(SW3__3__SHIFT, mode);
  78:Generated_Source\PSoC4/SW3.c ****     }
  40              		.loc 1 78 0
  41              		@ sp needed
  74:Generated_Source\PSoC4/SW3.c **** 		SW3_SetP4PinDriveMode(SW3__1__SHIFT, mode);
  42              		.loc 1 74 0
  43 0008 1A68     		ldr	r2, [r3]
  44 000a 8A43     		bic	r2, r1
  45 000c 0243     		orr	r2, r0
  46 000e 1A60     		str	r2, [r3]
  75:Generated_Source\PSoC4/SW3.c **** 		SW3_SetP4PinDriveMode(SW3__1__SHIFT, mode);
  47              		.loc 1 75 0
  48 0010 1A68     		ldr	r2, [r3]
  49 0012 C100     		lsl	r1, r0, #3
  50 0014 A243     		bic	r2, r4
  51 0016 0A43     		orr	r2, r1
  52 0018 1A60     		str	r2, [r3]
  76:Generated_Source\PSoC4/SW3.c **** 		SW3_SetP4PinDriveMode(SW3__2__SHIFT, mode);
  53              		.loc 1 76 0
  54 001a 1A68     		ldr	r2, [r3]
  55 001c 0649     		ldr	r1, .L2+4
  56 001e 8401     		lsl	r4, r0, #6
  57 0020 0A40     		and	r2, r1
  58 0022 2243     		orr	r2, r4
  59 0024 1A60     		str	r2, [r3]
  77:Generated_Source\PSoC4/SW3.c ****     }
  60              		.loc 1 77 0
  61 0026 1968     		ldr	r1, [r3]
  62 0028 044A     		ldr	r2, .L2+8
  63 002a 4002     		lsl	r0, r0, #9
  64              	.LVL1:
  65 002c 0A40     		and	r2, r1
  66 002e 1043     		orr	r0, r2
  67 0030 1860     		str	r0, [r3]
  68              		.loc 1 78 0
  69 0032 10BD     		pop	{r4, pc}
  70              	.L3:
  71              		.align	2
  72              	.L2:
  73 0034 08020440 		.word	1074004488
  74 0038 3FFEFFFF 		.word	-449
  75 003c FFF1FFFF 		.word	-3585
  76              		.cfi_endproc
  77              	.LFE0:
  78              		.size	SW3_SetDriveMode, .-SW3_SetDriveMode
  79              		.section	.text.SW3_Write,"ax",%progbits
  80              		.align	1
  81              		.global	SW3_Write
  82              		.code	16
  83              		.thumb_func
  84              		.type	SW3_Write, %function
  85              	SW3_Write:
  86              	.LFB1:
  79:Generated_Source\PSoC4/SW3.c **** #endif
ARM GAS  C:\Users\TECHCO~1\AppData\Local\Temp\cc6lJdqV.s 			page 4


  80:Generated_Source\PSoC4/SW3.c **** 
  81:Generated_Source\PSoC4/SW3.c **** 
  82:Generated_Source\PSoC4/SW3.c **** /*******************************************************************************
  83:Generated_Source\PSoC4/SW3.c **** * Function Name: SW3_Write
  84:Generated_Source\PSoC4/SW3.c **** ****************************************************************************//**
  85:Generated_Source\PSoC4/SW3.c **** *
  86:Generated_Source\PSoC4/SW3.c **** * \brief Writes the value to the physical port (data output register), masking
  87:Generated_Source\PSoC4/SW3.c **** *  and shifting the bits appropriately. 
  88:Generated_Source\PSoC4/SW3.c **** *
  89:Generated_Source\PSoC4/SW3.c **** * The data output register controls the signal applied to the physical pin in 
  90:Generated_Source\PSoC4/SW3.c **** * conjunction with the drive mode parameter. This function avoids changing 
  91:Generated_Source\PSoC4/SW3.c **** * other bits in the port by using the appropriate method (read-modify-write or
  92:Generated_Source\PSoC4/SW3.c **** * bit banding).
  93:Generated_Source\PSoC4/SW3.c **** *
  94:Generated_Source\PSoC4/SW3.c **** * <b>Note</b> This function should not be used on a hardware digital output pin 
  95:Generated_Source\PSoC4/SW3.c **** * as it is driven by the hardware signal attached to it.
  96:Generated_Source\PSoC4/SW3.c **** *
  97:Generated_Source\PSoC4/SW3.c **** * \param value
  98:Generated_Source\PSoC4/SW3.c **** *  Value to write to the component instance.
  99:Generated_Source\PSoC4/SW3.c **** *
 100:Generated_Source\PSoC4/SW3.c **** * \return 
 101:Generated_Source\PSoC4/SW3.c **** *  None 
 102:Generated_Source\PSoC4/SW3.c **** *
 103:Generated_Source\PSoC4/SW3.c **** * \sideeffect
 104:Generated_Source\PSoC4/SW3.c **** *  If you use read-modify-write operations that are not atomic; the Interrupt 
 105:Generated_Source\PSoC4/SW3.c **** *  Service Routines (ISR) can cause corruption of this function. An ISR that 
 106:Generated_Source\PSoC4/SW3.c **** *  interrupts this function and performs writes to the Pins component data 
 107:Generated_Source\PSoC4/SW3.c **** *  register can cause corrupted port data. To avoid this issue, you should 
 108:Generated_Source\PSoC4/SW3.c **** *  either use the Per-Pin APIs (primary method) or disable interrupts around 
 109:Generated_Source\PSoC4/SW3.c **** *  this function.
 110:Generated_Source\PSoC4/SW3.c **** *
 111:Generated_Source\PSoC4/SW3.c **** * \funcusage
 112:Generated_Source\PSoC4/SW3.c **** *  \snippet SW3_SUT.c usage_SW3_Write
 113:Generated_Source\PSoC4/SW3.c **** *******************************************************************************/
 114:Generated_Source\PSoC4/SW3.c **** void SW3_Write(uint8 value)
 115:Generated_Source\PSoC4/SW3.c **** {
  87              		.loc 1 115 0
  88              		.cfi_startproc
  89              	.LVL2:
 116:Generated_Source\PSoC4/SW3.c ****     uint8 drVal = (uint8)(SW3_DR & (uint8)(~SW3_MASK));
  90              		.loc 1 116 0
  91 0000 0F23     		mov	r3, #15
  92 0002 0449     		ldr	r1, .L5
 117:Generated_Source\PSoC4/SW3.c ****     drVal = (drVal | ((uint8)(value << SW3_SHIFT) & SW3_MASK));
 118:Generated_Source\PSoC4/SW3.c ****     SW3_DR = (uint32)drVal;
 119:Generated_Source\PSoC4/SW3.c **** }
  93              		.loc 1 119 0
  94              		@ sp needed
 116:Generated_Source\PSoC4/SW3.c ****     uint8 drVal = (uint8)(SW3_DR & (uint8)(~SW3_MASK));
  95              		.loc 1 116 0
  96 0004 0A68     		ldr	r2, [r1]
  97 0006 9A43     		bic	r2, r3
  98 0008 D2B2     		uxtb	r2, r2
  99              	.LVL3:
 117:Generated_Source\PSoC4/SW3.c ****     drVal = (drVal | ((uint8)(value << SW3_SHIFT) & SW3_MASK));
 100              		.loc 1 117 0
 101 000a 0340     		and	r3, r0
ARM GAS  C:\Users\TECHCO~1\AppData\Local\Temp\cc6lJdqV.s 			page 5


 118:Generated_Source\PSoC4/SW3.c **** }
 102              		.loc 1 118 0
 103 000c 1343     		orr	r3, r2
 104 000e 0B60     		str	r3, [r1]
 105              		.loc 1 119 0
 106 0010 7047     		bx	lr
 107              	.L6:
 108 0012 C046     		.align	2
 109              	.L5:
 110 0014 00020440 		.word	1074004480
 111              		.cfi_endproc
 112              	.LFE1:
 113              		.size	SW3_Write, .-SW3_Write
 114              		.section	.text.SW3_Read,"ax",%progbits
 115              		.align	1
 116              		.global	SW3_Read
 117              		.code	16
 118              		.thumb_func
 119              		.type	SW3_Read, %function
 120              	SW3_Read:
 121              	.LFB2:
 120:Generated_Source\PSoC4/SW3.c **** 
 121:Generated_Source\PSoC4/SW3.c **** 
 122:Generated_Source\PSoC4/SW3.c **** /*******************************************************************************
 123:Generated_Source\PSoC4/SW3.c **** * Function Name: SW3_Read
 124:Generated_Source\PSoC4/SW3.c **** ****************************************************************************//**
 125:Generated_Source\PSoC4/SW3.c **** *
 126:Generated_Source\PSoC4/SW3.c **** * \brief Reads the associated physical port (pin status register) and masks 
 127:Generated_Source\PSoC4/SW3.c **** *  the required bits according to the width and bit position of the component
 128:Generated_Source\PSoC4/SW3.c **** *  instance. 
 129:Generated_Source\PSoC4/SW3.c **** *
 130:Generated_Source\PSoC4/SW3.c **** * The pin's status register returns the current logic level present on the 
 131:Generated_Source\PSoC4/SW3.c **** * physical pin.
 132:Generated_Source\PSoC4/SW3.c **** *
 133:Generated_Source\PSoC4/SW3.c **** * \return 
 134:Generated_Source\PSoC4/SW3.c **** *  The current value for the pins in the component as a right justified number.
 135:Generated_Source\PSoC4/SW3.c **** *
 136:Generated_Source\PSoC4/SW3.c **** * \funcusage
 137:Generated_Source\PSoC4/SW3.c **** *  \snippet SW3_SUT.c usage_SW3_Read  
 138:Generated_Source\PSoC4/SW3.c **** *******************************************************************************/
 139:Generated_Source\PSoC4/SW3.c **** uint8 SW3_Read(void)
 140:Generated_Source\PSoC4/SW3.c **** {
 122              		.loc 1 140 0
 123              		.cfi_startproc
 141:Generated_Source\PSoC4/SW3.c ****     return (uint8)((SW3_PS & SW3_MASK) >> SW3_SHIFT);
 124              		.loc 1 141 0
 125 0000 024B     		ldr	r3, .L8
 142:Generated_Source\PSoC4/SW3.c **** }
 126              		.loc 1 142 0
 127              		@ sp needed
 141:Generated_Source\PSoC4/SW3.c ****     return (uint8)((SW3_PS & SW3_MASK) >> SW3_SHIFT);
 128              		.loc 1 141 0
 129 0002 1868     		ldr	r0, [r3]
 130 0004 0F23     		mov	r3, #15
 131 0006 1840     		and	r0, r3
 132              		.loc 1 142 0
 133 0008 7047     		bx	lr
ARM GAS  C:\Users\TECHCO~1\AppData\Local\Temp\cc6lJdqV.s 			page 6


 134              	.L9:
 135 000a C046     		.align	2
 136              	.L8:
 137 000c 04020440 		.word	1074004484
 138              		.cfi_endproc
 139              	.LFE2:
 140              		.size	SW3_Read, .-SW3_Read
 141              		.section	.text.SW3_ReadDataReg,"ax",%progbits
 142              		.align	1
 143              		.global	SW3_ReadDataReg
 144              		.code	16
 145              		.thumb_func
 146              		.type	SW3_ReadDataReg, %function
 147              	SW3_ReadDataReg:
 148              	.LFB3:
 143:Generated_Source\PSoC4/SW3.c **** 
 144:Generated_Source\PSoC4/SW3.c **** 
 145:Generated_Source\PSoC4/SW3.c **** /*******************************************************************************
 146:Generated_Source\PSoC4/SW3.c **** * Function Name: SW3_ReadDataReg
 147:Generated_Source\PSoC4/SW3.c **** ****************************************************************************//**
 148:Generated_Source\PSoC4/SW3.c **** *
 149:Generated_Source\PSoC4/SW3.c **** * \brief Reads the associated physical port's data output register and masks 
 150:Generated_Source\PSoC4/SW3.c **** *  the correct bits according to the width and bit position of the component 
 151:Generated_Source\PSoC4/SW3.c **** *  instance. 
 152:Generated_Source\PSoC4/SW3.c **** *
 153:Generated_Source\PSoC4/SW3.c **** * The data output register controls the signal applied to the physical pin in 
 154:Generated_Source\PSoC4/SW3.c **** * conjunction with the drive mode parameter. This is not the same as the 
 155:Generated_Source\PSoC4/SW3.c **** * preferred SW3_Read() API because the 
 156:Generated_Source\PSoC4/SW3.c **** * SW3_ReadDataReg() reads the data register instead of the status 
 157:Generated_Source\PSoC4/SW3.c **** * register. For output pins this is a useful function to determine the value 
 158:Generated_Source\PSoC4/SW3.c **** * just written to the pin.
 159:Generated_Source\PSoC4/SW3.c **** *
 160:Generated_Source\PSoC4/SW3.c **** * \return 
 161:Generated_Source\PSoC4/SW3.c **** *  The current value of the data register masked and shifted into a right 
 162:Generated_Source\PSoC4/SW3.c **** *  justified number for the component instance.
 163:Generated_Source\PSoC4/SW3.c **** *
 164:Generated_Source\PSoC4/SW3.c **** * \funcusage
 165:Generated_Source\PSoC4/SW3.c **** *  \snippet SW3_SUT.c usage_SW3_ReadDataReg 
 166:Generated_Source\PSoC4/SW3.c **** *******************************************************************************/
 167:Generated_Source\PSoC4/SW3.c **** uint8 SW3_ReadDataReg(void)
 168:Generated_Source\PSoC4/SW3.c **** {
 149              		.loc 1 168 0
 150              		.cfi_startproc
 169:Generated_Source\PSoC4/SW3.c ****     return (uint8)((SW3_DR & SW3_MASK) >> SW3_SHIFT);
 151              		.loc 1 169 0
 152 0000 024B     		ldr	r3, .L11
 170:Generated_Source\PSoC4/SW3.c **** }
 153              		.loc 1 170 0
 154              		@ sp needed
 169:Generated_Source\PSoC4/SW3.c ****     return (uint8)((SW3_DR & SW3_MASK) >> SW3_SHIFT);
 155              		.loc 1 169 0
 156 0002 1868     		ldr	r0, [r3]
 157 0004 0F23     		mov	r3, #15
 158 0006 1840     		and	r0, r3
 159              		.loc 1 170 0
 160 0008 7047     		bx	lr
 161              	.L12:
ARM GAS  C:\Users\TECHCO~1\AppData\Local\Temp\cc6lJdqV.s 			page 7


 162 000a C046     		.align	2
 163              	.L11:
 164 000c 00020440 		.word	1074004480
 165              		.cfi_endproc
 166              	.LFE3:
 167              		.size	SW3_ReadDataReg, .-SW3_ReadDataReg
 168              		.section	.text.SW3_SetInterruptMode,"ax",%progbits
 169              		.align	1
 170              		.global	SW3_SetInterruptMode
 171              		.code	16
 172              		.thumb_func
 173              		.type	SW3_SetInterruptMode, %function
 174              	SW3_SetInterruptMode:
 175              	.LFB4:
 171:Generated_Source\PSoC4/SW3.c **** 
 172:Generated_Source\PSoC4/SW3.c **** 
 173:Generated_Source\PSoC4/SW3.c **** /*******************************************************************************
 174:Generated_Source\PSoC4/SW3.c **** * Function Name: SW3_SetInterruptMode
 175:Generated_Source\PSoC4/SW3.c **** ****************************************************************************//**
 176:Generated_Source\PSoC4/SW3.c **** *
 177:Generated_Source\PSoC4/SW3.c **** * \brief Configures the interrupt mode for each of the Pins component's
 178:Generated_Source\PSoC4/SW3.c **** *  pins. Alternatively you may set the interrupt mode for all the pins
 179:Generated_Source\PSoC4/SW3.c **** *  specified in the Pins component.
 180:Generated_Source\PSoC4/SW3.c **** *
 181:Generated_Source\PSoC4/SW3.c **** *  <b>Note</b> The interrupt is port-wide and therefore any enabled pin
 182:Generated_Source\PSoC4/SW3.c **** *  interrupt may trigger it.
 183:Generated_Source\PSoC4/SW3.c **** *
 184:Generated_Source\PSoC4/SW3.c **** * \param position
 185:Generated_Source\PSoC4/SW3.c **** *  The pin position as listed in the Pins component. You may OR these to be 
 186:Generated_Source\PSoC4/SW3.c **** *  able to configure the interrupt mode of multiple pins within a Pins 
 187:Generated_Source\PSoC4/SW3.c **** *  component. Or you may use SW3_INTR_ALL to configure the
 188:Generated_Source\PSoC4/SW3.c **** *  interrupt mode of all the pins in the Pins component.       
 189:Generated_Source\PSoC4/SW3.c **** *  - SW3_0_INTR       (First pin in the list)
 190:Generated_Source\PSoC4/SW3.c **** *  - SW3_1_INTR       (Second pin in the list)
 191:Generated_Source\PSoC4/SW3.c **** *  - ...
 192:Generated_Source\PSoC4/SW3.c **** *  - SW3_INTR_ALL     (All pins in Pins component)
 193:Generated_Source\PSoC4/SW3.c **** *
 194:Generated_Source\PSoC4/SW3.c **** * \param mode
 195:Generated_Source\PSoC4/SW3.c **** *  Interrupt mode for the selected pins. Valid options are documented in
 196:Generated_Source\PSoC4/SW3.c **** *  \ref intrMode.
 197:Generated_Source\PSoC4/SW3.c **** *
 198:Generated_Source\PSoC4/SW3.c **** * \return 
 199:Generated_Source\PSoC4/SW3.c **** *  None
 200:Generated_Source\PSoC4/SW3.c **** *  
 201:Generated_Source\PSoC4/SW3.c **** * \sideeffect
 202:Generated_Source\PSoC4/SW3.c **** *  It is recommended that the interrupt be disabled before calling this 
 203:Generated_Source\PSoC4/SW3.c **** *  function to avoid unintended interrupt requests. Note that the interrupt
 204:Generated_Source\PSoC4/SW3.c **** *  type is port wide, and therefore will trigger for any enabled pin on the 
 205:Generated_Source\PSoC4/SW3.c **** *  port.
 206:Generated_Source\PSoC4/SW3.c **** *
 207:Generated_Source\PSoC4/SW3.c **** * \funcusage
 208:Generated_Source\PSoC4/SW3.c **** *  \snippet SW3_SUT.c usage_SW3_SetInterruptMode
 209:Generated_Source\PSoC4/SW3.c **** *******************************************************************************/
 210:Generated_Source\PSoC4/SW3.c **** void SW3_SetInterruptMode(uint16 position, uint16 mode)
 211:Generated_Source\PSoC4/SW3.c **** {
 176              		.loc 1 211 0
 177              		.cfi_startproc
ARM GAS  C:\Users\TECHCO~1\AppData\Local\Temp\cc6lJdqV.s 			page 8


 178              	.LVL4:
 212:Generated_Source\PSoC4/SW3.c ****     uint32 intrCfg;
 213:Generated_Source\PSoC4/SW3.c ****     
 214:Generated_Source\PSoC4/SW3.c ****     intrCfg =  SW3_INTCFG & (uint32)(~(uint32)position);
 179              		.loc 1 214 0
 180 0000 034A     		ldr	r2, .L14
 215:Generated_Source\PSoC4/SW3.c ****     SW3_INTCFG = intrCfg | ((uint32)position & (uint32)mode);
 216:Generated_Source\PSoC4/SW3.c **** }
 181              		.loc 1 216 0
 182              		@ sp needed
 214:Generated_Source\PSoC4/SW3.c ****     SW3_INTCFG = intrCfg | ((uint32)position & (uint32)mode);
 183              		.loc 1 214 0
 184 0002 1368     		ldr	r3, [r2]
 185              	.LVL5:
 186 0004 8343     		bic	r3, r0
 187              	.LVL6:
 215:Generated_Source\PSoC4/SW3.c ****     SW3_INTCFG = intrCfg | ((uint32)position & (uint32)mode);
 188              		.loc 1 215 0
 189 0006 0840     		and	r0, r1
 190              	.LVL7:
 191 0008 1843     		orr	r0, r3
 192 000a 1060     		str	r0, [r2]
 193              		.loc 1 216 0
 194 000c 7047     		bx	lr
 195              	.L15:
 196 000e C046     		.align	2
 197              	.L14:
 198 0010 0C020440 		.word	1074004492
 199              		.cfi_endproc
 200              	.LFE4:
 201              		.size	SW3_SetInterruptMode, .-SW3_SetInterruptMode
 202              		.section	.text.SW3_ClearInterrupt,"ax",%progbits
 203              		.align	1
 204              		.global	SW3_ClearInterrupt
 205              		.code	16
 206              		.thumb_func
 207              		.type	SW3_ClearInterrupt, %function
 208              	SW3_ClearInterrupt:
 209              	.LFB5:
 217:Generated_Source\PSoC4/SW3.c **** 
 218:Generated_Source\PSoC4/SW3.c **** 
 219:Generated_Source\PSoC4/SW3.c **** /*******************************************************************************
 220:Generated_Source\PSoC4/SW3.c **** * Function Name: SW3_ClearInterrupt
 221:Generated_Source\PSoC4/SW3.c **** ****************************************************************************//**
 222:Generated_Source\PSoC4/SW3.c **** *
 223:Generated_Source\PSoC4/SW3.c **** * \brief Clears any active interrupts attached with the component and returns 
 224:Generated_Source\PSoC4/SW3.c **** *  the value of the interrupt status register allowing determination of which
 225:Generated_Source\PSoC4/SW3.c **** *  pins generated an interrupt event.
 226:Generated_Source\PSoC4/SW3.c **** *
 227:Generated_Source\PSoC4/SW3.c **** * \return 
 228:Generated_Source\PSoC4/SW3.c **** *  The right-shifted current value of the interrupt status register. Each pin 
 229:Generated_Source\PSoC4/SW3.c **** *  has one bit set if it generated an interrupt event. For example, bit 0 is 
 230:Generated_Source\PSoC4/SW3.c **** *  for pin 0 and bit 1 is for pin 1 of the Pins component.
 231:Generated_Source\PSoC4/SW3.c **** *  
 232:Generated_Source\PSoC4/SW3.c **** * \sideeffect
 233:Generated_Source\PSoC4/SW3.c **** *  Clears all bits of the physical port's interrupt status register, not just
 234:Generated_Source\PSoC4/SW3.c **** *  those associated with the Pins component.
ARM GAS  C:\Users\TECHCO~1\AppData\Local\Temp\cc6lJdqV.s 			page 9


 235:Generated_Source\PSoC4/SW3.c **** *
 236:Generated_Source\PSoC4/SW3.c **** * \funcusage
 237:Generated_Source\PSoC4/SW3.c **** *  \snippet SW3_SUT.c usage_SW3_ClearInterrupt
 238:Generated_Source\PSoC4/SW3.c **** *******************************************************************************/
 239:Generated_Source\PSoC4/SW3.c **** uint8 SW3_ClearInterrupt(void)
 240:Generated_Source\PSoC4/SW3.c **** {
 210              		.loc 1 240 0
 211              		.cfi_startproc
 241:Generated_Source\PSoC4/SW3.c **** 	uint8 maskedStatus = (uint8)(SW3_INTSTAT & SW3_MASK);
 212              		.loc 1 241 0
 213 0000 0F23     		mov	r3, #15
 214 0002 024A     		ldr	r2, .L17
 242:Generated_Source\PSoC4/SW3.c **** 	SW3_INTSTAT = maskedStatus;
 243:Generated_Source\PSoC4/SW3.c ****     return maskedStatus >> SW3_SHIFT;
 244:Generated_Source\PSoC4/SW3.c **** }
 215              		.loc 1 244 0
 216              		@ sp needed
 241:Generated_Source\PSoC4/SW3.c **** 	uint8 maskedStatus = (uint8)(SW3_INTSTAT & SW3_MASK);
 217              		.loc 1 241 0
 218 0004 1068     		ldr	r0, [r2]
 219 0006 1840     		and	r0, r3
 220              	.LVL8:
 242:Generated_Source\PSoC4/SW3.c **** 	SW3_INTSTAT = maskedStatus;
 221              		.loc 1 242 0
 222 0008 1060     		str	r0, [r2]
 223              		.loc 1 244 0
 224 000a 7047     		bx	lr
 225              	.L18:
 226              		.align	2
 227              	.L17:
 228 000c 10020440 		.word	1074004496
 229              		.cfi_endproc
 230              	.LFE5:
 231              		.size	SW3_ClearInterrupt, .-SW3_ClearInterrupt
 232              		.text
 233              	.Letext0:
 234              		.file 2 "Generated_Source\\PSoC4\\cytypes.h"
 235              		.section	.debug_info,"",%progbits
 236              	.Ldebug_info0:
 237 0000 9C010000 		.4byte	0x19c
 238 0004 0400     		.2byte	0x4
 239 0006 00000000 		.4byte	.Ldebug_abbrev0
 240 000a 04       		.byte	0x4
 241 000b 01       		.uleb128 0x1
 242 000c 06000000 		.4byte	.LASF28
 243 0010 01       		.byte	0x1
 244 0011 AE010000 		.4byte	.LASF29
 245 0015 36010000 		.4byte	.LASF30
 246 0019 00000000 		.4byte	.Ldebug_ranges0+0
 247 001d 00000000 		.4byte	0
 248 0021 00000000 		.4byte	.Ldebug_line0
 249 0025 02       		.uleb128 0x2
 250 0026 01       		.byte	0x1
 251 0027 06       		.byte	0x6
 252 0028 09020000 		.4byte	.LASF0
 253 002c 02       		.uleb128 0x2
 254 002d 01       		.byte	0x1
ARM GAS  C:\Users\TECHCO~1\AppData\Local\Temp\cc6lJdqV.s 			page 10


 255 002e 08       		.byte	0x8
 256 002f A9000000 		.4byte	.LASF1
 257 0033 02       		.uleb128 0x2
 258 0034 02       		.byte	0x2
 259 0035 05       		.byte	0x5
 260 0036 F0010000 		.4byte	.LASF2
 261 003a 02       		.uleb128 0x2
 262 003b 02       		.byte	0x2
 263 003c 07       		.byte	0x7
 264 003d CF000000 		.4byte	.LASF3
 265 0041 02       		.uleb128 0x2
 266 0042 04       		.byte	0x4
 267 0043 05       		.byte	0x5
 268 0044 00020000 		.4byte	.LASF4
 269 0048 02       		.uleb128 0x2
 270 0049 04       		.byte	0x4
 271 004a 07       		.byte	0x7
 272 004b BD000000 		.4byte	.LASF5
 273 004f 02       		.uleb128 0x2
 274 0050 08       		.byte	0x8
 275 0051 05       		.byte	0x5
 276 0052 D0010000 		.4byte	.LASF6
 277 0056 02       		.uleb128 0x2
 278 0057 08       		.byte	0x8
 279 0058 07       		.byte	0x7
 280 0059 97010000 		.4byte	.LASF7
 281 005d 03       		.uleb128 0x3
 282 005e 04       		.byte	0x4
 283 005f 05       		.byte	0x5
 284 0060 696E7400 		.ascii	"int\000"
 285 0064 02       		.uleb128 0x2
 286 0065 04       		.byte	0x4
 287 0066 07       		.byte	0x7
 288 0067 29010000 		.4byte	.LASF8
 289 006b 04       		.uleb128 0x4
 290 006c FA010000 		.4byte	.LASF9
 291 0070 02       		.byte	0x2
 292 0071 B901     		.2byte	0x1b9
 293 0073 2C000000 		.4byte	0x2c
 294 0077 04       		.uleb128 0x4
 295 0078 FA000000 		.4byte	.LASF10
 296 007c 02       		.byte	0x2
 297 007d BA01     		.2byte	0x1ba
 298 007f 3A000000 		.4byte	0x3a
 299 0083 04       		.uleb128 0x4
 300 0084 1A010000 		.4byte	.LASF11
 301 0088 02       		.byte	0x2
 302 0089 BB01     		.2byte	0x1bb
 303 008b 48000000 		.4byte	0x48
 304 008f 02       		.uleb128 0x2
 305 0090 04       		.byte	0x4
 306 0091 04       		.byte	0x4
 307 0092 A3000000 		.4byte	.LASF12
 308 0096 02       		.uleb128 0x2
 309 0097 08       		.byte	0x8
 310 0098 04       		.byte	0x4
 311 0099 F3000000 		.4byte	.LASF13
ARM GAS  C:\Users\TECHCO~1\AppData\Local\Temp\cc6lJdqV.s 			page 11


 312 009d 02       		.uleb128 0x2
 313 009e 01       		.byte	0x1
 314 009f 08       		.byte	0x8
 315 00a0 EB010000 		.4byte	.LASF14
 316 00a4 04       		.uleb128 0x4
 317 00a5 00000000 		.4byte	.LASF15
 318 00a9 02       		.byte	0x2
 319 00aa 6502     		.2byte	0x265
 320 00ac B0000000 		.4byte	0xb0
 321 00b0 05       		.uleb128 0x5
 322 00b1 83000000 		.4byte	0x83
 323 00b5 06       		.uleb128 0x6
 324 00b6 E2000000 		.4byte	.LASF16
 325 00ba 01       		.byte	0x1
 326 00bb 48       		.byte	0x48
 327 00bc 00000000 		.4byte	.LFB0
 328 00c0 40000000 		.4byte	.LFE0-.LFB0
 329 00c4 01       		.uleb128 0x1
 330 00c5 9C       		.byte	0x9c
 331 00c6 DA000000 		.4byte	0xda
 332 00ca 07       		.uleb128 0x7
 333 00cb CB010000 		.4byte	.LASF18
 334 00cf 01       		.byte	0x1
 335 00d0 48       		.byte	0x48
 336 00d1 6B000000 		.4byte	0x6b
 337 00d5 00000000 		.4byte	.LLST0
 338 00d9 00       		.byte	0
 339 00da 06       		.uleb128 0x6
 340 00db 28020000 		.4byte	.LASF17
 341 00df 01       		.byte	0x1
 342 00e0 72       		.byte	0x72
 343 00e1 00000000 		.4byte	.LFB1
 344 00e5 18000000 		.4byte	.LFE1-.LFB1
 345 00e9 01       		.uleb128 0x1
 346 00ea 9C       		.byte	0x9c
 347 00eb 11010000 		.4byte	0x111
 348 00ef 08       		.uleb128 0x8
 349 00f0 94000000 		.4byte	.LASF19
 350 00f4 01       		.byte	0x1
 351 00f5 72       		.byte	0x72
 352 00f6 6B000000 		.4byte	0x6b
 353 00fa 01       		.uleb128 0x1
 354 00fb 50       		.byte	0x50
 355 00fc 09       		.uleb128 0x9
 356 00fd B7000000 		.4byte	.LASF24
 357 0101 01       		.byte	0x1
 358 0102 74       		.byte	0x74
 359 0103 6B000000 		.4byte	0x6b
 360 0107 08       		.uleb128 0x8
 361 0108 70       		.byte	0x70
 362 0109 00       		.sleb128 0
 363 010a 3F       		.byte	0x3f
 364 010b 1A       		.byte	0x1a
 365 010c 72       		.byte	0x72
 366 010d 00       		.sleb128 0
 367 010e 21       		.byte	0x21
 368 010f 9F       		.byte	0x9f
ARM GAS  C:\Users\TECHCO~1\AppData\Local\Temp\cc6lJdqV.s 			page 12


 369 0110 00       		.byte	0
 370 0111 0A       		.uleb128 0xa
 371 0112 9A000000 		.4byte	.LASF20
 372 0116 01       		.byte	0x1
 373 0117 8B       		.byte	0x8b
 374 0118 6B000000 		.4byte	0x6b
 375 011c 00000000 		.4byte	.LFB2
 376 0120 10000000 		.4byte	.LFE2-.LFB2
 377 0124 01       		.uleb128 0x1
 378 0125 9C       		.byte	0x9c
 379 0126 0A       		.uleb128 0xa
 380 0127 01010000 		.4byte	.LASF21
 381 012b 01       		.byte	0x1
 382 012c A7       		.byte	0xa7
 383 012d 6B000000 		.4byte	0x6b
 384 0131 00000000 		.4byte	.LFB3
 385 0135 10000000 		.4byte	.LFE3-.LFB3
 386 0139 01       		.uleb128 0x1
 387 013a 9C       		.byte	0x9c
 388 013b 06       		.uleb128 0x6
 389 013c 32020000 		.4byte	.LASF22
 390 0140 01       		.byte	0x1
 391 0141 D2       		.byte	0xd2
 392 0142 00000000 		.4byte	.LFB4
 393 0146 14000000 		.4byte	.LFE4-.LFB4
 394 014a 01       		.uleb128 0x1
 395 014b 9C       		.byte	0x9c
 396 014c 7C010000 		.4byte	0x17c
 397 0150 07       		.uleb128 0x7
 398 0151 11010000 		.4byte	.LASF23
 399 0155 01       		.byte	0x1
 400 0156 D2       		.byte	0xd2
 401 0157 77000000 		.4byte	0x77
 402 015b 21000000 		.4byte	.LLST1
 403 015f 08       		.uleb128 0x8
 404 0160 CB010000 		.4byte	.LASF18
 405 0164 01       		.byte	0x1
 406 0165 D2       		.byte	0xd2
 407 0166 77000000 		.4byte	0x77
 408 016a 01       		.uleb128 0x1
 409 016b 51       		.byte	0x51
 410 016c 0B       		.uleb128 0xb
 411 016d 21010000 		.4byte	.LASF25
 412 0171 01       		.byte	0x1
 413 0172 D4       		.byte	0xd4
 414 0173 83000000 		.4byte	0x83
 415 0177 42000000 		.4byte	.LLST2
 416 017b 00       		.byte	0
 417 017c 0C       		.uleb128 0xc
 418 017d 15020000 		.4byte	.LASF26
 419 0181 01       		.byte	0x1
 420 0182 EF       		.byte	0xef
 421 0183 6B000000 		.4byte	0x6b
 422 0187 00000000 		.4byte	.LFB5
 423 018b 10000000 		.4byte	.LFE5-.LFB5
 424 018f 01       		.uleb128 0x1
 425 0190 9C       		.byte	0x9c
ARM GAS  C:\Users\TECHCO~1\AppData\Local\Temp\cc6lJdqV.s 			page 13


 426 0191 09       		.uleb128 0x9
 427 0192 DE010000 		.4byte	.LASF27
 428 0196 01       		.byte	0x1
 429 0197 F1       		.byte	0xf1
 430 0198 6B000000 		.4byte	0x6b
 431 019c 01       		.uleb128 0x1
 432 019d 50       		.byte	0x50
 433 019e 00       		.byte	0
 434 019f 00       		.byte	0
 435              		.section	.debug_abbrev,"",%progbits
 436              	.Ldebug_abbrev0:
 437 0000 01       		.uleb128 0x1
 438 0001 11       		.uleb128 0x11
 439 0002 01       		.byte	0x1
 440 0003 25       		.uleb128 0x25
 441 0004 0E       		.uleb128 0xe
 442 0005 13       		.uleb128 0x13
 443 0006 0B       		.uleb128 0xb
 444 0007 03       		.uleb128 0x3
 445 0008 0E       		.uleb128 0xe
 446 0009 1B       		.uleb128 0x1b
 447 000a 0E       		.uleb128 0xe
 448 000b 55       		.uleb128 0x55
 449 000c 17       		.uleb128 0x17
 450 000d 11       		.uleb128 0x11
 451 000e 01       		.uleb128 0x1
 452 000f 10       		.uleb128 0x10
 453 0010 17       		.uleb128 0x17
 454 0011 00       		.byte	0
 455 0012 00       		.byte	0
 456 0013 02       		.uleb128 0x2
 457 0014 24       		.uleb128 0x24
 458 0015 00       		.byte	0
 459 0016 0B       		.uleb128 0xb
 460 0017 0B       		.uleb128 0xb
 461 0018 3E       		.uleb128 0x3e
 462 0019 0B       		.uleb128 0xb
 463 001a 03       		.uleb128 0x3
 464 001b 0E       		.uleb128 0xe
 465 001c 00       		.byte	0
 466 001d 00       		.byte	0
 467 001e 03       		.uleb128 0x3
 468 001f 24       		.uleb128 0x24
 469 0020 00       		.byte	0
 470 0021 0B       		.uleb128 0xb
 471 0022 0B       		.uleb128 0xb
 472 0023 3E       		.uleb128 0x3e
 473 0024 0B       		.uleb128 0xb
 474 0025 03       		.uleb128 0x3
 475 0026 08       		.uleb128 0x8
 476 0027 00       		.byte	0
 477 0028 00       		.byte	0
 478 0029 04       		.uleb128 0x4
 479 002a 16       		.uleb128 0x16
 480 002b 00       		.byte	0
 481 002c 03       		.uleb128 0x3
 482 002d 0E       		.uleb128 0xe
ARM GAS  C:\Users\TECHCO~1\AppData\Local\Temp\cc6lJdqV.s 			page 14


 483 002e 3A       		.uleb128 0x3a
 484 002f 0B       		.uleb128 0xb
 485 0030 3B       		.uleb128 0x3b
 486 0031 05       		.uleb128 0x5
 487 0032 49       		.uleb128 0x49
 488 0033 13       		.uleb128 0x13
 489 0034 00       		.byte	0
 490 0035 00       		.byte	0
 491 0036 05       		.uleb128 0x5
 492 0037 35       		.uleb128 0x35
 493 0038 00       		.byte	0
 494 0039 49       		.uleb128 0x49
 495 003a 13       		.uleb128 0x13
 496 003b 00       		.byte	0
 497 003c 00       		.byte	0
 498 003d 06       		.uleb128 0x6
 499 003e 2E       		.uleb128 0x2e
 500 003f 01       		.byte	0x1
 501 0040 3F       		.uleb128 0x3f
 502 0041 19       		.uleb128 0x19
 503 0042 03       		.uleb128 0x3
 504 0043 0E       		.uleb128 0xe
 505 0044 3A       		.uleb128 0x3a
 506 0045 0B       		.uleb128 0xb
 507 0046 3B       		.uleb128 0x3b
 508 0047 0B       		.uleb128 0xb
 509 0048 27       		.uleb128 0x27
 510 0049 19       		.uleb128 0x19
 511 004a 11       		.uleb128 0x11
 512 004b 01       		.uleb128 0x1
 513 004c 12       		.uleb128 0x12
 514 004d 06       		.uleb128 0x6
 515 004e 40       		.uleb128 0x40
 516 004f 18       		.uleb128 0x18
 517 0050 9742     		.uleb128 0x2117
 518 0052 19       		.uleb128 0x19
 519 0053 01       		.uleb128 0x1
 520 0054 13       		.uleb128 0x13
 521 0055 00       		.byte	0
 522 0056 00       		.byte	0
 523 0057 07       		.uleb128 0x7
 524 0058 05       		.uleb128 0x5
 525 0059 00       		.byte	0
 526 005a 03       		.uleb128 0x3
 527 005b 0E       		.uleb128 0xe
 528 005c 3A       		.uleb128 0x3a
 529 005d 0B       		.uleb128 0xb
 530 005e 3B       		.uleb128 0x3b
 531 005f 0B       		.uleb128 0xb
 532 0060 49       		.uleb128 0x49
 533 0061 13       		.uleb128 0x13
 534 0062 02       		.uleb128 0x2
 535 0063 17       		.uleb128 0x17
 536 0064 00       		.byte	0
 537 0065 00       		.byte	0
 538 0066 08       		.uleb128 0x8
 539 0067 05       		.uleb128 0x5
ARM GAS  C:\Users\TECHCO~1\AppData\Local\Temp\cc6lJdqV.s 			page 15


 540 0068 00       		.byte	0
 541 0069 03       		.uleb128 0x3
 542 006a 0E       		.uleb128 0xe
 543 006b 3A       		.uleb128 0x3a
 544 006c 0B       		.uleb128 0xb
 545 006d 3B       		.uleb128 0x3b
 546 006e 0B       		.uleb128 0xb
 547 006f 49       		.uleb128 0x49
 548 0070 13       		.uleb128 0x13
 549 0071 02       		.uleb128 0x2
 550 0072 18       		.uleb128 0x18
 551 0073 00       		.byte	0
 552 0074 00       		.byte	0
 553 0075 09       		.uleb128 0x9
 554 0076 34       		.uleb128 0x34
 555 0077 00       		.byte	0
 556 0078 03       		.uleb128 0x3
 557 0079 0E       		.uleb128 0xe
 558 007a 3A       		.uleb128 0x3a
 559 007b 0B       		.uleb128 0xb
 560 007c 3B       		.uleb128 0x3b
 561 007d 0B       		.uleb128 0xb
 562 007e 49       		.uleb128 0x49
 563 007f 13       		.uleb128 0x13
 564 0080 02       		.uleb128 0x2
 565 0081 18       		.uleb128 0x18
 566 0082 00       		.byte	0
 567 0083 00       		.byte	0
 568 0084 0A       		.uleb128 0xa
 569 0085 2E       		.uleb128 0x2e
 570 0086 00       		.byte	0
 571 0087 3F       		.uleb128 0x3f
 572 0088 19       		.uleb128 0x19
 573 0089 03       		.uleb128 0x3
 574 008a 0E       		.uleb128 0xe
 575 008b 3A       		.uleb128 0x3a
 576 008c 0B       		.uleb128 0xb
 577 008d 3B       		.uleb128 0x3b
 578 008e 0B       		.uleb128 0xb
 579 008f 27       		.uleb128 0x27
 580 0090 19       		.uleb128 0x19
 581 0091 49       		.uleb128 0x49
 582 0092 13       		.uleb128 0x13
 583 0093 11       		.uleb128 0x11
 584 0094 01       		.uleb128 0x1
 585 0095 12       		.uleb128 0x12
 586 0096 06       		.uleb128 0x6
 587 0097 40       		.uleb128 0x40
 588 0098 18       		.uleb128 0x18
 589 0099 9742     		.uleb128 0x2117
 590 009b 19       		.uleb128 0x19
 591 009c 00       		.byte	0
 592 009d 00       		.byte	0
 593 009e 0B       		.uleb128 0xb
 594 009f 34       		.uleb128 0x34
 595 00a0 00       		.byte	0
 596 00a1 03       		.uleb128 0x3
ARM GAS  C:\Users\TECHCO~1\AppData\Local\Temp\cc6lJdqV.s 			page 16


 597 00a2 0E       		.uleb128 0xe
 598 00a3 3A       		.uleb128 0x3a
 599 00a4 0B       		.uleb128 0xb
 600 00a5 3B       		.uleb128 0x3b
 601 00a6 0B       		.uleb128 0xb
 602 00a7 49       		.uleb128 0x49
 603 00a8 13       		.uleb128 0x13
 604 00a9 02       		.uleb128 0x2
 605 00aa 17       		.uleb128 0x17
 606 00ab 00       		.byte	0
 607 00ac 00       		.byte	0
 608 00ad 0C       		.uleb128 0xc
 609 00ae 2E       		.uleb128 0x2e
 610 00af 01       		.byte	0x1
 611 00b0 3F       		.uleb128 0x3f
 612 00b1 19       		.uleb128 0x19
 613 00b2 03       		.uleb128 0x3
 614 00b3 0E       		.uleb128 0xe
 615 00b4 3A       		.uleb128 0x3a
 616 00b5 0B       		.uleb128 0xb
 617 00b6 3B       		.uleb128 0x3b
 618 00b7 0B       		.uleb128 0xb
 619 00b8 27       		.uleb128 0x27
 620 00b9 19       		.uleb128 0x19
 621 00ba 49       		.uleb128 0x49
 622 00bb 13       		.uleb128 0x13
 623 00bc 11       		.uleb128 0x11
 624 00bd 01       		.uleb128 0x1
 625 00be 12       		.uleb128 0x12
 626 00bf 06       		.uleb128 0x6
 627 00c0 40       		.uleb128 0x40
 628 00c1 18       		.uleb128 0x18
 629 00c2 9742     		.uleb128 0x2117
 630 00c4 19       		.uleb128 0x19
 631 00c5 00       		.byte	0
 632 00c6 00       		.byte	0
 633 00c7 00       		.byte	0
 634              		.section	.debug_loc,"",%progbits
 635              	.Ldebug_loc0:
 636              	.LLST0:
 637 0000 00000000 		.4byte	.LVL0
 638 0004 2C000000 		.4byte	.LVL1
 639 0008 0100     		.2byte	0x1
 640 000a 50       		.byte	0x50
 641 000b 2C000000 		.4byte	.LVL1
 642 000f 40000000 		.4byte	.LFE0
 643 0013 0400     		.2byte	0x4
 644 0015 F3       		.byte	0xf3
 645 0016 01       		.uleb128 0x1
 646 0017 50       		.byte	0x50
 647 0018 9F       		.byte	0x9f
 648 0019 00000000 		.4byte	0
 649 001d 00000000 		.4byte	0
 650              	.LLST1:
 651 0021 00000000 		.4byte	.LVL4
 652 0025 08000000 		.4byte	.LVL7
 653 0029 0100     		.2byte	0x1
ARM GAS  C:\Users\TECHCO~1\AppData\Local\Temp\cc6lJdqV.s 			page 17


 654 002b 50       		.byte	0x50
 655 002c 08000000 		.4byte	.LVL7
 656 0030 14000000 		.4byte	.LFE4
 657 0034 0400     		.2byte	0x4
 658 0036 F3       		.byte	0xf3
 659 0037 01       		.uleb128 0x1
 660 0038 50       		.byte	0x50
 661 0039 9F       		.byte	0x9f
 662 003a 00000000 		.4byte	0
 663 003e 00000000 		.4byte	0
 664              	.LLST2:
 665 0042 04000000 		.4byte	.LVL5
 666 0046 06000000 		.4byte	.LVL6
 667 004a 0B00     		.2byte	0xb
 668 004c 70       		.byte	0x70
 669 004d 00       		.sleb128 0
 670 004e 0A       		.byte	0xa
 671 004f FFFF     		.2byte	0xffff
 672 0051 1A       		.byte	0x1a
 673 0052 20       		.byte	0x20
 674 0053 73       		.byte	0x73
 675 0054 00       		.sleb128 0
 676 0055 1A       		.byte	0x1a
 677 0056 9F       		.byte	0x9f
 678 0057 00000000 		.4byte	0
 679 005b 00000000 		.4byte	0
 680              		.section	.debug_aranges,"",%progbits
 681 0000 44000000 		.4byte	0x44
 682 0004 0200     		.2byte	0x2
 683 0006 00000000 		.4byte	.Ldebug_info0
 684 000a 04       		.byte	0x4
 685 000b 00       		.byte	0
 686 000c 0000     		.2byte	0
 687 000e 0000     		.2byte	0
 688 0010 00000000 		.4byte	.LFB0
 689 0014 40000000 		.4byte	.LFE0-.LFB0
 690 0018 00000000 		.4byte	.LFB1
 691 001c 18000000 		.4byte	.LFE1-.LFB1
 692 0020 00000000 		.4byte	.LFB2
 693 0024 10000000 		.4byte	.LFE2-.LFB2
 694 0028 00000000 		.4byte	.LFB3
 695 002c 10000000 		.4byte	.LFE3-.LFB3
 696 0030 00000000 		.4byte	.LFB4
 697 0034 14000000 		.4byte	.LFE4-.LFB4
 698 0038 00000000 		.4byte	.LFB5
 699 003c 10000000 		.4byte	.LFE5-.LFB5
 700 0040 00000000 		.4byte	0
 701 0044 00000000 		.4byte	0
 702              		.section	.debug_ranges,"",%progbits
 703              	.Ldebug_ranges0:
 704 0000 00000000 		.4byte	.LFB0
 705 0004 40000000 		.4byte	.LFE0
 706 0008 00000000 		.4byte	.LFB1
 707 000c 18000000 		.4byte	.LFE1
 708 0010 00000000 		.4byte	.LFB2
 709 0014 10000000 		.4byte	.LFE2
 710 0018 00000000 		.4byte	.LFB3
ARM GAS  C:\Users\TECHCO~1\AppData\Local\Temp\cc6lJdqV.s 			page 18


 711 001c 10000000 		.4byte	.LFE3
 712 0020 00000000 		.4byte	.LFB4
 713 0024 14000000 		.4byte	.LFE4
 714 0028 00000000 		.4byte	.LFB5
 715 002c 10000000 		.4byte	.LFE5
 716 0030 00000000 		.4byte	0
 717 0034 00000000 		.4byte	0
 718              		.section	.debug_line,"",%progbits
 719              	.Ldebug_line0:
 720 0000 C8000000 		.section	.debug_str,"MS",%progbits,1
 720      02004000 
 720      00000201 
 720      FB0E0D00 
 720      01010101 
 721              	.LASF15:
 722 0000 72656733 		.ascii	"reg32\000"
 722      3200
 723              	.LASF28:
 724 0006 474E5520 		.ascii	"GNU C 4.9.3 20150303 (release) [ARM/embedded-4_9-br"
 724      4320342E 
 724      392E3320 
 724      32303135 
 724      30333033 
 725 0039 616E6368 		.ascii	"anch revision 221220] -mcpu=cortex-m0 -mthumb -g -O"
 725      20726576 
 725      6973696F 
 725      6E203232 
 725      31323230 
 726 006c 73202D66 		.ascii	"s -ffunction-sections -ffat-lto-objects\000"
 726      66756E63 
 726      74696F6E 
 726      2D736563 
 726      74696F6E 
 727              	.LASF19:
 728 0094 76616C75 		.ascii	"value\000"
 728      6500
 729              	.LASF20:
 730 009a 5357335F 		.ascii	"SW3_Read\000"
 730      52656164 
 730      00
 731              	.LASF12:
 732 00a3 666C6F61 		.ascii	"float\000"
 732      7400
 733              	.LASF1:
 734 00a9 756E7369 		.ascii	"unsigned char\000"
 734      676E6564 
 734      20636861 
 734      7200
 735              	.LASF24:
 736 00b7 64725661 		.ascii	"drVal\000"
 736      6C00
 737              	.LASF5:
 738 00bd 6C6F6E67 		.ascii	"long unsigned int\000"
 738      20756E73 
 738      69676E65 
 738      6420696E 
 738      7400
ARM GAS  C:\Users\TECHCO~1\AppData\Local\Temp\cc6lJdqV.s 			page 19


 739              	.LASF3:
 740 00cf 73686F72 		.ascii	"short unsigned int\000"
 740      7420756E 
 740      7369676E 
 740      65642069 
 740      6E7400
 741              	.LASF16:
 742 00e2 5357335F 		.ascii	"SW3_SetDriveMode\000"
 742      53657444 
 742      72697665 
 742      4D6F6465 
 742      00
 743              	.LASF13:
 744 00f3 646F7562 		.ascii	"double\000"
 744      6C6500
 745              	.LASF10:
 746 00fa 75696E74 		.ascii	"uint16\000"
 746      313600
 747              	.LASF21:
 748 0101 5357335F 		.ascii	"SW3_ReadDataReg\000"
 748      52656164 
 748      44617461 
 748      52656700 
 749              	.LASF23:
 750 0111 706F7369 		.ascii	"position\000"
 750      74696F6E 
 750      00
 751              	.LASF11:
 752 011a 75696E74 		.ascii	"uint32\000"
 752      333200
 753              	.LASF25:
 754 0121 696E7472 		.ascii	"intrCfg\000"
 754      43666700 
 755              	.LASF8:
 756 0129 756E7369 		.ascii	"unsigned int\000"
 756      676E6564 
 756      20696E74 
 756      00
 757              	.LASF30:
 758 0136 433A5C55 		.ascii	"C:\\Users\\Tech Consulting\\Desktop\\PSOC4 projects"
 758      73657273 
 758      5C546563 
 758      6820436F 
 758      6E73756C 
 759 0165 5C537465 		.ascii	"\\StepMotor_PSoC4200\\StepMotor_PSoC4200_Dual.cydsn"
 759      704D6F74 
 759      6F725F50 
 759      536F4334 
 759      3230305C 
 760 0196 00       		.ascii	"\000"
 761              	.LASF7:
 762 0197 6C6F6E67 		.ascii	"long long unsigned int\000"
 762      206C6F6E 
 762      6720756E 
 762      7369676E 
 762      65642069 
 763              	.LASF29:
ARM GAS  C:\Users\TECHCO~1\AppData\Local\Temp\cc6lJdqV.s 			page 20


 764 01ae 47656E65 		.ascii	"Generated_Source\\PSoC4\\SW3.c\000"
 764      72617465 
 764      645F536F 
 764      75726365 
 764      5C50536F 
 765              	.LASF18:
 766 01cb 6D6F6465 		.ascii	"mode\000"
 766      00
 767              	.LASF6:
 768 01d0 6C6F6E67 		.ascii	"long long int\000"
 768      206C6F6E 
 768      6720696E 
 768      7400
 769              	.LASF27:
 770 01de 6D61736B 		.ascii	"maskedStatus\000"
 770      65645374 
 770      61747573 
 770      00
 771              	.LASF14:
 772 01eb 63686172 		.ascii	"char\000"
 772      00
 773              	.LASF2:
 774 01f0 73686F72 		.ascii	"short int\000"
 774      7420696E 
 774      7400
 775              	.LASF9:
 776 01fa 75696E74 		.ascii	"uint8\000"
 776      3800
 777              	.LASF4:
 778 0200 6C6F6E67 		.ascii	"long int\000"
 778      20696E74 
 778      00
 779              	.LASF0:
 780 0209 7369676E 		.ascii	"signed char\000"
 780      65642063 
 780      68617200 
 781              	.LASF26:
 782 0215 5357335F 		.ascii	"SW3_ClearInterrupt\000"
 782      436C6561 
 782      72496E74 
 782      65727275 
 782      707400
 783              	.LASF17:
 784 0228 5357335F 		.ascii	"SW3_Write\000"
 784      57726974 
 784      6500
 785              	.LASF22:
 786 0232 5357335F 		.ascii	"SW3_SetInterruptMode\000"
 786      53657449 
 786      6E746572 
 786      72757074 
 786      4D6F6465 
 787              		.ident	"GCC: (GNU Tools for ARM Embedded Processors) 4.9.3 20150303 (release) [ARM/embedded-4_9-br
