--------------- Build Started: 04/02/2016 00:08:54 Project: StepMotor_PSoC4200_Dual, Configuration: ARM GCC 4.9-2015-q1-update Debug ---------------
cydsfit.exe -.appdatapath "C:\Users\Tech Consulting\AppData\Local\Cypress Semiconductor\PSoC Creator\3.3" -.fdsnotice -.fdswarpdepfile=warp_dependencies.txt -.fdselabdepfile=elab_dependencies.txt -.fdsbldfile=generated_files.txt -p "C:\Users\Tech Consulting\Desktop\PSOC4 projects\StepMotor_PSoC4200\StepMotor_PSoC4200_Dual.cydsn\StepMotor_PSoC4200_Dual.cyprj" -d CY8C4245AXI-483 -s "C:\Users\Tech Consulting\Desktop\PSOC4 projects\StepMotor_PSoC4200\StepMotor_PSoC4200_Dual.cydsn\Generated_Source\PSoC4" -- -yv2 -q10 -ygs -o2 -v3 -.fftcfgtype=LE
Elaborating Design...
ADD: pft.M0111: information: One or more rows of flash have been configured to be protected; however, debugging has been enabled in the System DWR Editor. This means that while write restrictions are honored flash rows can still be read via SWD or JTAG. To prevent any ability to read the flash rows, disable debugging in the System DWR Editor.
 * C:\Users\Tech Consulting\Desktop\PSOC4 projects\StepMotor_PSoC4200\StepMotor_PSoC4200_Dual.cydsn\StepMotor_PSoC4200_Dual.cydwr (Chip Protection)
HDL Generation ...
Synthesis ...
Place and Route ...
Tech mapping ...
Analog Placement ...
Analog Routing ...
Analog Code Generation ...
Digital Placement ...
Digital Routing ...
Bitstream Generation ...
Static timing analysis ...
API Generation ...
Dependency Generation ...
Clean Temporary Files ...
arm-none-eabi-gcc.exe -mcpu=cortex-m0 -mthumb -Wno-main -I. -IGenerated_Source\PSoC4 -Wa,-alh=.\CortexM0\ARM_GCC_493\Debug/main.lst -g -D DEBUG -Wall -ffunction-sections -O0 -ffat-lto-objects -c .\main.c -o .\CortexM0\ARM_GCC_493\Debug\main.o
arm-none-eabi-gcc.exe -mcpu=cortex-m0 -mthumb -Wno-main -I. -IGenerated_Source\PSoC4 -Wa,-alh=.\CortexM0\ARM_GCC_493\Debug/genSine.lst -g -D DEBUG -Wall -ffunction-sections -O0 -ffat-lto-objects -c .\genSine.c -o .\CortexM0\ARM_GCC_493\Debug\genSine.o
arm-none-eabi-gcc.exe -mcpu=cortex-m0 -mthumb -Wno-main -I. -IGenerated_Source\PSoC4 -Wa,-alh=.\CortexM0\ARM_GCC_493\Debug/inputScan.lst -g -D DEBUG -Wall -ffunction-sections -O0 -ffat-lto-objects -c .\inputScan.c -o .\CortexM0\ARM_GCC_493\Debug\inputScan.o
arm-none-eabi-gcc.exe -mcpu=cortex-m0 -mthumb -Wno-main -I. -IGenerated_Source\PSoC4 -Wa,-alh=.\CortexM0\ARM_GCC_493\Debug/Move.lst -g -D DEBUG -Wall -ffunction-sections -O0 -ffat-lto-objects -c .\Move.c -o .\CortexM0\ARM_GCC_493\Debug\Move.o
arm-none-eabi-gcc.exe -mcpu=cortex-m0 -mthumb -Wno-main -I. -IGenerated_Source\PSoC4 -Wa,-alh=.\CortexM0\ARM_GCC_493\Debug/PhaseControl.lst -g -D DEBUG -Wall -ffunction-sections -O0 -ffat-lto-objects -c .\PhaseControl.c -o .\CortexM0\ARM_GCC_493\Debug\PhaseControl.o
arm-none-eabi-gcc.exe -mcpu=cortex-m0 -mthumb -Wno-main -I. -IGenerated_Source\PSoC4 -Wa,-alh=.\CortexM0\ARM_GCC_493\Debug/systemInit.lst -g -D DEBUG -Wall -ffunction-sections -O0 -ffat-lto-objects -c .\systemInit.c -o .\CortexM0\ARM_GCC_493\Debug\systemInit.o
arm-none-eabi-gcc.exe -mcpu=cortex-m0 -mthumb -Wno-main -I. -IGenerated_Source\PSoC4 -Wa,-alh=.\CortexM0\ARM_GCC_493\Debug/cyfitter_cfg.lst -g -D DEBUG -Wall -ffunction-sections -O0 -ffat-lto-objects -c .\Generated_Source\PSoC4\cyfitter_cfg.c -o .\CortexM0\ARM_GCC_493\Debug\cyfitter_cfg.o
arm-none-eabi-gcc.exe -mcpu=cortex-m0 -mthumb -Wno-main -I. -IGenerated_Source\PSoC4 -Wa,-alh=.\CortexM0\ARM_GCC_493\Debug/PWM_OUT_A.lst -g -D DEBUG -Wall -ffunction-sections -O0 -ffat-lto-objects -c .\Generated_Source\PSoC4\PWM_OUT_A.c -o .\CortexM0\ARM_GCC_493\Debug\PWM_OUT_A.o
arm-none-eabi-gcc.exe -mcpu=cortex-m0 -mthumb -Wno-main -I. -IGenerated_Source\PSoC4 -Wa,-alh=.\CortexM0\ARM_GCC_493\Debug/PWM_OUT_A_PM.lst -g -D DEBUG -Wall -ffunction-sections -O0 -ffat-lto-objects -c .\Generated_Source\PSoC4\PWM_OUT_A_PM.c -o .\CortexM0\ARM_GCC_493\Debug\PWM_OUT_A_PM.o
arm-none-eabi-gcc.exe -mcpu=cortex-m0 -mthumb -Wno-main -I. -IGenerated_Source\PSoC4 -Wa,-alh=.\CortexM0\ARM_GCC_493\Debug/PWM_OUT_B.lst -g -D DEBUG -Wall -ffunction-sections -O0 -ffat-lto-objects -c .\Generated_Source\PSoC4\PWM_OUT_B.c -o .\CortexM0\ARM_GCC_493\Debug\PWM_OUT_B.o
arm-none-eabi-gcc.exe -mcpu=cortex-m0 -mthumb -Wno-main -I. -IGenerated_Source\PSoC4 -Wa,-alh=.\CortexM0\ARM_GCC_493\Debug/PWM_OUT_B_PM.lst -g -D DEBUG -Wall -ffunction-sections -O0 -ffat-lto-objects -c .\Generated_Source\PSoC4\PWM_OUT_B_PM.c -o .\CortexM0\ARM_GCC_493\Debug\PWM_OUT_B_PM.o
arm-none-eabi-gcc.exe -mcpu=cortex-m0 -mthumb -Wno-main -I. -IGenerated_Source\PSoC4 -Wa,-alh=.\CortexM0\ARM_GCC_493\Debug/INTERNAL_STEP_OUT.lst -g -D DEBUG -Wall -ffunction-sections -O0 -ffat-lto-objects -c .\Generated_Source\PSoC4\INTERNAL_STEP_OUT.c -o .\CortexM0\ARM_GCC_493\Debug\INTERNAL_STEP_OUT.o
arm-none-eabi-gcc.exe -mcpu=cortex-m0 -mthumb -Wno-main -I. -IGenerated_Source\PSoC4 -Wa,-alh=.\CortexM0\ARM_GCC_493\Debug/INTERNAL_STEP_OUT_PM.lst -g -D DEBUG -Wall -ffunction-sections -O0 -ffat-lto-objects -c .\Generated_Source\PSoC4\INTERNAL_STEP_OUT_PM.c -o .\CortexM0\ARM_GCC_493\Debug\INTERNAL_STEP_OUT_PM.o
arm-none-eabi-gcc.exe -mcpu=cortex-m0 -mthumb -Wno-main -I. -IGenerated_Source\PSoC4 -Wa,-alh=.\CortexM0\ARM_GCC_493\Debug/STEP_INPUT.lst -g -D DEBUG -Wall -ffunction-sections -O0 -ffat-lto-objects -c .\Generated_Source\PSoC4\STEP_INPUT.c -o .\CortexM0\ARM_GCC_493\Debug\STEP_INPUT.o
arm-none-eabi-gcc.exe -mcpu=cortex-m0 -mthumb -Wno-main -I. -IGenerated_Source\PSoC4 -Wa,-alh=.\CortexM0\ARM_GCC_493\Debug/STEP_INPUT_PM.lst -g -D DEBUG -Wall -ffunction-sections -O0 -ffat-lto-objects -c .\Generated_Source\PSoC4\STEP_INPUT_PM.c -o .\CortexM0\ARM_GCC_493\Debug\STEP_INPUT_PM.o
arm-none-eabi-gcc.exe -mcpu=cortex-m0 -mthumb -Wno-main -I. -IGenerated_Source\PSoC4 -Wa,-alh=.\CortexM0\ARM_GCC_493\Debug/DIR_INPUT.lst -g -D DEBUG -Wall -ffunction-sections -O0 -ffat-lto-objects -c .\Generated_Source\PSoC4\DIR_INPUT.c -o .\CortexM0\ARM_GCC_493\Debug\DIR_INPUT.o
arm-none-eabi-gcc.exe -mcpu=cortex-m0 -mthumb -Wno-main -I. -IGenerated_Source\PSoC4 -Wa,-alh=.\CortexM0\ARM_GCC_493\Debug/DIR_INPUT_PM.lst -g -D DEBUG -Wall -ffunction-sections -O0 -ffat-lto-objects -c .\Generated_Source\PSoC4\DIR_INPUT_PM.c -o .\CortexM0\ARM_GCC_493\Debug\DIR_INPUT_PM.o
arm-none-eabi-gcc.exe -mcpu=cortex-m0 -mthumb -Wno-main -I. -IGenerated_Source\PSoC4 -Wa,-alh=.\CortexM0\ARM_GCC_493\Debug/STEP_INPUT_SOURCE.lst -g -D DEBUG -Wall -ffunction-sections -O0 -ffat-lto-objects -c .\Generated_Source\PSoC4\STEP_INPUT_SOURCE.c -o .\CortexM0\ARM_GCC_493\Debug\STEP_INPUT_SOURCE.o
arm-none-eabi-gcc.exe -mcpu=cortex-m0 -mthumb -Wno-main -I. -IGenerated_Source\PSoC4 -Wa,-alh=.\CortexM0\ARM_GCC_493\Debug/STEP_INPUT_SOURCE_PM.lst -g -D DEBUG -Wall -ffunction-sections -O0 -ffat-lto-objects -c .\Generated_Source\PSoC4\STEP_INPUT_SOURCE_PM.c -o .\CortexM0\ARM_GCC_493\Debug\STEP_INPUT_SOURCE_PM.o
arm-none-eabi-gcc.exe -mcpu=cortex-m0 -mthumb -Wno-main -I. -IGenerated_Source\PSoC4 -Wa,-alh=.\CortexM0\ARM_GCC_493\Debug/DIR_INPUT_SOURCE.lst -g -D DEBUG -Wall -ffunction-sections -O0 -ffat-lto-objects -c .\Generated_Source\PSoC4\DIR_INPUT_SOURCE.c -o .\CortexM0\ARM_GCC_493\Debug\DIR_INPUT_SOURCE.o
arm-none-eabi-gcc.exe -mcpu=cortex-m0 -mthumb -Wno-main -I. -IGenerated_Source\PSoC4 -Wa,-alh=.\CortexM0\ARM_GCC_493\Debug/DIR_INPUT_SOURCE_PM.lst -g -D DEBUG -Wall -ffunction-sections -O0 -ffat-lto-objects -c .\Generated_Source\PSoC4\DIR_INPUT_SOURCE_PM.c -o .\CortexM0\ARM_GCC_493\Debug\DIR_INPUT_SOURCE_PM.o
arm-none-eabi-gcc.exe -mcpu=cortex-m0 -mthumb -Wno-main -I. -IGenerated_Source\PSoC4 -Wa,-alh=.\CortexM0\ARM_GCC_493\Debug/DIR_OUT_A.lst -g -D DEBUG -Wall -ffunction-sections -O0 -ffat-lto-objects -c .\Generated_Source\PSoC4\DIR_OUT_A.c -o .\CortexM0\ARM_GCC_493\Debug\DIR_OUT_A.o
arm-none-eabi-gcc.exe -mcpu=cortex-m0 -mthumb -Wno-main -I. -IGenerated_Source\PSoC4 -Wa,-alh=.\CortexM0\ARM_GCC_493\Debug/DIR_OUT_A_PM.lst -g -D DEBUG -Wall -ffunction-sections -O0 -ffat-lto-objects -c .\Generated_Source\PSoC4\DIR_OUT_A_PM.c -o .\CortexM0\ARM_GCC_493\Debug\DIR_OUT_A_PM.o
arm-none-eabi-gcc.exe -mcpu=cortex-m0 -mthumb -Wno-main -I. -IGenerated_Source\PSoC4 -Wa,-alh=.\CortexM0\ARM_GCC_493\Debug/DIR_OUT_B.lst -g -D DEBUG -Wall -ffunction-sections -O0 -ffat-lto-objects -c .\Generated_Source\PSoC4\DIR_OUT_B.c -o .\CortexM0\ARM_GCC_493\Debug\DIR_OUT_B.o
arm-none-eabi-gcc.exe -mcpu=cortex-m0 -mthumb -Wno-main -I. -IGenerated_Source\PSoC4 -Wa,-alh=.\CortexM0\ARM_GCC_493\Debug/DIR_OUT_B_PM.lst -g -D DEBUG -Wall -ffunction-sections -O0 -ffat-lto-objects -c .\Generated_Source\PSoC4\DIR_OUT_B_PM.c -o .\CortexM0\ARM_GCC_493\Debug\DIR_OUT_B_PM.o
arm-none-eabi-gcc.exe -mcpu=cortex-m0 -mthumb -Wno-main -I. -IGenerated_Source\PSoC4 -Wa,-alh=.\CortexM0\ARM_GCC_493\Debug/DIR_REG.lst -g -D DEBUG -Wall -ffunction-sections -O0 -ffat-lto-objects -c .\Generated_Source\PSoC4\DIR_REG.c -o .\CortexM0\ARM_GCC_493\Debug\DIR_REG.o
arm-none-eabi-gcc.exe -mcpu=cortex-m0 -mthumb -Wno-main -I. -IGenerated_Source\PSoC4 -Wa,-alh=.\CortexM0\ARM_GCC_493\Debug/DIR_REG_PM.lst -g -D DEBUG -Wall -ffunction-sections -O0 -ffat-lto-objects -c .\Generated_Source\PSoC4\DIR_REG_PM.c -o .\CortexM0\ARM_GCC_493\Debug\DIR_REG_PM.o
arm-none-eabi-gcc.exe -mcpu=cortex-m0 -mthumb -Wno-main -I. -IGenerated_Source\PSoC4 -Wa,-alh=.\CortexM0\ARM_GCC_493\Debug/Cm0Start.lst -g -D DEBUG -Wall -ffunction-sections -O0 -ffat-lto-objects -c .\Generated_Source\PSoC4\Cm0Start.c -o .\CortexM0\ARM_GCC_493\Debug\Cm0Start.o
arm-none-eabi-as.exe -mcpu=cortex-m0 -mthumb -I. -IGenerated_Source\PSoC4 -alh=.\CortexM0\ARM_GCC_493\Debug/CyBootAsmGnu.lst -g -o .\CortexM0\ARM_GCC_493\Debug\CyBootAsmGnu.o .\Generated_Source\PSoC4\CyBootAsmGnu.s
arm-none-eabi-gcc.exe -mcpu=cortex-m0 -mthumb -Wno-main -I. -IGenerated_Source\PSoC4 -Wa,-alh=.\CortexM0\ARM_GCC_493\Debug/CyFlash.lst -g -D DEBUG -Wall -ffunction-sections -O0 -ffat-lto-objects -c .\Generated_Source\PSoC4\CyFlash.c -o .\CortexM0\ARM_GCC_493\Debug\CyFlash.o
arm-none-eabi-gcc.exe -mcpu=cortex-m0 -mthumb -Wno-main -I. -IGenerated_Source\PSoC4 -Wa,-alh=.\CortexM0\ARM_GCC_493\Debug/CyLib.lst -g -D DEBUG -Wall -ffunction-sections -O0 -ffat-lto-objects -c .\Generated_Source\PSoC4\CyLib.c -o .\CortexM0\ARM_GCC_493\Debug\CyLib.o
arm-none-eabi-gcc.exe -mcpu=cortex-m0 -mthumb -Wno-main -I. -IGenerated_Source\PSoC4 -Wa,-alh=.\CortexM0\ARM_GCC_493\Debug/cyPm.lst -g -D DEBUG -Wall -ffunction-sections -O0 -ffat-lto-objects -c .\Generated_Source\PSoC4\cyPm.c -o .\CortexM0\ARM_GCC_493\Debug\cyPm.o
arm-none-eabi-gcc.exe -mcpu=cortex-m0 -mthumb -Wno-main -I. -IGenerated_Source\PSoC4 -Wa,-alh=.\CortexM0\ARM_GCC_493\Debug/cyutils.lst -g -D DEBUG -Wall -ffunction-sections -O0 -ffat-lto-objects -c .\Generated_Source\PSoC4\cyutils.c -o .\CortexM0\ARM_GCC_493\Debug\cyutils.o
arm-none-eabi-gcc.exe -mcpu=cortex-m0 -mthumb -Wno-main -I. -IGenerated_Source\PSoC4 -Wa,-alh=.\CortexM0\ARM_GCC_493\Debug/Clock_PWM_MAIN.lst -g -D DEBUG -Wall -ffunction-sections -O0 -ffat-lto-objects -c .\Generated_Source\PSoC4\Clock_PWM_MAIN.c -o .\CortexM0\ARM_GCC_493\Debug\Clock_PWM_MAIN.o
arm-none-eabi-gcc.exe -mcpu=cortex-m0 -mthumb -Wno-main -I. -IGenerated_Source\PSoC4 -Wa,-alh=.\CortexM0\ARM_GCC_493\Debug/INTERNAL_STEP.lst -g -D DEBUG -Wall -ffunction-sections -O0 -ffat-lto-objects -c .\Generated_Source\PSoC4\INTERNAL_STEP.c -o .\CortexM0\ARM_GCC_493\Debug\INTERNAL_STEP.o
arm-none-eabi-gcc.exe -mcpu=cortex-m0 -mthumb -Wno-main -I. -IGenerated_Source\PSoC4 -Wa,-alh=.\CortexM0\ARM_GCC_493\Debug/INTERNAL_STEP_PM.lst -g -D DEBUG -Wall -ffunction-sections -O0 -ffat-lto-objects -c .\Generated_Source\PSoC4\INTERNAL_STEP_PM.c -o .\CortexM0\ARM_GCC_493\Debug\INTERNAL_STEP_PM.o
arm-none-eabi-gcc.exe -mcpu=cortex-m0 -mthumb -Wno-main -I. -IGenerated_Source\PSoC4 -Wa,-alh=.\CortexM0\ARM_GCC_493\Debug/TCPWM_2.lst -g -D DEBUG -Wall -ffunction-sections -O0 -ffat-lto-objects -c .\Generated_Source\PSoC4\TCPWM_2.c -o .\CortexM0\ARM_GCC_493\Debug\TCPWM_2.o
arm-none-eabi-gcc.exe -mcpu=cortex-m0 -mthumb -Wno-main -I. -IGenerated_Source\PSoC4 -Wa,-alh=.\CortexM0\ARM_GCC_493\Debug/TCPWM_2_PM.lst -g -D DEBUG -Wall -ffunction-sections -O0 -ffat-lto-objects -c .\Generated_Source\PSoC4\TCPWM_2_PM.c -o .\CortexM0\ARM_GCC_493\Debug\TCPWM_2_PM.o
arm-none-eabi-gcc.exe -mcpu=cortex-m0 -mthumb -Wno-main -I. -IGenerated_Source\PSoC4 -Wa,-alh=.\CortexM0\ARM_GCC_493\Debug/TCPWM_1.lst -g -D DEBUG -Wall -ffunction-sections -O0 -ffat-lto-objects -c .\Generated_Source\PSoC4\TCPWM_1.c -o .\CortexM0\ARM_GCC_493\Debug\TCPWM_1.o
arm-none-eabi-gcc.exe -mcpu=cortex-m0 -mthumb -Wno-main -I. -IGenerated_Source\PSoC4 -Wa,-alh=.\CortexM0\ARM_GCC_493\Debug/TCPWM_1_PM.lst -g -D DEBUG -Wall -ffunction-sections -O0 -ffat-lto-objects -c .\Generated_Source\PSoC4\TCPWM_1_PM.c -o .\CortexM0\ARM_GCC_493\Debug\TCPWM_1_PM.o
arm-none-eabi-gcc.exe -mcpu=cortex-m0 -mthumb -Wno-main -I. -IGenerated_Source\PSoC4 -Wa,-alh=.\CortexM0\ARM_GCC_493\Debug/cybootloader.lst -g -D DEBUG -Wall -ffunction-sections -O0 -ffat-lto-objects -c .\Generated_Source\PSoC4\cybootloader.c -o .\CortexM0\ARM_GCC_493\Debug\cybootloader.o
arm-none-eabi-gcc.exe -mcpu=cortex-m0 -mthumb -Wno-main -I. -IGenerated_Source\PSoC4 -Wa,-alh=.\CortexM0\ARM_GCC_493\Debug/cymetadata.lst -g -D DEBUG -Wall -ffunction-sections -O0 -ffat-lto-objects -c .\Generated_Source\PSoC4\cymetadata.c -o .\CortexM0\ARM_GCC_493\Debug\cymetadata.o
arm-none-eabi-gcc.exe -mcpu=cortex-m0 -mthumb -Wno-main -I. -IGenerated_Source\PSoC4 -Wa,-alh=.\CortexM0\ARM_GCC_493\Debug/Bootloadable_1.lst -g -D DEBUG -Wall -ffunction-sections -O0 -ffat-lto-objects -c .\Generated_Source\PSoC4\Bootloadable_1.c -o .\CortexM0\ARM_GCC_493\Debug\Bootloadable_1.o
arm-none-eabi-gcc.exe -mcpu=cortex-m0 -mthumb -Wno-main -I. -IGenerated_Source\PSoC4 -Wa,-alh=.\CortexM0\ARM_GCC_493\Debug/CyLFClk.lst -g -D DEBUG -Wall -ffunction-sections -O0 -ffat-lto-objects -c .\Generated_Source\PSoC4\CyLFClk.c -o .\CortexM0\ARM_GCC_493\Debug\CyLFClk.o
arm-none-eabi-gcc.exe -mcpu=cortex-m0 -mthumb -Wno-main -I. -IGenerated_Source\PSoC4 -Wa,-alh=.\CortexM0\ARM_GCC_493\Debug/TCPWM_4.lst -g -D DEBUG -Wall -ffunction-sections -O0 -ffat-lto-objects -c .\Generated_Source\PSoC4\TCPWM_4.c -o .\CortexM0\ARM_GCC_493\Debug\TCPWM_4.o
arm-none-eabi-gcc.exe -mcpu=cortex-m0 -mthumb -Wno-main -I. -IGenerated_Source\PSoC4 -Wa,-alh=.\CortexM0\ARM_GCC_493\Debug/TCPWM_4_PM.lst -g -D DEBUG -Wall -ffunction-sections -O0 -ffat-lto-objects -c .\Generated_Source\PSoC4\TCPWM_4_PM.c -o .\CortexM0\ARM_GCC_493\Debug\TCPWM_4_PM.o
arm-none-eabi-gcc.exe -mcpu=cortex-m0 -mthumb -Wno-main -I. -IGenerated_Source\PSoC4 -Wa,-alh=.\CortexM0\ARM_GCC_493\Debug/TCPWM_3.lst -g -D DEBUG -Wall -ffunction-sections -O0 -ffat-lto-objects -c .\Generated_Source\PSoC4\TCPWM_3.c -o .\CortexM0\ARM_GCC_493\Debug\TCPWM_3.o
arm-none-eabi-gcc.exe -mcpu=cortex-m0 -mthumb -Wno-main -I. -IGenerated_Source\PSoC4 -Wa,-alh=.\CortexM0\ARM_GCC_493\Debug/TCPWM_3_PM.lst -g -D DEBUG -Wall -ffunction-sections -O0 -ffat-lto-objects -c .\Generated_Source\PSoC4\TCPWM_3_PM.c -o .\CortexM0\ARM_GCC_493\Debug\TCPWM_3_PM.o
arm-none-eabi-gcc.exe -mcpu=cortex-m0 -mthumb -Wno-main -I. -IGenerated_Source\PSoC4 -Wa,-alh=.\CortexM0\ARM_GCC_493\Debug/PWM_OUT_B_1.lst -g -D DEBUG -Wall -ffunction-sections -O0 -ffat-lto-objects -c .\Generated_Source\PSoC4\PWM_OUT_B_1.c -o .\CortexM0\ARM_GCC_493\Debug\PWM_OUT_B_1.o
arm-none-eabi-gcc.exe -mcpu=cortex-m0 -mthumb -Wno-main -I. -IGenerated_Source\PSoC4 -Wa,-alh=.\CortexM0\ARM_GCC_493\Debug/PWM_OUT_B_1_PM.lst -g -D DEBUG -Wall -ffunction-sections -O0 -ffat-lto-objects -c .\Generated_Source\PSoC4\PWM_OUT_B_1_PM.c -o .\CortexM0\ARM_GCC_493\Debug\PWM_OUT_B_1_PM.o
arm-none-eabi-gcc.exe -mcpu=cortex-m0 -mthumb -Wno-main -I. -IGenerated_Source\PSoC4 -Wa,-alh=.\CortexM0\ARM_GCC_493\Debug/PWM_OUT_A_1.lst -g -D DEBUG -Wall -ffunction-sections -O0 -ffat-lto-objects -c .\Generated_Source\PSoC4\PWM_OUT_A_1.c -o .\CortexM0\ARM_GCC_493\Debug\PWM_OUT_A_1.o
arm-none-eabi-gcc.exe -mcpu=cortex-m0 -mthumb -Wno-main -I. -IGenerated_Source\PSoC4 -Wa,-alh=.\CortexM0\ARM_GCC_493\Debug/PWM_OUT_A_1_PM.lst -g -D DEBUG -Wall -ffunction-sections -O0 -ffat-lto-objects -c .\Generated_Source\PSoC4\PWM_OUT_A_1_PM.c -o .\CortexM0\ARM_GCC_493\Debug\PWM_OUT_A_1_PM.o
arm-none-eabi-gcc.exe -mcpu=cortex-m0 -mthumb -Wno-main -I. -IGenerated_Source\PSoC4 -Wa,-alh=.\CortexM0\ARM_GCC_493\Debug/INTERNAL_STEP_OUT_1.lst -g -D DEBUG -Wall -ffunction-sections -O0 -ffat-lto-objects -c .\Generated_Source\PSoC4\INTERNAL_STEP_OUT_1.c -o .\CortexM0\ARM_GCC_493\Debug\INTERNAL_STEP_OUT_1.o
arm-none-eabi-gcc.exe -mcpu=cortex-m0 -mthumb -Wno-main -I. -IGenerated_Source\PSoC4 -Wa,-alh=.\CortexM0\ARM_GCC_493\Debug/INTERNAL_STEP_OUT_1_PM.lst -g -D DEBUG -Wall -ffunction-sections -O0 -ffat-lto-objects -c .\Generated_Source\PSoC4\INTERNAL_STEP_OUT_1_PM.c -o .\CortexM0\ARM_GCC_493\Debug\INTERNAL_STEP_OUT_1_PM.o
arm-none-eabi-gcc.exe -mcpu=cortex-m0 -mthumb -Wno-main -I. -IGenerated_Source\PSoC4 -Wa,-alh=.\CortexM0\ARM_GCC_493\Debug/INTERNAL_STEP_1.lst -g -D DEBUG -Wall -ffunction-sections -O0 -ffat-lto-objects -c .\Generated_Source\PSoC4\INTERNAL_STEP_1.c -o .\CortexM0\ARM_GCC_493\Debug\INTERNAL_STEP_1.o
arm-none-eabi-gcc.exe -mcpu=cortex-m0 -mthumb -Wno-main -I. -IGenerated_Source\PSoC4 -Wa,-alh=.\CortexM0\ARM_GCC_493\Debug/INTERNAL_STEP_1_PM.lst -g -D DEBUG -Wall -ffunction-sections -O0 -ffat-lto-objects -c .\Generated_Source\PSoC4\INTERNAL_STEP_1_PM.c -o .\CortexM0\ARM_GCC_493\Debug\INTERNAL_STEP_1_PM.o
arm-none-eabi-gcc.exe -mcpu=cortex-m0 -mthumb -Wno-main -I. -IGenerated_Source\PSoC4 -Wa,-alh=.\CortexM0\ARM_GCC_493\Debug/Clock_PWM_MAIN_1.lst -g -D DEBUG -Wall -ffunction-sections -O0 -ffat-lto-objects -c .\Generated_Source\PSoC4\Clock_PWM_MAIN_1.c -o .\CortexM0\ARM_GCC_493\Debug\Clock_PWM_MAIN_1.o
arm-none-eabi-gcc.exe -mcpu=cortex-m0 -mthumb -Wno-main -I. -IGenerated_Source\PSoC4 -Wa,-alh=.\CortexM0\ARM_GCC_493\Debug/DIR_REG_1.lst -g -D DEBUG -Wall -ffunction-sections -O0 -ffat-lto-objects -c .\Generated_Source\PSoC4\DIR_REG_1.c -o .\CortexM0\ARM_GCC_493\Debug\DIR_REG_1.o
arm-none-eabi-gcc.exe -mcpu=cortex-m0 -mthumb -Wno-main -I. -IGenerated_Source\PSoC4 -Wa,-alh=.\CortexM0\ARM_GCC_493\Debug/DIR_REG_1_PM.lst -g -D DEBUG -Wall -ffunction-sections -O0 -ffat-lto-objects -c .\Generated_Source\PSoC4\DIR_REG_1_PM.c -o .\CortexM0\ARM_GCC_493\Debug\DIR_REG_1_PM.o
arm-none-eabi-gcc.exe -mcpu=cortex-m0 -mthumb -Wno-main -I. -IGenerated_Source\PSoC4 -Wa,-alh=.\CortexM0\ARM_GCC_493\Debug/DIR_OUT_B_1.lst -g -D DEBUG -Wall -ffunction-sections -O0 -ffat-lto-objects -c .\Generated_Source\PSoC4\DIR_OUT_B_1.c -o .\CortexM0\ARM_GCC_493\Debug\DIR_OUT_B_1.o
arm-none-eabi-gcc.exe -mcpu=cortex-m0 -mthumb -Wno-main -I. -IGenerated_Source\PSoC4 -Wa,-alh=.\CortexM0\ARM_GCC_493\Debug/DIR_OUT_B_1_PM.lst -g -D DEBUG -Wall -ffunction-sections -O0 -ffat-lto-objects -c .\Generated_Source\PSoC4\DIR_OUT_B_1_PM.c -o .\CortexM0\ARM_GCC_493\Debug\DIR_OUT_B_1_PM.o
arm-none-eabi-gcc.exe -mcpu=cortex-m0 -mthumb -Wno-main -I. -IGenerated_Source\PSoC4 -Wa,-alh=.\CortexM0\ARM_GCC_493\Debug/DIR_OUT_A_1.lst -g -D DEBUG -Wall -ffunction-sections -O0 -ffat-lto-objects -c .\Generated_Source\PSoC4\DIR_OUT_A_1.c -o .\CortexM0\ARM_GCC_493\Debug\DIR_OUT_A_1.o
arm-none-eabi-gcc.exe -mcpu=cortex-m0 -mthumb -Wno-main -I. -IGenerated_Source\PSoC4 -Wa,-alh=.\CortexM0\ARM_GCC_493\Debug/DIR_OUT_A_1_PM.lst -g -D DEBUG -Wall -ffunction-sections -O0 -ffat-lto-objects -c .\Generated_Source\PSoC4\DIR_OUT_A_1_PM.c -o .\CortexM0\ARM_GCC_493\Debug\DIR_OUT_A_1_PM.o
arm-none-eabi-gcc.exe -mcpu=cortex-m0 -mthumb -Wno-main -I. -IGenerated_Source\PSoC4 -Wa,-alh=.\CortexM0\ARM_GCC_493\Debug/STEP_INPUT_1.lst -g -D DEBUG -Wall -ffunction-sections -O0 -ffat-lto-objects -c .\Generated_Source\PSoC4\STEP_INPUT_1.c -o .\CortexM0\ARM_GCC_493\Debug\STEP_INPUT_1.o
arm-none-eabi-gcc.exe -mcpu=cortex-m0 -mthumb -Wno-main -I. -IGenerated_Source\PSoC4 -Wa,-alh=.\CortexM0\ARM_GCC_493\Debug/STEP_INPUT_1_PM.lst -g -D DEBUG -Wall -ffunction-sections -O0 -ffat-lto-objects -c .\Generated_Source\PSoC4\STEP_INPUT_1_PM.c -o .\CortexM0\ARM_GCC_493\Debug\STEP_INPUT_1_PM.o
arm-none-eabi-gcc.exe -mcpu=cortex-m0 -mthumb -Wno-main -I. -IGenerated_Source\PSoC4 -Wa,-alh=.\CortexM0\ARM_GCC_493\Debug/DIR_INPUT_1.lst -g -D DEBUG -Wall -ffunction-sections -O0 -ffat-lto-objects -c .\Generated_Source\PSoC4\DIR_INPUT_1.c -o .\CortexM0\ARM_GCC_493\Debug\DIR_INPUT_1.o
arm-none-eabi-gcc.exe -mcpu=cortex-m0 -mthumb -Wno-main -I. -IGenerated_Source\PSoC4 -Wa,-alh=.\CortexM0\ARM_GCC_493\Debug/DIR_INPUT_1_PM.lst -g -D DEBUG -Wall -ffunction-sections -O0 -ffat-lto-objects -c .\Generated_Source\PSoC4\DIR_INPUT_1_PM.c -o .\CortexM0\ARM_GCC_493\Debug\DIR_INPUT_1_PM.o
arm-none-eabi-gcc.exe -mcpu=cortex-m0 -mthumb -Wno-main -I. -IGenerated_Source\PSoC4 -Wa,-alh=.\CortexM0\ARM_GCC_493\Debug/STEP_INPUT_SOURCE_1.lst -g -D DEBUG -Wall -ffunction-sections -O0 -ffat-lto-objects -c .\Generated_Source\PSoC4\STEP_INPUT_SOURCE_1.c -o .\CortexM0\ARM_GCC_493\Debug\STEP_INPUT_SOURCE_1.o
arm-none-eabi-gcc.exe -mcpu=cortex-m0 -mthumb -Wno-main -I. -IGenerated_Source\PSoC4 -Wa,-alh=.\CortexM0\ARM_GCC_493\Debug/STEP_INPUT_SOURCE_1_PM.lst -g -D DEBUG -Wall -ffunction-sections -O0 -ffat-lto-objects -c .\Generated_Source\PSoC4\STEP_INPUT_SOURCE_1_PM.c -o .\CortexM0\ARM_GCC_493\Debug\STEP_INPUT_SOURCE_1_PM.o
arm-none-eabi-gcc.exe -mcpu=cortex-m0 -mthumb -Wno-main -I. -IGenerated_Source\PSoC4 -Wa,-alh=.\CortexM0\ARM_GCC_493\Debug/DIR_INPUT_SOURCE_1.lst -g -D DEBUG -Wall -ffunction-sections -O0 -ffat-lto-objects -c .\Generated_Source\PSoC4\DIR_INPUT_SOURCE_1.c -o .\CortexM0\ARM_GCC_493\Debug\DIR_INPUT_SOURCE_1.o
arm-none-eabi-gcc.exe -mcpu=cortex-m0 -mthumb -Wno-main -I. -IGenerated_Source\PSoC4 -Wa,-alh=.\CortexM0\ARM_GCC_493\Debug/DIR_INPUT_SOURCE_1_PM.lst -g -D DEBUG -Wall -ffunction-sections -O0 -ffat-lto-objects -c .\Generated_Source\PSoC4\DIR_INPUT_SOURCE_1_PM.c -o .\CortexM0\ARM_GCC_493\Debug\DIR_INPUT_SOURCE_1_PM.o
arm-none-eabi-gcc.exe -mcpu=cortex-m0 -mthumb -Wno-main -I. -IGenerated_Source\PSoC4 -Wa,-alh=.\CortexM0\ARM_GCC_493\Debug/Comm.lst -g -D DEBUG -Wall -ffunction-sections -O0 -ffat-lto-objects -c .\Generated_Source\PSoC4\Comm.c -o .\CortexM0\ARM_GCC_493\Debug\Comm.o
arm-none-eabi-gcc.exe -mcpu=cortex-m0 -mthumb -Wno-main -I. -IGenerated_Source\PSoC4 -Wa,-alh=.\CortexM0\ARM_GCC_493\Debug/Comm_I2C_INT.lst -g -D DEBUG -Wall -ffunction-sections -O0 -ffat-lto-objects -c .\Generated_Source\PSoC4\Comm_I2C_INT.c -o .\CortexM0\ARM_GCC_493\Debug\Comm_I2C_INT.o
arm-none-eabi-gcc.exe -mcpu=cortex-m0 -mthumb -Wno-main -I. -IGenerated_Source\PSoC4 -Wa,-alh=.\CortexM0\ARM_GCC_493\Debug/Comm_I2C.lst -g -D DEBUG -Wall -ffunction-sections -O0 -ffat-lto-objects -c .\Generated_Source\PSoC4\Comm_I2C.c -o .\CortexM0\ARM_GCC_493\Debug\Comm_I2C.o
arm-none-eabi-gcc.exe -mcpu=cortex-m0 -mthumb -Wno-main -I. -IGenerated_Source\PSoC4 -Wa,-alh=.\CortexM0\ARM_GCC_493\Debug/Comm_I2C_BOOT.lst -g -D DEBUG -Wall -ffunction-sections -O0 -ffat-lto-objects -c .\Generated_Source\PSoC4\Comm_I2C_BOOT.c -o .\CortexM0\ARM_GCC_493\Debug\Comm_I2C_BOOT.o
arm-none-eabi-gcc.exe -mcpu=cortex-m0 -mthumb -Wno-main -I. -IGenerated_Source\PSoC4 -Wa,-alh=.\CortexM0\ARM_GCC_493\Debug/Comm_SPI_UART.lst -g -D DEBUG -Wall -ffunction-sections -O0 -ffat-lto-objects -c .\Generated_Source\PSoC4\Comm_SPI_UART.c -o .\CortexM0\ARM_GCC_493\Debug\Comm_SPI_UART.o
arm-none-eabi-gcc.exe -mcpu=cortex-m0 -mthumb -Wno-main -I. -IGenerated_Source\PSoC4 -Wa,-alh=.\CortexM0\ARM_GCC_493\Debug/Comm_SPI_UART_INT.lst -g -D DEBUG -Wall -ffunction-sections -O0 -ffat-lto-objects -c .\Generated_Source\PSoC4\Comm_SPI_UART_INT.c -o .\CortexM0\ARM_GCC_493\Debug\Comm_SPI_UART_INT.o
arm-none-eabi-gcc.exe -mcpu=cortex-m0 -mthumb -Wno-main -I. -IGenerated_Source\PSoC4 -Wa,-alh=.\CortexM0\ARM_GCC_493\Debug/Comm_I2C_MASTER.lst -g -D DEBUG -Wall -ffunction-sections -O0 -ffat-lto-objects -c .\Generated_Source\PSoC4\Comm_I2C_MASTER.c -o .\CortexM0\ARM_GCC_493\Debug\Comm_I2C_MASTER.o
arm-none-eabi-gcc.exe -mcpu=cortex-m0 -mthumb -Wno-main -I. -IGenerated_Source\PSoC4 -Wa,-alh=.\CortexM0\ARM_GCC_493\Debug/Comm_I2C_SLAVE.lst -g -D DEBUG -Wall -ffunction-sections -O0 -ffat-lto-objects -c .\Generated_Source\PSoC4\Comm_I2C_SLAVE.c -o .\CortexM0\ARM_GCC_493\Debug\Comm_I2C_SLAVE.o
arm-none-eabi-gcc.exe -mcpu=cortex-m0 -mthumb -Wno-main -I. -IGenerated_Source\PSoC4 -Wa,-alh=.\CortexM0\ARM_GCC_493\Debug/Comm_PM.lst -g -D DEBUG -Wall -ffunction-sections -O0 -ffat-lto-objects -c .\Generated_Source\PSoC4\Comm_PM.c -o .\CortexM0\ARM_GCC_493\Debug\Comm_PM.o
arm-none-eabi-gcc.exe -mcpu=cortex-m0 -mthumb -Wno-main -I. -IGenerated_Source\PSoC4 -Wa,-alh=.\CortexM0\ARM_GCC_493\Debug/Comm_SPI.lst -g -D DEBUG -Wall -ffunction-sections -O0 -ffat-lto-objects -c .\Generated_Source\PSoC4\Comm_SPI.c -o .\CortexM0\ARM_GCC_493\Debug\Comm_SPI.o
arm-none-eabi-gcc.exe -mcpu=cortex-m0 -mthumb -Wno-main -I. -IGenerated_Source\PSoC4 -Wa,-alh=.\CortexM0\ARM_GCC_493\Debug/Comm_UART.lst -g -D DEBUG -Wall -ffunction-sections -O0 -ffat-lto-objects -c .\Generated_Source\PSoC4\Comm_UART.c -o .\CortexM0\ARM_GCC_493\Debug\Comm_UART.o
arm-none-eabi-gcc.exe -mcpu=cortex-m0 -mthumb -Wno-main -I. -IGenerated_Source\PSoC4 -Wa,-alh=.\CortexM0\ARM_GCC_493\Debug/Comm_BOOT.lst -g -D DEBUG -Wall -ffunction-sections -O0 -ffat-lto-objects -c .\Generated_Source\PSoC4\Comm_BOOT.c -o .\CortexM0\ARM_GCC_493\Debug\Comm_BOOT.o
arm-none-eabi-gcc.exe -mcpu=cortex-m0 -mthumb -Wno-main -I. -IGenerated_Source\PSoC4 -Wa,-alh=.\CortexM0\ARM_GCC_493\Debug/Comm_SPI_BOOT.lst -g -D DEBUG -Wall -ffunction-sections -O0 -ffat-lto-objects -c .\Generated_Source\PSoC4\Comm_SPI_BOOT.c -o .\CortexM0\ARM_GCC_493\Debug\Comm_SPI_BOOT.o
arm-none-eabi-gcc.exe -mcpu=cortex-m0 -mthumb -Wno-main -I. -IGenerated_Source\PSoC4 -Wa,-alh=.\CortexM0\ARM_GCC_493\Debug/Comm_UART_BOOT.lst -g -D DEBUG -Wall -ffunction-sections -O0 -ffat-lto-objects -c .\Generated_Source\PSoC4\Comm_UART_BOOT.c -o .\CortexM0\ARM_GCC_493\Debug\Comm_UART_BOOT.o
arm-none-eabi-gcc.exe -mcpu=cortex-m0 -mthumb -Wno-main -I. -IGenerated_Source\PSoC4 -Wa,-alh=.\CortexM0\ARM_GCC_493\Debug/Comm_EZI2C.lst -g -D DEBUG -Wall -ffunction-sections -O0 -ffat-lto-objects -c .\Generated_Source\PSoC4\Comm_EZI2C.c -o .\CortexM0\ARM_GCC_493\Debug\Comm_EZI2C.o
arm-none-eabi-gcc.exe -mcpu=cortex-m0 -mthumb -Wno-main -I. -IGenerated_Source\PSoC4 -Wa,-alh=.\CortexM0\ARM_GCC_493\Debug/Comm_EZI2C_INT.lst -g -D DEBUG -Wall -ffunction-sections -O0 -ffat-lto-objects -c .\Generated_Source\PSoC4\Comm_EZI2C_INT.c -o .\CortexM0\ARM_GCC_493\Debug\Comm_EZI2C_INT.o
arm-none-eabi-gcc.exe -mcpu=cortex-m0 -mthumb -Wno-main -I. -IGenerated_Source\PSoC4 -Wa,-alh=.\CortexM0\ARM_GCC_493\Debug/Comm_EZI2C_BOOT.lst -g -D DEBUG -Wall -ffunction-sections -O0 -ffat-lto-objects -c .\Generated_Source\PSoC4\Comm_EZI2C_BOOT.c -o .\CortexM0\ARM_GCC_493\Debug\Comm_EZI2C_BOOT.o
arm-none-eabi-gcc.exe -mcpu=cortex-m0 -mthumb -Wno-main -I. -IGenerated_Source\PSoC4 -Wa,-alh=.\CortexM0\ARM_GCC_493\Debug/CommCLK.lst -g -D DEBUG -Wall -ffunction-sections -O0 -ffat-lto-objects -c .\Generated_Source\PSoC4\CommCLK.c -o .\CortexM0\ARM_GCC_493\Debug\CommCLK.o
arm-none-eabi-gcc.exe -mcpu=cortex-m0 -mthumb -Wno-main -I. -IGenerated_Source\PSoC4 -Wa,-alh=.\CortexM0\ARM_GCC_493\Debug/Comm_uart_rx_i2c_scl_spi_mosi.lst -g -D DEBUG -Wall -ffunction-sections -O0 -ffat-lto-objects -c .\Generated_Source\PSoC4\Comm_uart_rx_i2c_scl_spi_mosi.c -o .\CortexM0\ARM_GCC_493\Debug\Comm_uart_rx_i2c_scl_spi_mosi.o
arm-none-eabi-gcc.exe -mcpu=cortex-m0 -mthumb -Wno-main -I. -IGenerated_Source\PSoC4 -Wa,-alh=.\CortexM0\ARM_GCC_493\Debug/Comm_uart_rx_i2c_scl_spi_mosi_PM.lst -g -D DEBUG -Wall -ffunction-sections -O0 -ffat-lto-objects -c .\Generated_Source\PSoC4\Comm_uart_rx_i2c_scl_spi_mosi_PM.c -o .\CortexM0\ARM_GCC_493\Debug\Comm_uart_rx_i2c_scl_spi_mosi_PM.o
arm-none-eabi-gcc.exe -mcpu=cortex-m0 -mthumb -Wno-main -I. -IGenerated_Source\PSoC4 -Wa,-alh=.\CortexM0\ARM_GCC_493\Debug/Comm_uart_tx_i2c_sda_spi_miso.lst -g -D DEBUG -Wall -ffunction-sections -O0 -ffat-lto-objects -c .\Generated_Source\PSoC4\Comm_uart_tx_i2c_sda_spi_miso.c -o .\CortexM0\ARM_GCC_493\Debug\Comm_uart_tx_i2c_sda_spi_miso.o
arm-none-eabi-gcc.exe -mcpu=cortex-m0 -mthumb -Wno-main -I. -IGenerated_Source\PSoC4 -Wa,-alh=.\CortexM0\ARM_GCC_493\Debug/Comm_uart_tx_i2c_sda_spi_miso_PM.lst -g -D DEBUG -Wall -ffunction-sections -O0 -ffat-lto-objects -c .\Generated_Source\PSoC4\Comm_uart_tx_i2c_sda_spi_miso_PM.c -o .\CortexM0\ARM_GCC_493\Debug\Comm_uart_tx_i2c_sda_spi_miso_PM.o
arm-none-eabi-gcc.exe -mcpu=cortex-m0 -mthumb -Wno-main -I. -IGenerated_Source\PSoC4 -Wa,-alh=.\CortexM0\ARM_GCC_493\Debug/Comm_SCB_IRQ.lst -g -D DEBUG -Wall -ffunction-sections -O0 -ffat-lto-objects -c .\Generated_Source\PSoC4\Comm_SCB_IRQ.c -o .\CortexM0\ARM_GCC_493\Debug\Comm_SCB_IRQ.o
arm-none-eabi-gcc.exe -mcpu=cortex-m0 -mthumb -Wno-main -I. -IGenerated_Source\PSoC4 -Wa,-alh=.\CortexM0\ARM_GCC_493\Debug/SW3.lst -g -D DEBUG -Wall -ffunction-sections -O0 -ffat-lto-objects -c .\Generated_Source\PSoC4\SW3.c -o .\CortexM0\ARM_GCC_493\Debug\SW3.o
arm-none-eabi-gcc.exe -mcpu=cortex-m0 -mthumb -Wno-main -I. -IGenerated_Source\PSoC4 -Wa,-alh=.\CortexM0\ARM_GCC_493\Debug/SW3_PM.lst -g -D DEBUG -Wall -ffunction-sections -O0 -ffat-lto-objects -c .\Generated_Source\PSoC4\SW3_PM.c -o .\CortexM0\ARM_GCC_493\Debug\SW3_PM.o
arm-none-eabi-gcc.exe -mcpu=cortex-m0 -mthumb -Wno-main -I. -IGenerated_Source\PSoC4 -Wa,-alh=.\CortexM0\ARM_GCC_493\Debug/LED_I2C.lst -g -D DEBUG -Wall -ffunction-sections -O0 -ffat-lto-objects -c .\Generated_Source\PSoC4\LED_I2C.c -o .\CortexM0\ARM_GCC_493\Debug\LED_I2C.o
arm-none-eabi-gcc.exe -mcpu=cortex-m0 -mthumb -Wno-main -I. -IGenerated_Source\PSoC4 -Wa,-alh=.\CortexM0\ARM_GCC_493\Debug/LED_I2C_PM.lst -g -D DEBUG -Wall -ffunction-sections -O0 -ffat-lto-objects -c .\Generated_Source\PSoC4\LED_I2C_PM.c -o .\CortexM0\ARM_GCC_493\Debug\LED_I2C_PM.o
arm-none-eabi-gcc.exe -mcpu=cortex-m0 -mthumb -Wno-main -I. -IGenerated_Source\PSoC4 -Wa,-alh=.\CortexM0\ARM_GCC_493\Debug/LED_SERIAL.lst -g -D DEBUG -Wall -ffunction-sections -O0 -ffat-lto-objects -c .\Generated_Source\PSoC4\LED_SERIAL.c -o .\CortexM0\ARM_GCC_493\Debug\LED_SERIAL.o
arm-none-eabi-gcc.exe -mcpu=cortex-m0 -mthumb -Wno-main -I. -IGenerated_Source\PSoC4 -Wa,-alh=.\CortexM0\ARM_GCC_493\Debug/LED_SERIAL_PM.lst -g -D DEBUG -Wall -ffunction-sections -O0 -ffat-lto-objects -c .\Generated_Source\PSoC4\LED_SERIAL_PM.c -o .\CortexM0\ARM_GCC_493\Debug\LED_SERIAL_PM.o
arm-none-eabi-gcc.exe -mcpu=cortex-m0 -mthumb -Wno-main -I. -IGenerated_Source\PSoC4 -Wa,-alh=.\CortexM0\ARM_GCC_493\Debug/MODE_SWITCH.lst -g -D DEBUG -Wall -ffunction-sections -O0 -ffat-lto-objects -c .\Generated_Source\PSoC4\MODE_SWITCH.c -o .\CortexM0\ARM_GCC_493\Debug\MODE_SWITCH.o
arm-none-eabi-gcc.exe -mcpu=cortex-m0 -mthumb -Wno-main -I. -IGenerated_Source\PSoC4 -Wa,-alh=.\CortexM0\ARM_GCC_493\Debug/MODE_SWITCH_PM.lst -g -D DEBUG -Wall -ffunction-sections -O0 -ffat-lto-objects -c .\Generated_Source\PSoC4\MODE_SWITCH_PM.c -o .\CortexM0\ARM_GCC_493\Debug\MODE_SWITCH_PM.o
arm-none-eabi-ar.exe -rs .\CortexM0\ARM_GCC_493\Debug\StepMotor_PSoC4200_Dual.a .\CortexM0\ARM_GCC_493\Debug\cyfitter_cfg.o .\CortexM0\ARM_GCC_493\Debug\PWM_OUT_A.o .\CortexM0\ARM_GCC_493\Debug\PWM_OUT_A_PM.o .\CortexM0\ARM_GCC_493\Debug\PWM_OUT_B.o .\CortexM0\ARM_GCC_493\Debug\PWM_OUT_B_PM.o .\CortexM0\ARM_GCC_493\Debug\INTERNAL_STEP_OUT.o .\CortexM0\ARM_GCC_493\Debug\INTERNAL_STEP_OUT_PM.o .\CortexM0\ARM_GCC_493\Debug\STEP_INPUT.o .\CortexM0\ARM_GCC_493\Debug\STEP_INPUT_PM.o .\CortexM0\ARM_GCC_493\Debug\DIR_INPUT.o .\CortexM0\ARM_GCC_493\Debug\DIR_INPUT_PM.o .\CortexM0\ARM_GCC_493\Debug\STEP_INPUT_SOURCE.o .\CortexM0\ARM_GCC_493\Debug\STEP_INPUT_SOURCE_PM.o .\CortexM0\ARM_GCC_493\Debug\DIR_INPUT_SOURCE.o .\CortexM0\ARM_GCC_493\Debug\DIR_INPUT_SOURCE_PM.o .\CortexM0\ARM_GCC_493\Debug\DIR_OUT_A.o .\CortexM0\ARM_GCC_493\Debug\DIR_OUT_A_PM.o .\CortexM0\ARM_GCC_493\Debug\DIR_OUT_B.o .\CortexM0\ARM_GCC_493\Debug\DIR_OUT_B_PM.o .\CortexM0\ARM_GCC_493\Debug\DIR_REG.o .\CortexM0\ARM_GCC_493\Debug\DIR_REG_PM.o .\CortexM0\ARM_GCC_493\Debug\CyBootAsmGnu.o .\CortexM0\ARM_GCC_493\Debug\CyFlash.o .\CortexM0\ARM_GCC_493\Debug\CyLib.o .\CortexM0\ARM_GCC_493\Debug\cyPm.o .\CortexM0\ARM_GCC_493\Debug\cyutils.o .\CortexM0\ARM_GCC_493\Debug\Clock_PWM_MAIN.o .\CortexM0\ARM_GCC_493\Debug\INTERNAL_STEP.o .\CortexM0\ARM_GCC_493\Debug\INTERNAL_STEP_PM.o .\CortexM0\ARM_GCC_493\Debug\TCPWM_2.o .\CortexM0\ARM_GCC_493\Debug\TCPWM_2_PM.o .\CortexM0\ARM_GCC_493\Debug\TCPWM_1.o .\CortexM0\ARM_GCC_493\Debug\TCPWM_1_PM.o .\CortexM0\ARM_GCC_493\Debug\Bootloadable_1.o .\CortexM0\ARM_GCC_493\Debug\CyLFClk.o .\CortexM0\ARM_GCC_493\Debug\TCPWM_4.o .\CortexM0\ARM_GCC_493\Debug\TCPWM_4_PM.o .\CortexM0\ARM_GCC_493\Debug\TCPWM_3.o .\CortexM0\ARM_GCC_493\Debug\TCPWM_3_PM.o .\CortexM0\ARM_GCC_493\Debug\PWM_OUT_B_1.o .\CortexM0\ARM_GCC_493\Debug\PWM_OUT_B_1_PM.o .\CortexM0\ARM_GCC_493\Debug\PWM_OUT_A_1.o .\CortexM0\ARM_GCC_493\Debug\PWM_OUT_A_1_PM.o .\CortexM0\ARM_GCC_493\Debug\INTERNAL_STEP_OUT_1.o .\CortexM0\ARM_GCC_493\Debug\INTERNAL_STEP_OUT_1_PM.o .\CortexM0\ARM_GCC_493\Debug\INTERNAL_STEP_1.o .\CortexM0\ARM_GCC_493\Debug\INTERNAL_STEP_1_PM.o .\CortexM0\ARM_GCC_493\Debug\Clock_PWM_MAIN_1.o .\CortexM0\ARM_GCC_493\Debug\DIR_REG_1.o .\CortexM0\ARM_GCC_493\Debug\DIR_REG_1_PM.o .\CortexM0\ARM_GCC_493\Debug\DIR_OUT_B_1.o .\CortexM0\ARM_GCC_493\Debug\DIR_OUT_B_1_PM.o .\CortexM0\ARM_GCC_493\Debug\DIR_OUT_A_1.o .\CortexM0\ARM_GCC_493\Debug\DIR_OUT_A_1_PM.o .\CortexM0\ARM_GCC_493\Debug\STEP_INPUT_1.o .\CortexM0\ARM_GCC_493\Debug\STEP_INPUT_1_PM.o .\CortexM0\ARM_GCC_493\Debug\DIR_INPUT_1.o .\CortexM0\ARM_GCC_493\Debug\DIR_INPUT_1_PM.o .\CortexM0\ARM_GCC_493\Debug\STEP_INPUT_SOURCE_1.o .\CortexM0\ARM_GCC_493\Debug\STEP_INPUT_SOURCE_1_PM.o .\CortexM0\ARM_GCC_493\Debug\DIR_INPUT_SOURCE_1.o .\CortexM0\ARM_GCC_493\Debug\DIR_INPUT_SOURCE_1_PM.o .\CortexM0\ARM_GCC_493\Debug\Comm.o .\CortexM0\ARM_GCC_493\Debug\Comm_I2C_INT.o .\CortexM0\ARM_GCC_493\Debug\Comm_I2C.o .\CortexM0\ARM_GCC_493\Debug\Comm_I2C_BOOT.o .\CortexM0\ARM_GCC_493\Debug\Comm_SPI_UART.o .\CortexM0\ARM_GCC_493\Debug\Comm_SPI_UART_INT.o .\CortexM0\ARM_GCC_493\Debug\Comm_I2C_MASTER.o .\CortexM0\ARM_GCC_493\Debug\Comm_I2C_SLAVE.o .\CortexM0\ARM_GCC_493\Debug\Comm_PM.o .\CortexM0\ARM_GCC_493\Debug\Comm_SPI.o .\CortexM0\ARM_GCC_493\Debug\Comm_UART.o .\CortexM0\ARM_GCC_493\Debug\Comm_BOOT.o .\CortexM0\ARM_GCC_493\Debug\Comm_SPI_BOOT.o .\CortexM0\ARM_GCC_493\Debug\Comm_UART_BOOT.o .\CortexM0\ARM_GCC_493\Debug\Comm_EZI2C.o .\CortexM0\ARM_GCC_493\Debug\Comm_EZI2C_INT.o .\CortexM0\ARM_GCC_493\Debug\Comm_EZI2C_BOOT.o .\CortexM0\ARM_GCC_493\Debug\CommCLK.o .\CortexM0\ARM_GCC_493\Debug\Comm_uart_rx_i2c_scl_spi_mosi.o .\CortexM0\ARM_GCC_493\Debug\Comm_uart_rx_i2c_scl_spi_mosi_PM.o .\CortexM0\ARM_GCC_493\Debug\Comm_uart_tx_i2c_sda_spi_miso.o .\CortexM0\ARM_GCC_493\Debug\Comm_uart_tx_i2c_sda_spi_miso_PM.o .\CortexM0\ARM_GCC_493\Debug\Comm_SCB_IRQ.o .\CortexM0\ARM_GCC_493\Debug\SW3.o .\CortexM0\ARM_GCC_493\Debug\SW3_PM.o .\CortexM0\ARM_GCC_493\Debug\LED_I2C.o .\CortexM0\ARM_GCC_493\Debug\LED_I2C_PM.o .\CortexM0\ARM_GCC_493\Debug\LED_SERIAL.o .\CortexM0\ARM_GCC_493\Debug\LED_SERIAL_PM.o .\CortexM0\ARM_GCC_493\Debug\MODE_SWITCH.o .\CortexM0\ARM_GCC_493\Debug\MODE_SWITCH_PM.o
arm-none-eabi-ar.exe: creating .\CortexM0\ARM_GCC_493\Debug\StepMotor_PSoC4200_Dual.a
arm-none-eabi-gcc.exe -Wl,--start-group -o .\CortexM0\ARM_GCC_493\Debug\StepMotor_PSoC4200_Dual.elf .\CortexM0\ARM_GCC_493\Debug\main.o .\CortexM0\ARM_GCC_493\Debug\genSine.o .\CortexM0\ARM_GCC_493\Debug\inputScan.o .\CortexM0\ARM_GCC_493\Debug\Move.o .\CortexM0\ARM_GCC_493\Debug\PhaseControl.o .\CortexM0\ARM_GCC_493\Debug\systemInit.o .\CortexM0\ARM_GCC_493\Debug\Cm0Start.o .\CortexM0\ARM_GCC_493\Debug\cybootloader.o .\CortexM0\ARM_GCC_493\Debug\cymetadata.o .\CortexM0\ARM_GCC_493\Debug\StepMotor_PSoC4200_Dual.a "C:\Program Files\Cypress\PSoC Creator\3.3\PSoC Creator\psoc\content\cycomponentlibrary\CyComponentLibrary.cylib\CortexM0\ARM_GCC_493\Debug\CyComponentLibrary.a" -mcpu=cortex-m0 -mthumb -g -ffunction-sections -O0 -L Generated_Source\PSoC4 -Wl,-Map,.\CortexM0\ARM_GCC_493\Debug/StepMotor_PSoC4200_Dual.map -T Generated_Source\PSoC4\cm0gcc.ld -specs=nano.specs -Wl,--gc-sections -Wl,--end-group
cyelftool.exe -B "C:\Users\Tech Consulting\Desktop\PSOC4 projects\StepMotor_PSoC4200\StepMotor_PSoC4200_Dual.cydsn\CortexM0\ARM_GCC_493\Debug\StepMotor_PSoC4200_Dual.elf" --flash_row_size 128 --flash_size 32768 --flash_array_size 32768
cyelftool.exe -S "C:\Users\Tech Consulting\Desktop\PSOC4 projects\StepMotor_PSoC4200\StepMotor_PSoC4200_Dual.cydsn\CortexM0\ARM_GCC_493\Debug\StepMotor_PSoC4200_Dual.elf"
Flash used: 12928 of 32768 bytes (39,5 %). Bootloader: 4352 bytes. Application: 8448 bytes. Metadata: 128 bytes.
SRAM used: 1568 of 4096 bytes (38,3 %). Stack: 1024 bytes. Heap: 256 bytes.
--------------- Build Succeeded: 04/02/2016 00:09:48 ---------------
