ARM GAS  C:\Users\TECHCO~1\AppData\Local\Temp\ccJdynv8.s 			page 1


   1              		.cpu cortex-m0
   2              		.fpu softvfp
   3              		.eabi_attribute 20, 1
   4              		.eabi_attribute 21, 1
   5              		.eabi_attribute 23, 3
   6              		.eabi_attribute 24, 1
   7              		.eabi_attribute 25, 1
   8              		.eabi_attribute 26, 1
   9              		.eabi_attribute 30, 6
  10              		.eabi_attribute 34, 0
  11              		.eabi_attribute 18, 4
  12              		.code	16
  13              		.file	"Comm_PM.c"
  14              		.text
  15              	.Ltext0:
  16              		.cfi_sections	.debug_frame
  17              		.global	Comm_backup
  18              		.bss
  19              		.align	2
  20              		.type	Comm_backup, %object
  21              		.size	Comm_backup, 1
  22              	Comm_backup:
  23 0000 00       		.space	1
  24 0001 000000   		.section	.text.Comm_Sleep,"ax",%progbits
  25              		.align	2
  26              		.global	Comm_Sleep
  27              		.code	16
  28              		.thumb_func
  29              		.type	Comm_Sleep, %function
  30              	Comm_Sleep:
  31              	.LFB0:
  32              		.file 1 ".\\Generated_Source\\PSoC4\\Comm_PM.c"
   1:.\Generated_Source\PSoC4/Comm_PM.c **** /*******************************************************************************
   2:.\Generated_Source\PSoC4/Comm_PM.c **** * File Name: Comm_PM.c
   3:.\Generated_Source\PSoC4/Comm_PM.c **** * Version 3.10
   4:.\Generated_Source\PSoC4/Comm_PM.c **** *
   5:.\Generated_Source\PSoC4/Comm_PM.c **** * Description:
   6:.\Generated_Source\PSoC4/Comm_PM.c **** *  This file provides the source code to the Power Management support for
   7:.\Generated_Source\PSoC4/Comm_PM.c **** *  the SCB Component.
   8:.\Generated_Source\PSoC4/Comm_PM.c **** *
   9:.\Generated_Source\PSoC4/Comm_PM.c **** * Note:
  10:.\Generated_Source\PSoC4/Comm_PM.c **** *
  11:.\Generated_Source\PSoC4/Comm_PM.c **** ********************************************************************************
  12:.\Generated_Source\PSoC4/Comm_PM.c **** * Copyright 2013-2015, Cypress Semiconductor Corporation.  All rights reserved.
  13:.\Generated_Source\PSoC4/Comm_PM.c **** * You may use this file only in accordance with the license, terms, conditions,
  14:.\Generated_Source\PSoC4/Comm_PM.c **** * disclaimers, and limitations in the end user license agreement accompanying
  15:.\Generated_Source\PSoC4/Comm_PM.c **** * the software package with which this file was provided.
  16:.\Generated_Source\PSoC4/Comm_PM.c **** *******************************************************************************/
  17:.\Generated_Source\PSoC4/Comm_PM.c **** 
  18:.\Generated_Source\PSoC4/Comm_PM.c **** #include "Comm.h"
  19:.\Generated_Source\PSoC4/Comm_PM.c **** #include "Comm_PVT.h"
  20:.\Generated_Source\PSoC4/Comm_PM.c **** 
  21:.\Generated_Source\PSoC4/Comm_PM.c **** #if(Comm_SCB_MODE_I2C_INC)
  22:.\Generated_Source\PSoC4/Comm_PM.c ****     #include "Comm_I2C_PVT.h"
  23:.\Generated_Source\PSoC4/Comm_PM.c **** #endif /* (Comm_SCB_MODE_I2C_INC) */
  24:.\Generated_Source\PSoC4/Comm_PM.c **** 
  25:.\Generated_Source\PSoC4/Comm_PM.c **** #if(Comm_SCB_MODE_EZI2C_INC)
ARM GAS  C:\Users\TECHCO~1\AppData\Local\Temp\ccJdynv8.s 			page 2


  26:.\Generated_Source\PSoC4/Comm_PM.c ****     #include "Comm_EZI2C_PVT.h"
  27:.\Generated_Source\PSoC4/Comm_PM.c **** #endif /* (Comm_SCB_MODE_EZI2C_INC) */
  28:.\Generated_Source\PSoC4/Comm_PM.c **** 
  29:.\Generated_Source\PSoC4/Comm_PM.c **** #if(Comm_SCB_MODE_SPI_INC || Comm_SCB_MODE_UART_INC)
  30:.\Generated_Source\PSoC4/Comm_PM.c ****     #include "Comm_SPI_UART_PVT.h"
  31:.\Generated_Source\PSoC4/Comm_PM.c **** #endif /* (Comm_SCB_MODE_SPI_INC || Comm_SCB_MODE_UART_INC) */
  32:.\Generated_Source\PSoC4/Comm_PM.c **** 
  33:.\Generated_Source\PSoC4/Comm_PM.c **** 
  34:.\Generated_Source\PSoC4/Comm_PM.c **** /***************************************
  35:.\Generated_Source\PSoC4/Comm_PM.c **** *   Backup Structure declaration
  36:.\Generated_Source\PSoC4/Comm_PM.c **** ***************************************/
  37:.\Generated_Source\PSoC4/Comm_PM.c **** 
  38:.\Generated_Source\PSoC4/Comm_PM.c **** #if(Comm_SCB_MODE_UNCONFIG_CONST_CFG || \
  39:.\Generated_Source\PSoC4/Comm_PM.c ****    (Comm_SCB_MODE_I2C_CONST_CFG   && (!Comm_I2C_WAKE_ENABLE_CONST))   || \
  40:.\Generated_Source\PSoC4/Comm_PM.c ****    (Comm_SCB_MODE_EZI2C_CONST_CFG && (!Comm_EZI2C_WAKE_ENABLE_CONST)) || \
  41:.\Generated_Source\PSoC4/Comm_PM.c ****    (Comm_SCB_MODE_SPI_CONST_CFG   && (!Comm_SPI_WAKE_ENABLE_CONST))   || \
  42:.\Generated_Source\PSoC4/Comm_PM.c ****    (Comm_SCB_MODE_UART_CONST_CFG  && (!Comm_UART_WAKE_ENABLE_CONST)))
  43:.\Generated_Source\PSoC4/Comm_PM.c **** 
  44:.\Generated_Source\PSoC4/Comm_PM.c ****     Comm_BACKUP_STRUCT Comm_backup =
  45:.\Generated_Source\PSoC4/Comm_PM.c ****     {
  46:.\Generated_Source\PSoC4/Comm_PM.c ****         0u, /* enableState */
  47:.\Generated_Source\PSoC4/Comm_PM.c ****     };
  48:.\Generated_Source\PSoC4/Comm_PM.c **** #endif
  49:.\Generated_Source\PSoC4/Comm_PM.c **** 
  50:.\Generated_Source\PSoC4/Comm_PM.c **** 
  51:.\Generated_Source\PSoC4/Comm_PM.c **** /*******************************************************************************
  52:.\Generated_Source\PSoC4/Comm_PM.c **** * Function Name: Comm_Sleep
  53:.\Generated_Source\PSoC4/Comm_PM.c **** ********************************************************************************
  54:.\Generated_Source\PSoC4/Comm_PM.c **** *
  55:.\Generated_Source\PSoC4/Comm_PM.c **** * Summary:
  56:.\Generated_Source\PSoC4/Comm_PM.c **** *  Prepares the component to enter Deep Sleep.
  57:.\Generated_Source\PSoC4/Comm_PM.c **** *  The "Enable wakeup from Sleep Mode" selection has an influence on
  58:.\Generated_Source\PSoC4/Comm_PM.c **** *  this function implementation.
  59:.\Generated_Source\PSoC4/Comm_PM.c **** *
  60:.\Generated_Source\PSoC4/Comm_PM.c **** * Parameters:
  61:.\Generated_Source\PSoC4/Comm_PM.c **** *  None
  62:.\Generated_Source\PSoC4/Comm_PM.c **** *
  63:.\Generated_Source\PSoC4/Comm_PM.c **** * Return:
  64:.\Generated_Source\PSoC4/Comm_PM.c **** *  None
  65:.\Generated_Source\PSoC4/Comm_PM.c **** *
  66:.\Generated_Source\PSoC4/Comm_PM.c **** *******************************************************************************/
  67:.\Generated_Source\PSoC4/Comm_PM.c **** void Comm_Sleep(void)
  68:.\Generated_Source\PSoC4/Comm_PM.c **** {
  33              		.loc 1 68 0
  34              		.cfi_startproc
  35 0000 80B5     		push	{r7, lr}
  36              		.cfi_def_cfa_offset 8
  37              		.cfi_offset 7, -8
  38              		.cfi_offset 14, -4
  39 0002 00AF     		add	r7, sp, #0
  40              		.cfi_def_cfa_register 7
  69:.\Generated_Source\PSoC4/Comm_PM.c **** #if(Comm_SCB_MODE_UNCONFIG_CONST_CFG)
  70:.\Generated_Source\PSoC4/Comm_PM.c **** 
  71:.\Generated_Source\PSoC4/Comm_PM.c ****     if(Comm_SCB_WAKE_ENABLE_CHECK)
  41              		.loc 1 71 0
  42 0004 174B     		ldr	r3, .L7
  43 0006 1B78     		ldrb	r3, [r3]
ARM GAS  C:\Users\TECHCO~1\AppData\Local\Temp\ccJdynv8.s 			page 3


  44 0008 002B     		cmp	r3, #0
  45 000a 1BD0     		beq	.L2
  72:.\Generated_Source\PSoC4/Comm_PM.c ****     {
  73:.\Generated_Source\PSoC4/Comm_PM.c ****         if(Comm_SCB_MODE_I2C_RUNTM_CFG)
  46              		.loc 1 73 0
  47 000c 164B     		ldr	r3, .L7+4
  48 000e 1B78     		ldrb	r3, [r3]
  49 0010 012B     		cmp	r3, #1
  50 0012 02D1     		bne	.L3
  74:.\Generated_Source\PSoC4/Comm_PM.c ****         {
  75:.\Generated_Source\PSoC4/Comm_PM.c ****             Comm_I2CSaveConfig();
  51              		.loc 1 75 0
  52 0014 FFF7FEFF 		bl	Comm_I2CSaveConfig
  53 0018 21E0     		b	.L1
  54              	.L3:
  76:.\Generated_Source\PSoC4/Comm_PM.c ****         }
  77:.\Generated_Source\PSoC4/Comm_PM.c ****         else if(Comm_SCB_MODE_EZI2C_RUNTM_CFG)
  55              		.loc 1 77 0
  56 001a 134B     		ldr	r3, .L7+4
  57 001c 1B78     		ldrb	r3, [r3]
  58 001e 082B     		cmp	r3, #8
  59 0020 02D1     		bne	.L5
  78:.\Generated_Source\PSoC4/Comm_PM.c ****         {
  79:.\Generated_Source\PSoC4/Comm_PM.c ****             Comm_EzI2CSaveConfig();
  60              		.loc 1 79 0
  61 0022 FFF7FEFF 		bl	Comm_EzI2CSaveConfig
  62 0026 1AE0     		b	.L1
  63              	.L5:
  80:.\Generated_Source\PSoC4/Comm_PM.c ****         }
  81:.\Generated_Source\PSoC4/Comm_PM.c ****     #if(!Comm_CY_SCBIP_V1)
  82:.\Generated_Source\PSoC4/Comm_PM.c ****         else if(Comm_SCB_MODE_SPI_RUNTM_CFG)
  64              		.loc 1 82 0
  65 0028 0F4B     		ldr	r3, .L7+4
  66 002a 1B78     		ldrb	r3, [r3]
  67 002c 022B     		cmp	r3, #2
  68 002e 02D1     		bne	.L6
  83:.\Generated_Source\PSoC4/Comm_PM.c ****         {
  84:.\Generated_Source\PSoC4/Comm_PM.c ****             Comm_SpiSaveConfig();
  69              		.loc 1 84 0
  70 0030 FFF7FEFF 		bl	Comm_SpiSaveConfig
  71 0034 13E0     		b	.L1
  72              	.L6:
  85:.\Generated_Source\PSoC4/Comm_PM.c ****         }
  86:.\Generated_Source\PSoC4/Comm_PM.c ****         else if(Comm_SCB_MODE_UART_RUNTM_CFG)
  73              		.loc 1 86 0
  74 0036 0C4B     		ldr	r3, .L7+4
  75 0038 1B78     		ldrb	r3, [r3]
  76 003a 042B     		cmp	r3, #4
  77 003c 0FD1     		bne	.L1
  87:.\Generated_Source\PSoC4/Comm_PM.c ****         {
  88:.\Generated_Source\PSoC4/Comm_PM.c ****             Comm_UartSaveConfig();
  78              		.loc 1 88 0
  79 003e FFF7FEFF 		bl	Comm_UartSaveConfig
  80 0042 0CE0     		b	.L1
  81              	.L2:
  89:.\Generated_Source\PSoC4/Comm_PM.c ****         }
  90:.\Generated_Source\PSoC4/Comm_PM.c ****     #endif /* (!Comm_CY_SCBIP_V1) */
ARM GAS  C:\Users\TECHCO~1\AppData\Local\Temp\ccJdynv8.s 			page 4


  91:.\Generated_Source\PSoC4/Comm_PM.c ****         else
  92:.\Generated_Source\PSoC4/Comm_PM.c ****         {
  93:.\Generated_Source\PSoC4/Comm_PM.c ****             /* Unknown mode */
  94:.\Generated_Source\PSoC4/Comm_PM.c ****         }
  95:.\Generated_Source\PSoC4/Comm_PM.c ****     }
  96:.\Generated_Source\PSoC4/Comm_PM.c ****     else
  97:.\Generated_Source\PSoC4/Comm_PM.c ****     {
  98:.\Generated_Source\PSoC4/Comm_PM.c ****         Comm_backup.enableState = (uint8) Comm_GET_CTRL_ENABLED;
  82              		.loc 1 98 0
  83 0044 094B     		ldr	r3, .L7+8
  84 0046 1B68     		ldr	r3, [r3]
  85 0048 DB0F     		lsr	r3, r3, #31
  86 004a DBB2     		uxtb	r3, r3
  87 004c 1A1C     		mov	r2, r3
  88 004e 084B     		ldr	r3, .L7+12
  89 0050 1A70     		strb	r2, [r3]
  99:.\Generated_Source\PSoC4/Comm_PM.c **** 
 100:.\Generated_Source\PSoC4/Comm_PM.c ****         if(0u != Comm_backup.enableState)
  90              		.loc 1 100 0
  91 0052 074B     		ldr	r3, .L7+12
  92 0054 1B78     		ldrb	r3, [r3]
  93 0056 002B     		cmp	r3, #0
  94 0058 01D0     		beq	.L1
 101:.\Generated_Source\PSoC4/Comm_PM.c ****         {
 102:.\Generated_Source\PSoC4/Comm_PM.c ****             Comm_Stop();
  95              		.loc 1 102 0
  96 005a FFF7FEFF 		bl	Comm_Stop
  97              	.L1:
 103:.\Generated_Source\PSoC4/Comm_PM.c ****         }
 104:.\Generated_Source\PSoC4/Comm_PM.c ****     }
 105:.\Generated_Source\PSoC4/Comm_PM.c **** 
 106:.\Generated_Source\PSoC4/Comm_PM.c **** #else
 107:.\Generated_Source\PSoC4/Comm_PM.c **** 
 108:.\Generated_Source\PSoC4/Comm_PM.c ****     #if (Comm_SCB_MODE_I2C_CONST_CFG && Comm_I2C_WAKE_ENABLE_CONST)
 109:.\Generated_Source\PSoC4/Comm_PM.c ****         Comm_I2CSaveConfig();
 110:.\Generated_Source\PSoC4/Comm_PM.c **** 
 111:.\Generated_Source\PSoC4/Comm_PM.c ****     #elif (Comm_SCB_MODE_EZI2C_CONST_CFG && Comm_EZI2C_WAKE_ENABLE_CONST)
 112:.\Generated_Source\PSoC4/Comm_PM.c ****         Comm_EzI2CSaveConfig();
 113:.\Generated_Source\PSoC4/Comm_PM.c **** 
 114:.\Generated_Source\PSoC4/Comm_PM.c ****     #elif (Comm_SCB_MODE_SPI_CONST_CFG && Comm_SPI_WAKE_ENABLE_CONST)
 115:.\Generated_Source\PSoC4/Comm_PM.c ****         Comm_SpiSaveConfig();
 116:.\Generated_Source\PSoC4/Comm_PM.c **** 
 117:.\Generated_Source\PSoC4/Comm_PM.c ****     #elif (Comm_SCB_MODE_UART_CONST_CFG && Comm_UART_WAKE_ENABLE_CONST)
 118:.\Generated_Source\PSoC4/Comm_PM.c ****         Comm_UartSaveConfig();
 119:.\Generated_Source\PSoC4/Comm_PM.c **** 
 120:.\Generated_Source\PSoC4/Comm_PM.c ****     #else
 121:.\Generated_Source\PSoC4/Comm_PM.c **** 
 122:.\Generated_Source\PSoC4/Comm_PM.c ****         Comm_backup.enableState = (uint8) Comm_GET_CTRL_ENABLED;
 123:.\Generated_Source\PSoC4/Comm_PM.c **** 
 124:.\Generated_Source\PSoC4/Comm_PM.c ****         if(0u != Comm_backup.enableState)
 125:.\Generated_Source\PSoC4/Comm_PM.c ****         {
 126:.\Generated_Source\PSoC4/Comm_PM.c ****             Comm_Stop();
 127:.\Generated_Source\PSoC4/Comm_PM.c ****         }
 128:.\Generated_Source\PSoC4/Comm_PM.c **** 
 129:.\Generated_Source\PSoC4/Comm_PM.c ****     #endif /* defined (Comm_SCB_MODE_I2C_CONST_CFG) && (Comm_I2C_WAKE_ENABLE_CONST) */
 130:.\Generated_Source\PSoC4/Comm_PM.c **** 
 131:.\Generated_Source\PSoC4/Comm_PM.c **** #endif /* (Comm_SCB_MODE_UNCONFIG_CONST_CFG) */
ARM GAS  C:\Users\TECHCO~1\AppData\Local\Temp\ccJdynv8.s 			page 5


 132:.\Generated_Source\PSoC4/Comm_PM.c **** }
  98              		.loc 1 132 0
  99 005e BD46     		mov	sp, r7
 100              		@ sp needed
 101 0060 80BD     		pop	{r7, pc}
 102              	.L8:
 103 0062 C046     		.align	2
 104              	.L7:
 105 0064 00000000 		.word	Comm_scbEnableWake
 106 0068 00000000 		.word	Comm_scbMode
 107 006c 00000640 		.word	1074135040
 108 0070 00000000 		.word	Comm_backup
 109              		.cfi_endproc
 110              	.LFE0:
 111              		.size	Comm_Sleep, .-Comm_Sleep
 112              		.section	.text.Comm_Wakeup,"ax",%progbits
 113              		.align	2
 114              		.global	Comm_Wakeup
 115              		.code	16
 116              		.thumb_func
 117              		.type	Comm_Wakeup, %function
 118              	Comm_Wakeup:
 119              	.LFB1:
 133:.\Generated_Source\PSoC4/Comm_PM.c **** 
 134:.\Generated_Source\PSoC4/Comm_PM.c **** 
 135:.\Generated_Source\PSoC4/Comm_PM.c **** /*******************************************************************************
 136:.\Generated_Source\PSoC4/Comm_PM.c **** * Function Name: Comm_Wakeup
 137:.\Generated_Source\PSoC4/Comm_PM.c **** ********************************************************************************
 138:.\Generated_Source\PSoC4/Comm_PM.c **** *
 139:.\Generated_Source\PSoC4/Comm_PM.c **** * Summary:
 140:.\Generated_Source\PSoC4/Comm_PM.c **** *  Prepares the component for the Active mode operation after exiting
 141:.\Generated_Source\PSoC4/Comm_PM.c **** *  Deep Sleep. The "Enable wakeup from Sleep Mode" option has an influence
 142:.\Generated_Source\PSoC4/Comm_PM.c **** *  on this function implementation.
 143:.\Generated_Source\PSoC4/Comm_PM.c **** *  This function should not be called after exiting Sleep.
 144:.\Generated_Source\PSoC4/Comm_PM.c **** *
 145:.\Generated_Source\PSoC4/Comm_PM.c **** * Parameters:
 146:.\Generated_Source\PSoC4/Comm_PM.c **** *  None
 147:.\Generated_Source\PSoC4/Comm_PM.c **** *
 148:.\Generated_Source\PSoC4/Comm_PM.c **** * Return:
 149:.\Generated_Source\PSoC4/Comm_PM.c **** *  None
 150:.\Generated_Source\PSoC4/Comm_PM.c **** *
 151:.\Generated_Source\PSoC4/Comm_PM.c **** *******************************************************************************/
 152:.\Generated_Source\PSoC4/Comm_PM.c **** void Comm_Wakeup(void)
 153:.\Generated_Source\PSoC4/Comm_PM.c **** {
 120              		.loc 1 153 0
 121              		.cfi_startproc
 122 0000 80B5     		push	{r7, lr}
 123              		.cfi_def_cfa_offset 8
 124              		.cfi_offset 7, -8
 125              		.cfi_offset 14, -4
 126 0002 00AF     		add	r7, sp, #0
 127              		.cfi_def_cfa_register 7
 154:.\Generated_Source\PSoC4/Comm_PM.c **** #if(Comm_SCB_MODE_UNCONFIG_CONST_CFG)
 155:.\Generated_Source\PSoC4/Comm_PM.c **** 
 156:.\Generated_Source\PSoC4/Comm_PM.c ****     if(Comm_SCB_WAKE_ENABLE_CHECK)
 128              		.loc 1 156 0
 129 0004 134B     		ldr	r3, .L15
ARM GAS  C:\Users\TECHCO~1\AppData\Local\Temp\ccJdynv8.s 			page 6


 130 0006 1B78     		ldrb	r3, [r3]
 131 0008 002B     		cmp	r3, #0
 132 000a 1BD0     		beq	.L10
 157:.\Generated_Source\PSoC4/Comm_PM.c ****     {
 158:.\Generated_Source\PSoC4/Comm_PM.c ****         if(Comm_SCB_MODE_I2C_RUNTM_CFG)
 133              		.loc 1 158 0
 134 000c 124B     		ldr	r3, .L15+4
 135 000e 1B78     		ldrb	r3, [r3]
 136 0010 012B     		cmp	r3, #1
 137 0012 02D1     		bne	.L11
 159:.\Generated_Source\PSoC4/Comm_PM.c ****         {
 160:.\Generated_Source\PSoC4/Comm_PM.c ****             Comm_I2CRestoreConfig();
 138              		.loc 1 160 0
 139 0014 FFF7FEFF 		bl	Comm_I2CRestoreConfig
 140 0018 1AE0     		b	.L9
 141              	.L11:
 161:.\Generated_Source\PSoC4/Comm_PM.c ****         }
 162:.\Generated_Source\PSoC4/Comm_PM.c ****         else if(Comm_SCB_MODE_EZI2C_RUNTM_CFG)
 142              		.loc 1 162 0
 143 001a 0F4B     		ldr	r3, .L15+4
 144 001c 1B78     		ldrb	r3, [r3]
 145 001e 082B     		cmp	r3, #8
 146 0020 02D1     		bne	.L13
 163:.\Generated_Source\PSoC4/Comm_PM.c ****         {
 164:.\Generated_Source\PSoC4/Comm_PM.c ****             Comm_EzI2CRestoreConfig();
 147              		.loc 1 164 0
 148 0022 FFF7FEFF 		bl	Comm_EzI2CRestoreConfig
 149 0026 13E0     		b	.L9
 150              	.L13:
 165:.\Generated_Source\PSoC4/Comm_PM.c ****         }
 166:.\Generated_Source\PSoC4/Comm_PM.c ****     #if(!Comm_CY_SCBIP_V1)
 167:.\Generated_Source\PSoC4/Comm_PM.c ****         else if(Comm_SCB_MODE_SPI_RUNTM_CFG)
 151              		.loc 1 167 0
 152 0028 0B4B     		ldr	r3, .L15+4
 153 002a 1B78     		ldrb	r3, [r3]
 154 002c 022B     		cmp	r3, #2
 155 002e 02D1     		bne	.L14
 168:.\Generated_Source\PSoC4/Comm_PM.c ****         {
 169:.\Generated_Source\PSoC4/Comm_PM.c ****             Comm_SpiRestoreConfig();
 156              		.loc 1 169 0
 157 0030 FFF7FEFF 		bl	Comm_SpiRestoreConfig
 158 0034 0CE0     		b	.L9
 159              	.L14:
 170:.\Generated_Source\PSoC4/Comm_PM.c ****         }
 171:.\Generated_Source\PSoC4/Comm_PM.c ****         else if(Comm_SCB_MODE_UART_RUNTM_CFG)
 160              		.loc 1 171 0
 161 0036 084B     		ldr	r3, .L15+4
 162 0038 1B78     		ldrb	r3, [r3]
 163 003a 042B     		cmp	r3, #4
 164 003c 08D1     		bne	.L9
 172:.\Generated_Source\PSoC4/Comm_PM.c ****         {
 173:.\Generated_Source\PSoC4/Comm_PM.c ****             Comm_UartRestoreConfig();
 165              		.loc 1 173 0
 166 003e FFF7FEFF 		bl	Comm_UartRestoreConfig
 167 0042 05E0     		b	.L9
 168              	.L10:
 174:.\Generated_Source\PSoC4/Comm_PM.c ****         }
ARM GAS  C:\Users\TECHCO~1\AppData\Local\Temp\ccJdynv8.s 			page 7


 175:.\Generated_Source\PSoC4/Comm_PM.c ****     #endif /* (!Comm_CY_SCBIP_V1) */
 176:.\Generated_Source\PSoC4/Comm_PM.c ****         else
 177:.\Generated_Source\PSoC4/Comm_PM.c ****         {
 178:.\Generated_Source\PSoC4/Comm_PM.c ****             /* Unknown mode */
 179:.\Generated_Source\PSoC4/Comm_PM.c ****         }
 180:.\Generated_Source\PSoC4/Comm_PM.c ****     }
 181:.\Generated_Source\PSoC4/Comm_PM.c ****     else
 182:.\Generated_Source\PSoC4/Comm_PM.c ****     {
 183:.\Generated_Source\PSoC4/Comm_PM.c ****         if(0u != Comm_backup.enableState)
 169              		.loc 1 183 0
 170 0044 054B     		ldr	r3, .L15+8
 171 0046 1B78     		ldrb	r3, [r3]
 172 0048 002B     		cmp	r3, #0
 173 004a 01D0     		beq	.L9
 184:.\Generated_Source\PSoC4/Comm_PM.c ****         {
 185:.\Generated_Source\PSoC4/Comm_PM.c ****             Comm_Enable();
 174              		.loc 1 185 0
 175 004c FFF7FEFF 		bl	Comm_Enable
 176              	.L9:
 186:.\Generated_Source\PSoC4/Comm_PM.c ****         }
 187:.\Generated_Source\PSoC4/Comm_PM.c ****     }
 188:.\Generated_Source\PSoC4/Comm_PM.c **** 
 189:.\Generated_Source\PSoC4/Comm_PM.c **** #else
 190:.\Generated_Source\PSoC4/Comm_PM.c **** 
 191:.\Generated_Source\PSoC4/Comm_PM.c ****     #if (Comm_SCB_MODE_I2C_CONST_CFG  && Comm_I2C_WAKE_ENABLE_CONST)
 192:.\Generated_Source\PSoC4/Comm_PM.c ****         Comm_I2CRestoreConfig();
 193:.\Generated_Source\PSoC4/Comm_PM.c **** 
 194:.\Generated_Source\PSoC4/Comm_PM.c ****     #elif (Comm_SCB_MODE_EZI2C_CONST_CFG && Comm_EZI2C_WAKE_ENABLE_CONST)
 195:.\Generated_Source\PSoC4/Comm_PM.c ****         Comm_EzI2CRestoreConfig();
 196:.\Generated_Source\PSoC4/Comm_PM.c **** 
 197:.\Generated_Source\PSoC4/Comm_PM.c ****     #elif (Comm_SCB_MODE_SPI_CONST_CFG && Comm_SPI_WAKE_ENABLE_CONST)
 198:.\Generated_Source\PSoC4/Comm_PM.c ****         Comm_SpiRestoreConfig();
 199:.\Generated_Source\PSoC4/Comm_PM.c **** 
 200:.\Generated_Source\PSoC4/Comm_PM.c ****     #elif (Comm_SCB_MODE_UART_CONST_CFG && Comm_UART_WAKE_ENABLE_CONST)
 201:.\Generated_Source\PSoC4/Comm_PM.c ****         Comm_UartRestoreConfig();
 202:.\Generated_Source\PSoC4/Comm_PM.c **** 
 203:.\Generated_Source\PSoC4/Comm_PM.c ****     #else
 204:.\Generated_Source\PSoC4/Comm_PM.c **** 
 205:.\Generated_Source\PSoC4/Comm_PM.c ****         if(0u != Comm_backup.enableState)
 206:.\Generated_Source\PSoC4/Comm_PM.c ****         {
 207:.\Generated_Source\PSoC4/Comm_PM.c ****             Comm_Enable();
 208:.\Generated_Source\PSoC4/Comm_PM.c ****         }
 209:.\Generated_Source\PSoC4/Comm_PM.c **** 
 210:.\Generated_Source\PSoC4/Comm_PM.c ****     #endif /* (Comm_I2C_WAKE_ENABLE_CONST) */
 211:.\Generated_Source\PSoC4/Comm_PM.c **** 
 212:.\Generated_Source\PSoC4/Comm_PM.c **** #endif /* (Comm_SCB_MODE_UNCONFIG_CONST_CFG) */
 213:.\Generated_Source\PSoC4/Comm_PM.c **** }
 177              		.loc 1 213 0
 178 0050 BD46     		mov	sp, r7
 179              		@ sp needed
 180 0052 80BD     		pop	{r7, pc}
 181              	.L16:
 182              		.align	2
 183              	.L15:
 184 0054 00000000 		.word	Comm_scbEnableWake
 185 0058 00000000 		.word	Comm_scbMode
 186 005c 00000000 		.word	Comm_backup
ARM GAS  C:\Users\TECHCO~1\AppData\Local\Temp\ccJdynv8.s 			page 8


 187              		.cfi_endproc
 188              	.LFE1:
 189              		.size	Comm_Wakeup, .-Comm_Wakeup
 190              		.text
 191              	.Letext0:
 192              		.file 2 "Generated_Source\\PSoC4/cytypes.h"
 193              		.file 3 ".\\Generated_Source\\PSoC4\\Comm.h"
 194              		.file 4 ".\\Generated_Source\\PSoC4\\Comm_PVT.h"
 195              		.section	.debug_info,"",%progbits
 196              	.Ldebug_info0:
 197 0000 16010000 		.4byte	0x116
 198 0004 0400     		.2byte	0x4
 199 0006 00000000 		.4byte	.Ldebug_abbrev0
 200 000a 04       		.byte	0x4
 201 000b 01       		.uleb128 0x1
 202 000c A4000000 		.4byte	.LASF22
 203 0010 01       		.byte	0x1
 204 0011 46000000 		.4byte	.LASF23
 205 0015 40010000 		.4byte	.LASF24
 206 0019 00000000 		.4byte	.Ldebug_ranges0+0
 207 001d 00000000 		.4byte	0
 208 0021 00000000 		.4byte	.Ldebug_line0
 209 0025 02       		.uleb128 0x2
 210 0026 01       		.byte	0x1
 211 0027 06       		.byte	0x6
 212 0028 EE010000 		.4byte	.LASF0
 213 002c 02       		.uleb128 0x2
 214 002d 01       		.byte	0x1
 215 002e 08       		.byte	0x8
 216 002f 32010000 		.4byte	.LASF1
 217 0033 02       		.uleb128 0x2
 218 0034 02       		.byte	0x2
 219 0035 05       		.byte	0x5
 220 0036 13020000 		.4byte	.LASF2
 221 003a 02       		.uleb128 0x2
 222 003b 02       		.byte	0x2
 223 003c 07       		.byte	0x7
 224 003d DB010000 		.4byte	.LASF3
 225 0041 02       		.uleb128 0x2
 226 0042 04       		.byte	0x4
 227 0043 05       		.byte	0x5
 228 0044 A6010000 		.4byte	.LASF4
 229 0048 02       		.uleb128 0x2
 230 0049 04       		.byte	0x4
 231 004a 07       		.byte	0x7
 232 004b 7B000000 		.4byte	.LASF5
 233 004f 02       		.uleb128 0x2
 234 0050 08       		.byte	0x8
 235 0051 05       		.byte	0x5
 236 0052 00000000 		.4byte	.LASF6
 237 0056 02       		.uleb128 0x2
 238 0057 08       		.byte	0x8
 239 0058 07       		.byte	0x7
 240 0059 8D000000 		.4byte	.LASF7
 241 005d 03       		.uleb128 0x3
 242 005e 04       		.byte	0x4
 243 005f 05       		.byte	0x5
ARM GAS  C:\Users\TECHCO~1\AppData\Local\Temp\ccJdynv8.s 			page 9


 244 0060 696E7400 		.ascii	"int\000"
 245 0064 02       		.uleb128 0x2
 246 0065 04       		.byte	0x4
 247 0066 07       		.byte	0x7
 248 0067 21000000 		.4byte	.LASF8
 249 006b 04       		.uleb128 0x4
 250 006c 75000000 		.4byte	.LASF9
 251 0070 02       		.byte	0x2
 252 0071 3801     		.2byte	0x138
 253 0073 2C000000 		.4byte	0x2c
 254 0077 04       		.uleb128 0x4
 255 0078 0E000000 		.4byte	.LASF10
 256 007c 02       		.byte	0x2
 257 007d 3A01     		.2byte	0x13a
 258 007f 48000000 		.4byte	0x48
 259 0083 02       		.uleb128 0x2
 260 0084 04       		.byte	0x4
 261 0085 04       		.byte	0x4
 262 0086 0D020000 		.4byte	.LASF11
 263 008a 02       		.uleb128 0x2
 264 008b 08       		.byte	0x8
 265 008c 04       		.byte	0x4
 266 008d C2010000 		.4byte	.LASF12
 267 0091 02       		.uleb128 0x2
 268 0092 01       		.byte	0x1
 269 0093 08       		.byte	0x8
 270 0094 A1010000 		.4byte	.LASF13
 271 0098 04       		.uleb128 0x4
 272 0099 D5010000 		.4byte	.LASF14
 273 009d 02       		.byte	0x2
 274 009e E401     		.2byte	0x1e4
 275 00a0 A4000000 		.4byte	0xa4
 276 00a4 05       		.uleb128 0x5
 277 00a5 77000000 		.4byte	0x77
 278 00a9 02       		.uleb128 0x2
 279 00aa 04       		.byte	0x4
 280 00ab 07       		.byte	0x7
 281 00ac 1D020000 		.4byte	.LASF15
 282 00b0 06       		.uleb128 0x6
 283 00b1 01       		.byte	0x1
 284 00b2 03       		.byte	0x3
 285 00b3 5B       		.byte	0x5b
 286 00b4 C5000000 		.4byte	0xc5
 287 00b8 07       		.uleb128 0x7
 288 00b9 15000000 		.4byte	.LASF25
 289 00bd 03       		.byte	0x3
 290 00be 5D       		.byte	0x5d
 291 00bf 6B000000 		.4byte	0x6b
 292 00c3 00       		.byte	0
 293 00c4 00       		.byte	0
 294 00c5 08       		.uleb128 0x8
 295 00c6 FA010000 		.4byte	.LASF16
 296 00ca 03       		.byte	0x3
 297 00cb 5E       		.byte	0x5e
 298 00cc B0000000 		.4byte	0xb0
 299 00d0 09       		.uleb128 0x9
 300 00d1 3B000000 		.4byte	.LASF17
ARM GAS  C:\Users\TECHCO~1\AppData\Local\Temp\ccJdynv8.s 			page 10


 301 00d5 01       		.byte	0x1
 302 00d6 43       		.byte	0x43
 303 00d7 00000000 		.4byte	.LFB0
 304 00db 74000000 		.4byte	.LFE0-.LFB0
 305 00df 01       		.uleb128 0x1
 306 00e0 9C       		.byte	0x9c
 307 00e1 09       		.uleb128 0x9
 308 00e2 69000000 		.4byte	.LASF18
 309 00e6 01       		.byte	0x1
 310 00e7 98       		.byte	0x98
 311 00e8 00000000 		.4byte	.LFB1
 312 00ec 60000000 		.4byte	.LFE1-.LFB1
 313 00f0 01       		.uleb128 0x1
 314 00f1 9C       		.byte	0x9c
 315 00f2 0A       		.uleb128 0xa
 316 00f3 C9010000 		.4byte	.LASF19
 317 00f7 01       		.byte	0x1
 318 00f8 2C       		.byte	0x2c
 319 00f9 C5000000 		.4byte	0xc5
 320 00fd 05       		.uleb128 0x5
 321 00fe 03       		.byte	0x3
 322 00ff 00000000 		.4byte	Comm_backup
 323 0103 0B       		.uleb128 0xb
 324 0104 2E000000 		.4byte	.LASF20
 325 0108 04       		.byte	0x4
 326 0109 42       		.byte	0x42
 327 010a 6B000000 		.4byte	0x6b
 328 010e 0B       		.uleb128 0xb
 329 010f AF010000 		.4byte	.LASF21
 330 0113 04       		.byte	0x4
 331 0114 43       		.byte	0x43
 332 0115 6B000000 		.4byte	0x6b
 333 0119 00       		.byte	0
 334              		.section	.debug_abbrev,"",%progbits
 335              	.Ldebug_abbrev0:
 336 0000 01       		.uleb128 0x1
 337 0001 11       		.uleb128 0x11
 338 0002 01       		.byte	0x1
 339 0003 25       		.uleb128 0x25
 340 0004 0E       		.uleb128 0xe
 341 0005 13       		.uleb128 0x13
 342 0006 0B       		.uleb128 0xb
 343 0007 03       		.uleb128 0x3
 344 0008 0E       		.uleb128 0xe
 345 0009 1B       		.uleb128 0x1b
 346 000a 0E       		.uleb128 0xe
 347 000b 55       		.uleb128 0x55
 348 000c 17       		.uleb128 0x17
 349 000d 11       		.uleb128 0x11
 350 000e 01       		.uleb128 0x1
 351 000f 10       		.uleb128 0x10
 352 0010 17       		.uleb128 0x17
 353 0011 00       		.byte	0
 354 0012 00       		.byte	0
 355 0013 02       		.uleb128 0x2
 356 0014 24       		.uleb128 0x24
 357 0015 00       		.byte	0
ARM GAS  C:\Users\TECHCO~1\AppData\Local\Temp\ccJdynv8.s 			page 11


 358 0016 0B       		.uleb128 0xb
 359 0017 0B       		.uleb128 0xb
 360 0018 3E       		.uleb128 0x3e
 361 0019 0B       		.uleb128 0xb
 362 001a 03       		.uleb128 0x3
 363 001b 0E       		.uleb128 0xe
 364 001c 00       		.byte	0
 365 001d 00       		.byte	0
 366 001e 03       		.uleb128 0x3
 367 001f 24       		.uleb128 0x24
 368 0020 00       		.byte	0
 369 0021 0B       		.uleb128 0xb
 370 0022 0B       		.uleb128 0xb
 371 0023 3E       		.uleb128 0x3e
 372 0024 0B       		.uleb128 0xb
 373 0025 03       		.uleb128 0x3
 374 0026 08       		.uleb128 0x8
 375 0027 00       		.byte	0
 376 0028 00       		.byte	0
 377 0029 04       		.uleb128 0x4
 378 002a 16       		.uleb128 0x16
 379 002b 00       		.byte	0
 380 002c 03       		.uleb128 0x3
 381 002d 0E       		.uleb128 0xe
 382 002e 3A       		.uleb128 0x3a
 383 002f 0B       		.uleb128 0xb
 384 0030 3B       		.uleb128 0x3b
 385 0031 05       		.uleb128 0x5
 386 0032 49       		.uleb128 0x49
 387 0033 13       		.uleb128 0x13
 388 0034 00       		.byte	0
 389 0035 00       		.byte	0
 390 0036 05       		.uleb128 0x5
 391 0037 35       		.uleb128 0x35
 392 0038 00       		.byte	0
 393 0039 49       		.uleb128 0x49
 394 003a 13       		.uleb128 0x13
 395 003b 00       		.byte	0
 396 003c 00       		.byte	0
 397 003d 06       		.uleb128 0x6
 398 003e 13       		.uleb128 0x13
 399 003f 01       		.byte	0x1
 400 0040 0B       		.uleb128 0xb
 401 0041 0B       		.uleb128 0xb
 402 0042 3A       		.uleb128 0x3a
 403 0043 0B       		.uleb128 0xb
 404 0044 3B       		.uleb128 0x3b
 405 0045 0B       		.uleb128 0xb
 406 0046 01       		.uleb128 0x1
 407 0047 13       		.uleb128 0x13
 408 0048 00       		.byte	0
 409 0049 00       		.byte	0
 410 004a 07       		.uleb128 0x7
 411 004b 0D       		.uleb128 0xd
 412 004c 00       		.byte	0
 413 004d 03       		.uleb128 0x3
 414 004e 0E       		.uleb128 0xe
ARM GAS  C:\Users\TECHCO~1\AppData\Local\Temp\ccJdynv8.s 			page 12


 415 004f 3A       		.uleb128 0x3a
 416 0050 0B       		.uleb128 0xb
 417 0051 3B       		.uleb128 0x3b
 418 0052 0B       		.uleb128 0xb
 419 0053 49       		.uleb128 0x49
 420 0054 13       		.uleb128 0x13
 421 0055 38       		.uleb128 0x38
 422 0056 0B       		.uleb128 0xb
 423 0057 00       		.byte	0
 424 0058 00       		.byte	0
 425 0059 08       		.uleb128 0x8
 426 005a 16       		.uleb128 0x16
 427 005b 00       		.byte	0
 428 005c 03       		.uleb128 0x3
 429 005d 0E       		.uleb128 0xe
 430 005e 3A       		.uleb128 0x3a
 431 005f 0B       		.uleb128 0xb
 432 0060 3B       		.uleb128 0x3b
 433 0061 0B       		.uleb128 0xb
 434 0062 49       		.uleb128 0x49
 435 0063 13       		.uleb128 0x13
 436 0064 00       		.byte	0
 437 0065 00       		.byte	0
 438 0066 09       		.uleb128 0x9
 439 0067 2E       		.uleb128 0x2e
 440 0068 00       		.byte	0
 441 0069 3F       		.uleb128 0x3f
 442 006a 19       		.uleb128 0x19
 443 006b 03       		.uleb128 0x3
 444 006c 0E       		.uleb128 0xe
 445 006d 3A       		.uleb128 0x3a
 446 006e 0B       		.uleb128 0xb
 447 006f 3B       		.uleb128 0x3b
 448 0070 0B       		.uleb128 0xb
 449 0071 27       		.uleb128 0x27
 450 0072 19       		.uleb128 0x19
 451 0073 11       		.uleb128 0x11
 452 0074 01       		.uleb128 0x1
 453 0075 12       		.uleb128 0x12
 454 0076 06       		.uleb128 0x6
 455 0077 40       		.uleb128 0x40
 456 0078 18       		.uleb128 0x18
 457 0079 9642     		.uleb128 0x2116
 458 007b 19       		.uleb128 0x19
 459 007c 00       		.byte	0
 460 007d 00       		.byte	0
 461 007e 0A       		.uleb128 0xa
 462 007f 34       		.uleb128 0x34
 463 0080 00       		.byte	0
 464 0081 03       		.uleb128 0x3
 465 0082 0E       		.uleb128 0xe
 466 0083 3A       		.uleb128 0x3a
 467 0084 0B       		.uleb128 0xb
 468 0085 3B       		.uleb128 0x3b
 469 0086 0B       		.uleb128 0xb
 470 0087 49       		.uleb128 0x49
 471 0088 13       		.uleb128 0x13
ARM GAS  C:\Users\TECHCO~1\AppData\Local\Temp\ccJdynv8.s 			page 13


 472 0089 3F       		.uleb128 0x3f
 473 008a 19       		.uleb128 0x19
 474 008b 02       		.uleb128 0x2
 475 008c 18       		.uleb128 0x18
 476 008d 00       		.byte	0
 477 008e 00       		.byte	0
 478 008f 0B       		.uleb128 0xb
 479 0090 34       		.uleb128 0x34
 480 0091 00       		.byte	0
 481 0092 03       		.uleb128 0x3
 482 0093 0E       		.uleb128 0xe
 483 0094 3A       		.uleb128 0x3a
 484 0095 0B       		.uleb128 0xb
 485 0096 3B       		.uleb128 0x3b
 486 0097 0B       		.uleb128 0xb
 487 0098 49       		.uleb128 0x49
 488 0099 13       		.uleb128 0x13
 489 009a 3F       		.uleb128 0x3f
 490 009b 19       		.uleb128 0x19
 491 009c 3C       		.uleb128 0x3c
 492 009d 19       		.uleb128 0x19
 493 009e 00       		.byte	0
 494 009f 00       		.byte	0
 495 00a0 00       		.byte	0
 496              		.section	.debug_aranges,"",%progbits
 497 0000 24000000 		.4byte	0x24
 498 0004 0200     		.2byte	0x2
 499 0006 00000000 		.4byte	.Ldebug_info0
 500 000a 04       		.byte	0x4
 501 000b 00       		.byte	0
 502 000c 0000     		.2byte	0
 503 000e 0000     		.2byte	0
 504 0010 00000000 		.4byte	.LFB0
 505 0014 74000000 		.4byte	.LFE0-.LFB0
 506 0018 00000000 		.4byte	.LFB1
 507 001c 60000000 		.4byte	.LFE1-.LFB1
 508 0020 00000000 		.4byte	0
 509 0024 00000000 		.4byte	0
 510              		.section	.debug_ranges,"",%progbits
 511              	.Ldebug_ranges0:
 512 0000 00000000 		.4byte	.LFB0
 513 0004 74000000 		.4byte	.LFE0
 514 0008 00000000 		.4byte	.LFB1
 515 000c 60000000 		.4byte	.LFE1
 516 0010 00000000 		.4byte	0
 517 0014 00000000 		.4byte	0
 518              		.section	.debug_line,"",%progbits
 519              	.Ldebug_line0:
 520 0000 BC000000 		.section	.debug_str,"MS",%progbits,1
 520      02007500 
 520      00000201 
 520      FB0E0D00 
 520      01010101 
 521              	.LASF6:
 522 0000 6C6F6E67 		.ascii	"long long int\000"
 522      206C6F6E 
 522      6720696E 
ARM GAS  C:\Users\TECHCO~1\AppData\Local\Temp\ccJdynv8.s 			page 14


 522      7400
 523              	.LASF10:
 524 000e 75696E74 		.ascii	"uint32\000"
 524      333200
 525              	.LASF25:
 526 0015 656E6162 		.ascii	"enableState\000"
 526      6C655374 
 526      61746500 
 527              	.LASF8:
 528 0021 756E7369 		.ascii	"unsigned int\000"
 528      676E6564 
 528      20696E74 
 528      00
 529              	.LASF20:
 530 002e 436F6D6D 		.ascii	"Comm_scbMode\000"
 530      5F736362 
 530      4D6F6465 
 530      00
 531              	.LASF17:
 532 003b 436F6D6D 		.ascii	"Comm_Sleep\000"
 532      5F536C65 
 532      657000
 533              	.LASF23:
 534 0046 2E5C4765 		.ascii	".\\Generated_Source\\PSoC4\\Comm_PM.c\000"
 534      6E657261 
 534      7465645F 
 534      536F7572 
 534      63655C50 
 535              	.LASF18:
 536 0069 436F6D6D 		.ascii	"Comm_Wakeup\000"
 536      5F57616B 
 536      65757000 
 537              	.LASF9:
 538 0075 75696E74 		.ascii	"uint8\000"
 538      3800
 539              	.LASF5:
 540 007b 6C6F6E67 		.ascii	"long unsigned int\000"
 540      20756E73 
 540      69676E65 
 540      6420696E 
 540      7400
 541              	.LASF7:
 542 008d 6C6F6E67 		.ascii	"long long unsigned int\000"
 542      206C6F6E 
 542      6720756E 
 542      7369676E 
 542      65642069 
 543              	.LASF22:
 544 00a4 474E5520 		.ascii	"GNU C 4.9.3 20150303 (release) [ARM/embedded-4_9-br"
 544      4320342E 
 544      392E3320 
 544      32303135 
 544      30333033 
 545 00d7 616E6368 		.ascii	"anch revision 221220] -mcpu=cortex-m0 -mthumb -g -O"
 545      20726576 
 545      6973696F 
 545      6E203232 
ARM GAS  C:\Users\TECHCO~1\AppData\Local\Temp\ccJdynv8.s 			page 15


 545      31323230 
 546 010a 30202D66 		.ascii	"0 -ffunction-sections -ffat-lto-objects\000"
 546      66756E63 
 546      74696F6E 
 546      2D736563 
 546      74696F6E 
 547              	.LASF1:
 548 0132 756E7369 		.ascii	"unsigned char\000"
 548      676E6564 
 548      20636861 
 548      7200
 549              	.LASF24:
 550 0140 433A5C55 		.ascii	"C:\\Users\\Tech Consulting\\Desktop\\PSOC4 projects"
 550      73657273 
 550      5C546563 
 550      6820436F 
 550      6E73756C 
 551 016f 5C537465 		.ascii	"\\StepMotor_PSoC4200\\StepMotor_PSoC4200_Dual.cydsn"
 551      704D6F74 
 551      6F725F50 
 551      536F4334 
 551      3230305C 
 552 01a0 00       		.ascii	"\000"
 553              	.LASF13:
 554 01a1 63686172 		.ascii	"char\000"
 554      00
 555              	.LASF4:
 556 01a6 6C6F6E67 		.ascii	"long int\000"
 556      20696E74 
 556      00
 557              	.LASF21:
 558 01af 436F6D6D 		.ascii	"Comm_scbEnableWake\000"
 558      5F736362 
 558      456E6162 
 558      6C655761 
 558      6B6500
 559              	.LASF12:
 560 01c2 646F7562 		.ascii	"double\000"
 560      6C6500
 561              	.LASF19:
 562 01c9 436F6D6D 		.ascii	"Comm_backup\000"
 562      5F626163 
 562      6B757000 
 563              	.LASF14:
 564 01d5 72656733 		.ascii	"reg32\000"
 564      3200
 565              	.LASF3:
 566 01db 73686F72 		.ascii	"short unsigned int\000"
 566      7420756E 
 566      7369676E 
 566      65642069 
 566      6E7400
 567              	.LASF0:
 568 01ee 7369676E 		.ascii	"signed char\000"
 568      65642063 
 568      68617200 
 569              	.LASF16:
ARM GAS  C:\Users\TECHCO~1\AppData\Local\Temp\ccJdynv8.s 			page 16


 570 01fa 436F6D6D 		.ascii	"Comm_BACKUP_STRUCT\000"
 570      5F424143 
 570      4B55505F 
 570      53545255 
 570      435400
 571              	.LASF11:
 572 020d 666C6F61 		.ascii	"float\000"
 572      7400
 573              	.LASF2:
 574 0213 73686F72 		.ascii	"short int\000"
 574      7420696E 
 574      7400
 575              	.LASF15:
 576 021d 73697A65 		.ascii	"sizetype\000"
 576      74797065 
 576      00
 577              		.ident	"GCC: (GNU Tools for ARM Embedded Processors) 4.9.3 20150303 (release) [ARM/embedded-4_9-br
