ARM GAS  C:\Users\TECHCO~1\AppData\Local\Temp\ccR7Oqdf.s 			page 1


   1              		.cpu cortex-m0
   2              		.fpu softvfp
   3              		.eabi_attribute 20, 1
   4              		.eabi_attribute 21, 1
   5              		.eabi_attribute 23, 3
   6              		.eabi_attribute 24, 1
   7              		.eabi_attribute 25, 1
   8              		.eabi_attribute 26, 1
   9              		.eabi_attribute 30, 6
  10              		.eabi_attribute 34, 0
  11              		.eabi_attribute 18, 4
  12              		.code	16
  13              		.file	"genSine.c"
  14              		.text
  15              	.Ltext0:
  16              		.cfi_sections	.debug_frame
  17              		.section	.text.genSine,"ax",%progbits
  18              		.align	2
  19              		.global	genSine
  20              		.code	16
  21              		.thumb_func
  22              		.type	genSine, %function
  23              	genSine:
  24              	.LFB0:
  25              		.file 1 ".\\genSine.c"
   1:.\genSine.c   **** /* ========================================
   2:.\genSine.c   ****  *
   3:.\genSine.c   ****  * Copyright YOUR COMPANY, THE YEAR
   4:.\genSine.c   ****  * All Rights Reserved
   5:.\genSine.c   ****  * UNPUBLISHED, LICENSED SOFTWARE.
   6:.\genSine.c   ****  *
   7:.\genSine.c   ****  * CONFIDENTIAL AND PROPRIETARY INFORMATION
   8:.\genSine.c   ****  * WHICH IS THE PROPERTY OF your company.
   9:.\genSine.c   ****  *
  10:.\genSine.c   ****  * ========================================
  11:.\genSine.c   **** */
  12:.\genSine.c   **** 
  13:.\genSine.c   **** #include <genSine.h>
  14:.\genSine.c   **** uint8 genSine(uint8 position, uint8 motor) {
  26              		.loc 1 14 0
  27              		.cfi_startproc
  28 0000 80B5     		push	{r7, lr}
  29              		.cfi_def_cfa_offset 8
  30              		.cfi_offset 7, -8
  31              		.cfi_offset 14, -4
  32 0002 84B0     		sub	sp, sp, #16
  33              		.cfi_def_cfa_offset 24
  34 0004 00AF     		add	r7, sp, #0
  35              		.cfi_def_cfa_register 7
  36 0006 021C     		mov	r2, r0
  37 0008 FB1D     		add	r3, r7, #7
  38 000a 1A70     		strb	r2, [r3]
  39 000c BB1D     		add	r3, r7, #6
  40 000e 0A1C     		add	r2, r1, #0
  41 0010 1A70     		strb	r2, [r3]
  15:.\genSine.c   **** 	uint8 index;
  16:.\genSine.c   ****     
ARM GAS  C:\Users\TECHCO~1\AppData\Local\Temp\ccR7Oqdf.s 			page 2


  17:.\genSine.c   ****     if(motor == 1) {
  42              		.loc 1 17 0
  43 0012 BB1D     		add	r3, r7, #6
  44 0014 1B78     		ldrb	r3, [r3]
  45 0016 012B     		cmp	r3, #1
  46 0018 1DD1     		bne	.L2
  18:.\genSine.c   ****     	if(position > FullScale) {
  47              		.loc 1 18 0
  48 001a 1F4B     		ldr	r3, .L8
  49 001c 1B78     		ldrb	r3, [r3]
  50 001e FA1D     		add	r2, r7, #7
  51 0020 1278     		ldrb	r2, [r2]
  52 0022 9A42     		cmp	r2, r3
  53 0024 0CD9     		bls	.L3
  19:.\genSine.c   ****     		index = (FullScale - position + FullScale);			
  54              		.loc 1 19 0
  55 0026 1C4B     		ldr	r3, .L8
  56 0028 1A78     		ldrb	r2, [r3]
  57 002a FB1D     		add	r3, r7, #7
  58 002c 1B78     		ldrb	r3, [r3]
  59 002e D31A     		sub	r3, r2, r3
  60 0030 D9B2     		uxtb	r1, r3
  61 0032 194B     		ldr	r3, .L8
  62 0034 1A78     		ldrb	r2, [r3]
  63 0036 0F23     		mov	r3, #15
  64 0038 FB18     		add	r3, r7, r3
  65 003a 8A18     		add	r2, r1, r2
  66 003c 1A70     		strb	r2, [r3]
  67 003e 04E0     		b	.L4
  68              	.L3:
  20:.\genSine.c   ****     	}
  21:.\genSine.c   ****     	else {	
  22:.\genSine.c   ****     			index = position;
  69              		.loc 1 22 0
  70 0040 0F23     		mov	r3, #15
  71 0042 FB18     		add	r3, r7, r3
  72 0044 FA1D     		add	r2, r7, #7
  73 0046 1278     		ldrb	r2, [r2]
  74 0048 1A70     		strb	r2, [r3]
  75              	.L4:
  23:.\genSine.c   ****     	}
  24:.\genSine.c   ****         return sineTable[index];
  76              		.loc 1 24 0
  77 004a 0F23     		mov	r3, #15
  78 004c FB18     		add	r3, r7, r3
  79 004e 1B78     		ldrb	r3, [r3]
  80 0050 124A     		ldr	r2, .L8+4
  81 0052 D35C     		ldrb	r3, [r2, r3]
  82 0054 1CE0     		b	.L5
  83              	.L2:
  25:.\genSine.c   ****     } // Motor 1
  26:.\genSine.c   ****     else {
  27:.\genSine.c   ****         // Motor 2
  28:.\genSine.c   ****     	if(position > FullScale1) {
  84              		.loc 1 28 0
  85 0056 124B     		ldr	r3, .L8+8
  86 0058 1B78     		ldrb	r3, [r3]
ARM GAS  C:\Users\TECHCO~1\AppData\Local\Temp\ccR7Oqdf.s 			page 3


  87 005a FA1D     		add	r2, r7, #7
  88 005c 1278     		ldrb	r2, [r2]
  89 005e 9A42     		cmp	r2, r3
  90 0060 0CD9     		bls	.L6
  29:.\genSine.c   ****     		index = (FullScale1 - position + FullScale1);			
  91              		.loc 1 29 0
  92 0062 0F4B     		ldr	r3, .L8+8
  93 0064 1A78     		ldrb	r2, [r3]
  94 0066 FB1D     		add	r3, r7, #7
  95 0068 1B78     		ldrb	r3, [r3]
  96 006a D31A     		sub	r3, r2, r3
  97 006c D9B2     		uxtb	r1, r3
  98 006e 0C4B     		ldr	r3, .L8+8
  99 0070 1A78     		ldrb	r2, [r3]
 100 0072 0F23     		mov	r3, #15
 101 0074 FB18     		add	r3, r7, r3
 102 0076 8A18     		add	r2, r1, r2
 103 0078 1A70     		strb	r2, [r3]
 104 007a 04E0     		b	.L7
 105              	.L6:
  30:.\genSine.c   ****     	}
  31:.\genSine.c   ****     	else {	
  32:.\genSine.c   ****     			index = position;
 106              		.loc 1 32 0
 107 007c 0F23     		mov	r3, #15
 108 007e FB18     		add	r3, r7, r3
 109 0080 FA1D     		add	r2, r7, #7
 110 0082 1278     		ldrb	r2, [r2]
 111 0084 1A70     		strb	r2, [r3]
 112              	.L7:
  33:.\genSine.c   ****     	}
  34:.\genSine.c   ****         return sineTable[index];
 113              		.loc 1 34 0
 114 0086 0F23     		mov	r3, #15
 115 0088 FB18     		add	r3, r7, r3
 116 008a 1B78     		ldrb	r3, [r3]
 117 008c 034A     		ldr	r2, .L8+4
 118 008e D35C     		ldrb	r3, [r2, r3]
 119              	.L5:
  35:.\genSine.c   ****     } // Motor 2
  36:.\genSine.c   **** }...
 120              		.loc 1 36 0
 121 0090 181C     		mov	r0, r3
 122 0092 BD46     		mov	sp, r7
 123 0094 04B0     		add	sp, sp, #16
 124              		@ sp needed
 125 0096 80BD     		pop	{r7, pc}
 126              	.L9:
 127              		.align	2
 128              	.L8:
 129 0098 00000000 		.word	FullScale
 130 009c 00000000 		.word	sineTable
 131 00a0 00000000 		.word	FullScale1
 132              		.cfi_endproc
 133              	.LFE0:
 134              		.size	genSine, .-genSine
 135              		.text
ARM GAS  C:\Users\TECHCO~1\AppData\Local\Temp\ccR7Oqdf.s 			page 4


 136              	.Letext0:
 137              		.file 2 "./genSine.h"
 138              		.file 3 "Generated_Source\\PSoC4/cytypes.h"
 139              		.section	.debug_info,"",%progbits
 140              	.Ldebug_info0:
 141 0000 05010000 		.4byte	0x105
 142 0004 0400     		.2byte	0x4
 143 0006 00000000 		.4byte	.Ldebug_abbrev0
 144 000a 04       		.byte	0x4
 145 000b 01       		.uleb128 0x1
 146 000c 0E000000 		.4byte	.LASF18
 147 0010 01       		.byte	0x1
 148 0011 C7000000 		.4byte	.LASF19
 149 0015 05010000 		.4byte	.LASF20
 150 0019 00000000 		.4byte	.Ldebug_ranges0+0
 151 001d 00000000 		.4byte	0
 152 0021 00000000 		.4byte	.Ldebug_line0
 153 0025 02       		.uleb128 0x2
 154 0026 01       		.byte	0x1
 155 0027 06       		.byte	0x6
 156 0028 A3010000 		.4byte	.LASF0
 157 002c 02       		.uleb128 0x2
 158 002d 01       		.byte	0x1
 159 002e 08       		.byte	0x8
 160 002f A9000000 		.4byte	.LASF1
 161 0033 02       		.uleb128 0x2
 162 0034 02       		.byte	0x2
 163 0035 05       		.byte	0x5
 164 0036 C9010000 		.4byte	.LASF2
 165 003a 02       		.uleb128 0x2
 166 003b 02       		.byte	0x2
 167 003c 07       		.byte	0x7
 168 003d 90010000 		.4byte	.LASF3
 169 0041 02       		.uleb128 0x2
 170 0042 04       		.byte	0x4
 171 0043 05       		.byte	0x5
 172 0044 6E010000 		.4byte	.LASF4
 173 0048 02       		.uleb128 0x2
 174 0049 04       		.byte	0x4
 175 004a 07       		.byte	0x7
 176 004b 77010000 		.4byte	.LASF5
 177 004f 02       		.uleb128 0x2
 178 0050 08       		.byte	0x8
 179 0051 05       		.byte	0x5
 180 0052 00000000 		.4byte	.LASF6
 181 0056 02       		.uleb128 0x2
 182 0057 08       		.byte	0x8
 183 0058 07       		.byte	0x7
 184 0059 D3000000 		.4byte	.LASF7
 185 005d 03       		.uleb128 0x3
 186 005e 04       		.byte	0x4
 187 005f 05       		.byte	0x5
 188 0060 696E7400 		.ascii	"int\000"
 189 0064 02       		.uleb128 0x2
 190 0065 04       		.byte	0x4
 191 0066 07       		.byte	0x7
 192 0067 9C000000 		.4byte	.LASF8
ARM GAS  C:\Users\TECHCO~1\AppData\Local\Temp\ccR7Oqdf.s 			page 5


 193 006b 04       		.uleb128 0x4
 194 006c C1000000 		.4byte	.LASF21
 195 0070 03       		.byte	0x3
 196 0071 3801     		.2byte	0x138
 197 0073 2C000000 		.4byte	0x2c
 198 0077 02       		.uleb128 0x2
 199 0078 04       		.byte	0x4
 200 0079 04       		.byte	0x4
 201 007a B8010000 		.4byte	.LASF9
 202 007e 02       		.uleb128 0x2
 203 007f 08       		.byte	0x8
 204 0080 04       		.byte	0x4
 205 0081 89010000 		.4byte	.LASF10
 206 0085 02       		.uleb128 0x2
 207 0086 01       		.byte	0x1
 208 0087 08       		.byte	0x8
 209 0088 F4000000 		.4byte	.LASF11
 210 008c 02       		.uleb128 0x2
 211 008d 04       		.byte	0x4
 212 008e 07       		.byte	0x7
 213 008f D3010000 		.4byte	.LASF12
 214 0093 05       		.uleb128 0x5
 215 0094 66010000 		.4byte	.LASF22
 216 0098 01       		.byte	0x1
 217 0099 0E       		.byte	0xe
 218 009a 6B000000 		.4byte	0x6b
 219 009e 00000000 		.4byte	.LFB0
 220 00a2 A4000000 		.4byte	.LFE0-.LFB0
 221 00a6 01       		.uleb128 0x1
 222 00a7 9C       		.byte	0x9c
 223 00a8 D7000000 		.4byte	0xd7
 224 00ac 06       		.uleb128 0x6
 225 00ad AF010000 		.4byte	.LASF13
 226 00b1 01       		.byte	0x1
 227 00b2 0E       		.byte	0xe
 228 00b3 6B000000 		.4byte	0x6b
 229 00b7 02       		.uleb128 0x2
 230 00b8 91       		.byte	0x91
 231 00b9 6F       		.sleb128 -17
 232 00ba 06       		.uleb128 0x6
 233 00bb FF000000 		.4byte	.LASF14
 234 00bf 01       		.byte	0x1
 235 00c0 0E       		.byte	0xe
 236 00c1 6B000000 		.4byte	0x6b
 237 00c5 02       		.uleb128 0x2
 238 00c6 91       		.byte	0x91
 239 00c7 6E       		.sleb128 -18
 240 00c8 07       		.uleb128 0x7
 241 00c9 F9000000 		.4byte	.LASF23
 242 00cd 01       		.byte	0x1
 243 00ce 0F       		.byte	0xf
 244 00cf 6B000000 		.4byte	0x6b
 245 00d3 02       		.uleb128 0x2
 246 00d4 91       		.byte	0x91
 247 00d5 77       		.sleb128 -9
 248 00d6 00       		.byte	0
 249 00d7 08       		.uleb128 0x8
ARM GAS  C:\Users\TECHCO~1\AppData\Local\Temp\ccR7Oqdf.s 			page 6


 250 00d8 6B000000 		.4byte	0x6b
 251 00dc E2000000 		.4byte	0xe2
 252 00e0 09       		.uleb128 0x9
 253 00e1 00       		.byte	0
 254 00e2 0A       		.uleb128 0xa
 255 00e3 B7000000 		.4byte	.LASF15
 256 00e7 02       		.byte	0x2
 257 00e8 0F       		.byte	0xf
 258 00e9 ED000000 		.4byte	0xed
 259 00ed 0B       		.uleb128 0xb
 260 00ee D7000000 		.4byte	0xd7
 261 00f2 0A       		.uleb128 0xa
 262 00f3 EA000000 		.4byte	.LASF16
 263 00f7 02       		.byte	0x2
 264 00f8 10       		.byte	0x10
 265 00f9 6B000000 		.4byte	0x6b
 266 00fd 0A       		.uleb128 0xa
 267 00fe BE010000 		.4byte	.LASF17
 268 0102 02       		.byte	0x2
 269 0103 11       		.byte	0x11
 270 0104 6B000000 		.4byte	0x6b
 271 0108 00       		.byte	0
 272              		.section	.debug_abbrev,"",%progbits
 273              	.Ldebug_abbrev0:
 274 0000 01       		.uleb128 0x1
 275 0001 11       		.uleb128 0x11
 276 0002 01       		.byte	0x1
 277 0003 25       		.uleb128 0x25
 278 0004 0E       		.uleb128 0xe
 279 0005 13       		.uleb128 0x13
 280 0006 0B       		.uleb128 0xb
 281 0007 03       		.uleb128 0x3
 282 0008 0E       		.uleb128 0xe
 283 0009 1B       		.uleb128 0x1b
 284 000a 0E       		.uleb128 0xe
 285 000b 55       		.uleb128 0x55
 286 000c 17       		.uleb128 0x17
 287 000d 11       		.uleb128 0x11
 288 000e 01       		.uleb128 0x1
 289 000f 10       		.uleb128 0x10
 290 0010 17       		.uleb128 0x17
 291 0011 00       		.byte	0
 292 0012 00       		.byte	0
 293 0013 02       		.uleb128 0x2
 294 0014 24       		.uleb128 0x24
 295 0015 00       		.byte	0
 296 0016 0B       		.uleb128 0xb
 297 0017 0B       		.uleb128 0xb
 298 0018 3E       		.uleb128 0x3e
 299 0019 0B       		.uleb128 0xb
 300 001a 03       		.uleb128 0x3
 301 001b 0E       		.uleb128 0xe
 302 001c 00       		.byte	0
 303 001d 00       		.byte	0
 304 001e 03       		.uleb128 0x3
 305 001f 24       		.uleb128 0x24
 306 0020 00       		.byte	0
ARM GAS  C:\Users\TECHCO~1\AppData\Local\Temp\ccR7Oqdf.s 			page 7


 307 0021 0B       		.uleb128 0xb
 308 0022 0B       		.uleb128 0xb
 309 0023 3E       		.uleb128 0x3e
 310 0024 0B       		.uleb128 0xb
 311 0025 03       		.uleb128 0x3
 312 0026 08       		.uleb128 0x8
 313 0027 00       		.byte	0
 314 0028 00       		.byte	0
 315 0029 04       		.uleb128 0x4
 316 002a 16       		.uleb128 0x16
 317 002b 00       		.byte	0
 318 002c 03       		.uleb128 0x3
 319 002d 0E       		.uleb128 0xe
 320 002e 3A       		.uleb128 0x3a
 321 002f 0B       		.uleb128 0xb
 322 0030 3B       		.uleb128 0x3b
 323 0031 05       		.uleb128 0x5
 324 0032 49       		.uleb128 0x49
 325 0033 13       		.uleb128 0x13
 326 0034 00       		.byte	0
 327 0035 00       		.byte	0
 328 0036 05       		.uleb128 0x5
 329 0037 2E       		.uleb128 0x2e
 330 0038 01       		.byte	0x1
 331 0039 3F       		.uleb128 0x3f
 332 003a 19       		.uleb128 0x19
 333 003b 03       		.uleb128 0x3
 334 003c 0E       		.uleb128 0xe
 335 003d 3A       		.uleb128 0x3a
 336 003e 0B       		.uleb128 0xb
 337 003f 3B       		.uleb128 0x3b
 338 0040 0B       		.uleb128 0xb
 339 0041 27       		.uleb128 0x27
 340 0042 19       		.uleb128 0x19
 341 0043 49       		.uleb128 0x49
 342 0044 13       		.uleb128 0x13
 343 0045 11       		.uleb128 0x11
 344 0046 01       		.uleb128 0x1
 345 0047 12       		.uleb128 0x12
 346 0048 06       		.uleb128 0x6
 347 0049 40       		.uleb128 0x40
 348 004a 18       		.uleb128 0x18
 349 004b 9742     		.uleb128 0x2117
 350 004d 19       		.uleb128 0x19
 351 004e 01       		.uleb128 0x1
 352 004f 13       		.uleb128 0x13
 353 0050 00       		.byte	0
 354 0051 00       		.byte	0
 355 0052 06       		.uleb128 0x6
 356 0053 05       		.uleb128 0x5
 357 0054 00       		.byte	0
 358 0055 03       		.uleb128 0x3
 359 0056 0E       		.uleb128 0xe
 360 0057 3A       		.uleb128 0x3a
 361 0058 0B       		.uleb128 0xb
 362 0059 3B       		.uleb128 0x3b
 363 005a 0B       		.uleb128 0xb
ARM GAS  C:\Users\TECHCO~1\AppData\Local\Temp\ccR7Oqdf.s 			page 8


 364 005b 49       		.uleb128 0x49
 365 005c 13       		.uleb128 0x13
 366 005d 02       		.uleb128 0x2
 367 005e 18       		.uleb128 0x18
 368 005f 00       		.byte	0
 369 0060 00       		.byte	0
 370 0061 07       		.uleb128 0x7
 371 0062 34       		.uleb128 0x34
 372 0063 00       		.byte	0
 373 0064 03       		.uleb128 0x3
 374 0065 0E       		.uleb128 0xe
 375 0066 3A       		.uleb128 0x3a
 376 0067 0B       		.uleb128 0xb
 377 0068 3B       		.uleb128 0x3b
 378 0069 0B       		.uleb128 0xb
 379 006a 49       		.uleb128 0x49
 380 006b 13       		.uleb128 0x13
 381 006c 02       		.uleb128 0x2
 382 006d 18       		.uleb128 0x18
 383 006e 00       		.byte	0
 384 006f 00       		.byte	0
 385 0070 08       		.uleb128 0x8
 386 0071 01       		.uleb128 0x1
 387 0072 01       		.byte	0x1
 388 0073 49       		.uleb128 0x49
 389 0074 13       		.uleb128 0x13
 390 0075 01       		.uleb128 0x1
 391 0076 13       		.uleb128 0x13
 392 0077 00       		.byte	0
 393 0078 00       		.byte	0
 394 0079 09       		.uleb128 0x9
 395 007a 21       		.uleb128 0x21
 396 007b 00       		.byte	0
 397 007c 00       		.byte	0
 398 007d 00       		.byte	0
 399 007e 0A       		.uleb128 0xa
 400 007f 34       		.uleb128 0x34
 401 0080 00       		.byte	0
 402 0081 03       		.uleb128 0x3
 403 0082 0E       		.uleb128 0xe
 404 0083 3A       		.uleb128 0x3a
 405 0084 0B       		.uleb128 0xb
 406 0085 3B       		.uleb128 0x3b
 407 0086 0B       		.uleb128 0xb
 408 0087 49       		.uleb128 0x49
 409 0088 13       		.uleb128 0x13
 410 0089 3F       		.uleb128 0x3f
 411 008a 19       		.uleb128 0x19
 412 008b 3C       		.uleb128 0x3c
 413 008c 19       		.uleb128 0x19
 414 008d 00       		.byte	0
 415 008e 00       		.byte	0
 416 008f 0B       		.uleb128 0xb
 417 0090 26       		.uleb128 0x26
 418 0091 00       		.byte	0
 419 0092 49       		.uleb128 0x49
 420 0093 13       		.uleb128 0x13
ARM GAS  C:\Users\TECHCO~1\AppData\Local\Temp\ccR7Oqdf.s 			page 9


 421 0094 00       		.byte	0
 422 0095 00       		.byte	0
 423 0096 00       		.byte	0
 424              		.section	.debug_aranges,"",%progbits
 425 0000 1C000000 		.4byte	0x1c
 426 0004 0200     		.2byte	0x2
 427 0006 00000000 		.4byte	.Ldebug_info0
 428 000a 04       		.byte	0x4
 429 000b 00       		.byte	0
 430 000c 0000     		.2byte	0
 431 000e 0000     		.2byte	0
 432 0010 00000000 		.4byte	.LFB0
 433 0014 A4000000 		.4byte	.LFE0-.LFB0
 434 0018 00000000 		.4byte	0
 435 001c 00000000 		.4byte	0
 436              		.section	.debug_ranges,"",%progbits
 437              	.Ldebug_ranges0:
 438 0000 00000000 		.4byte	.LFB0
 439 0004 A4000000 		.4byte	.LFE0
 440 0008 00000000 		.4byte	0
 441 000c 00000000 		.4byte	0
 442              		.section	.debug_line,"",%progbits
 443              	.Ldebug_line0:
 444 0000 74000000 		.section	.debug_str,"MS",%progbits,1
 444      02005500 
 444      00000201 
 444      FB0E0D00 
 444      01010101 
 445              	.LASF6:
 446 0000 6C6F6E67 		.ascii	"long long int\000"
 446      206C6F6E 
 446      6720696E 
 446      7400
 447              	.LASF18:
 448 000e 474E5520 		.ascii	"GNU C 4.9.3 20150303 (release) [ARM/embedded-4_9-br"
 448      4320342E 
 448      392E3320 
 448      32303135 
 448      30333033 
 449 0041 616E6368 		.ascii	"anch revision 221220] -mcpu=cortex-m0 -mthumb -g -O"
 449      20726576 
 449      6973696F 
 449      6E203232 
 449      31323230 
 450 0074 30202D66 		.ascii	"0 -ffunction-sections -ffat-lto-objects\000"
 450      66756E63 
 450      74696F6E 
 450      2D736563 
 450      74696F6E 
 451              	.LASF8:
 452 009c 756E7369 		.ascii	"unsigned int\000"
 452      676E6564 
 452      20696E74 
 452      00
 453              	.LASF1:
 454 00a9 756E7369 		.ascii	"unsigned char\000"
 454      676E6564 
ARM GAS  C:\Users\TECHCO~1\AppData\Local\Temp\ccR7Oqdf.s 			page 10


 454      20636861 
 454      7200
 455              	.LASF15:
 456 00b7 73696E65 		.ascii	"sineTable\000"
 456      5461626C 
 456      6500
 457              	.LASF21:
 458 00c1 75696E74 		.ascii	"uint8\000"
 458      3800
 459              	.LASF19:
 460 00c7 2E5C6765 		.ascii	".\\genSine.c\000"
 460      6E53696E 
 460      652E6300 
 461              	.LASF7:
 462 00d3 6C6F6E67 		.ascii	"long long unsigned int\000"
 462      206C6F6E 
 462      6720756E 
 462      7369676E 
 462      65642069 
 463              	.LASF16:
 464 00ea 46756C6C 		.ascii	"FullScale\000"
 464      5363616C 
 464      6500
 465              	.LASF11:
 466 00f4 63686172 		.ascii	"char\000"
 466      00
 467              	.LASF23:
 468 00f9 696E6465 		.ascii	"index\000"
 468      7800
 469              	.LASF14:
 470 00ff 6D6F746F 		.ascii	"motor\000"
 470      7200
 471              	.LASF20:
 472 0105 433A5C55 		.ascii	"C:\\Users\\Tech Consulting\\Desktop\\PSOC4 projects"
 472      73657273 
 472      5C546563 
 472      6820436F 
 472      6E73756C 
 473 0134 5C537465 		.ascii	"\\StepMotor_PSoC4200\\StepMotor_PSoC4200_Dual.cydsn"
 473      704D6F74 
 473      6F725F50 
 473      536F4334 
 473      3230305C 
 474 0165 00       		.ascii	"\000"
 475              	.LASF22:
 476 0166 67656E53 		.ascii	"genSine\000"
 476      696E6500 
 477              	.LASF4:
 478 016e 6C6F6E67 		.ascii	"long int\000"
 478      20696E74 
 478      00
 479              	.LASF5:
 480 0177 6C6F6E67 		.ascii	"long unsigned int\000"
 480      20756E73 
 480      69676E65 
 480      6420696E 
 480      7400
ARM GAS  C:\Users\TECHCO~1\AppData\Local\Temp\ccR7Oqdf.s 			page 11


 481              	.LASF10:
 482 0189 646F7562 		.ascii	"double\000"
 482      6C6500
 483              	.LASF3:
 484 0190 73686F72 		.ascii	"short unsigned int\000"
 484      7420756E 
 484      7369676E 
 484      65642069 
 484      6E7400
 485              	.LASF0:
 486 01a3 7369676E 		.ascii	"signed char\000"
 486      65642063 
 486      68617200 
 487              	.LASF13:
 488 01af 706F7369 		.ascii	"position\000"
 488      74696F6E 
 488      00
 489              	.LASF9:
 490 01b8 666C6F61 		.ascii	"float\000"
 490      7400
 491              	.LASF17:
 492 01be 46756C6C 		.ascii	"FullScale1\000"
 492      5363616C 
 492      653100
 493              	.LASF2:
 494 01c9 73686F72 		.ascii	"short int\000"
 494      7420696E 
 494      7400
 495              	.LASF12:
 496 01d3 73697A65 		.ascii	"sizetype\000"
 496      74797065 
 496      00
 497              		.ident	"GCC: (GNU Tools for ARM Embedded Processors) 4.9.3 20150303 (release) [ARM/embedded-4_9-br
