ARM GAS  C:\Users\TECHCO~1\AppData\Local\Temp\ccmZhRrf.s 			page 1


   1              		.cpu cortex-m0
   2              		.fpu softvfp
   3              		.eabi_attribute 20, 1
   4              		.eabi_attribute 21, 1
   5              		.eabi_attribute 23, 3
   6              		.eabi_attribute 24, 1
   7              		.eabi_attribute 25, 1
   8              		.eabi_attribute 26, 1
   9              		.eabi_attribute 30, 6
  10              		.eabi_attribute 34, 0
  11              		.eabi_attribute 18, 4
  12              		.code	16
  13              		.file	"INTERNAL_STEP_1_PM.c"
  14              		.text
  15              	.Ltext0:
  16              		.cfi_sections	.debug_frame
  17              		.bss
  18              		.align	2
  19              	INTERNAL_STEP_1_backup:
  20 0000 00000000 		.space	8
  20      00000000 
  21              		.section	.text.INTERNAL_STEP_1_SaveConfig,"ax",%progbits
  22              		.align	2
  23              		.global	INTERNAL_STEP_1_SaveConfig
  24              		.code	16
  25              		.thumb_func
  26              		.type	INTERNAL_STEP_1_SaveConfig, %function
  27              	INTERNAL_STEP_1_SaveConfig:
  28              	.LFB0:
  29              		.file 1 ".\\Generated_Source\\PSoC4\\INTERNAL_STEP_1_PM.c"
   1:.\Generated_Source\PSoC4/INTERNAL_STEP_1_PM.c **** /*******************************************************************************
   2:.\Generated_Source\PSoC4/INTERNAL_STEP_1_PM.c **** * File Name: INTERNAL_STEP_1_PM.c
   3:.\Generated_Source\PSoC4/INTERNAL_STEP_1_PM.c **** * Version 3.30
   4:.\Generated_Source\PSoC4/INTERNAL_STEP_1_PM.c **** *
   5:.\Generated_Source\PSoC4/INTERNAL_STEP_1_PM.c **** * Description:
   6:.\Generated_Source\PSoC4/INTERNAL_STEP_1_PM.c **** *  This file provides the power management source code to API for the
   7:.\Generated_Source\PSoC4/INTERNAL_STEP_1_PM.c **** *  PWM.
   8:.\Generated_Source\PSoC4/INTERNAL_STEP_1_PM.c **** *
   9:.\Generated_Source\PSoC4/INTERNAL_STEP_1_PM.c **** * Note:
  10:.\Generated_Source\PSoC4/INTERNAL_STEP_1_PM.c **** *
  11:.\Generated_Source\PSoC4/INTERNAL_STEP_1_PM.c **** ********************************************************************************
  12:.\Generated_Source\PSoC4/INTERNAL_STEP_1_PM.c **** * Copyright 2008-2014, Cypress Semiconductor Corporation.  All rights reserved.
  13:.\Generated_Source\PSoC4/INTERNAL_STEP_1_PM.c **** * You may use this file only in accordance with the license, terms, conditions,
  14:.\Generated_Source\PSoC4/INTERNAL_STEP_1_PM.c **** * disclaimers, and limitations in the end user license agreement accompanying
  15:.\Generated_Source\PSoC4/INTERNAL_STEP_1_PM.c **** * the software package with which this file was provided.
  16:.\Generated_Source\PSoC4/INTERNAL_STEP_1_PM.c **** *******************************************************************************/
  17:.\Generated_Source\PSoC4/INTERNAL_STEP_1_PM.c **** 
  18:.\Generated_Source\PSoC4/INTERNAL_STEP_1_PM.c **** #include "INTERNAL_STEP_1.h"
  19:.\Generated_Source\PSoC4/INTERNAL_STEP_1_PM.c **** 
  20:.\Generated_Source\PSoC4/INTERNAL_STEP_1_PM.c **** static INTERNAL_STEP_1_backupStruct INTERNAL_STEP_1_backup;
  21:.\Generated_Source\PSoC4/INTERNAL_STEP_1_PM.c **** 
  22:.\Generated_Source\PSoC4/INTERNAL_STEP_1_PM.c **** 
  23:.\Generated_Source\PSoC4/INTERNAL_STEP_1_PM.c **** /*******************************************************************************
  24:.\Generated_Source\PSoC4/INTERNAL_STEP_1_PM.c **** * Function Name: INTERNAL_STEP_1_SaveConfig
  25:.\Generated_Source\PSoC4/INTERNAL_STEP_1_PM.c **** ********************************************************************************
  26:.\Generated_Source\PSoC4/INTERNAL_STEP_1_PM.c **** *
  27:.\Generated_Source\PSoC4/INTERNAL_STEP_1_PM.c **** * Summary:
ARM GAS  C:\Users\TECHCO~1\AppData\Local\Temp\ccmZhRrf.s 			page 2


  28:.\Generated_Source\PSoC4/INTERNAL_STEP_1_PM.c **** *  Saves the current user configuration of the component.
  29:.\Generated_Source\PSoC4/INTERNAL_STEP_1_PM.c **** *
  30:.\Generated_Source\PSoC4/INTERNAL_STEP_1_PM.c **** * Parameters:
  31:.\Generated_Source\PSoC4/INTERNAL_STEP_1_PM.c **** *  None
  32:.\Generated_Source\PSoC4/INTERNAL_STEP_1_PM.c **** *
  33:.\Generated_Source\PSoC4/INTERNAL_STEP_1_PM.c **** * Return:
  34:.\Generated_Source\PSoC4/INTERNAL_STEP_1_PM.c **** *  None
  35:.\Generated_Source\PSoC4/INTERNAL_STEP_1_PM.c **** *
  36:.\Generated_Source\PSoC4/INTERNAL_STEP_1_PM.c **** * Global variables:
  37:.\Generated_Source\PSoC4/INTERNAL_STEP_1_PM.c **** *  INTERNAL_STEP_1_backup:  Variables of this global structure are modified to
  38:.\Generated_Source\PSoC4/INTERNAL_STEP_1_PM.c **** *  store the values of non retention configuration registers when Sleep() API is
  39:.\Generated_Source\PSoC4/INTERNAL_STEP_1_PM.c **** *  called.
  40:.\Generated_Source\PSoC4/INTERNAL_STEP_1_PM.c **** *
  41:.\Generated_Source\PSoC4/INTERNAL_STEP_1_PM.c **** *******************************************************************************/
  42:.\Generated_Source\PSoC4/INTERNAL_STEP_1_PM.c **** void INTERNAL_STEP_1_SaveConfig(void) 
  43:.\Generated_Source\PSoC4/INTERNAL_STEP_1_PM.c **** {
  30              		.loc 1 43 0
  31              		.cfi_startproc
  32 0000 80B5     		push	{r7, lr}
  33              		.cfi_def_cfa_offset 8
  34              		.cfi_offset 7, -8
  35              		.cfi_offset 14, -4
  36 0002 00AF     		add	r7, sp, #0
  37              		.cfi_def_cfa_register 7
  44:.\Generated_Source\PSoC4/INTERNAL_STEP_1_PM.c **** 
  45:.\Generated_Source\PSoC4/INTERNAL_STEP_1_PM.c ****     #if(!INTERNAL_STEP_1_UsingFixedFunction)
  46:.\Generated_Source\PSoC4/INTERNAL_STEP_1_PM.c ****         #if(!INTERNAL_STEP_1_PWMModeIsCenterAligned)
  47:.\Generated_Source\PSoC4/INTERNAL_STEP_1_PM.c ****             INTERNAL_STEP_1_backup.PWMPeriod = INTERNAL_STEP_1_ReadPeriod();
  38              		.loc 1 47 0
  39 0004 FFF7FEFF 		bl	INTERNAL_STEP_1_ReadPeriod
  40 0008 031C     		mov	r3, r0
  41 000a 1A1C     		mov	r2, r3
  42 000c 074B     		ldr	r3, .L2
  43 000e 9A80     		strh	r2, [r3, #4]
  48:.\Generated_Source\PSoC4/INTERNAL_STEP_1_PM.c ****         #endif /* (!INTERNAL_STEP_1_PWMModeIsCenterAligned) */
  49:.\Generated_Source\PSoC4/INTERNAL_STEP_1_PM.c ****         INTERNAL_STEP_1_backup.PWMUdb = INTERNAL_STEP_1_ReadCounter();
  44              		.loc 1 49 0
  45 0010 FFF7FEFF 		bl	INTERNAL_STEP_1_ReadCounter
  46 0014 031C     		mov	r3, r0
  47 0016 1A1C     		mov	r2, r3
  48 0018 044B     		ldr	r3, .L2
  49 001a 5A80     		strh	r2, [r3, #2]
  50:.\Generated_Source\PSoC4/INTERNAL_STEP_1_PM.c ****         #if (INTERNAL_STEP_1_UseStatus)
  51:.\Generated_Source\PSoC4/INTERNAL_STEP_1_PM.c ****             INTERNAL_STEP_1_backup.InterruptMaskValue = INTERNAL_STEP_1_STATUS_MASK;
  52:.\Generated_Source\PSoC4/INTERNAL_STEP_1_PM.c ****         #endif /* (INTERNAL_STEP_1_UseStatus) */
  53:.\Generated_Source\PSoC4/INTERNAL_STEP_1_PM.c **** 
  54:.\Generated_Source\PSoC4/INTERNAL_STEP_1_PM.c ****         #if(INTERNAL_STEP_1_DeadBandMode == INTERNAL_STEP_1__B_PWM__DBM_256_CLOCKS || \
  55:.\Generated_Source\PSoC4/INTERNAL_STEP_1_PM.c ****             INTERNAL_STEP_1_DeadBandMode == INTERNAL_STEP_1__B_PWM__DBM_2_4_CLOCKS)
  56:.\Generated_Source\PSoC4/INTERNAL_STEP_1_PM.c ****             INTERNAL_STEP_1_backup.PWMdeadBandValue = INTERNAL_STEP_1_ReadDeadTime();
  57:.\Generated_Source\PSoC4/INTERNAL_STEP_1_PM.c ****         #endif /*  deadband count is either 2-4 clocks or 256 clocks */
  58:.\Generated_Source\PSoC4/INTERNAL_STEP_1_PM.c **** 
  59:.\Generated_Source\PSoC4/INTERNAL_STEP_1_PM.c ****         #if(INTERNAL_STEP_1_KillModeMinTime)
  60:.\Generated_Source\PSoC4/INTERNAL_STEP_1_PM.c ****              INTERNAL_STEP_1_backup.PWMKillCounterPeriod = INTERNAL_STEP_1_ReadKillTime();
  61:.\Generated_Source\PSoC4/INTERNAL_STEP_1_PM.c ****         #endif /* (INTERNAL_STEP_1_KillModeMinTime) */
  62:.\Generated_Source\PSoC4/INTERNAL_STEP_1_PM.c **** 
  63:.\Generated_Source\PSoC4/INTERNAL_STEP_1_PM.c ****         #if(INTERNAL_STEP_1_UseControl)
  64:.\Generated_Source\PSoC4/INTERNAL_STEP_1_PM.c ****             INTERNAL_STEP_1_backup.PWMControlRegister = INTERNAL_STEP_1_ReadControlRegister();
ARM GAS  C:\Users\TECHCO~1\AppData\Local\Temp\ccmZhRrf.s 			page 3


  50              		.loc 1 64 0
  51 001c FFF7FEFF 		bl	INTERNAL_STEP_1_ReadControlRegister
  52 0020 031C     		mov	r3, r0
  53 0022 1A1C     		mov	r2, r3
  54 0024 014B     		ldr	r3, .L2
  55 0026 9A71     		strb	r2, [r3, #6]
  65:.\Generated_Source\PSoC4/INTERNAL_STEP_1_PM.c ****         #endif /* (INTERNAL_STEP_1_UseControl) */
  66:.\Generated_Source\PSoC4/INTERNAL_STEP_1_PM.c ****     #endif  /* (!INTERNAL_STEP_1_UsingFixedFunction) */
  67:.\Generated_Source\PSoC4/INTERNAL_STEP_1_PM.c **** }
  56              		.loc 1 67 0
  57 0028 BD46     		mov	sp, r7
  58              		@ sp needed
  59 002a 80BD     		pop	{r7, pc}
  60              	.L3:
  61              		.align	2
  62              	.L2:
  63 002c 00000000 		.word	INTERNAL_STEP_1_backup
  64              		.cfi_endproc
  65              	.LFE0:
  66              		.size	INTERNAL_STEP_1_SaveConfig, .-INTERNAL_STEP_1_SaveConfig
  67              		.section	.text.INTERNAL_STEP_1_RestoreConfig,"ax",%progbits
  68              		.align	2
  69              		.global	INTERNAL_STEP_1_RestoreConfig
  70              		.code	16
  71              		.thumb_func
  72              		.type	INTERNAL_STEP_1_RestoreConfig, %function
  73              	INTERNAL_STEP_1_RestoreConfig:
  74              	.LFB1:
  68:.\Generated_Source\PSoC4/INTERNAL_STEP_1_PM.c **** 
  69:.\Generated_Source\PSoC4/INTERNAL_STEP_1_PM.c **** 
  70:.\Generated_Source\PSoC4/INTERNAL_STEP_1_PM.c **** /*******************************************************************************
  71:.\Generated_Source\PSoC4/INTERNAL_STEP_1_PM.c **** * Function Name: INTERNAL_STEP_1_RestoreConfig
  72:.\Generated_Source\PSoC4/INTERNAL_STEP_1_PM.c **** ********************************************************************************
  73:.\Generated_Source\PSoC4/INTERNAL_STEP_1_PM.c **** *
  74:.\Generated_Source\PSoC4/INTERNAL_STEP_1_PM.c **** * Summary:
  75:.\Generated_Source\PSoC4/INTERNAL_STEP_1_PM.c **** *  Restores the current user configuration of the component.
  76:.\Generated_Source\PSoC4/INTERNAL_STEP_1_PM.c **** *
  77:.\Generated_Source\PSoC4/INTERNAL_STEP_1_PM.c **** * Parameters:
  78:.\Generated_Source\PSoC4/INTERNAL_STEP_1_PM.c **** *  None
  79:.\Generated_Source\PSoC4/INTERNAL_STEP_1_PM.c **** *
  80:.\Generated_Source\PSoC4/INTERNAL_STEP_1_PM.c **** * Return:
  81:.\Generated_Source\PSoC4/INTERNAL_STEP_1_PM.c **** *  None
  82:.\Generated_Source\PSoC4/INTERNAL_STEP_1_PM.c **** *
  83:.\Generated_Source\PSoC4/INTERNAL_STEP_1_PM.c **** * Global variables:
  84:.\Generated_Source\PSoC4/INTERNAL_STEP_1_PM.c **** *  INTERNAL_STEP_1_backup:  Variables of this global structure are used to
  85:.\Generated_Source\PSoC4/INTERNAL_STEP_1_PM.c **** *  restore the values of non retention registers on wakeup from sleep mode.
  86:.\Generated_Source\PSoC4/INTERNAL_STEP_1_PM.c **** *
  87:.\Generated_Source\PSoC4/INTERNAL_STEP_1_PM.c **** *******************************************************************************/
  88:.\Generated_Source\PSoC4/INTERNAL_STEP_1_PM.c **** void INTERNAL_STEP_1_RestoreConfig(void) 
  89:.\Generated_Source\PSoC4/INTERNAL_STEP_1_PM.c **** {
  75              		.loc 1 89 0
  76              		.cfi_startproc
  77 0000 80B5     		push	{r7, lr}
  78              		.cfi_def_cfa_offset 8
  79              		.cfi_offset 7, -8
  80              		.cfi_offset 14, -4
  81 0002 00AF     		add	r7, sp, #0
ARM GAS  C:\Users\TECHCO~1\AppData\Local\Temp\ccmZhRrf.s 			page 4


  82              		.cfi_def_cfa_register 7
  90:.\Generated_Source\PSoC4/INTERNAL_STEP_1_PM.c ****         #if(!INTERNAL_STEP_1_UsingFixedFunction)
  91:.\Generated_Source\PSoC4/INTERNAL_STEP_1_PM.c ****             #if(!INTERNAL_STEP_1_PWMModeIsCenterAligned)
  92:.\Generated_Source\PSoC4/INTERNAL_STEP_1_PM.c ****                 INTERNAL_STEP_1_WritePeriod(INTERNAL_STEP_1_backup.PWMPeriod);
  83              		.loc 1 92 0
  84 0004 084B     		ldr	r3, .L5
  85 0006 9B88     		ldrh	r3, [r3, #4]
  86 0008 181C     		mov	r0, r3
  87 000a FFF7FEFF 		bl	INTERNAL_STEP_1_WritePeriod
  93:.\Generated_Source\PSoC4/INTERNAL_STEP_1_PM.c ****             #endif /* (!INTERNAL_STEP_1_PWMModeIsCenterAligned) */
  94:.\Generated_Source\PSoC4/INTERNAL_STEP_1_PM.c **** 
  95:.\Generated_Source\PSoC4/INTERNAL_STEP_1_PM.c ****             INTERNAL_STEP_1_WriteCounter(INTERNAL_STEP_1_backup.PWMUdb);
  88              		.loc 1 95 0
  89 000e 064B     		ldr	r3, .L5
  90 0010 5B88     		ldrh	r3, [r3, #2]
  91 0012 181C     		mov	r0, r3
  92 0014 FFF7FEFF 		bl	INTERNAL_STEP_1_WriteCounter
  96:.\Generated_Source\PSoC4/INTERNAL_STEP_1_PM.c **** 
  97:.\Generated_Source\PSoC4/INTERNAL_STEP_1_PM.c ****             #if (INTERNAL_STEP_1_UseStatus)
  98:.\Generated_Source\PSoC4/INTERNAL_STEP_1_PM.c ****                 INTERNAL_STEP_1_STATUS_MASK = INTERNAL_STEP_1_backup.InterruptMaskValue;
  99:.\Generated_Source\PSoC4/INTERNAL_STEP_1_PM.c ****             #endif /* (INTERNAL_STEP_1_UseStatus) */
 100:.\Generated_Source\PSoC4/INTERNAL_STEP_1_PM.c **** 
 101:.\Generated_Source\PSoC4/INTERNAL_STEP_1_PM.c ****             #if(INTERNAL_STEP_1_DeadBandMode == INTERNAL_STEP_1__B_PWM__DBM_256_CLOCKS || \
 102:.\Generated_Source\PSoC4/INTERNAL_STEP_1_PM.c ****                 INTERNAL_STEP_1_DeadBandMode == INTERNAL_STEP_1__B_PWM__DBM_2_4_CLOCKS)
 103:.\Generated_Source\PSoC4/INTERNAL_STEP_1_PM.c ****                 INTERNAL_STEP_1_WriteDeadTime(INTERNAL_STEP_1_backup.PWMdeadBandValue);
 104:.\Generated_Source\PSoC4/INTERNAL_STEP_1_PM.c ****             #endif /* deadband count is either 2-4 clocks or 256 clocks */
 105:.\Generated_Source\PSoC4/INTERNAL_STEP_1_PM.c **** 
 106:.\Generated_Source\PSoC4/INTERNAL_STEP_1_PM.c ****             #if(INTERNAL_STEP_1_KillModeMinTime)
 107:.\Generated_Source\PSoC4/INTERNAL_STEP_1_PM.c ****                 INTERNAL_STEP_1_WriteKillTime(INTERNAL_STEP_1_backup.PWMKillCounterPeriod);
 108:.\Generated_Source\PSoC4/INTERNAL_STEP_1_PM.c ****             #endif /* (INTERNAL_STEP_1_KillModeMinTime) */
 109:.\Generated_Source\PSoC4/INTERNAL_STEP_1_PM.c **** 
 110:.\Generated_Source\PSoC4/INTERNAL_STEP_1_PM.c ****             #if(INTERNAL_STEP_1_UseControl)
 111:.\Generated_Source\PSoC4/INTERNAL_STEP_1_PM.c ****                 INTERNAL_STEP_1_WriteControlRegister(INTERNAL_STEP_1_backup.PWMControlRegister);
  93              		.loc 1 111 0
  94 0018 034B     		ldr	r3, .L5
  95 001a 9B79     		ldrb	r3, [r3, #6]
  96 001c 181C     		mov	r0, r3
  97 001e FFF7FEFF 		bl	INTERNAL_STEP_1_WriteControlRegister
 112:.\Generated_Source\PSoC4/INTERNAL_STEP_1_PM.c ****             #endif /* (INTERNAL_STEP_1_UseControl) */
 113:.\Generated_Source\PSoC4/INTERNAL_STEP_1_PM.c ****         #endif  /* (!INTERNAL_STEP_1_UsingFixedFunction) */
 114:.\Generated_Source\PSoC4/INTERNAL_STEP_1_PM.c ****     }
  98              		.loc 1 114 0
  99 0022 BD46     		mov	sp, r7
 100              		@ sp needed
 101 0024 80BD     		pop	{r7, pc}
 102              	.L6:
 103 0026 C046     		.align	2
 104              	.L5:
 105 0028 00000000 		.word	INTERNAL_STEP_1_backup
 106              		.cfi_endproc
 107              	.LFE1:
 108              		.size	INTERNAL_STEP_1_RestoreConfig, .-INTERNAL_STEP_1_RestoreConfig
 109              		.section	.text.INTERNAL_STEP_1_Sleep,"ax",%progbits
 110              		.align	2
 111              		.global	INTERNAL_STEP_1_Sleep
 112              		.code	16
 113              		.thumb_func
ARM GAS  C:\Users\TECHCO~1\AppData\Local\Temp\ccmZhRrf.s 			page 5


 114              		.type	INTERNAL_STEP_1_Sleep, %function
 115              	INTERNAL_STEP_1_Sleep:
 116              	.LFB2:
 115:.\Generated_Source\PSoC4/INTERNAL_STEP_1_PM.c **** 
 116:.\Generated_Source\PSoC4/INTERNAL_STEP_1_PM.c **** 
 117:.\Generated_Source\PSoC4/INTERNAL_STEP_1_PM.c **** /*******************************************************************************
 118:.\Generated_Source\PSoC4/INTERNAL_STEP_1_PM.c **** * Function Name: INTERNAL_STEP_1_Sleep
 119:.\Generated_Source\PSoC4/INTERNAL_STEP_1_PM.c **** ********************************************************************************
 120:.\Generated_Source\PSoC4/INTERNAL_STEP_1_PM.c **** *
 121:.\Generated_Source\PSoC4/INTERNAL_STEP_1_PM.c **** * Summary:
 122:.\Generated_Source\PSoC4/INTERNAL_STEP_1_PM.c **** *  Disables block's operation and saves the user configuration. Should be called
 123:.\Generated_Source\PSoC4/INTERNAL_STEP_1_PM.c **** *  just prior to entering sleep.
 124:.\Generated_Source\PSoC4/INTERNAL_STEP_1_PM.c **** *
 125:.\Generated_Source\PSoC4/INTERNAL_STEP_1_PM.c **** * Parameters:
 126:.\Generated_Source\PSoC4/INTERNAL_STEP_1_PM.c **** *  None
 127:.\Generated_Source\PSoC4/INTERNAL_STEP_1_PM.c **** *
 128:.\Generated_Source\PSoC4/INTERNAL_STEP_1_PM.c **** * Return:
 129:.\Generated_Source\PSoC4/INTERNAL_STEP_1_PM.c **** *  None
 130:.\Generated_Source\PSoC4/INTERNAL_STEP_1_PM.c **** *
 131:.\Generated_Source\PSoC4/INTERNAL_STEP_1_PM.c **** * Global variables:
 132:.\Generated_Source\PSoC4/INTERNAL_STEP_1_PM.c **** *  INTERNAL_STEP_1_backup.PWMEnableState:  Is modified depending on the enable
 133:.\Generated_Source\PSoC4/INTERNAL_STEP_1_PM.c **** *  state of the block before entering sleep mode.
 134:.\Generated_Source\PSoC4/INTERNAL_STEP_1_PM.c **** *
 135:.\Generated_Source\PSoC4/INTERNAL_STEP_1_PM.c **** *******************************************************************************/
 136:.\Generated_Source\PSoC4/INTERNAL_STEP_1_PM.c **** void INTERNAL_STEP_1_Sleep(void) 
 137:.\Generated_Source\PSoC4/INTERNAL_STEP_1_PM.c **** {
 117              		.loc 1 137 0
 118              		.cfi_startproc
 119 0000 80B5     		push	{r7, lr}
 120              		.cfi_def_cfa_offset 8
 121              		.cfi_offset 7, -8
 122              		.cfi_offset 14, -4
 123 0002 00AF     		add	r7, sp, #0
 124              		.cfi_def_cfa_register 7
 138:.\Generated_Source\PSoC4/INTERNAL_STEP_1_PM.c ****     #if(INTERNAL_STEP_1_UseControl)
 139:.\Generated_Source\PSoC4/INTERNAL_STEP_1_PM.c ****         if(INTERNAL_STEP_1_CTRL_ENABLE == (INTERNAL_STEP_1_CONTROL & INTERNAL_STEP_1_CTRL_ENABLE))
 125              		.loc 1 139 0
 126 0004 094B     		ldr	r3, .L10
 127 0006 1B78     		ldrb	r3, [r3]
 128 0008 DBB2     		uxtb	r3, r3
 129 000a DBB2     		uxtb	r3, r3
 130 000c 5BB2     		sxtb	r3, r3
 131 000e 002B     		cmp	r3, #0
 132 0010 03DA     		bge	.L8
 140:.\Generated_Source\PSoC4/INTERNAL_STEP_1_PM.c ****         {
 141:.\Generated_Source\PSoC4/INTERNAL_STEP_1_PM.c ****             /*Component is enabled */
 142:.\Generated_Source\PSoC4/INTERNAL_STEP_1_PM.c ****             INTERNAL_STEP_1_backup.PWMEnableState = 1u;
 133              		.loc 1 142 0
 134 0012 074B     		ldr	r3, .L10+4
 135 0014 0122     		mov	r2, #1
 136 0016 1A70     		strb	r2, [r3]
 137 0018 02E0     		b	.L9
 138              	.L8:
 143:.\Generated_Source\PSoC4/INTERNAL_STEP_1_PM.c ****         }
 144:.\Generated_Source\PSoC4/INTERNAL_STEP_1_PM.c ****         else
 145:.\Generated_Source\PSoC4/INTERNAL_STEP_1_PM.c ****         {
 146:.\Generated_Source\PSoC4/INTERNAL_STEP_1_PM.c ****             /* Component is disabled */
ARM GAS  C:\Users\TECHCO~1\AppData\Local\Temp\ccmZhRrf.s 			page 6


 147:.\Generated_Source\PSoC4/INTERNAL_STEP_1_PM.c ****             INTERNAL_STEP_1_backup.PWMEnableState = 0u;
 139              		.loc 1 147 0
 140 001a 054B     		ldr	r3, .L10+4
 141 001c 0022     		mov	r2, #0
 142 001e 1A70     		strb	r2, [r3]
 143              	.L9:
 148:.\Generated_Source\PSoC4/INTERNAL_STEP_1_PM.c ****         }
 149:.\Generated_Source\PSoC4/INTERNAL_STEP_1_PM.c ****     #endif /* (INTERNAL_STEP_1_UseControl) */
 150:.\Generated_Source\PSoC4/INTERNAL_STEP_1_PM.c **** 
 151:.\Generated_Source\PSoC4/INTERNAL_STEP_1_PM.c ****     /* Stop component */
 152:.\Generated_Source\PSoC4/INTERNAL_STEP_1_PM.c ****     INTERNAL_STEP_1_Stop();
 144              		.loc 1 152 0
 145 0020 FFF7FEFF 		bl	INTERNAL_STEP_1_Stop
 153:.\Generated_Source\PSoC4/INTERNAL_STEP_1_PM.c **** 
 154:.\Generated_Source\PSoC4/INTERNAL_STEP_1_PM.c ****     /* Save registers configuration */
 155:.\Generated_Source\PSoC4/INTERNAL_STEP_1_PM.c ****     INTERNAL_STEP_1_SaveConfig();
 146              		.loc 1 155 0
 147 0024 FFF7FEFF 		bl	INTERNAL_STEP_1_SaveConfig
 156:.\Generated_Source\PSoC4/INTERNAL_STEP_1_PM.c **** }
 148              		.loc 1 156 0
 149 0028 BD46     		mov	sp, r7
 150              		@ sp needed
 151 002a 80BD     		pop	{r7, pc}
 152              	.L11:
 153              		.align	2
 154              	.L10:
 155 002c 71000F40 		.word	1074724977
 156 0030 00000000 		.word	INTERNAL_STEP_1_backup
 157              		.cfi_endproc
 158              	.LFE2:
 159              		.size	INTERNAL_STEP_1_Sleep, .-INTERNAL_STEP_1_Sleep
 160              		.section	.text.INTERNAL_STEP_1_Wakeup,"ax",%progbits
 161              		.align	2
 162              		.global	INTERNAL_STEP_1_Wakeup
 163              		.code	16
 164              		.thumb_func
 165              		.type	INTERNAL_STEP_1_Wakeup, %function
 166              	INTERNAL_STEP_1_Wakeup:
 167              	.LFB3:
 157:.\Generated_Source\PSoC4/INTERNAL_STEP_1_PM.c **** 
 158:.\Generated_Source\PSoC4/INTERNAL_STEP_1_PM.c **** 
 159:.\Generated_Source\PSoC4/INTERNAL_STEP_1_PM.c **** /*******************************************************************************
 160:.\Generated_Source\PSoC4/INTERNAL_STEP_1_PM.c **** * Function Name: INTERNAL_STEP_1_Wakeup
 161:.\Generated_Source\PSoC4/INTERNAL_STEP_1_PM.c **** ********************************************************************************
 162:.\Generated_Source\PSoC4/INTERNAL_STEP_1_PM.c **** *
 163:.\Generated_Source\PSoC4/INTERNAL_STEP_1_PM.c **** * Summary:
 164:.\Generated_Source\PSoC4/INTERNAL_STEP_1_PM.c **** *  Restores and enables the user configuration. Should be called just after
 165:.\Generated_Source\PSoC4/INTERNAL_STEP_1_PM.c **** *  awaking from sleep.
 166:.\Generated_Source\PSoC4/INTERNAL_STEP_1_PM.c **** *
 167:.\Generated_Source\PSoC4/INTERNAL_STEP_1_PM.c **** * Parameters:
 168:.\Generated_Source\PSoC4/INTERNAL_STEP_1_PM.c **** *  None
 169:.\Generated_Source\PSoC4/INTERNAL_STEP_1_PM.c **** *
 170:.\Generated_Source\PSoC4/INTERNAL_STEP_1_PM.c **** * Return:
 171:.\Generated_Source\PSoC4/INTERNAL_STEP_1_PM.c **** *  None
 172:.\Generated_Source\PSoC4/INTERNAL_STEP_1_PM.c **** *
 173:.\Generated_Source\PSoC4/INTERNAL_STEP_1_PM.c **** * Global variables:
 174:.\Generated_Source\PSoC4/INTERNAL_STEP_1_PM.c **** *  INTERNAL_STEP_1_backup.pwmEnable:  Is used to restore the enable state of
ARM GAS  C:\Users\TECHCO~1\AppData\Local\Temp\ccmZhRrf.s 			page 7


 175:.\Generated_Source\PSoC4/INTERNAL_STEP_1_PM.c **** *  block on wakeup from sleep mode.
 176:.\Generated_Source\PSoC4/INTERNAL_STEP_1_PM.c **** *
 177:.\Generated_Source\PSoC4/INTERNAL_STEP_1_PM.c **** *******************************************************************************/
 178:.\Generated_Source\PSoC4/INTERNAL_STEP_1_PM.c **** void INTERNAL_STEP_1_Wakeup(void) 
 179:.\Generated_Source\PSoC4/INTERNAL_STEP_1_PM.c **** {
 168              		.loc 1 179 0
 169              		.cfi_startproc
 170 0000 80B5     		push	{r7, lr}
 171              		.cfi_def_cfa_offset 8
 172              		.cfi_offset 7, -8
 173              		.cfi_offset 14, -4
 174 0002 00AF     		add	r7, sp, #0
 175              		.cfi_def_cfa_register 7
 180:.\Generated_Source\PSoC4/INTERNAL_STEP_1_PM.c ****      /* Restore registers values */
 181:.\Generated_Source\PSoC4/INTERNAL_STEP_1_PM.c ****     INTERNAL_STEP_1_RestoreConfig();
 176              		.loc 1 181 0
 177 0004 FFF7FEFF 		bl	INTERNAL_STEP_1_RestoreConfig
 182:.\Generated_Source\PSoC4/INTERNAL_STEP_1_PM.c **** 
 183:.\Generated_Source\PSoC4/INTERNAL_STEP_1_PM.c ****     if(INTERNAL_STEP_1_backup.PWMEnableState != 0u)
 178              		.loc 1 183 0
 179 0008 034B     		ldr	r3, .L14
 180 000a 1B78     		ldrb	r3, [r3]
 181 000c 002B     		cmp	r3, #0
 182 000e 01D0     		beq	.L12
 184:.\Generated_Source\PSoC4/INTERNAL_STEP_1_PM.c ****     {
 185:.\Generated_Source\PSoC4/INTERNAL_STEP_1_PM.c ****         /* Enable component's operation */
 186:.\Generated_Source\PSoC4/INTERNAL_STEP_1_PM.c ****         INTERNAL_STEP_1_Enable();
 183              		.loc 1 186 0
 184 0010 FFF7FEFF 		bl	INTERNAL_STEP_1_Enable
 185              	.L12:
 187:.\Generated_Source\PSoC4/INTERNAL_STEP_1_PM.c ****     } /* Do nothing if component's block was disabled before */
 188:.\Generated_Source\PSoC4/INTERNAL_STEP_1_PM.c **** 
 189:.\Generated_Source\PSoC4/INTERNAL_STEP_1_PM.c **** }
 186              		.loc 1 189 0
 187 0014 BD46     		mov	sp, r7
 188              		@ sp needed
 189 0016 80BD     		pop	{r7, pc}
 190              	.L15:
 191              		.align	2
 192              	.L14:
 193 0018 00000000 		.word	INTERNAL_STEP_1_backup
 194              		.cfi_endproc
 195              	.LFE3:
 196              		.size	INTERNAL_STEP_1_Wakeup, .-INTERNAL_STEP_1_Wakeup
 197              		.text
 198              	.Letext0:
 199              		.file 2 ".\\Generated_Source\\PSoC4\\cytypes.h"
 200              		.file 3 ".\\Generated_Source\\PSoC4\\INTERNAL_STEP_1.h"
 201              		.section	.debug_info,"",%progbits
 202              	.Ldebug_info0:
 203 0000 46010000 		.4byte	0x146
 204 0004 0400     		.2byte	0x4
 205 0006 00000000 		.4byte	.Ldebug_abbrev0
 206 000a 04       		.byte	0x4
 207 000b 01       		.uleb128 0x1
 208 000c 0E000000 		.4byte	.LASF25
 209 0010 01       		.byte	0x1
ARM GAS  C:\Users\TECHCO~1\AppData\Local\Temp\ccmZhRrf.s 			page 8


 210 0011 C1000000 		.4byte	.LASF26
 211 0015 6E010000 		.4byte	.LASF27
 212 0019 00000000 		.4byte	.Ldebug_ranges0+0
 213 001d 00000000 		.4byte	0
 214 0021 00000000 		.4byte	.Ldebug_line0
 215 0025 02       		.uleb128 0x2
 216 0026 01       		.byte	0x1
 217 0027 06       		.byte	0x6
 218 0028 41020000 		.4byte	.LASF0
 219 002c 02       		.uleb128 0x2
 220 002d 01       		.byte	0x1
 221 002e 08       		.byte	0x8
 222 002f 60010000 		.4byte	.LASF1
 223 0033 02       		.uleb128 0x2
 224 0034 02       		.byte	0x2
 225 0035 05       		.byte	0x5
 226 0036 6A020000 		.4byte	.LASF2
 227 003a 02       		.uleb128 0x2
 228 003b 02       		.byte	0x2
 229 003c 07       		.byte	0x7
 230 003d 2E020000 		.4byte	.LASF3
 231 0041 02       		.uleb128 0x2
 232 0042 04       		.byte	0x4
 233 0043 05       		.byte	0x5
 234 0044 E9010000 		.4byte	.LASF4
 235 0048 02       		.uleb128 0x2
 236 0049 04       		.byte	0x4
 237 004a 07       		.byte	0x7
 238 004b FA000000 		.4byte	.LASF5
 239 004f 02       		.uleb128 0x2
 240 0050 08       		.byte	0x8
 241 0051 05       		.byte	0x5
 242 0052 00000000 		.4byte	.LASF6
 243 0056 02       		.uleb128 0x2
 244 0057 08       		.byte	0x8
 245 0058 07       		.byte	0x7
 246 0059 0C010000 		.4byte	.LASF7
 247 005d 03       		.uleb128 0x3
 248 005e 04       		.byte	0x4
 249 005f 05       		.byte	0x5
 250 0060 696E7400 		.ascii	"int\000"
 251 0064 02       		.uleb128 0x2
 252 0065 04       		.byte	0x4
 253 0066 07       		.byte	0x7
 254 0067 7B020000 		.4byte	.LASF8
 255 006b 04       		.uleb128 0x4
 256 006c F4000000 		.4byte	.LASF9
 257 0070 02       		.byte	0x2
 258 0071 3801     		.2byte	0x138
 259 0073 2C000000 		.4byte	0x2c
 260 0077 04       		.uleb128 0x4
 261 0078 74020000 		.4byte	.LASF10
 262 007c 02       		.byte	0x2
 263 007d 3901     		.2byte	0x139
 264 007f 3A000000 		.4byte	0x3a
 265 0083 02       		.uleb128 0x2
 266 0084 04       		.byte	0x4
ARM GAS  C:\Users\TECHCO~1\AppData\Local\Temp\ccmZhRrf.s 			page 9


 267 0085 04       		.byte	0x4
 268 0086 64020000 		.4byte	.LASF11
 269 008a 02       		.uleb128 0x2
 270 008b 08       		.byte	0x8
 271 008c 04       		.byte	0x4
 272 008d 09020000 		.4byte	.LASF12
 273 0091 02       		.uleb128 0x2
 274 0092 01       		.byte	0x1
 275 0093 08       		.byte	0x8
 276 0094 3E010000 		.4byte	.LASF13
 277 0098 04       		.uleb128 0x4
 278 0099 EF000000 		.4byte	.LASF14
 279 009d 02       		.byte	0x2
 280 009e E201     		.2byte	0x1e2
 281 00a0 A4000000 		.4byte	0xa4
 282 00a4 05       		.uleb128 0x5
 283 00a5 6B000000 		.4byte	0x6b
 284 00a9 02       		.uleb128 0x2
 285 00aa 04       		.byte	0x4
 286 00ab 07       		.byte	0x7
 287 00ac 92020000 		.4byte	.LASF15
 288 00b0 06       		.uleb128 0x6
 289 00b1 08       		.byte	0x8
 290 00b2 03       		.byte	0x3
 291 00b3 6B       		.byte	0x6b
 292 00b4 E9000000 		.4byte	0xe9
 293 00b8 07       		.uleb128 0x7
 294 00b9 B2000000 		.4byte	.LASF16
 295 00bd 03       		.byte	0x3
 296 00be 6E       		.byte	0x6e
 297 00bf 6B000000 		.4byte	0x6b
 298 00c3 00       		.byte	0
 299 00c4 07       		.uleb128 0x7
 300 00c5 CF010000 		.4byte	.LASF17
 301 00c9 03       		.byte	0x3
 302 00ca 71       		.byte	0x71
 303 00cb 77000000 		.4byte	0x77
 304 00cf 02       		.byte	0x2
 305 00d0 07       		.uleb128 0x7
 306 00d1 88020000 		.4byte	.LASF18
 307 00d5 03       		.byte	0x3
 308 00d6 73       		.byte	0x73
 309 00d7 77000000 		.4byte	0x77
 310 00db 04       		.byte	0x4
 311 00dc 07       		.uleb128 0x7
 312 00dd D6010000 		.4byte	.LASF19
 313 00e1 03       		.byte	0x3
 314 00e2 86       		.byte	0x86
 315 00e3 6B000000 		.4byte	0x6b
 316 00e7 06       		.byte	0x6
 317 00e8 00       		.byte	0
 318 00e9 08       		.uleb128 0x8
 319 00ea 43010000 		.4byte	.LASF20
 320 00ee 03       		.byte	0x3
 321 00ef 8B       		.byte	0x8b
 322 00f0 B0000000 		.4byte	0xb0
 323 00f4 09       		.uleb128 0x9
ARM GAS  C:\Users\TECHCO~1\AppData\Local\Temp\ccmZhRrf.s 			page 10


 324 00f5 23010000 		.4byte	.LASF21
 325 00f9 01       		.byte	0x1
 326 00fa 2A       		.byte	0x2a
 327 00fb 00000000 		.4byte	.LFB0
 328 00ff 30000000 		.4byte	.LFE0-.LFB0
 329 0103 01       		.uleb128 0x1
 330 0104 9C       		.byte	0x9c
 331 0105 09       		.uleb128 0x9
 332 0106 10020000 		.4byte	.LASF22
 333 010a 01       		.byte	0x1
 334 010b 58       		.byte	0x58
 335 010c 00000000 		.4byte	.LFB1
 336 0110 2C000000 		.4byte	.LFE1-.LFB1
 337 0114 01       		.uleb128 0x1
 338 0115 9C       		.byte	0x9c
 339 0116 09       		.uleb128 0x9
 340 0117 9C000000 		.4byte	.LASF23
 341 011b 01       		.byte	0x1
 342 011c 88       		.byte	0x88
 343 011d 00000000 		.4byte	.LFB2
 344 0121 34000000 		.4byte	.LFE2-.LFB2
 345 0125 01       		.uleb128 0x1
 346 0126 9C       		.byte	0x9c
 347 0127 09       		.uleb128 0x9
 348 0128 F2010000 		.4byte	.LASF24
 349 012c 01       		.byte	0x1
 350 012d B2       		.byte	0xb2
 351 012e 00000000 		.4byte	.LFB3
 352 0132 1C000000 		.4byte	.LFE3-.LFB3
 353 0136 01       		.uleb128 0x1
 354 0137 9C       		.byte	0x9c
 355 0138 0A       		.uleb128 0xa
 356 0139 4D020000 		.4byte	.LASF28
 357 013d 01       		.byte	0x1
 358 013e 14       		.byte	0x14
 359 013f E9000000 		.4byte	0xe9
 360 0143 05       		.uleb128 0x5
 361 0144 03       		.byte	0x3
 362 0145 00000000 		.4byte	INTERNAL_STEP_1_backup
 363 0149 00       		.byte	0
 364              		.section	.debug_abbrev,"",%progbits
 365              	.Ldebug_abbrev0:
 366 0000 01       		.uleb128 0x1
 367 0001 11       		.uleb128 0x11
 368 0002 01       		.byte	0x1
 369 0003 25       		.uleb128 0x25
 370 0004 0E       		.uleb128 0xe
 371 0005 13       		.uleb128 0x13
 372 0006 0B       		.uleb128 0xb
 373 0007 03       		.uleb128 0x3
 374 0008 0E       		.uleb128 0xe
 375 0009 1B       		.uleb128 0x1b
 376 000a 0E       		.uleb128 0xe
 377 000b 55       		.uleb128 0x55
 378 000c 17       		.uleb128 0x17
 379 000d 11       		.uleb128 0x11
 380 000e 01       		.uleb128 0x1
ARM GAS  C:\Users\TECHCO~1\AppData\Local\Temp\ccmZhRrf.s 			page 11


 381 000f 10       		.uleb128 0x10
 382 0010 17       		.uleb128 0x17
 383 0011 00       		.byte	0
 384 0012 00       		.byte	0
 385 0013 02       		.uleb128 0x2
 386 0014 24       		.uleb128 0x24
 387 0015 00       		.byte	0
 388 0016 0B       		.uleb128 0xb
 389 0017 0B       		.uleb128 0xb
 390 0018 3E       		.uleb128 0x3e
 391 0019 0B       		.uleb128 0xb
 392 001a 03       		.uleb128 0x3
 393 001b 0E       		.uleb128 0xe
 394 001c 00       		.byte	0
 395 001d 00       		.byte	0
 396 001e 03       		.uleb128 0x3
 397 001f 24       		.uleb128 0x24
 398 0020 00       		.byte	0
 399 0021 0B       		.uleb128 0xb
 400 0022 0B       		.uleb128 0xb
 401 0023 3E       		.uleb128 0x3e
 402 0024 0B       		.uleb128 0xb
 403 0025 03       		.uleb128 0x3
 404 0026 08       		.uleb128 0x8
 405 0027 00       		.byte	0
 406 0028 00       		.byte	0
 407 0029 04       		.uleb128 0x4
 408 002a 16       		.uleb128 0x16
 409 002b 00       		.byte	0
 410 002c 03       		.uleb128 0x3
 411 002d 0E       		.uleb128 0xe
 412 002e 3A       		.uleb128 0x3a
 413 002f 0B       		.uleb128 0xb
 414 0030 3B       		.uleb128 0x3b
 415 0031 05       		.uleb128 0x5
 416 0032 49       		.uleb128 0x49
 417 0033 13       		.uleb128 0x13
 418 0034 00       		.byte	0
 419 0035 00       		.byte	0
 420 0036 05       		.uleb128 0x5
 421 0037 35       		.uleb128 0x35
 422 0038 00       		.byte	0
 423 0039 49       		.uleb128 0x49
 424 003a 13       		.uleb128 0x13
 425 003b 00       		.byte	0
 426 003c 00       		.byte	0
 427 003d 06       		.uleb128 0x6
 428 003e 13       		.uleb128 0x13
 429 003f 01       		.byte	0x1
 430 0040 0B       		.uleb128 0xb
 431 0041 0B       		.uleb128 0xb
 432 0042 3A       		.uleb128 0x3a
 433 0043 0B       		.uleb128 0xb
 434 0044 3B       		.uleb128 0x3b
 435 0045 0B       		.uleb128 0xb
 436 0046 01       		.uleb128 0x1
 437 0047 13       		.uleb128 0x13
ARM GAS  C:\Users\TECHCO~1\AppData\Local\Temp\ccmZhRrf.s 			page 12


 438 0048 00       		.byte	0
 439 0049 00       		.byte	0
 440 004a 07       		.uleb128 0x7
 441 004b 0D       		.uleb128 0xd
 442 004c 00       		.byte	0
 443 004d 03       		.uleb128 0x3
 444 004e 0E       		.uleb128 0xe
 445 004f 3A       		.uleb128 0x3a
 446 0050 0B       		.uleb128 0xb
 447 0051 3B       		.uleb128 0x3b
 448 0052 0B       		.uleb128 0xb
 449 0053 49       		.uleb128 0x49
 450 0054 13       		.uleb128 0x13
 451 0055 38       		.uleb128 0x38
 452 0056 0B       		.uleb128 0xb
 453 0057 00       		.byte	0
 454 0058 00       		.byte	0
 455 0059 08       		.uleb128 0x8
 456 005a 16       		.uleb128 0x16
 457 005b 00       		.byte	0
 458 005c 03       		.uleb128 0x3
 459 005d 0E       		.uleb128 0xe
 460 005e 3A       		.uleb128 0x3a
 461 005f 0B       		.uleb128 0xb
 462 0060 3B       		.uleb128 0x3b
 463 0061 0B       		.uleb128 0xb
 464 0062 49       		.uleb128 0x49
 465 0063 13       		.uleb128 0x13
 466 0064 00       		.byte	0
 467 0065 00       		.byte	0
 468 0066 09       		.uleb128 0x9
 469 0067 2E       		.uleb128 0x2e
 470 0068 00       		.byte	0
 471 0069 3F       		.uleb128 0x3f
 472 006a 19       		.uleb128 0x19
 473 006b 03       		.uleb128 0x3
 474 006c 0E       		.uleb128 0xe
 475 006d 3A       		.uleb128 0x3a
 476 006e 0B       		.uleb128 0xb
 477 006f 3B       		.uleb128 0x3b
 478 0070 0B       		.uleb128 0xb
 479 0071 27       		.uleb128 0x27
 480 0072 19       		.uleb128 0x19
 481 0073 11       		.uleb128 0x11
 482 0074 01       		.uleb128 0x1
 483 0075 12       		.uleb128 0x12
 484 0076 06       		.uleb128 0x6
 485 0077 40       		.uleb128 0x40
 486 0078 18       		.uleb128 0x18
 487 0079 9642     		.uleb128 0x2116
 488 007b 19       		.uleb128 0x19
 489 007c 00       		.byte	0
 490 007d 00       		.byte	0
 491 007e 0A       		.uleb128 0xa
 492 007f 34       		.uleb128 0x34
 493 0080 00       		.byte	0
 494 0081 03       		.uleb128 0x3
ARM GAS  C:\Users\TECHCO~1\AppData\Local\Temp\ccmZhRrf.s 			page 13


 495 0082 0E       		.uleb128 0xe
 496 0083 3A       		.uleb128 0x3a
 497 0084 0B       		.uleb128 0xb
 498 0085 3B       		.uleb128 0x3b
 499 0086 0B       		.uleb128 0xb
 500 0087 49       		.uleb128 0x49
 501 0088 13       		.uleb128 0x13
 502 0089 02       		.uleb128 0x2
 503 008a 18       		.uleb128 0x18
 504 008b 00       		.byte	0
 505 008c 00       		.byte	0
 506 008d 00       		.byte	0
 507              		.section	.debug_aranges,"",%progbits
 508 0000 34000000 		.4byte	0x34
 509 0004 0200     		.2byte	0x2
 510 0006 00000000 		.4byte	.Ldebug_info0
 511 000a 04       		.byte	0x4
 512 000b 00       		.byte	0
 513 000c 0000     		.2byte	0
 514 000e 0000     		.2byte	0
 515 0010 00000000 		.4byte	.LFB0
 516 0014 30000000 		.4byte	.LFE0-.LFB0
 517 0018 00000000 		.4byte	.LFB1
 518 001c 2C000000 		.4byte	.LFE1-.LFB1
 519 0020 00000000 		.4byte	.LFB2
 520 0024 34000000 		.4byte	.LFE2-.LFB2
 521 0028 00000000 		.4byte	.LFB3
 522 002c 1C000000 		.4byte	.LFE3-.LFB3
 523 0030 00000000 		.4byte	0
 524 0034 00000000 		.4byte	0
 525              		.section	.debug_ranges,"",%progbits
 526              	.Ldebug_ranges0:
 527 0000 00000000 		.4byte	.LFB0
 528 0004 30000000 		.4byte	.LFE0
 529 0008 00000000 		.4byte	.LFB1
 530 000c 2C000000 		.4byte	.LFE1
 531 0010 00000000 		.4byte	.LFB2
 532 0014 34000000 		.4byte	.LFE2
 533 0018 00000000 		.4byte	.LFB3
 534 001c 1C000000 		.4byte	.LFE3
 535 0020 00000000 		.4byte	0
 536 0024 00000000 		.4byte	0
 537              		.section	.debug_line,"",%progbits
 538              	.Ldebug_line0:
 539 0000 C1000000 		.section	.debug_str,"MS",%progbits,1
 539      02006600 
 539      00000201 
 539      FB0E0D00 
 539      01010101 
 540              	.LASF6:
 541 0000 6C6F6E67 		.ascii	"long long int\000"
 541      206C6F6E 
 541      6720696E 
 541      7400
 542              	.LASF25:
 543 000e 474E5520 		.ascii	"GNU C 4.9.3 20150303 (release) [ARM/embedded-4_9-br"
 543      4320342E 
ARM GAS  C:\Users\TECHCO~1\AppData\Local\Temp\ccmZhRrf.s 			page 14


 543      392E3320 
 543      32303135 
 543      30333033 
 544 0041 616E6368 		.ascii	"anch revision 221220] -mcpu=cortex-m0 -mthumb -g -O"
 544      20726576 
 544      6973696F 
 544      6E203232 
 544      31323230 
 545 0074 30202D66 		.ascii	"0 -ffunction-sections -ffat-lto-objects\000"
 545      66756E63 
 545      74696F6E 
 545      2D736563 
 545      74696F6E 
 546              	.LASF23:
 547 009c 494E5445 		.ascii	"INTERNAL_STEP_1_Sleep\000"
 547      524E414C 
 547      5F535445 
 547      505F315F 
 547      536C6565 
 548              	.LASF16:
 549 00b2 50574D45 		.ascii	"PWMEnableState\000"
 549      6E61626C 
 549      65537461 
 549      746500
 550              	.LASF26:
 551 00c1 2E5C4765 		.ascii	".\\Generated_Source\\PSoC4\\INTERNAL_STEP_1_PM.c\000"
 551      6E657261 
 551      7465645F 
 551      536F7572 
 551      63655C50 
 552              	.LASF14:
 553 00ef 72656738 		.ascii	"reg8\000"
 553      00
 554              	.LASF9:
 555 00f4 75696E74 		.ascii	"uint8\000"
 555      3800
 556              	.LASF5:
 557 00fa 6C6F6E67 		.ascii	"long unsigned int\000"
 557      20756E73 
 557      69676E65 
 557      6420696E 
 557      7400
 558              	.LASF7:
 559 010c 6C6F6E67 		.ascii	"long long unsigned int\000"
 559      206C6F6E 
 559      6720756E 
 559      7369676E 
 559      65642069 
 560              	.LASF21:
 561 0123 494E5445 		.ascii	"INTERNAL_STEP_1_SaveConfig\000"
 561      524E414C 
 561      5F535445 
 561      505F315F 
 561      53617665 
 562              	.LASF13:
 563 013e 63686172 		.ascii	"char\000"
 563      00
ARM GAS  C:\Users\TECHCO~1\AppData\Local\Temp\ccmZhRrf.s 			page 15


 564              	.LASF20:
 565 0143 494E5445 		.ascii	"INTERNAL_STEP_1_backupStruct\000"
 565      524E414C 
 565      5F535445 
 565      505F315F 
 565      6261636B 
 566              	.LASF1:
 567 0160 756E7369 		.ascii	"unsigned char\000"
 567      676E6564 
 567      20636861 
 567      7200
 568              	.LASF27:
 569 016e 433A5C55 		.ascii	"C:\\Users\\Tech Consulting\\Desktop\\PSOC4 projects"
 569      73657273 
 569      5C546563 
 569      6820436F 
 569      6E73756C 
 570 019d 5C537465 		.ascii	"\\StepMotor_PSoC4200\\StepMotor_PSoC4200_Dual.cydsn"
 570      704D6F74 
 570      6F725F50 
 570      536F4334 
 570      3230305C 
 571 01ce 00       		.ascii	"\000"
 572              	.LASF17:
 573 01cf 50574D55 		.ascii	"PWMUdb\000"
 573      646200
 574              	.LASF19:
 575 01d6 50574D43 		.ascii	"PWMControlRegister\000"
 575      6F6E7472 
 575      6F6C5265 
 575      67697374 
 575      657200
 576              	.LASF4:
 577 01e9 6C6F6E67 		.ascii	"long int\000"
 577      20696E74 
 577      00
 578              	.LASF24:
 579 01f2 494E5445 		.ascii	"INTERNAL_STEP_1_Wakeup\000"
 579      524E414C 
 579      5F535445 
 579      505F315F 
 579      57616B65 
 580              	.LASF12:
 581 0209 646F7562 		.ascii	"double\000"
 581      6C6500
 582              	.LASF22:
 583 0210 494E5445 		.ascii	"INTERNAL_STEP_1_RestoreConfig\000"
 583      524E414C 
 583      5F535445 
 583      505F315F 
 583      52657374 
 584              	.LASF3:
 585 022e 73686F72 		.ascii	"short unsigned int\000"
 585      7420756E 
 585      7369676E 
 585      65642069 
 585      6E7400
ARM GAS  C:\Users\TECHCO~1\AppData\Local\Temp\ccmZhRrf.s 			page 16


 586              	.LASF0:
 587 0241 7369676E 		.ascii	"signed char\000"
 587      65642063 
 587      68617200 
 588              	.LASF28:
 589 024d 494E5445 		.ascii	"INTERNAL_STEP_1_backup\000"
 589      524E414C 
 589      5F535445 
 589      505F315F 
 589      6261636B 
 590              	.LASF11:
 591 0264 666C6F61 		.ascii	"float\000"
 591      7400
 592              	.LASF2:
 593 026a 73686F72 		.ascii	"short int\000"
 593      7420696E 
 593      7400
 594              	.LASF10:
 595 0274 75696E74 		.ascii	"uint16\000"
 595      313600
 596              	.LASF8:
 597 027b 756E7369 		.ascii	"unsigned int\000"
 597      676E6564 
 597      20696E74 
 597      00
 598              	.LASF18:
 599 0288 50574D50 		.ascii	"PWMPeriod\000"
 599      6572696F 
 599      6400
 600              	.LASF15:
 601 0292 73697A65 		.ascii	"sizetype\000"
 601      74797065 
 601      00
 602              		.ident	"GCC: (GNU Tools for ARM Embedded Processors) 4.9.3 20150303 (release) [ARM/embedded-4_9-br
