ARM GAS  C:\Users\TECHCO~1\AppData\Local\Temp\ccaNc9Ja.s 			page 1


   1              		.cpu cortex-m0
   2              		.fpu softvfp
   3              		.eabi_attribute 20, 1
   4              		.eabi_attribute 21, 1
   5              		.eabi_attribute 23, 3
   6              		.eabi_attribute 24, 1
   7              		.eabi_attribute 25, 1
   8              		.eabi_attribute 26, 1
   9              		.eabi_attribute 30, 6
  10              		.eabi_attribute 34, 0
  11              		.eabi_attribute 18, 4
  12              		.code	16
  13              		.file	"PhaseControl.c"
  14              		.text
  15              	.Ltext0:
  16              		.cfi_sections	.debug_frame
  17              		.section	.text.phaseControl,"ax",%progbits
  18              		.align	2
  19              		.global	phaseControl
  20              		.code	16
  21              		.thumb_func
  22              		.type	phaseControl, %function
  23              	phaseControl:
  24              	.LFB0:
  25              		.file 1 ".\\PhaseControl.c"
   1:.\PhaseControl.c **** /* ========================================
   2:.\PhaseControl.c ****  *
   3:.\PhaseControl.c ****  * Copyright YOUR COMPANY, THE YEAR
   4:.\PhaseControl.c ****  * All Rights Reserved
   5:.\PhaseControl.c ****  * UNPUBLISHED, LICENSED SOFTWARE.
   6:.\PhaseControl.c ****  *
   7:.\PhaseControl.c ****  * CONFIDENTIAL AND PROPRIETARY INFORMATION
   8:.\PhaseControl.c ****  * WHICH IS THE PROPERTY OF your company.
   9:.\PhaseControl.c ****  *
  10:.\PhaseControl.c ****  * ========================================
  11:.\PhaseControl.c **** */
  12:.\PhaseControl.c **** 
  13:.\PhaseControl.c **** /* [] END OF FILE */
  14:.\PhaseControl.c **** #include <phaseControl.h>
  15:.\PhaseControl.c **** 
  16:.\PhaseControl.c **** void phaseControl (uint8 currentphase, uint8 motor){
  26              		.loc 1 16 0
  27              		.cfi_startproc
  28 0000 80B5     		push	{r7, lr}
  29              		.cfi_def_cfa_offset 8
  30              		.cfi_offset 7, -8
  31              		.cfi_offset 14, -4
  32 0002 82B0     		sub	sp, sp, #8
  33              		.cfi_def_cfa_offset 16
  34 0004 00AF     		add	r7, sp, #0
  35              		.cfi_def_cfa_register 7
  36 0006 021C     		mov	r2, r0
  37 0008 FB1D     		add	r3, r7, #7
  38 000a 1A70     		strb	r2, [r3]
  39 000c BB1D     		add	r3, r7, #6
  40 000e 0A1C     		add	r2, r1, #0
  41 0010 1A70     		strb	r2, [r3]
ARM GAS  C:\Users\TECHCO~1\AppData\Local\Temp\ccaNc9Ja.s 			page 2


  17:.\PhaseControl.c ****     
  18:.\PhaseControl.c ****     if(motor == 1)
  42              		.loc 1 18 0
  43 0012 BB1D     		add	r3, r7, #6
  44 0014 1B78     		ldrb	r3, [r3]
  45 0016 012B     		cmp	r3, #1
  46 0018 05D1     		bne	.L2
  19:.\PhaseControl.c ****         DIR_REG_Write (currentphase);
  47              		.loc 1 19 0
  48 001a FB1D     		add	r3, r7, #7
  49 001c 1B78     		ldrb	r3, [r3]
  50 001e 181C     		mov	r0, r3
  51 0020 FFF7FEFF 		bl	DIR_REG_Write
  52 0024 04E0     		b	.L1
  53              	.L2:
  20:.\PhaseControl.c ****     else
  21:.\PhaseControl.c ****         DIR_REG_1_Write (currentphase);
  54              		.loc 1 21 0
  55 0026 FB1D     		add	r3, r7, #7
  56 0028 1B78     		ldrb	r3, [r3]
  57 002a 181C     		mov	r0, r3
  58 002c FFF7FEFF 		bl	DIR_REG_1_Write
  59              	.L1:
  22:.\PhaseControl.c **** }
  60              		.loc 1 22 0
  61 0030 BD46     		mov	sp, r7
  62 0032 02B0     		add	sp, sp, #8
  63              		@ sp needed
  64 0034 80BD     		pop	{r7, pc}
  65              		.cfi_endproc
  66              	.LFE0:
  67              		.size	phaseControl, .-phaseControl
  68 0036 C046     		.section	.text.phaseMove,"ax",%progbits
  69              		.align	2
  70              		.global	phaseMove
  71              		.code	16
  72              		.thumb_func
  73              		.type	phaseMove, %function
  74              	phaseMove:
  75              	.LFB1:
  23:.\PhaseControl.c **** 
  24:.\PhaseControl.c **** void phaseMove(uint8 motor){
  76              		.loc 1 24 0
  77              		.cfi_startproc
  78 0000 80B5     		push	{r7, lr}
  79              		.cfi_def_cfa_offset 8
  80              		.cfi_offset 7, -8
  81              		.cfi_offset 14, -4
  82 0002 82B0     		sub	sp, sp, #8
  83              		.cfi_def_cfa_offset 16
  84 0004 00AF     		add	r7, sp, #0
  85              		.cfi_def_cfa_register 7
  86 0006 021C     		mov	r2, r0
  87 0008 FB1D     		add	r3, r7, #7
  88 000a 1A70     		strb	r2, [r3]
  25:.\PhaseControl.c ****     
  26:.\PhaseControl.c ****     if(motor == 1) {
ARM GAS  C:\Users\TECHCO~1\AppData\Local\Temp\ccaNc9Ja.s 			page 3


  89              		.loc 1 26 0
  90 000c FB1D     		add	r3, r7, #7
  91 000e 1B78     		ldrb	r3, [r3]
  92 0010 012B     		cmp	r3, #1
  93 0012 48D1     		bne	.L5
  27:.\PhaseControl.c ****         if((currentStepA == 0)||(currentStepB == 0)) {
  94              		.loc 1 27 0
  95 0014 494B     		ldr	r3, .L38
  96 0016 1B78     		ldrb	r3, [r3]
  97 0018 002B     		cmp	r3, #0
  98 001a 04D0     		beq	.L6
  99              		.loc 1 27 0 is_stmt 0 discriminator 1
 100 001c 484B     		ldr	r3, .L38+4
 101 001e 1B78     		ldrb	r3, [r3]
 102 0020 002B     		cmp	r3, #0
 103 0022 00D0     		beq	.LCB71
 104 0024 86E0     		b	.L4	@long jump
 105              	.LCB71:
 106              	.L6:
  28:.\PhaseControl.c ****     		if(dirReg == 0) { //Clockwise 
 107              		.loc 1 28 0 is_stmt 1
 108 0026 474B     		ldr	r3, .L38+8
 109 0028 1B78     		ldrb	r3, [r3]
 110 002a 002B     		cmp	r3, #0
 111 002c 1DD1     		bne	.L8
  29:.\PhaseControl.c ****     			switch(phase) {
 112              		.loc 1 29 0
 113 002e 464B     		ldr	r3, .L38+12
 114 0030 1B78     		ldrb	r3, [r3]
 115 0032 012B     		cmp	r3, #1
 116 0034 0CD0     		beq	.L10
 117 0036 02DC     		bgt	.L11
 118 0038 002B     		cmp	r3, #0
 119 003a 05D0     		beq	.L12
  30:.\PhaseControl.c ****     				case 0:
  31:.\PhaseControl.c ****     					phase = 2;
  32:.\PhaseControl.c ****     				break;
  33:.\PhaseControl.c ****     				case 1:
  34:.\PhaseControl.c ****     					phase = 0;
  35:.\PhaseControl.c ****     				break;
  36:.\PhaseControl.c ****     				case 2:
  37:.\PhaseControl.c ****     					phase = 3;
  38:.\PhaseControl.c ****     				break;
  39:.\PhaseControl.c ****     				case 3:
  40:.\PhaseControl.c ****     					phase = 1;
  41:.\PhaseControl.c ****     				break;
  42:.\PhaseControl.c ****     				default:
  43:.\PhaseControl.c ****     				break;
 120              		.loc 1 43 0
 121 003c 14E0     		b	.L15
 122              	.L11:
  29:.\PhaseControl.c ****     			switch(phase) {
 123              		.loc 1 29 0
 124 003e 022B     		cmp	r3, #2
 125 0040 0AD0     		beq	.L13
 126 0042 032B     		cmp	r3, #3
 127 0044 0CD0     		beq	.L14
ARM GAS  C:\Users\TECHCO~1\AppData\Local\Temp\ccaNc9Ja.s 			page 4


 128              		.loc 1 43 0
 129 0046 0FE0     		b	.L15
 130              	.L12:
  31:.\PhaseControl.c ****     				break;
 131              		.loc 1 31 0
 132 0048 3F4B     		ldr	r3, .L38+12
 133 004a 0222     		mov	r2, #2
 134 004c 1A70     		strb	r2, [r3]
  32:.\PhaseControl.c ****     				case 1:
 135              		.loc 1 32 0
 136 004e 0BE0     		b	.L15
 137              	.L10:
  34:.\PhaseControl.c ****     				break;
 138              		.loc 1 34 0
 139 0050 3D4B     		ldr	r3, .L38+12
 140 0052 0022     		mov	r2, #0
 141 0054 1A70     		strb	r2, [r3]
  35:.\PhaseControl.c ****     				case 2:
 142              		.loc 1 35 0
 143 0056 07E0     		b	.L15
 144              	.L13:
  37:.\PhaseControl.c ****     				break;
 145              		.loc 1 37 0
 146 0058 3B4B     		ldr	r3, .L38+12
 147 005a 0322     		mov	r2, #3
 148 005c 1A70     		strb	r2, [r3]
  38:.\PhaseControl.c ****     				case 3:
 149              		.loc 1 38 0
 150 005e 03E0     		b	.L15
 151              	.L14:
  40:.\PhaseControl.c ****     				break;
 152              		.loc 1 40 0
 153 0060 394B     		ldr	r3, .L38+12
 154 0062 0122     		mov	r2, #1
 155 0064 1A70     		strb	r2, [r3]
  41:.\PhaseControl.c ****     				default:
 156              		.loc 1 41 0
 157 0066 C046     		mov	r8, r8
 158              	.L15:
 159 0068 64E0     		b	.L4
 160              	.L8:
  44:.\PhaseControl.c ****     			} // Clocwise phase setting
  45:.\PhaseControl.c ****     		} // direction register = 0
  46:.\PhaseControl.c ****     		else { // Counterclockwise
  47:.\PhaseControl.c ****     			switch(phase) {
 161              		.loc 1 47 0
 162 006a 374B     		ldr	r3, .L38+12
 163 006c 1B78     		ldrb	r3, [r3]
 164 006e 012B     		cmp	r3, #1
 165 0070 0CD0     		beq	.L17
 166 0072 02DC     		bgt	.L18
 167 0074 002B     		cmp	r3, #0
 168 0076 05D0     		beq	.L19
  48:.\PhaseControl.c ****     				case 0:
  49:.\PhaseControl.c ****     					phase = 1;
  50:.\PhaseControl.c ****     				break;
  51:.\PhaseControl.c ****     				case 1:
ARM GAS  C:\Users\TECHCO~1\AppData\Local\Temp\ccaNc9Ja.s 			page 5


  52:.\PhaseControl.c ****     					phase = 3;
  53:.\PhaseControl.c ****     				break;
  54:.\PhaseControl.c ****     				case 2:
  55:.\PhaseControl.c ****     					phase = 0;
  56:.\PhaseControl.c ****     				break;
  57:.\PhaseControl.c ****     				case 3:
  58:.\PhaseControl.c ****     					phase = 2;
  59:.\PhaseControl.c ****     				break;
  60:.\PhaseControl.c ****     				default:
  61:.\PhaseControl.c ****     				break;
 169              		.loc 1 61 0
 170 0078 14E0     		b	.L7
 171              	.L18:
  47:.\PhaseControl.c ****     				case 0:
 172              		.loc 1 47 0
 173 007a 022B     		cmp	r3, #2
 174 007c 0AD0     		beq	.L20
 175 007e 032B     		cmp	r3, #3
 176 0080 0CD0     		beq	.L21
 177              		.loc 1 61 0
 178 0082 0FE0     		b	.L7
 179              	.L19:
  49:.\PhaseControl.c ****     				break;
 180              		.loc 1 49 0
 181 0084 304B     		ldr	r3, .L38+12
 182 0086 0122     		mov	r2, #1
 183 0088 1A70     		strb	r2, [r3]
  50:.\PhaseControl.c ****     				case 1:
 184              		.loc 1 50 0
 185 008a 0BE0     		b	.L7
 186              	.L17:
  52:.\PhaseControl.c ****     				break;
 187              		.loc 1 52 0
 188 008c 2E4B     		ldr	r3, .L38+12
 189 008e 0322     		mov	r2, #3
 190 0090 1A70     		strb	r2, [r3]
  53:.\PhaseControl.c ****     				case 2:
 191              		.loc 1 53 0
 192 0092 07E0     		b	.L7
 193              	.L20:
  55:.\PhaseControl.c ****     				break;
 194              		.loc 1 55 0
 195 0094 2C4B     		ldr	r3, .L38+12
 196 0096 0022     		mov	r2, #0
 197 0098 1A70     		strb	r2, [r3]
  56:.\PhaseControl.c ****     				case 3:
 198              		.loc 1 56 0
 199 009a 03E0     		b	.L7
 200              	.L21:
  58:.\PhaseControl.c ****     				break;
 201              		.loc 1 58 0
 202 009c 2A4B     		ldr	r3, .L38+12
 203 009e 0222     		mov	r2, #2
 204 00a0 1A70     		strb	r2, [r3]
  59:.\PhaseControl.c ****     				default:
 205              		.loc 1 59 0
 206 00a2 C046     		mov	r8, r8
ARM GAS  C:\Users\TECHCO~1\AppData\Local\Temp\ccaNc9Ja.s 			page 6


 207              	.L7:
 208 00a4 46E0     		b	.L4
 209              	.L5:
  62:.\PhaseControl.c ****     			} // Counterclockwise phase setting
  63:.\PhaseControl.c ****     		} // direction register not 0
  64:.\PhaseControl.c ****     	} // Current step A or B = 0
  65:.\PhaseControl.c ****     } // Motor = 1
  66:.\PhaseControl.c ****     else {
  67:.\PhaseControl.c ****         if((currentStepA1 == 0)||(currentStepB1 == 0)) {
 210              		.loc 1 67 0
 211 00a6 294B     		ldr	r3, .L38+16
 212 00a8 1B78     		ldrb	r3, [r3]
 213 00aa 002B     		cmp	r3, #0
 214 00ac 03D0     		beq	.L23
 215              		.loc 1 67 0 is_stmt 0 discriminator 1
 216 00ae 284B     		ldr	r3, .L38+20
 217 00b0 1B78     		ldrb	r3, [r3]
 218 00b2 002B     		cmp	r3, #0
 219 00b4 3ED1     		bne	.L4
 220              	.L23:
  68:.\PhaseControl.c ****     		if(dirReg1 == 0) { //Clockwise 
 221              		.loc 1 68 0 is_stmt 1
 222 00b6 274B     		ldr	r3, .L38+24
 223 00b8 1B78     		ldrb	r3, [r3]
 224 00ba 002B     		cmp	r3, #0
 225 00bc 1DD1     		bne	.L24
  69:.\PhaseControl.c ****     			switch(phase1) {
 226              		.loc 1 69 0
 227 00be 264B     		ldr	r3, .L38+28
 228 00c0 1B78     		ldrb	r3, [r3]
 229 00c2 012B     		cmp	r3, #1
 230 00c4 0CD0     		beq	.L26
 231 00c6 02DC     		bgt	.L27
 232 00c8 002B     		cmp	r3, #0
 233 00ca 05D0     		beq	.L28
  70:.\PhaseControl.c ****     				case 0:
  71:.\PhaseControl.c ****     					phase1 = 2;
  72:.\PhaseControl.c ****     				break;
  73:.\PhaseControl.c ****     				case 1:
  74:.\PhaseControl.c ****     					phase1 = 0;
  75:.\PhaseControl.c ****     				break;
  76:.\PhaseControl.c ****     				case 2:
  77:.\PhaseControl.c ****     					phase1 = 3;
  78:.\PhaseControl.c ****     				break;
  79:.\PhaseControl.c ****     				case 3:
  80:.\PhaseControl.c ****     					phase1 = 1;
  81:.\PhaseControl.c ****     				break;
  82:.\PhaseControl.c ****     				default:
  83:.\PhaseControl.c ****     				break;
 234              		.loc 1 83 0
 235 00cc 14E0     		b	.L31
 236              	.L27:
  69:.\PhaseControl.c ****     			switch(phase1) {
 237              		.loc 1 69 0
 238 00ce 022B     		cmp	r3, #2
 239 00d0 0AD0     		beq	.L29
 240 00d2 032B     		cmp	r3, #3
ARM GAS  C:\Users\TECHCO~1\AppData\Local\Temp\ccaNc9Ja.s 			page 7


 241 00d4 0CD0     		beq	.L30
 242              		.loc 1 83 0
 243 00d6 0FE0     		b	.L31
 244              	.L28:
  71:.\PhaseControl.c ****     				break;
 245              		.loc 1 71 0
 246 00d8 1F4B     		ldr	r3, .L38+28
 247 00da 0222     		mov	r2, #2
 248 00dc 1A70     		strb	r2, [r3]
  72:.\PhaseControl.c ****     				case 1:
 249              		.loc 1 72 0
 250 00de 0BE0     		b	.L31
 251              	.L26:
  74:.\PhaseControl.c ****     				break;
 252              		.loc 1 74 0
 253 00e0 1D4B     		ldr	r3, .L38+28
 254 00e2 0022     		mov	r2, #0
 255 00e4 1A70     		strb	r2, [r3]
  75:.\PhaseControl.c ****     				case 2:
 256              		.loc 1 75 0
 257 00e6 07E0     		b	.L31
 258              	.L29:
  77:.\PhaseControl.c ****     				break;
 259              		.loc 1 77 0
 260 00e8 1B4B     		ldr	r3, .L38+28
 261 00ea 0322     		mov	r2, #3
 262 00ec 1A70     		strb	r2, [r3]
  78:.\PhaseControl.c ****     				case 3:
 263              		.loc 1 78 0
 264 00ee 03E0     		b	.L31
 265              	.L30:
  80:.\PhaseControl.c ****     				break;
 266              		.loc 1 80 0
 267 00f0 194B     		ldr	r3, .L38+28
 268 00f2 0122     		mov	r2, #1
 269 00f4 1A70     		strb	r2, [r3]
  81:.\PhaseControl.c ****     				default:
 270              		.loc 1 81 0
 271 00f6 C046     		mov	r8, r8
 272              	.L31:
 273 00f8 1CE0     		b	.L4
 274              	.L24:
  84:.\PhaseControl.c ****     			} // Clocwise phase setting
  85:.\PhaseControl.c ****     		} // direction register = 0
  86:.\PhaseControl.c ****     		else { // Counterclockwise
  87:.\PhaseControl.c ****     			switch(phase1) {
 275              		.loc 1 87 0
 276 00fa 174B     		ldr	r3, .L38+28
 277 00fc 1B78     		ldrb	r3, [r3]
 278 00fe 012B     		cmp	r3, #1
 279 0100 0CD0     		beq	.L33
 280 0102 02DC     		bgt	.L34
 281 0104 002B     		cmp	r3, #0
 282 0106 05D0     		beq	.L35
  88:.\PhaseControl.c ****     				case 0:
  89:.\PhaseControl.c ****     					phase1 = 1;
  90:.\PhaseControl.c ****     				break;
ARM GAS  C:\Users\TECHCO~1\AppData\Local\Temp\ccaNc9Ja.s 			page 8


  91:.\PhaseControl.c ****     				case 1:
  92:.\PhaseControl.c ****     					phase1 = 3;
  93:.\PhaseControl.c ****     				break;
  94:.\PhaseControl.c ****     				case 2:
  95:.\PhaseControl.c ****     					phase1 = 0;
  96:.\PhaseControl.c ****     				break;
  97:.\PhaseControl.c ****     				case 3:
  98:.\PhaseControl.c ****     					phase1 = 2;
  99:.\PhaseControl.c ****     				break;
 100:.\PhaseControl.c ****     				default:
 101:.\PhaseControl.c ****     				break;
 283              		.loc 1 101 0
 284 0108 14E0     		b	.L4
 285              	.L34:
  87:.\PhaseControl.c ****     				case 0:
 286              		.loc 1 87 0
 287 010a 022B     		cmp	r3, #2
 288 010c 0AD0     		beq	.L36
 289 010e 032B     		cmp	r3, #3
 290 0110 0CD0     		beq	.L37
 291              		.loc 1 101 0
 292 0112 0FE0     		b	.L4
 293              	.L35:
  89:.\PhaseControl.c ****     				break;
 294              		.loc 1 89 0
 295 0114 104B     		ldr	r3, .L38+28
 296 0116 0122     		mov	r2, #1
 297 0118 1A70     		strb	r2, [r3]
  90:.\PhaseControl.c ****     				case 1:
 298              		.loc 1 90 0
 299 011a 0BE0     		b	.L4
 300              	.L33:
  92:.\PhaseControl.c ****     				break;
 301              		.loc 1 92 0
 302 011c 0E4B     		ldr	r3, .L38+28
 303 011e 0322     		mov	r2, #3
 304 0120 1A70     		strb	r2, [r3]
  93:.\PhaseControl.c ****     				case 2:
 305              		.loc 1 93 0
 306 0122 07E0     		b	.L4
 307              	.L36:
  95:.\PhaseControl.c ****     				break;
 308              		.loc 1 95 0
 309 0124 0C4B     		ldr	r3, .L38+28
 310 0126 0022     		mov	r2, #0
 311 0128 1A70     		strb	r2, [r3]
  96:.\PhaseControl.c ****     				case 3:
 312              		.loc 1 96 0
 313 012a 03E0     		b	.L4
 314              	.L37:
  98:.\PhaseControl.c ****     				break;
 315              		.loc 1 98 0
 316 012c 0A4B     		ldr	r3, .L38+28
 317 012e 0222     		mov	r2, #2
 318 0130 1A70     		strb	r2, [r3]
  99:.\PhaseControl.c ****     				default:
 319              		.loc 1 99 0
ARM GAS  C:\Users\TECHCO~1\AppData\Local\Temp\ccaNc9Ja.s 			page 9


 320 0132 C046     		mov	r8, r8
 321              	.L4:
 102:.\PhaseControl.c ****     			} // Counterclockwise phase setting
 103:.\PhaseControl.c ****     		} // direction register not 0
 104:.\PhaseControl.c ****     	} // Current step A or B = 0
 105:.\PhaseControl.c ****     } // Motor = 2
 106:.\PhaseControl.c **** }...
 322              		.loc 1 106 0
 323 0134 BD46     		mov	sp, r7
 324 0136 02B0     		add	sp, sp, #8
 325              		@ sp needed
 326 0138 80BD     		pop	{r7, pc}
 327              	.L39:
 328 013a C046     		.align	2
 329              	.L38:
 330 013c 00000000 		.word	currentStepA
 331 0140 00000000 		.word	currentStepB
 332 0144 00000000 		.word	dirReg
 333 0148 00000000 		.word	phase
 334 014c 00000000 		.word	currentStepA1
 335 0150 00000000 		.word	currentStepB1
 336 0154 00000000 		.word	dirReg1
 337 0158 00000000 		.word	phase1
 338              		.cfi_endproc
 339              	.LFE1:
 340              		.size	phaseMove, .-phaseMove
 341              		.text
 342              	.Letext0:
 343              		.file 2 "./phaseControl.h"
 344              		.file 3 "Generated_Source\\PSoC4/cytypes.h"
 345              		.section	.debug_info,"",%progbits
 346              	.Ldebug_info0:
 347 0000 37010000 		.4byte	0x137
 348 0004 0400     		.2byte	0x4
 349 0006 00000000 		.4byte	.Ldebug_abbrev0
 350 000a 04       		.byte	0x4
 351 000b 01       		.uleb128 0x1
 352 000c 0E000000 		.4byte	.LASF24
 353 0010 01       		.byte	0x1
 354 0011 A9000000 		.4byte	.LASF25
 355 0015 1C010000 		.4byte	.LASF26
 356 0019 00000000 		.4byte	.Ldebug_ranges0+0
 357 001d 00000000 		.4byte	0
 358 0021 00000000 		.4byte	.Ldebug_line0
 359 0025 02       		.uleb128 0x2
 360 0026 01       		.byte	0x1
 361 0027 06       		.byte	0x6
 362 0028 0C020000 		.4byte	.LASF0
 363 002c 02       		.uleb128 0x2
 364 002d 01       		.byte	0x1
 365 002e 08       		.byte	0x8
 366 002f 0E010000 		.4byte	.LASF1
 367 0033 02       		.uleb128 0x2
 368 0034 02       		.byte	0x2
 369 0035 05       		.byte	0x5
 370 0036 02020000 		.4byte	.LASF2
 371 003a 02       		.uleb128 0x2
ARM GAS  C:\Users\TECHCO~1\AppData\Local\Temp\ccaNc9Ja.s 			page 10


 372 003b 02       		.byte	0x2
 373 003c 07       		.byte	0x7
 374 003d C5010000 		.4byte	.LASF3
 375 0041 02       		.uleb128 0x2
 376 0042 04       		.byte	0x4
 377 0043 05       		.byte	0x5
 378 0044 BC010000 		.4byte	.LASF4
 379 0048 02       		.uleb128 0x2
 380 0049 04       		.byte	0x4
 381 004a 07       		.byte	0x7
 382 004b A3010000 		.4byte	.LASF5
 383 004f 02       		.uleb128 0x2
 384 0050 08       		.byte	0x8
 385 0051 05       		.byte	0x5
 386 0052 00000000 		.4byte	.LASF6
 387 0056 02       		.uleb128 0x2
 388 0057 08       		.byte	0x8
 389 0058 07       		.byte	0x7
 390 0059 E2000000 		.4byte	.LASF7
 391 005d 03       		.uleb128 0x3
 392 005e 04       		.byte	0x4
 393 005f 05       		.byte	0x5
 394 0060 696E7400 		.ascii	"int\000"
 395 0064 02       		.uleb128 0x2
 396 0065 04       		.byte	0x4
 397 0066 07       		.byte	0x7
 398 0067 9C000000 		.4byte	.LASF8
 399 006b 04       		.uleb128 0x4
 400 006c C8000000 		.4byte	.LASF27
 401 0070 03       		.byte	0x3
 402 0071 3801     		.2byte	0x138
 403 0073 2C000000 		.4byte	0x2c
 404 0077 02       		.uleb128 0x2
 405 0078 04       		.byte	0x4
 406 0079 04       		.byte	0x4
 407 007a EF010000 		.4byte	.LASF9
 408 007e 02       		.uleb128 0x2
 409 007f 08       		.byte	0x8
 410 0080 04       		.byte	0x4
 411 0081 B5010000 		.4byte	.LASF10
 412 0085 02       		.uleb128 0x2
 413 0086 01       		.byte	0x1
 414 0087 08       		.byte	0x8
 415 0088 7D010000 		.4byte	.LASF11
 416 008c 05       		.uleb128 0x5
 417 008d F5010000 		.4byte	.LASF14
 418 0091 01       		.byte	0x1
 419 0092 10       		.byte	0x10
 420 0093 00000000 		.4byte	.LFB0
 421 0097 36000000 		.4byte	.LFE0-.LFB0
 422 009b 01       		.uleb128 0x1
 423 009c 9C       		.byte	0x9c
 424 009d BE000000 		.4byte	0xbe
 425 00a1 06       		.uleb128 0x6
 426 00a2 E2010000 		.4byte	.LASF12
 427 00a6 01       		.byte	0x1
 428 00a7 10       		.byte	0x10
ARM GAS  C:\Users\TECHCO~1\AppData\Local\Temp\ccaNc9Ja.s 			page 11


 429 00a8 6B000000 		.4byte	0x6b
 430 00ac 02       		.uleb128 0x2
 431 00ad 91       		.byte	0x91
 432 00ae 77       		.sleb128 -9
 433 00af 06       		.uleb128 0x6
 434 00b0 CE000000 		.4byte	.LASF13
 435 00b4 01       		.byte	0x1
 436 00b5 10       		.byte	0x10
 437 00b6 6B000000 		.4byte	0x6b
 438 00ba 02       		.uleb128 0x2
 439 00bb 91       		.byte	0x91
 440 00bc 76       		.sleb128 -10
 441 00bd 00       		.byte	0
 442 00be 07       		.uleb128 0x7
 443 00bf D8010000 		.4byte	.LASF15
 444 00c3 01       		.byte	0x1
 445 00c4 18       		.byte	0x18
 446 00c5 00000000 		.4byte	.LFB1
 447 00c9 5C010000 		.4byte	.LFE1-.LFB1
 448 00cd 01       		.uleb128 0x1
 449 00ce 9C       		.byte	0x9c
 450 00cf E2000000 		.4byte	0xe2
 451 00d3 06       		.uleb128 0x6
 452 00d4 CE000000 		.4byte	.LASF13
 453 00d8 01       		.byte	0x1
 454 00d9 18       		.byte	0x18
 455 00da 6B000000 		.4byte	0x6b
 456 00de 02       		.uleb128 0x2
 457 00df 91       		.byte	0x91
 458 00e0 77       		.sleb128 -9
 459 00e1 00       		.byte	0
 460 00e2 08       		.uleb128 0x8
 461 00e3 01010000 		.4byte	.LASF16
 462 00e7 02       		.byte	0x2
 463 00e8 13       		.byte	0x13
 464 00e9 6B000000 		.4byte	0x6b
 465 00ed 08       		.uleb128 0x8
 466 00ee 89010000 		.4byte	.LASF17
 467 00f2 02       		.byte	0x2
 468 00f3 14       		.byte	0x14
 469 00f4 6B000000 		.4byte	0x6b
 470 00f8 08       		.uleb128 0x8
 471 00f9 96010000 		.4byte	.LASF18
 472 00fd 02       		.byte	0x2
 473 00fe 15       		.byte	0x15
 474 00ff 6B000000 		.4byte	0x6b
 475 0103 08       		.uleb128 0x8
 476 0104 07010000 		.4byte	.LASF19
 477 0108 02       		.byte	0x2
 478 0109 16       		.byte	0x16
 479 010a 6B000000 		.4byte	0x6b
 480 010e 08       		.uleb128 0x8
 481 010f 82010000 		.4byte	.LASF20
 482 0113 02       		.byte	0x2
 483 0114 18       		.byte	0x18
 484 0115 6B000000 		.4byte	0x6b
 485 0119 08       		.uleb128 0x8
ARM GAS  C:\Users\TECHCO~1\AppData\Local\Temp\ccaNc9Ja.s 			page 12


 486 011a BA000000 		.4byte	.LASF21
 487 011e 02       		.byte	0x2
 488 011f 19       		.byte	0x19
 489 0120 6B000000 		.4byte	0x6b
 490 0124 08       		.uleb128 0x8
 491 0125 D4000000 		.4byte	.LASF22
 492 0129 02       		.byte	0x2
 493 012a 1A       		.byte	0x1a
 494 012b 6B000000 		.4byte	0x6b
 495 012f 08       		.uleb128 0x8
 496 0130 F9000000 		.4byte	.LASF23
 497 0134 02       		.byte	0x2
 498 0135 1B       		.byte	0x1b
 499 0136 6B000000 		.4byte	0x6b
 500 013a 00       		.byte	0
 501              		.section	.debug_abbrev,"",%progbits
 502              	.Ldebug_abbrev0:
 503 0000 01       		.uleb128 0x1
 504 0001 11       		.uleb128 0x11
 505 0002 01       		.byte	0x1
 506 0003 25       		.uleb128 0x25
 507 0004 0E       		.uleb128 0xe
 508 0005 13       		.uleb128 0x13
 509 0006 0B       		.uleb128 0xb
 510 0007 03       		.uleb128 0x3
 511 0008 0E       		.uleb128 0xe
 512 0009 1B       		.uleb128 0x1b
 513 000a 0E       		.uleb128 0xe
 514 000b 55       		.uleb128 0x55
 515 000c 17       		.uleb128 0x17
 516 000d 11       		.uleb128 0x11
 517 000e 01       		.uleb128 0x1
 518 000f 10       		.uleb128 0x10
 519 0010 17       		.uleb128 0x17
 520 0011 00       		.byte	0
 521 0012 00       		.byte	0
 522 0013 02       		.uleb128 0x2
 523 0014 24       		.uleb128 0x24
 524 0015 00       		.byte	0
 525 0016 0B       		.uleb128 0xb
 526 0017 0B       		.uleb128 0xb
 527 0018 3E       		.uleb128 0x3e
 528 0019 0B       		.uleb128 0xb
 529 001a 03       		.uleb128 0x3
 530 001b 0E       		.uleb128 0xe
 531 001c 00       		.byte	0
 532 001d 00       		.byte	0
 533 001e 03       		.uleb128 0x3
 534 001f 24       		.uleb128 0x24
 535 0020 00       		.byte	0
 536 0021 0B       		.uleb128 0xb
 537 0022 0B       		.uleb128 0xb
 538 0023 3E       		.uleb128 0x3e
 539 0024 0B       		.uleb128 0xb
 540 0025 03       		.uleb128 0x3
 541 0026 08       		.uleb128 0x8
 542 0027 00       		.byte	0
ARM GAS  C:\Users\TECHCO~1\AppData\Local\Temp\ccaNc9Ja.s 			page 13


 543 0028 00       		.byte	0
 544 0029 04       		.uleb128 0x4
 545 002a 16       		.uleb128 0x16
 546 002b 00       		.byte	0
 547 002c 03       		.uleb128 0x3
 548 002d 0E       		.uleb128 0xe
 549 002e 3A       		.uleb128 0x3a
 550 002f 0B       		.uleb128 0xb
 551 0030 3B       		.uleb128 0x3b
 552 0031 05       		.uleb128 0x5
 553 0032 49       		.uleb128 0x49
 554 0033 13       		.uleb128 0x13
 555 0034 00       		.byte	0
 556 0035 00       		.byte	0
 557 0036 05       		.uleb128 0x5
 558 0037 2E       		.uleb128 0x2e
 559 0038 01       		.byte	0x1
 560 0039 3F       		.uleb128 0x3f
 561 003a 19       		.uleb128 0x19
 562 003b 03       		.uleb128 0x3
 563 003c 0E       		.uleb128 0xe
 564 003d 3A       		.uleb128 0x3a
 565 003e 0B       		.uleb128 0xb
 566 003f 3B       		.uleb128 0x3b
 567 0040 0B       		.uleb128 0xb
 568 0041 27       		.uleb128 0x27
 569 0042 19       		.uleb128 0x19
 570 0043 11       		.uleb128 0x11
 571 0044 01       		.uleb128 0x1
 572 0045 12       		.uleb128 0x12
 573 0046 06       		.uleb128 0x6
 574 0047 40       		.uleb128 0x40
 575 0048 18       		.uleb128 0x18
 576 0049 9642     		.uleb128 0x2116
 577 004b 19       		.uleb128 0x19
 578 004c 01       		.uleb128 0x1
 579 004d 13       		.uleb128 0x13
 580 004e 00       		.byte	0
 581 004f 00       		.byte	0
 582 0050 06       		.uleb128 0x6
 583 0051 05       		.uleb128 0x5
 584 0052 00       		.byte	0
 585 0053 03       		.uleb128 0x3
 586 0054 0E       		.uleb128 0xe
 587 0055 3A       		.uleb128 0x3a
 588 0056 0B       		.uleb128 0xb
 589 0057 3B       		.uleb128 0x3b
 590 0058 0B       		.uleb128 0xb
 591 0059 49       		.uleb128 0x49
 592 005a 13       		.uleb128 0x13
 593 005b 02       		.uleb128 0x2
 594 005c 18       		.uleb128 0x18
 595 005d 00       		.byte	0
 596 005e 00       		.byte	0
 597 005f 07       		.uleb128 0x7
 598 0060 2E       		.uleb128 0x2e
 599 0061 01       		.byte	0x1
ARM GAS  C:\Users\TECHCO~1\AppData\Local\Temp\ccaNc9Ja.s 			page 14


 600 0062 3F       		.uleb128 0x3f
 601 0063 19       		.uleb128 0x19
 602 0064 03       		.uleb128 0x3
 603 0065 0E       		.uleb128 0xe
 604 0066 3A       		.uleb128 0x3a
 605 0067 0B       		.uleb128 0xb
 606 0068 3B       		.uleb128 0x3b
 607 0069 0B       		.uleb128 0xb
 608 006a 27       		.uleb128 0x27
 609 006b 19       		.uleb128 0x19
 610 006c 11       		.uleb128 0x11
 611 006d 01       		.uleb128 0x1
 612 006e 12       		.uleb128 0x12
 613 006f 06       		.uleb128 0x6
 614 0070 40       		.uleb128 0x40
 615 0071 18       		.uleb128 0x18
 616 0072 9742     		.uleb128 0x2117
 617 0074 19       		.uleb128 0x19
 618 0075 01       		.uleb128 0x1
 619 0076 13       		.uleb128 0x13
 620 0077 00       		.byte	0
 621 0078 00       		.byte	0
 622 0079 08       		.uleb128 0x8
 623 007a 34       		.uleb128 0x34
 624 007b 00       		.byte	0
 625 007c 03       		.uleb128 0x3
 626 007d 0E       		.uleb128 0xe
 627 007e 3A       		.uleb128 0x3a
 628 007f 0B       		.uleb128 0xb
 629 0080 3B       		.uleb128 0x3b
 630 0081 0B       		.uleb128 0xb
 631 0082 49       		.uleb128 0x49
 632 0083 13       		.uleb128 0x13
 633 0084 3F       		.uleb128 0x3f
 634 0085 19       		.uleb128 0x19
 635 0086 3C       		.uleb128 0x3c
 636 0087 19       		.uleb128 0x19
 637 0088 00       		.byte	0
 638 0089 00       		.byte	0
 639 008a 00       		.byte	0
 640              		.section	.debug_aranges,"",%progbits
 641 0000 24000000 		.4byte	0x24
 642 0004 0200     		.2byte	0x2
 643 0006 00000000 		.4byte	.Ldebug_info0
 644 000a 04       		.byte	0x4
 645 000b 00       		.byte	0
 646 000c 0000     		.2byte	0
 647 000e 0000     		.2byte	0
 648 0010 00000000 		.4byte	.LFB0
 649 0014 36000000 		.4byte	.LFE0-.LFB0
 650 0018 00000000 		.4byte	.LFB1
 651 001c 5C010000 		.4byte	.LFE1-.LFB1
 652 0020 00000000 		.4byte	0
 653 0024 00000000 		.4byte	0
 654              		.section	.debug_ranges,"",%progbits
 655              	.Ldebug_ranges0:
 656 0000 00000000 		.4byte	.LFB0
ARM GAS  C:\Users\TECHCO~1\AppData\Local\Temp\ccaNc9Ja.s 			page 15


 657 0004 36000000 		.4byte	.LFE0
 658 0008 00000000 		.4byte	.LFB1
 659 000c 5C010000 		.4byte	.LFE1
 660 0010 00000000 		.4byte	0
 661 0014 00000000 		.4byte	0
 662              		.section	.debug_line,"",%progbits
 663              	.Ldebug_line0:
 664 0000 EB000000 		.section	.debug_str,"MS",%progbits,1
 664      02005F00 
 664      00000201 
 664      FB0E0D00 
 664      01010101 
 665              	.LASF6:
 666 0000 6C6F6E67 		.ascii	"long long int\000"
 666      206C6F6E 
 666      6720696E 
 666      7400
 667              	.LASF24:
 668 000e 474E5520 		.ascii	"GNU C 4.9.3 20150303 (release) [ARM/embedded-4_9-br"
 668      4320342E 
 668      392E3320 
 668      32303135 
 668      30333033 
 669 0041 616E6368 		.ascii	"anch revision 221220] -mcpu=cortex-m0 -mthumb -g -O"
 669      20726576 
 669      6973696F 
 669      6E203232 
 669      31323230 
 670 0074 30202D66 		.ascii	"0 -ffunction-sections -ffat-lto-objects\000"
 670      66756E63 
 670      74696F6E 
 670      2D736563 
 670      74696F6E 
 671              	.LASF8:
 672 009c 756E7369 		.ascii	"unsigned int\000"
 672      676E6564 
 672      20696E74 
 672      00
 673              	.LASF25:
 674 00a9 2E5C5068 		.ascii	".\\PhaseControl.c\000"
 674      61736543 
 674      6F6E7472 
 674      6F6C2E63 
 674      00
 675              	.LASF21:
 676 00ba 63757272 		.ascii	"currentStepA1\000"
 676      656E7453 
 676      74657041 
 676      3100
 677              	.LASF27:
 678 00c8 75696E74 		.ascii	"uint8\000"
 678      3800
 679              	.LASF13:
 680 00ce 6D6F746F 		.ascii	"motor\000"
 680      7200
 681              	.LASF22:
 682 00d4 63757272 		.ascii	"currentStepB1\000"
ARM GAS  C:\Users\TECHCO~1\AppData\Local\Temp\ccaNc9Ja.s 			page 16


 682      656E7453 
 682      74657042 
 682      3100
 683              	.LASF7:
 684 00e2 6C6F6E67 		.ascii	"long long unsigned int\000"
 684      206C6F6E 
 684      6720756E 
 684      7369676E 
 684      65642069 
 685              	.LASF23:
 686 00f9 64697252 		.ascii	"dirReg1\000"
 686      65673100 
 687              	.LASF16:
 688 0101 70686173 		.ascii	"phase\000"
 688      6500
 689              	.LASF19:
 690 0107 64697252 		.ascii	"dirReg\000"
 690      656700
 691              	.LASF1:
 692 010e 756E7369 		.ascii	"unsigned char\000"
 692      676E6564 
 692      20636861 
 692      7200
 693              	.LASF26:
 694 011c 433A5C55 		.ascii	"C:\\Users\\Tech Consulting\\Desktop\\PSOC4 projects"
 694      73657273 
 694      5C546563 
 694      6820436F 
 694      6E73756C 
 695 014b 5C537465 		.ascii	"\\StepMotor_PSoC4200\\StepMotor_PSoC4200_Dual.cydsn"
 695      704D6F74 
 695      6F725F50 
 695      536F4334 
 695      3230305C 
 696 017c 00       		.ascii	"\000"
 697              	.LASF11:
 698 017d 63686172 		.ascii	"char\000"
 698      00
 699              	.LASF20:
 700 0182 70686173 		.ascii	"phase1\000"
 700      653100
 701              	.LASF17:
 702 0189 63757272 		.ascii	"currentStepA\000"
 702      656E7453 
 702      74657041 
 702      00
 703              	.LASF18:
 704 0196 63757272 		.ascii	"currentStepB\000"
 704      656E7453 
 704      74657042 
 704      00
 705              	.LASF5:
 706 01a3 6C6F6E67 		.ascii	"long unsigned int\000"
 706      20756E73 
 706      69676E65 
 706      6420696E 
 706      7400
ARM GAS  C:\Users\TECHCO~1\AppData\Local\Temp\ccaNc9Ja.s 			page 17


 707              	.LASF10:
 708 01b5 646F7562 		.ascii	"double\000"
 708      6C6500
 709              	.LASF4:
 710 01bc 6C6F6E67 		.ascii	"long int\000"
 710      20696E74 
 710      00
 711              	.LASF3:
 712 01c5 73686F72 		.ascii	"short unsigned int\000"
 712      7420756E 
 712      7369676E 
 712      65642069 
 712      6E7400
 713              	.LASF15:
 714 01d8 70686173 		.ascii	"phaseMove\000"
 714      654D6F76 
 714      6500
 715              	.LASF12:
 716 01e2 63757272 		.ascii	"currentphase\000"
 716      656E7470 
 716      68617365 
 716      00
 717              	.LASF9:
 718 01ef 666C6F61 		.ascii	"float\000"
 718      7400
 719              	.LASF14:
 720 01f5 70686173 		.ascii	"phaseControl\000"
 720      65436F6E 
 720      74726F6C 
 720      00
 721              	.LASF2:
 722 0202 73686F72 		.ascii	"short int\000"
 722      7420696E 
 722      7400
 723              	.LASF0:
 724 020c 7369676E 		.ascii	"signed char\000"
 724      65642063 
 724      68617200 
 725              		.ident	"GCC: (GNU Tools for ARM Embedded Processors) 4.9.3 20150303 (release) [ARM/embedded-4_9-br
