--------------- Rebuild Started: 08/28/2016 11:26:34 Project: StepMotor_PSoC4200_Dual, Configuration: ARM GCC 4.9-2015-q1-update Debug ---------------
Deleting file ".\CortexM0\ARM_GCC_493\Debug\main.o"
Deleting file ".\CortexM0\ARM_GCC_493\Debug\genSine.o"
Deleting file ".\CortexM0\ARM_GCC_493\Debug\inputScan.o"
Deleting file ".\CortexM0\ARM_GCC_493\Debug\Move.o"
Deleting file ".\CortexM0\ARM_GCC_493\Debug\PhaseControl.o"
Deleting file ".\CortexM0\ARM_GCC_493\Debug\systemInit.o"
Deleting file ".\CortexM0\ARM_GCC_493\Debug\cyfitter_cfg.o"
Deleting file ".\CortexM0\ARM_GCC_493\Debug\PWM_OUT_A.o"
Deleting file ".\CortexM0\ARM_GCC_493\Debug\PWM_OUT_A_PM.o"
Deleting file ".\CortexM0\ARM_GCC_493\Debug\PWM_OUT_B.o"
Deleting file ".\CortexM0\ARM_GCC_493\Debug\PWM_OUT_B_PM.o"
Deleting file ".\CortexM0\ARM_GCC_493\Debug\INTERNAL_STEP_OUT.o"
Deleting file ".\CortexM0\ARM_GCC_493\Debug\INTERNAL_STEP_OUT_PM.o"
Deleting file ".\CortexM0\ARM_GCC_493\Debug\STEP_INPUT.o"
Deleting file ".\CortexM0\ARM_GCC_493\Debug\STEP_INPUT_PM.o"
Deleting file ".\CortexM0\ARM_GCC_493\Debug\DIR_INPUT.o"
Deleting file ".\CortexM0\ARM_GCC_493\Debug\DIR_INPUT_PM.o"
Deleting file ".\CortexM0\ARM_GCC_493\Debug\STEP_INPUT_SOURCE.o"
Deleting file ".\CortexM0\ARM_GCC_493\Debug\STEP_INPUT_SOURCE_PM.o"
Deleting file ".\CortexM0\ARM_GCC_493\Debug\DIR_INPUT_SOURCE.o"
Deleting file ".\CortexM0\ARM_GCC_493\Debug\DIR_INPUT_SOURCE_PM.o"
Deleting file ".\CortexM0\ARM_GCC_493\Debug\DIR_OUT_A.o"
Deleting file ".\CortexM0\ARM_GCC_493\Debug\DIR_OUT_A_PM.o"
Deleting file ".\CortexM0\ARM_GCC_493\Debug\DIR_OUT_B.o"
Deleting file ".\CortexM0\ARM_GCC_493\Debug\DIR_OUT_B_PM.o"
Deleting file ".\CortexM0\ARM_GCC_493\Debug\DIR_REG.o"
Deleting file ".\CortexM0\ARM_GCC_493\Debug\DIR_REG_PM.o"
Deleting file ".\CortexM0\ARM_GCC_493\Debug\Cm0Start.o"
Deleting file ".\CortexM0\ARM_GCC_493\Debug\CyBootAsmGnu.o"
Deleting file ".\CortexM0\ARM_GCC_493\Debug\CyFlash.o"
Deleting file ".\CortexM0\ARM_GCC_493\Debug\CyLib.o"
Deleting file ".\CortexM0\ARM_GCC_493\Debug\cyPm.o"
Deleting file ".\CortexM0\ARM_GCC_493\Debug\cyutils.o"
Deleting file ".\CortexM0\ARM_GCC_493\Debug\Clock_PWM_MAIN.o"
Deleting file ".\CortexM0\ARM_GCC_493\Debug\INTERNAL_STEP.o"
Deleting file ".\CortexM0\ARM_GCC_493\Debug\INTERNAL_STEP_PM.o"
Deleting file ".\CortexM0\ARM_GCC_493\Debug\TCPWM_2.o"
Deleting file ".\CortexM0\ARM_GCC_493\Debug\TCPWM_2_PM.o"
Deleting file ".\CortexM0\ARM_GCC_493\Debug\TCPWM_1.o"
Deleting file ".\CortexM0\ARM_GCC_493\Debug\TCPWM_1_PM.o"
Deleting file ".\CortexM0\ARM_GCC_493\Debug\cybootloader.o"
Deleting file ".\CortexM0\ARM_GCC_493\Debug\cymetadata.o"
Deleting file ".\CortexM0\ARM_GCC_493\Debug\Bootloadable_1.o"
Deleting file ".\CortexM0\ARM_GCC_493\Debug\CyLFClk.o"
Deleting file ".\CortexM0\ARM_GCC_493\Debug\TCPWM_4.o"
Deleting file ".\CortexM0\ARM_GCC_493\Debug\TCPWM_4_PM.o"
Deleting file ".\CortexM0\ARM_GCC_493\Debug\TCPWM_3.o"
Deleting file ".\CortexM0\ARM_GCC_493\Debug\TCPWM_3_PM.o"
Deleting file ".\CortexM0\ARM_GCC_493\Debug\PWM_OUT_B_1.o"
Deleting file ".\CortexM0\ARM_GCC_493\Debug\PWM_OUT_B_1_PM.o"
Deleting file ".\CortexM0\ARM_GCC_493\Debug\PWM_OUT_A_1.o"
Deleting file ".\CortexM0\ARM_GCC_493\Debug\PWM_OUT_A_1_PM.o"
Deleting file ".\CortexM0\ARM_GCC_493\Debug\INTERNAL_STEP_OUT_1.o"
Deleting file ".\CortexM0\ARM_GCC_493\Debug\INTERNAL_STEP_OUT_1_PM.o"
Deleting file ".\CortexM0\ARM_GCC_493\Debug\INTERNAL_STEP_1.o"
Deleting file ".\CortexM0\ARM_GCC_493\Debug\INTERNAL_STEP_1_PM.o"
Deleting file ".\CortexM0\ARM_GCC_493\Debug\Clock_PWM_MAIN_1.o"
Deleting file ".\CortexM0\ARM_GCC_493\Debug\DIR_REG_1.o"
Deleting file ".\CortexM0\ARM_GCC_493\Debug\DIR_REG_1_PM.o"
Deleting file ".\CortexM0\ARM_GCC_493\Debug\DIR_OUT_B_1.o"
Deleting file ".\CortexM0\ARM_GCC_493\Debug\DIR_OUT_B_1_PM.o"
Deleting file ".\CortexM0\ARM_GCC_493\Debug\DIR_OUT_A_1.o"
Deleting file ".\CortexM0\ARM_GCC_493\Debug\DIR_OUT_A_1_PM.o"
Deleting file ".\CortexM0\ARM_GCC_493\Debug\STEP_INPUT_1.o"
Deleting file ".\CortexM0\ARM_GCC_493\Debug\STEP_INPUT_1_PM.o"
Deleting file ".\CortexM0\ARM_GCC_493\Debug\DIR_INPUT_1.o"
Deleting file ".\CortexM0\ARM_GCC_493\Debug\DIR_INPUT_1_PM.o"
Deleting file ".\CortexM0\ARM_GCC_493\Debug\STEP_INPUT_SOURCE_1.o"
Deleting file ".\CortexM0\ARM_GCC_493\Debug\STEP_INPUT_SOURCE_1_PM.o"
Deleting file ".\CortexM0\ARM_GCC_493\Debug\DIR_INPUT_SOURCE_1.o"
Deleting file ".\CortexM0\ARM_GCC_493\Debug\DIR_INPUT_SOURCE_1_PM.o"
Deleting file ".\CortexM0\ARM_GCC_493\Debug\Comm.o"
Deleting file ".\CortexM0\ARM_GCC_493\Debug\Comm_I2C_INT.o"
Deleting file ".\CortexM0\ARM_GCC_493\Debug\Comm_I2C.o"
Deleting file ".\CortexM0\ARM_GCC_493\Debug\Comm_I2C_BOOT.o"
Deleting file ".\CortexM0\ARM_GCC_493\Debug\Comm_SPI_UART.o"
Deleting file ".\CortexM0\ARM_GCC_493\Debug\Comm_SPI_UART_INT.o"
Deleting file ".\CortexM0\ARM_GCC_493\Debug\Comm_I2C_MASTER.o"
Deleting file ".\CortexM0\ARM_GCC_493\Debug\Comm_I2C_SLAVE.o"
Deleting file ".\CortexM0\ARM_GCC_493\Debug\Comm_PM.o"
Deleting file ".\CortexM0\ARM_GCC_493\Debug\Comm_SPI.o"
Deleting file ".\CortexM0\ARM_GCC_493\Debug\Comm_UART.o"
Deleting file ".\CortexM0\ARM_GCC_493\Debug\Comm_BOOT.o"
Deleting file ".\CortexM0\ARM_GCC_493\Debug\Comm_SPI_BOOT.o"
Deleting file ".\CortexM0\ARM_GCC_493\Debug\Comm_UART_BOOT.o"
Deleting file ".\CortexM0\ARM_GCC_493\Debug\Comm_EZI2C.o"
Deleting file ".\CortexM0\ARM_GCC_493\Debug\Comm_EZI2C_INT.o"
Deleting file ".\CortexM0\ARM_GCC_493\Debug\Comm_EZI2C_BOOT.o"
Deleting file ".\CortexM0\ARM_GCC_493\Debug\CommCLK.o"
Deleting file ".\CortexM0\ARM_GCC_493\Debug\Comm_uart_rx_i2c_scl_spi_mosi.o"
Deleting file ".\CortexM0\ARM_GCC_493\Debug\Comm_uart_rx_i2c_scl_spi_mosi_PM.o"
Deleting file ".\CortexM0\ARM_GCC_493\Debug\Comm_uart_tx_i2c_sda_spi_miso.o"
Deleting file ".\CortexM0\ARM_GCC_493\Debug\Comm_uart_tx_i2c_sda_spi_miso_PM.o"
Deleting file ".\CortexM0\ARM_GCC_493\Debug\Comm_SCB_IRQ.o"
Deleting file ".\CortexM0\ARM_GCC_493\Debug\SW3.o"
Deleting file ".\CortexM0\ARM_GCC_493\Debug\SW3_PM.o"
Deleting file ".\CortexM0\ARM_GCC_493\Debug\LED_I2C.o"
Deleting file ".\CortexM0\ARM_GCC_493\Debug\LED_I2C_PM.o"
Deleting file ".\CortexM0\ARM_GCC_493\Debug\LED_SERIAL.o"
Deleting file ".\CortexM0\ARM_GCC_493\Debug\LED_SERIAL_PM.o"
Deleting file ".\CortexM0\ARM_GCC_493\Debug\MODE_SWITCH.o"
Deleting file ".\CortexM0\ARM_GCC_493\Debug\MODE_SWITCH_PM.o"
Deleting file ".\CortexM0\ARM_GCC_493\Debug\StepMotor_PSoC4200_Dual.hex"
Deleting file ".\CortexM0\ARM_GCC_493\Debug\StepMotor_PSoC4200_Dual.elf"
Deleting file ".\CortexM0\ARM_GCC_493\Debug\StepMotor_PSoC4200_Dual.map"
Deleting file ".\CortexM0\ARM_GCC_493\Debug\StepMotor_PSoC4200_Dual.cyacd"
Deleting file ".\StepMotor_PSoC4200_Dual.cycdx"
Deleting file ".\StepMotor_PSoC4200_Dual.svd"
Deleting file ".\StepMotor_PSoC4200_Dual.rpt"
Deleting file ".\StepMotor_PSoC4200_Dual_timing.html"
Deleting file ".\CortexM0\ARM_GCC_493\Debug\.deps\C_FILE.P"
Deleting file ".\CortexM0\ARM_GCC_493\Debug\.deps\ARM_C_FILE.P"
Deleting file ".\CortexM0\ARM_GCC_493\Debug\.deps\GNU_ARM_ASM_FILE.P"
cydsfit.exe -.appdatapath "C:\Users\Tech Consulting\AppData\Local\Cypress Semiconductor\PSoC Creator\3.3" -.fdsnotice -.fdswarpdepfile=warp_dependencies.txt -.fdselabdepfile=elab_dependencies.txt -.fdsbldfile=generated_files.txt -p "C:\Users\Tech Consulting\Desktop\PSOC4 projects\StepMotor_PSoC4200\StepMotor_PSoC4200_Dual.cydsn\StepMotor_PSoC4200_Dual.cyprj" -d CY8C4245FNI-483 -s "C:\Users\Tech Consulting\Desktop\PSOC4 projects\StepMotor_PSoC4200\StepMotor_PSoC4200_Dual.cydsn\Generated_Source\PSoC4" -- -yv2 -q10 -ygs -o2 -v3 -.fftcfgtype=LE
Elaborating Design...
ADD: pft.M0076: error: The selected device for the Bootloader and Bootloadable projects must match, but don't. Bootloader is targeting 'CY8C4245AXI-483' and Bootloadable is targeting 'CY8C4245FNI-483'.
ADD: pft.M0032: error: Pin Error: (Starting from this location, the pins won't fit in Port 2.).
 * C:\Users\Tech Consulting\Desktop\PSOC4 projects\StepMotor_PSoC4200\StepMotor_PSoC4200_Dual.cydsn\StepMotor_PSoC4200_Dual.cydwr (\SW3[3:0]\)
ADD: pft.M0111: information: One or more rows of flash have been configured to be protected; however, debugging has been enabled in the System DWR Editor. This means that while write restrictions are honored flash rows can still be read via SWD or JTAG. To prevent any ability to read the flash rows, disable debugging in the System DWR Editor.
 * C:\Users\Tech Consulting\Desktop\PSOC4 projects\StepMotor_PSoC4200\StepMotor_PSoC4200_Dual.cydsn\StepMotor_PSoC4200_Dual.cydwr (Chip Protection)
Error: cdf.M0005: CyDsFit aborted due to errors, please address all errors and rerun CyDsFit. (App=cydsfit)
--------------- Rebuild Failed: 08/28/2016 11:27:00 ---------------
